        -:    0:Source:bracmat.c
        -:    0:Graph:bracmat.gcno
        -:    0:Data:bracmat.gcda
        -:    0:Runs:1
        -:    0:Programs:1
        -:    1:/*
        -:    2:    Bracmat. Programming language with pattern matching on tree structures.
        -:    3:    Copyright (C) 2002  Bart Jongejan
        -:    4:
        -:    5:    This program is free software; you can redistribute it and/or modify
        -:    6:    it under the terms of the GNU General Public License as published by
        -:    7:    the Free Software Foundation; either version 2 of the License, or
        -:    8:    (at your option) any later version.
        -:    9:
        -:   10:    This program is distributed in the hope that it will be useful,
        -:   11:    but WITHOUT ANY WARRANTY; without even the implied warranty of
        -:   12:    MERCHANTABILITY or FITNESS FOR A PARTICULAR PURPOSE.  See the
        -:   13:    GNU General Public License for more details.
        -:   14:
        -:   15:    You should have received a copy of the GNU General Public License
        -:   16:    along with this program; if not, write to the Free Software
        -:   17:    Foundation, Inc., 59 Temple Place, Suite 330, Boston, MA  02111-1307  USA
        -:   18:*/
        -:   19:/*
        -:   20:email: bartj@hum.ku.dk
        -:   21:*/
        -:   22:/*
        -:   23:COMPILATION
        -:   24:-----------
        -:   25:It is assumed that the hardware is litte-endian, (which has become the most
        -:   26:common these days).
        -:   27:
        -:   28:If you can compile successfully but cannot run the program succesfully,
        -:   29:try putting -DBIGENDIAN on the command line of the compiler.
        -:   30:This works of course only if the machine's hardware is big-endian.
        -:   31:
        -:   32:The program only utilizes standard libraries.
        -:   33:
        -:   34:Until 2012, the source code consisted of a single file, bracmat.c.
        -:   35:Because XML is becoming more popular, a separate source file, xml.c
        -:   36:implements reading XML files.
        -:   37:
        -:   38:On *N?X, just compile with
        -:   39:
        -:   40:    gcc -std=c99 -pedantic -Wall -O3 -static -DNDEBUG -o bracmat bracmat.c xml.c
        -:   41:
        -:   42:
        -:   43:The options are not necessary to successfully compile the program just
        -:   44:
        -:   45:    gcc *.c
        -:   46:
        -:   47:also works and produces the executable a.out.
        -:   48:
        -:   49:Profiling:
        -:   50:
        -:   51:    gcc -Wall -c -pg -DNDEBUG bracmat.c xml.c
        -:   52:    gcc -Wall -pg bracmat.o xml.o
        -:   53:    ./a.out 'get$"valid.bra";!r'
        -:   54:    gprof a.out
        -:   55:
        -:   56:Test coverage:
        -:   57:(see http://gcc.gnu.org/onlinedocs/gcc/Invoking-Gcov.html#Invoking-Gcov)
        -:   58:
        -:   59:    gcc -fprofile-arcs -ftest-coverage -DNDEBUG bracmat.c xml.c
        -:   60:    ./a.out
        -:   61:    gcov bracmat.c
        -:   62:    gcov xml.c
        -:   63:
        -:   64:*/
        -:   65:
        -:   66:#define DATUM "1 November 2012"
        -:   67:#define VERSION "6"
        -:   68:#define BUILD "141"
        -:   69:/*  1 November 2012
        -:   70:Function someopt() conditionally excluded with 
        -:   71:  #if !defined NO_LOW_LEVEL_FILE_HANDLING
        -:   72:
        -:   73:    21 October 2012
        -:   74:Made sure that put$ cannot write to a file that is still open in get$.
        -:   75:
        -:   76:    17 October 2012
        -:   77:In evalvar, the assumption that shared = false is false.
        -:   78:
        -:   79:    15 October 2012
        -:   80:Added 8 byte peek and poke (pee, pok) (perhaps not on all 32 bit platforms).
        -:   81:Default is now 1 byte.
        -:   82:
        -:   83:    14 October 2012
        -:   84:flg$(=~exp):(=?f.?o)  !f now fails, as it should.
        -:   85:Relaxed requirement that parameters be separated with comma for function sim.
        -:   86:new$(hash,1000) gives a hint at the initial size of the hash table.
        -:   87:Default is 97.
        -:   88:
        -:   89:    12 October 2012
        -:   90:Found some places in plus_samenvoegen_of_sorteren that were never reached,
        -:   91:commented these.
        -:   92:
        -:   93:    23 September 2012
        -:   94:Discovered buffer overflow when compiled under fresh installation of Xubuntu 
        -:   95:gcc (Ubuntu/Linaro 4.6.3-1ubuntu5) 4.6.3 with optimization -O1 and higher.
        -:   96:Cause: strcpy in some places got the address of a single byte as destination
        -:   97:and coredumped when that single-byte buffer was overrun, not knowing that
        -:   98:there was, in fact, allocated memory to house the fulle source. See definition
        -:   99:of POBJ.
        -:  100:
        -:  101:    22 September 2012
        -:  102:Discovered that built in objects too easily were copied. The new function is
        -:  103:for that. Worse, the copies were not initialized with a call to New. Also,
        -:  104:new$hash returned ((=).New)'. Now it returns the object node. Changed the rhs
        -:  105:of this node to the node that is the argument of the original call to new, so:
        -:  106:  =hash
        -:  107:
        -:  108:    20 September 2012
        -:  109:Reference counting should now be faster, bigger and better.
        -:  110:Before, reference counting went to 2^30+1024. Now it goes to 2^30*1023+1
        -:  111:Test added to valid.bra.
        -:  112:
        -:  113:    19 September 2012
        -:  114:Made major changes in Naamwoord, Naamwoord_w and doPosition to make two levels
        -:  115:of indirection work also in the case that an object is at the first level.
        -:  116:Handling of two levels of indirection is improved generally.
        -:  117:
        -:  118:    16 September 2012
        -:  119:Using gcov, found some places that are unreachable in merge(), substdiff() and
        -:  120:evalvar(). Simplified substdiff. Function evalvar now expects that the argument
        -:  121:is not shared. Deleted code that was never reached.
        -:  122:
        -:  123:    12 September 2012
        -:  124:Updated u2l and l2u with data from UnicodeData.txt 2011-11-08
        -:  125:(using script uni.bra)
        -:  126:
        -:  127:    22 August 2012
        -:  128:Bug removed. The expression
        -:  129:    ( (=A B)
        -:  130:    : ?G1
        -:  131:    : (=(A&X:?(G1.)) B)
        -:  132:    )
        -:  133:would not match the 'B' in the pattern with anything valid, because the 
        -:  134:assignment X:?(G1.) had deleted the original subject. Now the subject is
        -:  135:temporarily reference-incremented, so the 'B' still matches the old value of
        -:  136:G1. The expression as a whole evaluates to X. Notice that this bug did not
        -:  137:affect the very similar
        -:  138:    ( (G2==A B)
        -:  139:    & !G2
        -:  140:    : (=(A&X:?(G2.)) B)
        -:  141:    )
        -:  142:Reason: here, the subject is not the object that G1 is bound to, but a copy.
        -:  143:And that is so because the object that G1 is bound to is headed by an
        -:  144:unevaluated = (being part of the rhs of an = operator). The expression !G2,
        -:  145:however, must be evaluated, so it cannot be identical to G2's value.
        -:  146:Consequently, the reassignment of G2 does not affect the subject of the
        -:  147:pattern match operation, which is (=A B) at all times.
        -:  148:
        -:  149:     4 August 2012
        -:  150:Removed function "?"$<expr>. The same effect is obtained by <expr>:?!(=)
        -:  151:
        -:  152:    31 July 2012
        -:  153:Made code gcc -pedantic proof. There are two string constants with a length
        -:  154:greater than 509, which ISO C89 compilers are required to support. Therefore
        -:  155:the option -std=c99 is added.
        -:  156:The LL suffix is replaced by L for non-Microsoft compilers.
        -:  157:
        -:  158:     8 July 2012
        -:  159:Added explanation and two small improvements to nextprime()
        -:  160:
        -:  161:     2 July 2012
        -:  162:
        -:  163:Since build 115 (9 February 2012), the version should have read '6',
        -:  164:not '5'. (This was the date when bracmat wás brought to GitHub.)
        -:  165:Changes in bmalloc that makes it possible to compile with -O3.
        -:  166:Changed 'unsigned char' to 'char' in a lot of places to make some
        -:  167:warnings go away when compiled with gcc.
        -:  168:
        -:  169:    22 June 2012
        -:  170:
        -:  171:Correction in scompare(). The expression @(1b:~<1 b) did not evaluate 
        -:  172:successfully, which it should. Did a clean-up of this function.
        -:  173:
        -:  174:    4 June 2012
        -:  175:
        -:  176:Introduced READMARKUPFAMILY macro to turn xml-stuff on (1) or off (0)
        -:  177:
        -:  178:    2 June 2012
        -:  179:
        -:  180:xml.c supports reading from stdio (no rewind). Example of use:
        -:  181:type pr-xml-utf-8.xml | bracmat "put$(get$(,ML),\"pr-xml-utf-8.bra\",NEW)&"
        -:  182:
        -:  183:    1 June 2012
        -:  184:
        -:  185:Did some finishing, no essential code changes.
        -:  186:
        -:  187:    1 May 2012
        -:  188:
        -:  189:Added list of HTML entities. These are decoded to unicode codepoints and
        -:  190:encoded as utf-8 if an option HT is added.
        -:  191:
        -:  192:get$("filename.html",HT,ML,TRM)
        -:  193:
        -:  194:   29 April 2012
        -:  195:
        -:  196:Restructured the (ancient) input function and renamed some identifiers to
        -:  197:English equivalents.
        -:  198:Added a source file, xml.c, that reads SGML, HTML and XML files.
        -:  199:Syntax:
        -:  200:
        -:  201:get$(filename,ML)
        -:  202:get$(filename,ML,TRM)
        -:  203:get$(string,MEM,ML)
        -:  204:get$(string,MEM,ML,TRM)
        -:  205:
        -:  206:An option HT is made, but does not work yet. Purpose: translate HTML entities.
        -:  207:
        -:  208:   13 April 2012
        -:  209:
        -:  210:The characters @ and % in front of a string now only turn off escaping with the
        -:  211:\ character inside the string if the string is surrounded by " characters.
        -:  212:Reason: the \L operator was not recognised if its lhs contained a % or @.
        -:  213:
        -:  214:   23 February 2012
        -:  215:
        -:  216:When Bracmat reads a file that is not well-formed, it asks fo a file name where
        -:  217:it can write what it has understood. This did not work. Now it does.
        -:  218:
        -:  219:    9 February 2012
        -:  220:
        -:  221:Corrected error in doPosition that was introduced with the latest
        -:  222:optimizations.
        -:  223:
        -:  224:    4 February 2012
        -:  225:
        -:  226:Discovered that "greater than" relation implemented in the vgl function
        -:  227:wasn't transitive:
        -:  228:(1a.)+(10.)      -> (10.)+(1a.)
        -:  229:(1a.)+(10.)+(2.) -> (1a.)+(2.)+(10.)
        -:  230:Thus the order of (10.) and (1a.) depends on other terms.
        -:  231:Now the rule is: 
        -:  232:1) any number is smaller than any non-number
        -:  233:2) numbers are compared numerically
        -:  234:3) non-numbers are compared with strcmp
        -:  235:
        -:  236:    25 January 2012
        -:  237:
        -:  238:Improved handling of negative positions (positions counted from the end)
        -:  239:in lists, sums and products.
        -:  240:
        -:  241:    24 January 2012
        -:  242:
        -:  243:doPosition is buggy
        -:  244:    a (c,d): ? [-1
        -:  245:
        -:  246:expressionLength  counts the wrong way. It must look at the top level operator 
        -:  247:in the pattern containing the [ and count 1 + the number of this operator 
        -:  248:until the end of the list. 0 if [ is last in the pattern.
        -:  249:
        -:  250:    20 January 2012
        -:  251:
        -:  252:The previous change moved the scanning pointer to the point in the subject
        -:  253:where the rhs pattern starts. The current change moves the end of the
        -:  254:subject as far as necessary to the right to allow a full match of the rhs
        -:  255:pattern with last characters of the subject. Of course, this is only possible
        -:  256:if the final zero byte has not been reached. The calling instance of
        -:  257:stringmatch defines the end of the subject for the called instance. The called
        -:  258:instance can propose to move the end. In this way, scanning can move much
        -:  259:faster if a patterns contains some fixed strings. Speed-up does not work for
        -:  260:alternations of fixed srings. Speed-up only works for the first pattern
        -:  261:in a series of patterns connected by :
        -:  262:
        -:  263:    7 January 2012
        -:  264:
        -:  265:If an non-initial part of a stringpattern is a string, then the scanning
        -:  266:pointer jumps to the first (or next) occurrence in the subject string after
        -:  267:the first mismatch.
        -:  268:
        -:  269:This changes the behaviour of some patterns, such as in
        -:  270:@(abXk:(|? b|`) X ?id)
        -:  271:Before, the match failed, because the 'b' in the pattern did not match the
        -:  272:'a' in the subject. Now, nowing that the first X occurs in the third position,
        -:  273:the pattern matcher not even tries to match 'a' and 'b' and so the expression
        -:  274:succeeds. In many cases the (|? b|`) pattern works as before, though:
        -:  275:@(abXk:(|? b|`) (X|Y) ?id)
        -:  276:@(abXk:(|? b|`) () X ?id)    dangerous! Does not work in @(ab:(|? b|`) ())
        -:  277:@(abXk:(|? b|`) !(=X) ?id)
        -:  278:X:?x
        -:  279:@(abXk:(|? b|`) !x ?id)
        -:  280:
        -:  281:It is not advisable to use this pattern anymore. It is too much dependent on
        -:  282:pattern matching not being optimized.
        -:  283:
        -:  284:    6 January 2012
        -:  285:
        -:  286:Compiled 64 bit version with VS 2008. Had to use _WIN64 and some #defines,
        -:  287:because longs are 32 bit under VS 2008, whereas longs under gcc are 64 bits.
        -:  288:Also used the 64 bit versions of ftell and fseek in the VS 2008 case.
        -:  289:
        -:  290:I have these preprocessor defines
        -:  291:NDEBUG;__CONSOLE__;__WIN32__;WIN32;_CONSOLE;_CRT_SECURE_NO_WARNINGS
        -:  292:
        -:  293:(Some of these are automatically set in the 32 bit version).
        -:  294:For 64 bit
        -:  295:
        -:  296:Impression is that the 32 bit version should be used unless you have to deal
        -:  297:with enormous data (memory, file) or huge numbers (because numerical
        -:  298:computations are faster and bigger numbers can be factorized quickly using
        -:  299:exponentiation with a fractional exponent).
        -:  300:Otherwise, the 64 bit version is significantly slower and has almost three
        -:  301:times less stack depth.
        -:  302:
        -:  303:    2 January 2012
        -:  304:
        -:  305:Made stringmatch 'greedy' to an extend that does not change the program's
        -:  306:behaviour. (That is: all tests in valid.bra go through). Many string
        -:  307:comparisons now continue past the cutoff position deviding the subject in a
        -:  308:lhs and a rhs, pushing the division point to the position where the lhs
        -:  309:patterns succeeds. Previously this point repeatedly was moved one byte until
        -:  310:the lhs pattern either succeeded or definitely failed. The optimization is
        -:  311:turned off for alternating patterns and for all but the first pattern in a
        -:  312:chain of patterns connected by : operators.
        -:  313:
        -:  314:The normal (non-string) match is not optimized. It is questionable whether that
        -:  315:would be worthwhile. Not many patterns require repeated elongation of the part
        -:  316:of the subject left of the division point.
        -:  317:
        -:  318:However, CUTOFFSUGGEST is set to 0. The overhead does seem to outweigh the
        -:  319:optimization!
        -:  320:
        -:  321:
        -:  322:    21 December 2011
        -:  323:
        -:  324:The last changes had introduced a bug: the [ and ` flags were not (always) printed.
        -:  325:
        -:  326:    16 December 2011
        -:  327:
        -:  328:Repaired two bugs in doPosition. The first bug made the FENCE flag disappear
        -:  329:from the result if the program was built in debug mode in VS2008, which made
        -:  330:the program run as expected, the other bug was that the FENCE flag was
        -:  331:returned if the first bug was removed.
        -:  332:
        -:  333:    14 December 2011
        -:  334:
        -:  335:Updated unicode case conversions with data found in the most recent 
        -:  336:http://unicode.org/Public/UNIDATA/UnicodeData.txt (17-Aug-2010)
        -:  337:
        -:  338:    7 December 2011
        -:  339:
        -:  340:Introduced lambda. Syntax similar to macro.
        -:  341:
        -:  342:                (λx.x)y
        -:  343:translates to
        -:  344:                /('(x.$x))$y
        -:  345:
        -:  346:    1 December 2011
        -:  347:
        -:  348:Rewrote evalmacro to only copy data where necessary.
        -:  349:Bracmat now tests ok with valid.bra and with REFCOUNTSTRESSTEST set to 1
        -:  350:
        -:  351:    30 November 2011
        -:  352:
        -:  353:Found and solved bugs in merge() that only became visible with
        -:  354:REFCOUNTSTRESSTEST set to 1.
        -:  355:
        -:  356:    22 November 2011
        -:  357:
        -:  358:Rewrote evalmacro to only copy cells where necessary.
        -:  359:
        -:  360:    7 November 2011
        -:  361:
        -:  362:A result of a macro evaluation nested inside an macro was not visited by the
        -:  363:macro evaluator because the heading = operator had its READY flag set.
        -:  364:
        -:  365:    3 November 2011
        -:  366:
        -:  367:Nicified find and getmember calls, collapsing the last three arguments into
        -:  368:one objectStuff struct.
        -:  369:
        -:  370:    2 November 2011
        -:  371:
        -:  372:Made better sense of [<> (equivalent to [~) and [~<> (equivalent to [).
        -:  373:Introduced [% prefix. The expression reigned by [% in a pattern is evaluated.
        -:  374:The success or failure of the expression is the result of the match.
        -:  375:This functionality is similar to patterns that are function calls: in both
        -:  376:cases the current subject is stored in a local variable sjt. In contrast to
        -:  377:the function call, the expression's evaluated value is not itself matched 
        -:  378:against the subject.
        -:  379:Contrary to other uses of the % prefix, [% CAN match a nul object.
        -:  380:
        -:  381:    1 November 2011
        -:  382:
        -:  383:Changed signature of find, getmember, naamwoord and naamwoord_w. Before, these
        -:  384:functions returned TRUE or FALSE, while the binding was returned in a
        -:  385:pointer-to-a-pointer. The program is a bit quicker (approx. 5%).
        -:  386:
        -:  387:    30 October 2011
        -:  388:
        -:  389:The expression    a^(b*d+c*d)
        -:  390:                * (a^(b*f+c*f)+a^(e*b+e*c))
        -:  391:              + -1*(a^((b+c)*(d+e))+a^((b+c)*(d+f)))
        -:  392:did not evaluate to 0. Solved.
        -:  393:
        -:  394:    25 October 2011
        -:  395:
        -:  396:After a change in handling the pattern ?^? (20100806) the function fct didn't
        -:  397:work anymore. The function has been completely reimplemented.
        -:  398:Also changed sub so it cannot go in infinite regress.
        -:  399:
        -:  400:    12 September 2011
        -:  401:
        -:  402:Now you can do:
        -:  403:    (=)=5
        -:  404:This extension mirrors
        -:  405:    5:?(=)
        -:  406:This rather useless extension restores consistency. 
        -:  407:
        -:  408:    2 September 2011
        -:  409:
        -:  410:Corrected error in evalmacro. Inserted operator nodes where deemed to fail
        -:  411:when evaluated later on.
        -:  412:
        -:  413:   31 August 2011
        -:  414:
        -:  415:The escape operator ()$ in patterns can now be used to test for flags on the
        -:  416:subject. A special case is when the rhs is an empty atom with no flags. This
        -:  417:pattern only matches subjects with no flags. In all other cases, if one or
        -:  418:more flags are present in the rhs, the subject must have these flags as well,
        -:  419:and possibly even more.
        -:  420:
        -:  421:If the rhs is an atomic node with a non-empty string, the rhs can only match
        -:  422:atomic subjects with the same string. (But possibly with flags that are not
        -:  423:specified in the rhs.)
        -:  424:
        -:  425:   29 August 2011
        -:  426:
        -:  427:The use of $ as "escape operator" is now taken one step further. One can now
        -:  428:use $ to escape any operator in a pattern, so that the otherwise problematic
        -:  429:operators = | & : ' $ _ can be pacified and parsed.
        -:  430:
        -:  431:   23 August 2011
        -:  432:Inside macros the $ can be used as escape operator to insert a $ with empty
        -:  433:lhs in the evaluated macro. Also, the _ operator is from now on left untouched
        -:  434:in a macro unless escaped. This made it necessary to adapt a few bracmat
        -:  435:scripts, e.g. the cat$ function in this file.
        -:  436:
        -:  437:   19 August 2011
        -:  438:
        -:  439:You can now do this: '($(=$x))
        -:  440:Previously, you had to do this in two steps: flabber=$x & '($flabber)
        -:  441:You also can do this: '('($(=$b))) which evaluates to ='$b
        -:  442:
        -:  443:   26 July 2011
        -:  444:There was a problem with the ! and !! flags in connection with the flg 
        -:  445:function. In flg$(=!a):(=?X.?Z) the assignment to X wouldn't succeed, because
        -:  446:in the result (=!.a) of the evaluation of flg$(=!a), the element ! had the
        -:  447:READY flag set. Now the '!' has the READY flag unset, while the 'a' has it set.
        -:  448:
        -:  449:   29 June 2011
        -:  450:Changed a few ints to long to get rid of type casts.
        -:  451:
        -:  452:   21 June 2011
        -:  453:Converted this source code to UTF-8.
        -:  454:
        -:  455:    5 May 2011
        -:  456:The expression ((==.lst$its).)' tried to list an object that was gone.
        -:  457:Now it works. The listed object is =.lst$its
        -:  458:Notice how recursion can be implemented with a 'lambda method' that has access
        -:  459:to itself ('its'):
        -:  460:
        -:  461:( (==a b.!arg:?a_?b&((its.)$!b)_((its.)$!a)|!arg) . ) ' (x y^g (z,8.L))
        -:  462:
        -:  463:This recursively swaps lhs and rhs of all operators in the argument
        -:  464:
        -:  465:    2 April 2011
        -:  466:An expression like (x=!x)&!x now results in an endless loop, not a stack
        -:  467:overflow as before.
        -:  468:
        -:  469:    31 March 2011
        -:  470:Stackoverflow occurred if an uninitialised variable was assigned to the
        -:  471:variable itself - directly or indirectly. The problem has been solved for
        -:  472:cases like
        -:  473:
        -:  474:    !y a:?x a
        -:  475:
        -:  476:where the atom !y has the READY flag set when the assignment is attempted.
        -:  477:
        -:  478:The problem can be solved completely, but at a price, namely if
        -:  479:
        -:  480:    (=!y):(=?x)
        -:  481:    
        -:  482:is made to fail. I consider this price as too high for now.
        -:  483:
        -:  484:    16 March 2011
        -:  485:Arithmetic more complex than adding is now done with much higher radix.
        -:  486:For small numbers compuations are a little bit slower, because of conversions
        -:  487:to and from character strings. For large numbers, timings are magnitudes
        -:  488:better. Multiplication of two 200000 digits numbers is about 100 times faster.
        -:  489:Computation of the first 1000 decimals of pi is about 20 times faster.
        -:  490:
        -:  491:For 32 bit systems, a radix of 10000 is chosen. For 64 bit systems
        -:  492:a radix of 100000000 is found to be appropriate.
        -:  493:
        -:  494:    27 February 2011
        -:  495:Removed a lot of dead wood and renamed a few variables to English.
        -:  496:
        -:  497:    21 February 2011
        -:  498:Rewrite of bmalloc, bfree and initialization of memory. Memory now expands
        -:  499:dynamically: when a there are no more free memory blocks of 1,2 or 3 (4, 5, 6)
        -:  500:words available, a new pool of memory blocks for the depleted size is created,
        -:  501:doubling the number of blocks in the already allocated pools for that size.
        -:  502:Removed a bug that caused (a=7)&!(a*1) to fail.
        -:  503:
        -:  504:    11 January 2011
        -:  505:The @ is again removed from non-nil atoms. Reason: the @ flag is used on a 
        -:  506:non-nil atom to indicate that backslashes in the atomstring must be
        -:  507:interpreted litterally, i.e. @"d:\bracmat" is equivalent to "d:\\bracmat"
        -:  508:
        -:  509:This change has no consequence for the stringmatch functionality 
        -:  510:introduced 20101122.
        -:  511:
        -:  512:     6 January 2011
        -:  513:Conditionally (NP) defined opbnowis()
        -:  514:Extra parentheses in line 6932
        -:  515:
        -:  516:    25 November 2010
        -:  517:Solved bug in merge().
        -:  518:
        -:  519:    22 November 2010
        -:  520:In stringmatch, the % can be used to force characterwise matching if the
        -:  521:pattern is a number. For that reason, the % and @ are no longer removed from
        -:  522:non-nil atoms as superfluous.
        -:  523:One has to take care with minusses: the patterns %"-20/5" and %-20/5 are
        -:  524:different. In %"-20/5", the % is superfluous and the pattern matches
        -:  525:characterwise. In %-20/5, the pattern matches 20/5 and the minus is ignored!
        -:  526:
        -:  527:    19 November 2010
        -:  528:Some tests to check that the position flag is followed by an integer number
        -:  529:and that the flag % doesn't occur.
        -:  530:Made sure that mod$ and div$ fail if second argument is zero.
        -:  531:
        -:  532:    15 November 2010
        -:  533:Evaluation of sums and products is now iterative instead of recursive.
        -:  534:Also, two sums or products are neatly merged instead of appended and thereafter
        -:  535:bubble sorted. Result: much faster processing of very large sums and products
        -:  536:and no danger of stack overflow.
        -:  537:For short sums, the implementation has become a little bit slower, because
        -:  538:I reverted to older, but simpler code that makes more allocations and
        -:  539:deallocations.
        -:  540:
        -:  541:    8 November 2010
        -:  542:Made some minor changes such as int -> size_t.
        -:  543:Most radical change is introduction of function Entry2 which is like Entry,
        -:  544:only with lower level of indirection. Entry2 replaces Entry in three places.
        -:  545:
        -:  546:    3 November 2010
        -:  547:Improved percolation of filter flags < > # / @ %
        -:  548:
        -:  549:    1 November 2010
        -:  550:The built-in function now returns IMPLIEDFENCE if the subject string in
        -:  551:a stringmatch is too long or if it cannot be grown to a valid UTF-8
        -:  552:multibyte sequence. Previously, the FENCE flag was set, but this had
        -:  553:the side effect that utf$ couldn't easily be used as the lhs of a match.
        -:  554:
        -:  555:Change to flt$ : flt$(0,...) now returns 0 instead of failing. Replaced
        -:  556:get$(...,MEM,VAP): ... with @(...:...).
        -:  557:
        -:  558:    27 October 2010
        -:  559:In bmalloc, all bytes are set to 0, not just the last one.
        -:  560:Reason: if all elements of size X are in use, bmalloc may return
        -:  561:a bigger sized element, of which the last four bytes will not be
        -:  562:used at all. Instead, some earlier bytes must be set to 0.
        -:  563:
        -:  564:    22 October 2010
        -:  565:Trailing closing parentheses were accepted on equal footing with '\0' bytes.
        -:  566:
        -:  567:   18 October 2010
        -:  568:The function expandProduct turned off the READY flag on all processed output,
        -:  569:even if the result was atomic and therefore ready.
        -:  570:Consequence: (1+i)*(1+-i) was evaluated to non-ready value 2, which could
        -:  571:not successfully be used in further computations.
        -:  572:
        -:  573:   10 September 2010
        -:  574:A function call in match context not only receives a function argument in
        -:  575:"arg", but also the current subject in "sjt" (from sujet or subject)
        -:  576:Example:
        -:  577:like=.out$!sjt&sim$(!arg,!sjt):>9/10&?|den$sim$(!sjt,):~<(den$sim$(!arg,0))&`~
        -:  578:@("Dogs and Cats are my enemies":? (like$mus:?animal) ?)&out$!animal
        -:  579:@("Dogs and Cats are my enemies":? (like$cat:?animal) ?)&out$!animal
        -:  580:
        -:  581:The return value from a failing function call in match context is not compared
        -:  582:to the subject.
        -:  583:
        -:  584:By returning `~ a function can indicate that further attempts with lenghtened
        -:  585:subjects with the same start position will fail.
        -:  586:
        -:  587:   6 August 2010
        -:  588:Previously, a pattern with an exponential only matched a subject with an
        -:  589:exponential. Now, the exponent in the pattern allowing, an exponent 1 is
        -:  590:assumed.
        -:  591:
        -:  592:   2 August 2010
        -:  593:Made variable v. So now
        -:  594:    bracmat put$!v
        -:  595:says:
        -:  596:    Bracmat version 4, build 72 (2 August 2010)
        -:  597:
        -:  598:   23 July 2010
        -:  599:a*b+u*(x+y) was not evaluated correctly in the previous version.
        -:  600:Now it works again.
        -:  601:
        -:  602:   30 June 2010
        -:  603:Improved error handling if BRACMATEMBEDDED is defined.
        -:  604:
        -:  605:   22 June 2010
        -:  606:If Bracmat is running embedded (e.g. as "native code" in a Java environment)
        -:  607:it may be desirable to make bracmat safer. Here are some defines that shut off
        -:  608:selected parts of Bracmat:
        -:  609:#define NO_C_INTERFACE no memory (de)allocation, peek and poke and C-function pointer API
        -:  610:#define NO_FILE_RENAME no file renaming
        -:  611:#define NO_FILE_REMOVE no file removal
        -:  612:#define NO_SYSTEM_CALL no system() call
        -:  613:#define NO_LOW_LEVEL_FILE_HANDLING
        -:  614:                       no file handling other than get$ put$ and lst$
        -:  615:#define NO_FOPEN       no calls to fopen(). (But you can still get$ put$ and lst$ to memory!)
        -:  616:#define NO_EXIT_ON_NON_SEVERE_ERRORS
        -:  617:
        -:  618:   11 June 2010
        -:  619:Had to conditionally introduce call to unlink() instead of remove() in case of Symbian (Epoc 5).
        -:  620:
        -:  621:   26 May 2010
        -:  622:Replaced sizeof(tflags) with offsetof(sk,u.obj), which may be (and normally are,
        -:  623:on 64 bit platforms at least) different, the latter taking padding into account.
        -:  624:
        -:  625:Removed ridiculous costly calls to expressionLength, perhaps using 3/4 of all
        -:  626:CPU time when repeatedly matching large data structures!
        -:  627:
        -:  628:   19 April 2010
        -:  629:Used gprof to find functions to optimize: opaf() (has become op() and af()), splits()
        -:  630:
        -:  631:   8 April 2010
        -:  632:The 'its'-member that has been missing since version 3.50 is back again.
        -:  633:
        -:  634:   6 April 2010
        -:  635:Pattern match like a b c:% c did not work as expected
        -:  636:(should be same as a b c:%? c). Solved. Same goes for @(abc:% c).
        -:  637:
        -:  638:   30 March 2010
        -:  639:Added built-in function rmv$ that removes a file.
        -:  640:
        -:  641:   26 March 2010
        -:  642:Changed code to make Bracmat compile and run in a 64-bit environment where
        -:  643:sizeof(int) == 4 and sizeof(long) == 8.
        -:  644:It is assumed that the platform is 64-bit if LONG_MAX > 2147483647L
        -:  645:In contrast to 32 bit platforms, the functions x2d and d2x handle
        -:  646:numbers up to FFFFFFFFFFFFFFFFF hexadecimal or 18446744073709551615 decimal
        -:  647:if compiled on 64-bit platforms.
        -:  648:Another noteworthy difference is that the 64-bit version finds bigger prime
        -:  649:numbers. Try 123465864564581765^1/2 Answer: 5^1/2*24693172912916353^1/2,
        -:  650:so 24693172912916353 is prime.
        -:  651:
        -:  652:   12 March 2010
        -:  653:errorStream is not kept open if it is not stderr or strout, so that other
        -:  654:processes also can write to the errorFile, if necessary. This also ensures
        -:  655:that the message is written an saved before the program ... uhm ... crashes.
        -:  656:
        -:  657:   10 March 2010
        -:  658:If run with command line options, bracmat's return value is the numerical
        -:  659:value of the last expression evaluated. If the last evaluated expression
        -:  660:is not atomic or not a string that can be scanned as an integer number
        -:  661:using strtol, the exit code is 0.
        -:  662:Built-in exit codes:
        -:  663:-1  out of memory
        -:  664:116 invalid function syntax
        -:  665:117 string match attempted with non-atomic argument
        -:  666:
        -:  667:   9 March 2010
        -:  668:New built-in function arg$. If Bracmat is started with any arguments (argc > 1)
        -:  669:every argument is evaluated from left to right, unless arguments are consumed
        -:  670:by calls to arg$. For example,
        -:  671:    bracmat get$myprog -i c:\documents\input.txt -o d:\html\index.html
        -:  672:would evaluate
        -:  673:    get$myprog
        -:  674:    -i
        -:  675:    c:\documents\input.txt
        -:  676:    -o
        -:  677:    d:\html\index.html
        -:  678:in that order. Evaluating the last four arguments is not very meaningful,
        -:  679:however: the backslashes are interpreted as escapes, which they are not.
        -:  680:Moreover, the colon and the dot are interpreted as operators. However, the
        -:  681:bracmat program "myprog" can call the function arg$ four times and in that way
        -:  682:empty the queue of arguments. arg$ returns an atom containing an exact copy of
        -:  683:the next program argument. Using string matching the arguments can be parsed,
        -:  684:if necessary.
        -:  685:Precautions must be taken if the path or name of the bracmat program contains
        -:  686:characters that can be mistakenly interpreted. E.g. (in Windows)
        -:  687:    bracmat "get$@\"c:Program Files\myprog.bra\"" -i c:\documents\input.txt -o d:\html\index.html
        -:  688:In *N*X the apostrophes surrounding the first argument must be replaced by
        -:  689:quotes.
        -:  690:A second form is arg$N, where 0 <= N < argc. arg$0 will normally return the
        -:  691:command name "bracmat" or a path leading to "bracmat".
        -:  692:
        -:  693:   23 February 2010
        -:  694:upp$ and low$ now handle UTF-8. upp$ is a bit tricky, as some characters
        -:  695:occupy more bytes when uppercased. A simple in-place replacement is tried
        -:  696:first, and is fine in 99% of all cases. If an overrun is imminent, more space
        -:  697:is allocated.
        -:  698:
        -:  699:   22 February 2010
        -:  700:sim$(s1,s2) accepts UTF-8. 8-bit Latin-1 is also ok.
        -:  701:chr$ fails if argument is > 255
        -:  702:
        -:  703:   21 February 2010
        -:  704:~<> are now effective on patterns headed by $ or ' operator
        -:  705:b:>(str$a)
        -:  706:b:~<>(str$A)
        -:  707:
        -:  708:   20 February 2010
        -:  709:~<> uses case insensitive compare on unicode
        -:  710:
        -:  711:   19 February 2010
        -:  712:x2d$   converts hexadecimal number to decimal
        -:  713:d2x$   converts decimal number to hexadecimal
        -:  714:Both routines are restricted to decimal numbers 0 ... 4294967295 (hex 0 ... ffffffff)
        -:  715:Failure if not all characters can be scanned.
        -:  716:
        -:  717:   12 February 2010 Simplified changeCase()
        -:  718:   10 February 2010
        -:  719:abc:?NN & @(!NN:!NN ?x)
        -:  720:!x evaluated to "abc", not to ""
        -:  721:
        -:  722:   2 February 2010
        -:  723:Input scanning stopped at 0x80, as in the utf-8 sequence e2 80 93 (8211 EN DASH )
        -:  724:
        -:  725:   27 January 2010
        -:  726:~@ matches non-atomic matter, both in stringmatch and now also in match.
        -:  727:
        -:  728:   26 January 2010
        -:  729:@ and % flags are not turned off if combined with < and/or >.
        -:  730:(Previously, they were seen as "superfluous" if in combination with non-empty object.)
        -:  731:Handy if you want to skip white space:
        -:  732:
        -:  733:@("  \r\n\t  xyz\r\n  ":?a (>@" " ?:?y) ~>%" " ?)
        -:  734:
        -:  735:Changed KILOKNOPEN back to 10000
        -:  736:
        -:  737:   16 September 2009
        -:  738:Changed KILOKNOPEN to 100000 (was 10000)
        -:  739:
        -:  740:   3 July 2009
        -:  741:
        -:  742:Setting #define CODEPAGE850 0 removes all reminiscenses of DOS-codepages.
        -:  743:
        -:  744:Unicode (UTF-8) support
        -:  745:chu$number returns a sequence of 1-6 bytes. The highest allowed value of the number is 2147483647 (7FFFFFFF hex)
        -:  746:            Notice that RFC 3629 restricts UTF-8 to 4 bytes and that the highest allowed code point 10FFFF hex.
        -:  747:utf$string returns the code point of the character represented by the UTF-8 sequence of bytes.
        -:  748:            If the string is too short or too long, or if the sequence is an invalid UTF-8 string, the function fails.
        -:  749:            It is safe to use utf$ in a pattern:
        -:  750:            @(!txt:(?%c & utf$!c) ?)
        -:  751:            If txt starts with an valid UTF-8 sequence, bracmat backtracks until c matches the UTF-8 sequence.
        -:  752:            If txt starts with a sequence that is not UTF-8, bracmat stops backtracking when that fact has been
        -:  753:            established.
        -:  754:
        -:  755:   30 June 2009
        -:  756:bracmat now evaluates all parameters given to it, from left to right.
        -:  757:
        -:  758:command line:bracmat a=1 b=14 out$(!a+!b)
        -:  759:output:15
        -:  760:
        -:  761:Previously, only the first parameter was evaluated.
        -:  762:As always, if no parameter is specified, bracmat enters interactive mode.
        -:  763:
        -:  764:   11 February 2009
        -:  765:Corrected error in flt$. All powers of ten were analysed to 1,
        -:  766:for example flt$(100,2) -> 1,00*10E0
        -:  767:
        -:  768:   13 November 2008
        -:  769:stop string also works when writing.
        -:  770:fil$("file.txt",w)
        -:  771:fil$(,STR," \n\r\t")
        -:  772:fil$(,,,"Workers go to strike/for higher wages
        -:  773:and for more kindergartens.")
        -:  774:fil$("file.txt",r)
        -:  775:fil$(outfile,w)
        -:  776:fil$("infile.txt",STR)
        -:  777:fil$(outfile,STR," \n\r\t")
        -:  778:fil$(,,,"Workers go to strike for higher wages")
        -:  779:
        -:  780:Stop string can also be specified when reading or writing
        -:  781:fil$(,,"/","Workers go to strike/for higher wages")
        -:  782:fil$("infile.txt",,".!?,;")
        -:  783:
        -:  784:An empty stop string means: write all of the string.
        -:  785:(Or read to end of file, if file mode is reading).
        -:  786:
        -:  787:   10 September 2008
        -:  788:x^(y*(a+b))+-1*x^(a*y+b*y) -> 0 Before, the exponents were regarded as
        -:  789:different. If, during comparison, a subtree of lhs has pattern ?*(?+?) and
        -:  790:the corresponding subtree of the rhs ?+?, the lhs subtree is expanded to
        -:  791:a sum (defactorised) and the comparison is done on the transformed lhs and
        -:  792:the rhs. Notice that the most expensive exponent survives:
        -:  793:x^(y*(a+b))+x^(a*y+b*y): 2*x^(y*(a+b))
        -:  794:
        -:  795:0^-1 succeeded and gave 0, now it fails. (0/7^-1 already failed)
        -:  796:
        -:  797:Strings starting with a zero and followed by another figure are not numbers
        -:  798:00/7, 098
        -:  799:
        -:  800:Input ()k went in endless loop, because the k was interpreted as an operator.
        -:  801:Now it says "malformed input".
        -:  802:
        -:  803:   11 February 2008
        -:  804:whl' now returns function_ok instead of function_fail. Although the
        -:  805:loop exits when the rhs fails and there therefore is nothing meaningful to
        -:  806:"return", it led to ugly code when a whl' loop always had to be negated
        -:  807:
        -:  808:    ... & ~(whl'(...)) & ...
        -:  809:
        -:  810:or put into the lhs of an OR
        -:  811:
        -:  812:    & ( whl'(...) |  ) &
        -:  813:
        -:  814:til' is commented out. It has no future.
        -:  815:
        -:  816:   28 January 2008
        -:  817:evalmacro did not unset the ready-bit on an inserted expression consisting of
        -:  818:a variable with exclamation mark. It does now.
        -:  819:
        -:  820:   27 January 2008
        -:  821:Introduction of flag [ for acquiring or requiring the current position during
        -:  822:a (string)match. Examples:
        -:  823:    a b c:? ([-1:[?endpos)
        -:  824:will assign the length of the subject, 3, to variable endpos.
        -:  825:    a b c d e:? [!endpos ?extramaterial
        -:  826:will assign d e to extramaterial.
        -:  827:Works in match and stringmatch alike, with some exceptions:
        -:  828:@(:[0) succeeds, but (:[0) fails. Reason: in the first case, the subject
        -:  829:is the nil element, but in the second case, the lhs is just an atom,
        -:  830:although a funny one. In a certain context, this atom plays the role
        -:  831:of nil element, but not in other contexts.
        -:  832:
        -:  833:Found out that stringmatch had a measurable side effect on the subject
        -:  834:
        -:  835:subject=abcdef
        -:  836:@(!subject:? (d & !subject:abcd) ?
        -:  837:
        -:  838:This would succeed, because the string had been temporarily cut off after
        -:  839:the 'd'.
        -:  840:Now match and string match are much more alike and the problem is solved.
        -:  841:
        -:  842:Introduction of two built-in functions: whl and til. whl repeatedly evaluates
        -:  843:its argument until it fails. whl always returns failure. til repeatedly
        -:  844:evaluates its argument until it succeeds and returns the result of the last
        -:  845:evaluation.
        -:  846:There are no plans to make if...else and switch equivalents in Bracmat.
        -:  847:It may be that whl and/or til are retracted later. They seem a bit superfluous.
        -:  848:
        -:  849:   13 January 2008
        -:  850:`~a:?b will now assign `~a to b
        -:  851:@(`~a:?b) will assign a to b. !a will succeed
        -:  852:As before, this will assign something failing to a variable:
        -:  853:dummy ~a:dummy ?m
        -:  854:!m fails
        -:  855:~!m gives ~a
        -:  856:
        -:  857:   3 January 2008
        -:  858:Better implementation of the evaluation of !(=a).
        -:  859:It is now possible to construct and run a loop as a datastructure with
        -:  860:a closed loop of pointers. Performance-wise nothing is gained, however.
        -:  861:  (loop= !i+1:<10000000:?i&!(=))
        -:  862:& '$loop:(=?(loop.)) {Make closed datastructure}
        -:  863:& ~!loop {loop 10.000.000 times}
        -:  864:& :?(loop.) {Open the datastructure.(Otherwise you'll have a memory leak when
        -:  865:             'loop' goes out of scope.)}
        -:  866:
        -:  867:Several functions have been factorised. evalueer() has been restructured.
        -:  868:
        -:  869:   2 January 2008
        -:  870:I've decided that a:(~@(a:a)) means about the same as a:(~@:(a:a)), i.e. it
        -:  871:fails because a is not not an atom. For the same reason a:(~@(a:b)) fails.
        -:  872:~@(a:a) in an evaluation context such as x&~@(a:a) succeeds. It merely means
        -:  873:a:a
        -:  874:
        -:  875:Use #define STRINGMATCH_CAN_BE_NEGATED 1 to allow ~@(<subject>:<pattern>)
        -:  876:as a stringmatch that has its result negated after evaluation.
        -:  877:
        -:  878:Use #define STRINGMATCH_CAN_BE_NEGATED 0 to interpret ~@(<subject>:<pattern>)
        -:  879:as the opposite of stringmatch, i.e. a normal match, the same as
        -:  880:(<subject>:<pattern>) with the additional condition that <subject> is not an
        -:  881:atom. Notice, however, that ~@#(abc:? b ?) succeeds, as the ~ negates #, not @
        -:  882:(priority /#<>@)
        -:  883:
        -:  884:Succeeding tests:
        -:  885:a b:(~@(? b:a %))
        -:  886:~@(a b:a ?)
        -:  887:~@(a:a)
        -:  888:12/34:@(?x:#?a (~#%@:?y) #?b)&!y:"/"
        -:  889:
        -:  890:Failing tests:
        -:  891:a:(~@(a:a))
        -:  892:~@(a:b)
        -:  893:12/34:@(#?a (~#%@:?y) #?b:?x)&!y:"/"
        -:  894:    (This fails because the pattern
        -:  895:        #?a (~#%@:?y) #?b
        -:  896:    is in the match context 12/34:<rhs>, not in a stringmatch context.
        -:  897:    Remember, the first @ says that subject is an atom, which it is in the
        -:  898:    match context, but not in a stringmatch context.)
        -:  899:@(12/34:@(#?a (~#%@:?y) #?b:?x)&!y:"/")
        -:  900:    (This fails because 12/34 is not an atom in a stringmatch context.)
        -:  901:
        -:  902:   29 December 2008
        -:  903:Compilation with Norcroft RISC OS ARM C vsn 3.00 [Jul 12 1989]
        -:  904:This resulted in some formal corrections (signed vs unsigned int,
        -:  905:int vs long, too many arguments for format in Printf,
        -:  906:#if _BRACMATEMBEDDED changed to #if defined _BRACMATEMBEDDED)
        -:  907:
        -:  908:The changes of 20071217 were undone, because the solution did not work for
        -:  909:    ~(&~@(a:a))
        -:  910:New solution:
        -:  911:In lex(), undo setting of
        -:  912:    success == FALSE
        -:  913:on : node if ~@ flags are attached to this operator.
        -:  914:This is a special case. In ~@(a:b) the ~ operator must
        -:  915:not negate the @ but the result of the string match.
        -:  916:
        -:  917:I am not convinced that this is the right decision. Perhaps we simply
        -:  918:should not allow other flags than @ on : if we want it to be interpreted
        -:  919:as a string match operation.
        -:  920:
        -:  921:   17 December 2007
        -:  922:~@(a:a) didn't fail and ~@(a:b) didn't succeed. Now they do.
        -:  923:
        -:  924:   9 October 2007
        -:  925:Removed test print from getObjectDef.
        -:  926:
        -:  927:   18 September 2007
        -:  928:    a b "" ""
        -:  929:evaluates to
        -:  930:    a b ()
        -:  931:instead of
        -:  932:    a b
        -:  933:Changed function handleLUCHT to correct this.
        -:  934:
        -:  935:   7 July 2007
        -:  936:Differentiation: Originally, to indicate that a variable x depends on another
        -:  937:variable p, one wrote x=p, or x=s and s=p. If one wrote (x=), then y\Dx
        -:  938:resulted in stack overflow. The appropriate way to indicate dependeny is
        -:  939:dep=(x.p) (....)
        -:  940:
        -:  941:The range function has been abolished. Originally the idea was that Bracmat
        -:  942:not only should handle numbers and symbols, but also ranges. Thus, 2^>3 would
        -:  943:give >16 and -5*>2 would give <-10. This had to be given up as ranges become
        -:  944:more and more complicated to express. (>4*~>3 = ?)
        -:  945:
        -:  946:Code implementing a string table (COMPILE==1) has been removed
        -:  947:COMPILE works not faster, but slower (about 10%) and uses more nodes.
        -:  948:
        -:  949:The unfinished attempt at implementing objects that can be saved and re-read
        -:  950:(serialization) has been given up (OBJECTS==1) Flag: [
        -:  951:
        -:  952:VAX-specific code removed.
        -:  953:
        -:  954:   5 July 2007:
        -:  955:There were problems with stringmatches:
        -:  956:@(aaab:((|a) aa) b)
        -:  957:This failed because the match
        -:  958:    aa:aa
        -:  959:prematurely ended the match with failure.
        -:  960:The cause was that this match ONCED the whole match
        -:  961:    aa:(|a) aa
        -:  962:
        -:  963:This partly undoes a change made in 200704
        -:  964:
        -:  965:new$hash:?h
        -:  966:(h..ISO)$
        -:  967:(h..insert)$(a.b)
        -:  968:
        -:  969:This made a division by zero, because (h..ISO) had rehashed the table
        -:  970:to a table with zero size. (hashes are born with non-zero size)
        -:  971:The computation of the loadfactor went wrong.
        -:  972:
        -:  973:    4 April 2007:
        -:  974:Tail recursion optimisation in complexiteit.
        -:  975:
        -:  976:Solved bug in handling of strings with characters > 0x80 in expressions like
        -:  977:    a å
        -:  978:
        -:  979:Solved bug in handling of e^(i*pi)
        -:  980:
        -:  981:Solved bug in handling of i:-i
        -:  982:
        -:  983:Solved bug in handling of -1*i^1/3
        -:  984:
        -:  985:lst$ now lists ALL names. Previously, names starting with character above 0x7f
        -:  986:were hidden. Som hidden functions that were called from f0, f4 or f5 are
        -:  987:now declared inside these functions and therefore hidden.
        -:  988:
        -:  989:get$ and fil$ first try to open a file interpreting the file name as a path
        -:  990:relative to the current working directory. If that fails, and if the program
        -:  991:is started with a fully qualified path+file name, this path is prepended to the
        -:  992:name of the file to be opened. If opening the file also fails with the new
        -:  993:path, get$ and fil$ fail. This functionality requires that
        -:  994:1) the file mode is "reading"
        -:  995:2) the file name does not contain an absolute path
        -:  996:3) the program knows its path
        -:  997:If the program does not know its path, it may help to start the program with
        -:  998:a fully qualified path on the command line. This instruction can be put in
        -:  999:a shell script or batch file.
        -: 1000:This improvement is especially helpful for opening the "help"-file.
        -: 1001:
        -: 1002:In string matching the expression
        -: 1003:    @(abcd:?u (?:%@ %@) (?z & ~))
        -: 1004:now makes sure that the pattern (?:%@ %@) never is presented with more than two
        -: 1005:characters. Before, the @ flag did not really work with string matching and the
        -: 1006:: operator extinguished the cut condition that arises in its rhs.
        -: 1007:This works now within a reasonable time:
        -: 1008:(do=
        -: 1009:  get$(help,STR):?S
        -: 1010:& @( !S
        -: 1011:   :   ?
        -: 1012:       ( ?:(%@:~" ":~",") %@ %@ %@ %@ %@ %@ %@ %@ %@ %@ %@ %@ %@ %@ %@ %@ %@ %@ %@ %@ %@ %@:?x
        -: 1013:       & '(? ()$x ?):(=?x)
        -: 1014:       )
        -: 1015:       !x
        -: 1016:   )
        -: 1017:& !x);
        -: 1018:!do
        -: 1019:
        -: 1020:
        -: 1021:In a string, characters that also have a meaning as an operator can be escaped:
        -: 1022:nsc\'ere
        -: 1023:is the same as
        -: 1024:"nsc'ere"
        -: 1025:
        -: 1026:The names of cat$'s local variables are now taken from the list of names of
        -: 1027:predefined functions. Consequently, cat$ does not list its own local variables.
        -: 1028:(Previously, listing of these names was circumvented by the rule that names
        -: 1029:starting with high-bit-set characters are kept hidden.)
        -: 1030:
        -: 1031:Defunct ego$ and goe$ are abolished.
        -: 1032:
        -: 1033:   22 February 2007:
        -: 1034:    Major change in match() that speeds up matching. Found also an error in the
        -: 1035:    handling of an alternating pattern with an alternating pattern in the lhs
        -: 1036:    and a FENCE flag in the leftmost node.
        -: 1037:    Similar changes in stringmatch() must yet be made.
        -: 1038:
        -: 1039:   20 February 2007:
        -: 1040:    Changed int and unsigned long to size_t in two places to stop warnings.
        -: 1041:
        -: 1042:
        -: 1043:   18 January 2007:
        -: 1044:    Added _CONSOLE to test for Windows API
        -: 1045:    @(:? ?) failed. Cause: Unmotivied test for subjectstring not being empty.
        -: 1046:
        -: 1047:    20060704 caseinsensitivehash fixed
        -: 1048:
        -: 1049:   23 June 2006
        -: 1050:caseinsensitivehash uses lowerEquivalent without converting array index to
        -: 1051:unsigned int!
        -: 1052:
        -: 1053:   12 October 2005:
        -: 1054:    Corrected error in flt$. During rounding, the variable m could become
        -: 1055:    > 10. Consequently, the exponent must be increased by one and m must
        -: 1056:    be divided by 10 in those cases.
        -: 1057:
        -: 1058:   5 September 2005:
        -: 1059:    Changed C++-style comments to old fashioned C-style comments.
        -: 1060:    Removed enum {NoIndication,AnInteger,NotAFraction,NotANumber,AFraction,ANumber};
        -: 1061:
        -: 1062:   5 april 2005:
        -: 1063:    flg$<flags><atom> now returns ((=<flags>).<atom>)
        -: 1064:    This protects the flags from evaluation.
        -: 1065:
        -: 1066:   17 november 2004:
        -: 1067:    clk$ returns 0 if clock() returns -1
        -: 1068:    bez$ returns (<nodes>.<max nodes>.<max ref>)
        -: 1069:    epoc version: delete key emits ascii 8 (back space). Now, ascii(8) moves
        -: 1070:    the input pointer one position back, deleting the previous entered
        -: 1071:    character. (see mygetc)
        -: 1072:
        -: 1073:   25 sep 2004: strrev rewritten for Epoc
        -: 1074:
        -: 1075:   6 June 2004:
        -: 1076:1) Started to make late binding in string matching
        -: 1077:2) Corrected errors in assignment to and listing of objects with late bound values
        -: 1078:
        -: 1079:   20040830
        -: 1080:This fails:
        -: 1081:(obj=x=)&dbg'@("abc":?(obj.x) "c") & out$!(obj.x);
        -: 1082:
        -: 1083:This works:
        -: 1084:dbg'@("abc":?x "c") & out$!x;
        -: 1085:*/
        -: 1086:/*
        -: 1087:NOTES
        -: 1088:=====
        -: 1089:
        -: 1090:2002.12.15
        -: 1091:----------
        -: 1092:This is the open source version of Bracmat.
        -: 1093:
        -: 1094:Originally, Bracmat was written in Basic for the Amstrad computer. Its sole
        -: 1095:purpose was to derive a simple expression for the curvature of a model
        -: 1096:space-time, starting from the components of the metric. The only operations
        -: 1097:the program was capable to perform were multiplications, exponentiations,
        -: 1098:logarithms, and partial derivatives. The expressions were a mix of numbers
        -: 1099:and symbolic variables, like "a+2*b". Thus, "a+a" was simplified to "2*a".
        -: 1100:
        -: 1101:The second version of Bracmat, about 1988, was developed in Ansi C and run
        -: 1102:on an Acorn Archimedes. Great care was taken to make the program portable to
        -: 1103:other hardware, such as Atari, VAX and even the PC. The PC architecture, with
        -: 1104:its limited memory, its 16 bit architecture and its limitation on the size of
        -: 1105:the program stack, posed some severe limitations on the program. Therefore
        -: 1106:great care was taken to limit the use of the stack to a minimum. This has
        -: 1107:lead to some rather large functions (to save stack-consuming function calls).
        -: 1108:
        -: 1109:The C version became a true programnming language, with program variables,
        -: 1110:logical operators and function calls. The syntax, however, was not changed.
        -: 1111:For example, instead of using "if...then...else...", I decided to write
        -: 1112:something like "...&...|...", using lazy evaluation of the infix binary
        -: 1113:logical operators "&" (AND) and "|" (OR) for program control.
        -: 1114:
        -: 1115:The logical operators, of course, should test for operands being "true" or
        -: 1116:"false". The main provider of interesting truth values became the pattern
        -: 1117:matching operator ":", which tests whether the pattern (the rhs-operand)
        -: 1118:matches the subject (the lhs-operand). The single outstanding feature of
        -: 1119:Bracmat is, in fact, its pattern recognition, which works on tree structures,
        -: 1120:not on strings of characters.
        -: 1121:
        -: 1122:Bracmat was also extended with a few operators that makes this programming
        -: 1123:language interesting in the field of computational linguistics, namely the
        -: 1124:blank " ", the comma "," and the full stop ".". (The interpunction symbols
        -: 1125:"?", "!" and ";" were already 'taken' to serve other purposes.)
        -: 1126:
        -: 1127:You may find the source code difficult to read at some places. You are best
        -: 1128:off if you understand English and Dutch (and perhaps Danish). Only if the
        -: 1129:program arises enough interest I will invest the effort to streamline the
        -: 1130:source text and make it more understandable for the general programmer.
        -: 1131:*/
        -: 1132:
        -: 1133:/*
        -: 1134:TODO list:
        -: 1135:20010103: Make > and < work on non-atomic stuff
        -: 1136:20010904: Issue warning if 'arg' is declared as a local variable
        -: 1137:*/
        -: 1138:/* 20001213, There is a need to improve documentation of fil$ */
        -: 1139:/* 20001213, rename a file ren$(oldname.newname) */
        -: 1140:/* >Bracmat 16-11-91 */
        -: 1141:/* 20010309 evalueer on LUCHT and KOMMA strings is now iterative on the
        -: 1142:   right descending (deep) branch, not recursive.
        -: 1143:   (It is now possible to read long lists, e.g. dictionairies, without causing
        -: 1144:   stack overflow when evaluating the list.)
        -: 1145:   20010821 a () () was evaluated to a (). Removed last ().
        -: 1146:   20010903 (a.) () was evaluated to a
        -: 1147:*/
        -: 1148:#define DEBUGBRACMAT 0 /* implement dbg'(expression), see DBGSRC macro */
        -: 1149:#define REFCOUNTSTRESSTEST 0
        -: 1150:#define DOSUMCHECK 0
        -: 1151:#define CHECKALLOCBOUNDS 0 /* only if NDEBUG is false */
        -: 1152:#define PVNAME 0 /* allocate strings of variable names separately from variable structure. */
        -: 1153:#define STRINGMATCH_CAN_BE_NEGATED 0 /* ~@(a:a) */
        -: 1154:#define CODEPAGE850 0
        -: 1155:#define MAXSTACK 0 /* 1: show max stack depth (eval function only)*/
        -: 1156:#define CUTOFFSUGGEST 1
        -: 1157:#define READMARKUPFAMILY 1 /* read SGML, HTML and XML files. (include xml.c in your project!) */
        -: 1158:
        -: 1159:/* 
        -: 1160:About reference counting.
        -: 1161:Most nodes can be shared by no more than 1024 referers. Copies must be made as needed.
        -: 1162:Objects (nodes with = ('WORDT' in Dutch) are objects and cane be shared by almost 2^40 referers.
        -: 1163:
        -: 1164:small refcounter       large refcounter              comment
        -: 1165:(10 bits, all nodes)   (30 bits, only objects)
        -: 1166:0                      0                             not shared, no test of large refcounter needed.
        -: 1167:1                      0                             shared with one, so totalling two
        -: 1168:2                      0                             shared with two
        -: 1169:..                     ..
        -: 1170:1022                   0
        -: 1171:1023                   0                             totalling 1024, *** max for normal nodes ***
        -: 1172:1                      1                             totalling 1025
        -: 1173:2                      1
        -: 1174:..                     ..
        -: 1175:m                      1
        -: 1176:..                     ..                            totalling 1024+(1-1)*1023+m
        -: 1177:1023                   1                             totalling 1024+1*1023
        -: 1178:..                     ..
        -: 1179:m                      n                             totalling 1024+(n-1)*1023+m or 1+n*1023+m
        -: 1180:1023                   2^30-1                        totalling 1024+(2^30-2)*1023+1023=1 098 437 885 953
        -: 1181:                                                         (or   1+2^30*1023)
        -: 1182:*/
        -: 1183:
        -: 1184:#if DEBUGBRACMAT
        -: 1185:#define DBGSRC(code)    if(debug){code}
        -: 1186:#else
        -: 1187:#define DBGSRC(code)
        -: 1188:#endif
        -: 1189:
        -: 1190:#if MAXSTACK
        -: 1191:static int maxstack = 0;
        -: 1192:static int stack = 0;
        -: 1193:#define ASTACK {++stack;if(stack > maxstack) maxstack = stack;}{
        -: 1194:#define ZSTACK }{--stack;}
        -: 1195:#else
        -: 1196:#define ASTACK
        -: 1197:#define ZSTACK
        -: 1198:#endif
        -: 1199:
        -: 1200:#include <assert.h>
        -: 1201:
        -: 1202:/*19980208
        -: 1203:Bug in match!!
        -: 1204:Removed 19971207
        -: 1205:*/
        -: 1206:/*
        -: 1207:sub must also accept . as separator between args
        -: 1208:*/
        -: 1209:/* wis: 18 Maart 1997, tail recursion optimization; delete deep structures*/
        -: 1210:/* bezig met modernisering getallen */
        -: 1211:/* 16 mei 1993: constante "-i" ingevoerd om evenwicht te brengen in gedrag
        -: 1212:   van complexe getallen en hun complex geconjugeerde. */
        -: 1213:/* Nog nodig: -n*i^iets -> n*-i^iets
        -: 1214:              n*i*a+m*-i*a  -> (n-m)*i*a
        -: 1215:   Goed doortesten !
        -: 1216:*/
        -: 1217:
        -: 1218:
        -: 1219:/* 24 april 1992: UNOPS uitgebreid met MINUS */
        -: 1220:/* 26 april 1992: fct aangepast voor (a+b)^-n */
        -: 1221:/* 24 maart 1993: function syntax veranderd:
        -: 1222:   met FUNC defined oude stijl: foo = fun$(loc'(x,y,z),!arg);
        -: 1223:   zonder FUNC define:          foo = x,y,z.!arg */
        -: 1224:
        -: 1225:/* 30 juli 1993: structure:
        -: 1226:   het is nu mogelijk om aan een expressie als naam=Bart een andere waarde
        -: 1227:   toe te kennen. In feite wordt de rechter operand van de = operator
        -: 1228:   stomweg vervangen door de nieuwe waarde, waardoor circulaire data-
        -: 1229:   structuren mogelijk worden! BJO 4 Jan 1996
        -: 1230:
        -: 1231:   voorbeeld:
        -: 1232:
        -: 1233:   {?} x==(name=Bart).(age=40)
        -: 1234:   {?} !x
        -: 1235:   {!} =(name=Bart).(age=40)
        -: 1236:   {?} !!x
        -: 1237:   {!} Bart.40
        -: 1238:   {?} !x:(=?naam.?leeftijd)
        -: 1239:   {?} Bart Jongejan:?!naam
        -: 1240:   {?} !!x
        -: 1241:   {!} Bart Jongejan.40
        -: 1242:   {?} x..age=veertig                          BJO 4 Jan 1996
        -: 1243:   {?} !!x
        -: 1244:   {!} Bart Jongejan.veertig
        -: 1245:
        -: 1246:   x..name.first=Bart vervangt Jan door Bart in
        -: 1247:
        -: 1248:   x==(name=(first=Jan).(family=Abbens)).(age=33)
        -: 1249:
        -: 1250:   Merk op dat de = operator z'n speciale betekenis in patterns kwijt is
        -: 1251:   ~=(% %) moet dus voortaan geschreven worden als ((% %) & `~|?)
        -: 1252:*/
        -: 1253:
        -: 1254:#if 0 && defined __GNUC__ && !defined sparc && !defined __hpux && !defined __hpux__
        -: 1255:/* TODO test must be changed to a positive list. Bart 20030704 */
        -: 1256:#define ARM /*1*/ /* assume it's an Acorn */
        -: 1257:#define os_swix os_swi /* different naming */
        -: 1258:typedef struct {
        -: 1259: int r[10];
        -: 1260:}os_regset;
        -: 1261:#else
        -: 1262:/*#define ARM 0*/ /* assume it isn't an Acorn */
        -: 1263:#endif
        -: 1264:
        -: 1265:
        -: 1266:#if (defined __TURBOC__ && !defined __WIN32__) || (defined ARM && !defined __SYMBIAN32__)
        -: 1267:#define O_S 1 /* 1 = with operating system interface swi$ (RISC_OS or TURBO-C), 0 = without  */
        -: 1268:#else
        -: 1269:#define O_S 0
        -: 1270:#endif
        -: 1271:
        -: 1272:/* aanwijzingen voor het compileren
        -: 1273:   (met een ANSI-C compiler of iets wat daar dichtbij in de buurt komt)
        -: 1274:
        -: 1275:Archimedes ANSI-C release 3:
        -: 1276:*up
        -: 1277:*del. :0.$.c.clog
        -: 1278:*spool :0.$.c.clog
        -: 1279:*cc bracmat
        -: 1280:*spool
        -: 1281:
        -: 1282:Met RISC_OS functies:
        -: 1283:
        -: 1284:cc bracmat
        -: 1285:
        -: 1286:file cc (in directory c):
        -: 1287:
        -: 1288:| >cc
        -: 1289:up
        -: 1290:delete $.c.clog
        -: 1291:spool $.c.clog
        -: 1292:cc -c %0 -IRAM:$.RISC_OSLib
        -: 1293:if Sys$ReturnCode = 0 then run c.li %0 else spool
        -: 1294:
        -: 1295:file li (in directory c):
        -: 1296:
        -: 1297:| >li
        -: 1298:link -o %0 o.%0 RAM:$.RISC_OSLib.o.RISC_OSLib RAM:$.Clib.o.Stubs
        -: 1299:||G
        -: 1300:spool
        -: 1301:if Sys$ReturnCode = 0 then squeeze %0 else echo |G
        -: 1302:
        -: 1303:Microsoft QUICKC (MS-DOS) (compact en large model kunnen allebei)
        -: 1304:qcl /Ox /AC /F D000 bracmat.c
        -: 1305:Microsoft optimizing compiler V5.1
        -: 1306:cl /Ox /AC /F D000 bracmat.c
        -: 1307:
        -: 1308:Borland TURBOC (MS-DOS) V2.0
        -: 1309:tcc -w -f- -r- -mc -K- bracmat
        -: 1310:
        -: 1311:Atari : definieer -DATARI i.v.m. BIGENDIAN en extern int _stksize = -1;
        -: 1312:               en -DW32   doch alleen als (int)==(long)
        -: 1313:*/
        -: 1314:
        -: 1315:/* optionele #defines voor debuggen en aanpassing aan machine */
        -: 1316:
        -: 1317:#define TELMAX  1 /* maximaal aantal gealloceerde nodes laten zien */
        -: 1318:#define TELLING 0 /* idem,uitgebreid met huidige allocatie, per groep van
        -: 1319:                       4,8,12 en >12 bytes */
        -: 1320:#if TELLING
        -: 1321:#if TELMAX == 0
        -: 1322:#undef TELMAX
        -: 1323:#define TELMAX 1
        -: 1324:#endif
        -: 1325:#ifndef TELMAX
        -: 1326:#define TELMAX 1
        -: 1327:#endif
        -: 1328:#endif
        -: 1329:
        -: 1330:/*#define reslt hreslt  om in resultaat ALLE haakjes te laten zien*/
        -: 1331:#define INTSCMP 0   /* linke manier om strings te vergelijken */
        -: 1332:#define ICPY 0      /* woord voor woord copieren, i.p.v. byte voor byte */
        -: 1333:
        -: 1334:/* hieronder zijn geen optionele #defines meer */
        -: 1335:#if defined __BYTE_ORDER && defined __LITTLE_ENDIAN /* gcc on linux defines these */
        -: 1336:#if __BYTE_ORDER == __LITTLE_ENDIAN
        -: 1337:#define BIGENDIAN 0
        -: 1338:#else
        -: 1339:#define BIGENDIAN 1
        -: 1340:#endif
        -: 1341:#endif
        -: 1342:
        -: 1343:#ifndef BIGENDIAN
        -: 1344:
        -: 1345:#if defined mc68000 || defined MC68000 || defined mc68010 || defined mc68020 || defined mc68030 || defined ATARI || defined sparc || defined __hpux || defined __hpux__
        -: 1346:#define BIGENDIAN 1
        -: 1347:#endif
        -: 1348:
        -: 1349:#endif
        -: 1350:
        -: 1351:#ifndef BIGENDIAN
        -: 1352:#define BIGENDIAN     0
        -: 1353:#endif
        -: 1354:
        -: 1355:#if defined BRACMATEMBEDDED
        -: 1356:#define _BRACMATEMBEDDED 1
        -: 1357:#else
        -: 1358:#define _BRACMATEMBEDDED 0
        -: 1359:#endif
        -: 1360:
        -: 1361:#if (defined _Windows || defined _MT /*multithreaded, VC6.0*/)&& (!defined _CONSOLE /*18 January 2007*/ && !defined __CONSOLE__ || defined NOTCONSOLE || _BRACMATEMBEDDED)
        -: 1362:/* _CONSOLE defined by Visual C++ and __CONSOLE__ seems always to be defined in C++Builder */
        -: 1363:#define MICROSOFT_WINDOWS_API 1
        -: 1364:#else
        -: 1365:#define MICROSOFT_WINDOWS_API 0
        -: 1366:#endif
        -: 1367:
        -: 1368:#if MICROSOFT_WINDOWS_API && defined POLL /*Bart 20030410: Often no need for polling in multithreaded apps.*/
        -: 1369:#define JMP 1 /* 1: listen to WM_QUIT message. 0: Do not listen to WM_QUIT message. */
        -: 1370:#else
        -: 1371:#define JMP 0
        -: 1372:#endif
        -: 1373:
        -: 1374:#if _BRACMATEMBEDDED
        -: 1375:#include "bracmat.h"
        -: 1376:#endif
        -: 1377:
        -: 1378:
        -: 1379:#if defined sun && !defined __GNUC__
        -: 1380:#include <unistd.h> /* SEEK_SET, SEEK_CUR */
        -: 1381:#define ALERT 7
        -: 1382:#define strtoul(a,b,c) strtol(a,b,c)
        -: 1383:#else
        -: 1384:#include <stddef.h>
        -: 1385:#endif
        -: 1386:
        -: 1387:#include <stdlib.h>
        -: 1388:
        -: 1389:#ifndef ALERT
        -: 1390:#define ALERT '\a'
        -: 1391:#endif
        -: 1392:
        -: 1393:#include <limits.h>
        -: 1394:
        -: 1395:#if defined _WIN64 || defined _WIN32
        -: 1396:typedef unsigned __int32 UINT32_T; /* pre VS2010 has no int32_t */
        -: 1397:#endif
        -: 1398:
        -: 1399:#if defined _WIN64
        -: 1400:/*Microsoft*/
        -: 1401:#define WORD32  0
        -: 1402:#define _4      1
        -: 1403:#define _5_6    1
        -: 1404:#define LONG long long
        -: 1405:#define STRTOUL _strtoui64
        -: 1406:#define STRTOL _strtoi64
        -: 1407:#define FSEEK _fseeki64
        -: 1408:#define FTELL _ftelli64
        -: 1409:#else
        -: 1410:#if !defined NO_C_INTERFACE && !defined _WIN32
        -: 1411:#if UINT_MAX == 4294967295
        -: 1412:typedef unsigned int UINT32_T;
        -: 1413:#elif ULONG_MAX == 4294967295
        -: 1414:typedef unsigned long UINT32_T;
        -: 1415:#endif
        -: 1416:#endif
        -: 1417:#if LONG_MAX <= 2147483647L
        -: 1418:#define WORD32  1
        -: 1419:#define _4      1
        -: 1420:#define _5_6    1
        -: 1421:#else
        -: 1422:#define WORD32  0
        -: 1423:#define _4      1
        -: 1424:#define _5_6    1
        -: 1425:#endif
        -: 1426:#define LONG long
        -: 1427:#define STRTOUL strtoul
        -: 1428:#define STRTOL strtol
        -: 1429:#define FSEEK fseek
        -: 1430:#define FTELL ftell
        -: 1431:#endif
        -: 1432:
        -: 1433:
        -: 1434:#if defined __TURBOC__ || defined __MSDOS__ || defined _WIN32 || defined __GNUC__
        -: 1435:#define DELAY_DUE_TO_INPUT
        -: 1436:#endif
        -: 1437:
        -: 1438:#include <time.h>
        -: 1439:#ifndef CLOCKS_PER_SEC
        -: 1440:#ifdef CLK_TCK  /* pre-ANSI-C */
        -: 1441:#define CLOCKS_PER_SEC CLK_TCK
        -: 1442:#else
        -: 1443:#if defined sun
        -: 1444:#define CLOCKS_PER_SEC 1000000 /* ??? */
        -: 1445:#endif
        -: 1446:#endif
        -: 1447:#endif
        -: 1448:
        -: 1449:#define LOGWORDLENGTH 2
        -: 1450:/* vlaggen in knoop */
        -: 1451:#define NOT              1      /* ~ */
        -: 1452:     /* zo houden ivm vermenging logische en bit operatoren && || | ^ & */
        -: 1453:#define SUCCESS         (1<< 1)
        -: 1454:#define READY           (1<< 2)
        -: 1455:#define POSITION        (1<< 3) /* [ */
        -: 1456:#define INDIRECT        (1<< 4) /* ! */
        -: 1457:#define DOUBLY_INDIRECT (1<< 5) /* !! */
        -: 1458:#define FENCE           (1<< 6) /* `   (within same byte as ATOM and NOT) */
        -: 1459:#define ATOM            (1<< 7) /* @ */
        -: 1460:#define NONIDENT        (1<< 8) /* % */
        -: 1461:#define GREATER_THAN    (1<< 9) /* > */
        -: 1462:#define SMALLER_THAN    (1<<10) /* < */
        -: 1463:#define NUMBER          (1<<11) /* # */
        -: 1464:#define BREUK           (1<<12) /* / */
        -: 1465:#define UNIFY           (1<<13) /* ? */
        -: 1466:#define IDENT           (1<<14)
        -: 1467:#define IMPLIEDFENCE    (1<<15) /* 20070222 */
        -: 1468:
        -: 1469:#define VISIBLE_FLAGS_WEAK      (INDIRECT|DOUBLY_INDIRECT|FENCE|UNIFY)
        -: 1470:#define VISIBLE_FLAGS_NON_COMP  (INDIRECT|DOUBLY_INDIRECT|ATOM|NONIDENT|NUMBER|BREUK|UNIFY) /* allows < > ~< and ~> as flags on numbers */
        -: 1471:#define VISIBLE_FLAGS_POS0      (INDIRECT|DOUBLY_INDIRECT|NONIDENT|QBREUK|UNIFY|QGETAL)
        -: 1472:#define VISIBLE_FLAGS_POS       (INDIRECT|DOUBLY_INDIRECT|NONIDENT|QBREUK|UNIFY|QGETAL|NOT|GREATER_THAN|SMALLER_THAN)
        -: 1473:#define VISIBLE_FLAGS           (INDIRECT|DOUBLY_INDIRECT|ATOM|NONIDENT|NUMBER|BREUK|UNIFY|NOT|GREATER_THAN|SMALLER_THAN|FENCE|POSITION)
        -: 1474:
        -: 1475:#define HAS_VISIBLE_FLAGS_OR_MINUS(psk) ((psk)->ops & (VISIBLE_FLAGS|MINUS))
        -: 1476:#define RATIONAAL(psk)      (((psk)->ops & (QGETAL|IS_OPERATOR|VISIBLE_FLAGS)) == QGETAL)
        -: 1477:#define RATIONAAL_COMP(psk) (((psk)->ops & (QGETAL|IS_OPERATOR|VISIBLE_FLAGS_NON_COMP)) == QGETAL)
        -: 1478:#define RATIONAAL_COMP_NOT_NUL(psk) (((psk)->ops & (QGETAL|QNUL|IS_OPERATOR|VISIBLE_FLAGS_NON_COMP)) == QGETAL)
        -: 1479:#define RATIONAAL_WEAK(psk) (((psk)->ops & (QGETAL|IS_OPERATOR|INDIRECT|DOUBLY_INDIRECT|FENCE|UNIFY)) == QGETAL)/* allows < > ~< and ~> as flags on numbers */
        -: 1480:#define       LESS(psk)    (((psk)->v.fl & (VISIBLE_FLAGS_POS)) == (QGETAL|SMALLER_THAN))
        -: 1481:#define LESS_EQUAL(psk)    (((psk)->v.fl & (VISIBLE_FLAGS_POS)) == (QGETAL|NOT|GREATER_THAN))
        -: 1482:#define MORE_EQUAL(psk)    (((psk)->v.fl & (VISIBLE_FLAGS_POS)) == (QGETAL|NOT|SMALLER_THAN))
        -: 1483:#define       MORE(psk)    (((psk)->v.fl & (VISIBLE_FLAGS_POS)) == (QGETAL|GREATER_THAN))
        -: 1484:#define    UNEQUAL(psk)    (((psk)->v.fl & (VISIBLE_FLAGS_POS)) == (QGETAL|NOT))
        -: 1485:#define LESSORMORE(psk)    (((psk)->v.fl & (VISIBLE_FLAGS_POS)) == (QGETAL|SMALLER_THAN|GREATER_THAN)) /*20111102*/
        -: 1486:#define      EQUAL(psk)    (((psk)->v.fl & (VISIBLE_FLAGS_POS)) == QGETAL)
        -: 1487:#define NOTLESSORMORE(psk) (((psk)->v.fl & (VISIBLE_FLAGS_POS)) == (QGETAL|NOT|SMALLER_THAN|GREATER_THAN))
        -: 1488:
        -: 1489:#define INTEGER(kn)               (((kn)->ops & (QGETAL|QBREUK|IS_OPERATOR|VISIBLE_FLAGS))                      == QGETAL)
        -: 1490:#define INTEGER_COMP(kn)          (((kn)->ops & (QGETAL|QBREUK|IS_OPERATOR|VISIBLE_FLAGS_NON_COMP))             == QGETAL)
        -: 1491:
        -: 1492:#define INTEGER_NIET_NEG(kn)      (((kn)->ops & (QGETAL|MINUS|QBREUK|IS_OPERATOR|VISIBLE_FLAGS))                == QGETAL)
        -: 1493:#define INTEGER_NIET_NEG_COMP(kn) (((kn)->ops & (QGETAL|MINUS|QBREUK|IS_OPERATOR|VISIBLE_FLAGS_NON_COMP))       == QGETAL)
        -: 1494:
        -: 1495:#define INTEGER_POS(kn)           (((kn)->ops & (QGETAL|MINUS|QNUL|QBREUK|IS_OPERATOR|VISIBLE_FLAGS))           == QGETAL)
        -: 1496:#define INTEGER_POS_COMP(kn)      (((kn)->ops & (QGETAL|MINUS|QNUL|QBREUK|IS_OPERATOR|VISIBLE_FLAGS_NON_COMP))  == QGETAL)
        -: 1497:
        -: 1498:#define INTEGER_NIET_NUL_COMP(kn) (((kn)->ops & (QGETAL|QNUL|QBREUK|IS_OPERATOR|VISIBLE_FLAGS_NON_COMP))        == QGETAL)
        -: 1499:#define HAS_MINUS_SIGN(kn)         (((kn)->ops & (MINUS|IS_OPERATOR)) == MINUS)
        -: 1500:
        -: 1501:#define RAT_NUL(kn) (((kn)->v.fl & (QNUL|IS_OPERATOR|VISIBLE_FLAGS)) == QNUL)
        -: 1502:#define RAT_NUL_COMP(kn) (((kn)->v.fl & (QNUL|IS_OPERATOR|VISIBLE_FLAGS_NON_COMP)) == QNUL)
        -: 1503:#define RAT_NEG(kn) (((kn)->ops & (QGETAL|MINUS|IS_OPERATOR|VISIBLE_FLAGS)) \
        -: 1504:                                == (QGETAL|MINUS))
        -: 1505:#define RAT_NEG_COMP(kn) (((kn)->ops & (QGETAL|MINUS|IS_OPERATOR|VISIBLE_FLAGS_NON_COMP)) \
        -: 1506:                                == (QGETAL|MINUS))
        -: 1507:
        -: 1508:#define RAT_RAT(kn) (((kn)->ops & (QGETAL|QBREUK|IS_OPERATOR|VISIBLE_FLAGS))\
        -: 1509:                                == (QGETAL|QBREUK))
        -: 1510:
        -: 1511:#define RAT_RAT_COMP(kn) (((kn)->ops & (QGETAL|QBREUK|IS_OPERATOR|VISIBLE_FLAGS_NON_COMP))\
        -: 1512:                                == (QGETAL|QBREUK))
        -: 1513:#define IS_EEN(kn) ((kn)->u.lobj == EEN && !((kn)->ops & (MINUS | VISIBLE_FLAGS)))
        -: 1514:
        -: 1515:
        -: 1516:#include <string.h>
        -: 1517:#include <stdio.h>
        -: 1518:#include <ctype.h>
        -: 1519:#include <errno.h>
        -: 1520:
[...]
        -:16944:#else
        -:16945:                        ((typedObjectknoop*)(pkn))->refcount = 0;
        -:16946:                        UNSETCREATEDWITHNEW((typedObjectknoop*)pkn);
        -:16947:                        UNSETBUILTIN((typedObjectknoop*)pkn);
        -:16948:#endif
        1:16949:                        pkn->LEFT = subboomcopie(old->LEFT);
        1:16950:                        old->RIGHT = Head(old->RIGHT);
        1:16951:                        pkn->RIGHT = subboomcopie(old->RIGHT);
        1:16952:                        wis(old);
        -:16953:                        }
      757:16954:                    pkn->v.fl &= (~OPERATOR & ~READY);
      757:16955:                    pkn->ops |= dummy_op;
      757:16956:                    pkn->v.fl |= SUCCESS;
      757:16957:                    if(lkn.v.fl & INDIRECT)
        -:16958:                        {/* (a=b=127)&(.):(_)&!(a_b) */
        1:16959:                        pkn = evalvar(pkn);
        -:16960:                        }
      757:16961:                    break;
        -:16962:                }
        -:16963:            }
        -:16964:        else
        -:16965:            {
        -:16966:            /*assert(!shared(pkn));*/ /* 20120916 evalvar now expects not shared arg. */
        -:16967:            /* An unevaluated leaf can only be an atom with ! or !!,
        -:16968:            so we don't need to test for this condition.*/
   642509:16969:            pkn = evalvar(pkn);
        -:16970:            /* After evaluation of a variable, the loop continues.
        -:16971:            Together with how & and | (EN and OF) are treated, this ensures that
        -:16972:            a loop can run indefinitely, without using stack space. */
        -:16973:            }
        -:16974:        }
        -:16975:#if JMP
        -:16976:    PeekMsg();
        -:16977:#endif
        -:16978:    ZSTACK
  2171463:16979:    return pkn;
        -:16980:    }
        -:16981:
        1:16982:int startProc(
        -:16983:#if _BRACMATEMBEDDED
        -:16984:    startStruct * init
        -:16985:#else
        -:16986:    void
        -:16987:#endif
        -:16988:    )
        -:16989:    {
        -:16990:    int tel;
        -:16991:    int err; /* 20100802, evaluation of version string */
        -:16992:    static int called = 0;
        -:16993:    /*printf("startProc ");*/
        1:16994:    if(called)
        -:16995:        {
        -:16996:        /*printf("already called\n");*/
    #####:16997:        return 2;
        -:16998:        }
        -:16999:    /*printf("call\n");*/
        1:17000:    called = 1;
        -:17001:#if _BRACMATEMBEDDED
        -:17002:    if(init)
        -:17003:        {
        -:17004:        if(init->WinIn)
        -:17005:            {
        -:17006:            WinIn = init->WinIn;
        -:17007:            }
        -:17008:        if(init->WinOut)
        -:17009:            {
        -:17010:            WinOut = init->WinOut;
        -:17011:            }
        -:17012:        if(init->WinFlush)
        -:17013:            {
        -:17014:            WinFlush = init->WinFlush;
        -:17015:            }
        -:17016:        }
        -:17017:#endif
        1:17018:    for(tel = 0;tel<256;variabelen[tel++] = NULL)
        -:17019:        ;
        1:17020:    if(!init_ruimte())
    #####:17021:        return 0;
        1:17022:    init_opcode();
        1:17023:    anker = NULL;
        1:17024:    fpi = stdin;
        1:17025:    fpo = stdout;
        -:17026:
        1:17027:    argk.flgs = READY | SUCCESS;
        1:17028:    argk.u.lobj = O('a','r','g');
        -:17029:
        1:17030:    sjt.flgs = READY | SUCCESS;/*20100910*/
        1:17031:    sjt.u.lobj = O('s','j','t');/*20100910*/
        -:17032:
        1:17033:    selfkn.flgs = READY | SUCCESS;
        1:17034:    selfkn.u.lobj = O('i','t','s');
        -:17035:
        1:17036:    Selfkn.flgs = READY | SUCCESS;
        1:17037:    Selfkn.u.lobj = O('I','t','s');
        -:17038:
        1:17039:    nilk.flgs = READY | SUCCESS | IDENT;
        1:17040:    nilk.u.lobj = 0L;
        -:17041:
        1:17042:    nulk.flgs = READY | SUCCESS | IDENT | QGETAL | QNUL;
        1:17043:    nulk.u.lobj = 0L;
        1:17044:    nulk.u.obj = '0';
        -:17045:
        1:17046:    eenk.u.lobj = 0L;
        1:17047:    eenk.u.obj = '1';
        1:17048:    eenk.flgs = READY | SUCCESS | IDENT | QGETAL;
        1:17049:    *(&(eenk.u.obj)+1) = 0;
        -:17050:
        1:17051:    mintweek.u.lobj = 0L;
        1:17052:    mintweek.u.obj = '2';
        1:17053:    mintweek.flgs = READY | SUCCESS | QGETAL | MINUS;
        1:17054:    *(&(mintweek.u.obj)+1) = 0;
        -:17055:
        1:17056:    mineenk.u.lobj = 0L;
        1:17057:    mineenk.u.obj = '1';
        1:17058:    mineenk.flgs = READY | SUCCESS | QGETAL | MINUS;
        1:17059:    *(&(mineenk.u.obj)+1) = 0;
        -:17060:
        1:17061:    tweek.u.lobj = 0L;
        1:17062:    tweek.u.obj = '2';
        1:17063:    tweek.flgs = READY | SUCCESS | QGETAL;
        1:17064:    *(&(tweek.u.obj)+1) = 0;
        -:17065:
        1:17066:    vierk.u.lobj = 0L;
        1:17067:    vierk.u.obj = '4';
        1:17068:    vierk.flgs = READY | SUCCESS | QGETAL;
        1:17069:    *(&(vierk.u.obj)+1) = 0;
        -:17070:
        1:17071:    minvierk.u.lobj = 0L;
        1:17072:    minvierk.u.obj = '4';
        1:17073:    minvierk.flgs = READY | SUCCESS | QGETAL | MINUS;
        1:17074:    *(&(minvierk.u.obj)+1) = 0;
        -:17075:
        1:17076:    m0 = opb(m0,"?*(%+%)^~/#>1*?" , NULL);
        1:17077:    m1 = opb(m1,"?*(%+%)*?" , NULL);
        1:17078:    f0 = opb(f0,"(g,k,pow"
        -:17079:                ".(pow"
        -:17080:                  "=b,c,d,l,s,f"
        -:17081:                  ".!arg:(%?b+%?c)^?d"
        -:17082:                  "&1:?f"
        -:17083:                  "&(s"
        -:17084:                   "=!d:1&0"
        -:17085:                   "|(!f*!d*(1+!l:?l)^-1:?f)"
        -:17086:                    "*!b^!l"
        -:17087:                    "*pow$(!c^(-1+!d:?d))"
        -:17088:                   "+!s"
        -:17089:                   ")"
        -:17090:                  "&!b^!d+!c^!d+!s"
        -:17091:                  "|!arg"
        -:17092:                  ")"
        -:17093:                  "&!arg:?g*((%+%)^~/#>1:?arg)*?k"
        -:17094:                  "&!g*pow$!arg*!k)",NULL);
        1:17095:    f1 = opb(f1,
        -:17096:        "((\177g,\177h,\177i).!arg:?\177g*(%?\177h+%?\177i)*",
        -:17097:        "?arg&!\177g*!\177h*!arg+!\177g*!\177i*!arg)",NULL);
        1:17098:    f4 = opb(f4,  "l,a,b,c,e,f"
        -:17099:                ".(a"
        -:17100:                 "=j,g,h,i"
        -:17101:                  ".!arg:?l^(?j+?g*!l\016?h*?i+?arg)"
        -:17102:                   "&!l^(!j+!arg)*!h^(!g*!i)"
        -:17103:                 ")"
        -:17104:                "&(e"
        -:17105:                 "=j,g,I"
        -:17106:                 ".!arg:?j+#?g*((i|-i):?I)*pi+?arg"
        -:17107:                   "&1:?l"
        -:17108:                   "&!j+(mod$(1+!g,2)+-1)*!I*pi+!arg"
        -:17109:                 ")"
        -:17110:                "&(f"
        -:17111:                 "=j,i"
        -:17112:                  ".!arg:?j+#?l*((i|-i):?I)*pi+?arg"
        -:17113:                   "&!I^(2*!l):?l"
        -:17114:                   "&!j+!arg"
        -:17115:                 ")"
        -:17116:                "&(b"
        -:17117:                 "="
        -:17118:                  "(!l:(<-1|>1)&e"
        -:17119:                  "|(-1|1/2|-1/2)&f"
        -:17120:                  ")"
        -:17121:                  ":?l"
        -:17122:                 ")"
        -:17123:                "&(c"
        -:17124:                 "="
        -:17125:                  ".1+!arg:?arg"
        -:17126:                   "&1:?l"
        -:17127:                   "&-1+!arg"
        -:17128:                 ")"
        -:17129:                "&(!arg:?l^(?+?*!l\016?*?+?)&a$!arg"
        -:17130:                 "|!arg"
        -:17131:                  ":e^((?+#?l*(i|-i)*pi+?&`!b"
        -:17132:                      "|?"
        -:17133:                       "*(pi|i|-i)"
        -:17134:                       "*?"
        -:17135:                       "*(?+?*(pi|i|-i)*?+?:%+%)"
        -:17136:                       "*?"
        -:17137:                        "&c:?l"
        -:17138:                      ")"
        -:17139:                     ":?arg"
        -:17140:                     ")"
        -:17141:                   "&e^!l$!arg*!l"
        -:17142:                 ")",NULL);
        1:17143:    f5 = opb(f5,
        -:17144:         "l,d"
        -:17145:         ".(d"
        -:17146:          "=j,g,h"
        -:17147:           ".!arg:?l\016(?j*!l^?g*?h)&!g+!l\016(!j*!h)"
        -:17148:          ")"
        -:17149:          "&!arg:?l\016(?*!l^?*?)"
        -:17150:          "&d$!arg", NULL);
        -:17151:
        1:17152:    anker = startboom_w(anker ,
        -:17153:        "(cat=flt,sin,tay,fct,cos,out,sgn.!arg:((?flt,(?sin,?tay)|?sin&:?tay)|?flt&:?sin:"
        -:17154:        "?tay)&(fct=.!arg:%?cos ?arg&!cos:((?out.?)|?out)&'(? ($out|($out.?)"
        -:17155:        ") ?):(=?sgn)&(!flt:!sgn&!(glf$(=~.!sin:!sgn))&!cos|) fct$!arg|)&(:!flt:!sin&mem$!tay|(:!flt&mem$:?flt"
        -:17156:        "|)&fct$(mem$!tay))),",
        -:17157:
        -:17158:        /* 20110823
        -:17159:        "(cat=flt,sin,tay,fct,cos,out,sgn.!arg:((?flt,(?sin,?tay)|?sin&:?tay)|?flt&:?sin:"
        -:17160:        "?tay)&(fct=.!arg:%?cos ?arg&!cos:((?out.?)|?out)&'(? (`=$out|($out.?)"
        -:17161:        ") ?):?sgn&(!flt:!sgn&~$(!sin:!sgn)&!cos|) fct$!arg|)&(:!flt:!sin|(:!flt&mem$:?flt"
        -:17162:        "|)&fct)$(mem$!tay)),",
        -:17163:        */
        -:17164:        "(out=(.put$!arg:?arg&put$\212&!arg)),"
        -:17165:        "(flt=((e,d,m,s,f).!arg:(?arg,~<0:?d)&!arg:0|(-1*!arg:>0:?arg&-1|1):?s&"
        -:17166:        "10\016!arg:?e+(10\016?m|0&1:?m)&(!m+1/2*1/10^!d:~<10&1+!e:?e&!m*1/10"
        -:17167:        ":?m|)&@(div$(!m+1/2*(1/10^!d:?d),!d):"
        -:17168:        "`%?f ?m)&str$(!s*!f (!d:~1&\254|) !m \252\261\260\305 !e))),",
        -:17169:
        -:17170:        "(tay=((f,tot,x,fac,cnt,res,R).",
        -:17171:        "(R=!cnt:!tot&!res|!res+(sub$(!x\017!f:?f.!x.0))*((!fac*(!cnt+1:?cnt))"
        -:17172:        ":?fac)^-1*!x^!cnt:?res&!R)&",
        -:17173:        "!arg:(?f,?x,?tot)&(fac=1)&(cnt=0)&((sub$(!f.!x.0)):?res)&!R)),",
        -:17174:
        -:17175:        /*"(ego=(r.sub$(sub$(!arg.(sin.?r).'sin$!r).(cos.?r).'cos$!r))),",
        -:17176:
        -:17177:        "(goe=((h,s).sub$(!arg.'(e^?h).",
        -:17178:        "'(-1*(sgn$(-1+i*!h+1:?h):?s)*i*(sin.-1+!s*!h+1:?s)+(cos.!s))))),",*/
        -:17179:
        -:17180:        "(sin=(.i*(-1/2*e^(i*!arg)+1/2*e^(-i*!arg)))),",
        -:17181:
        -:17182:        "(cos=(.1/2*(e^(i*!arg)+e^(-i*!arg)))),",
        -:17183:
        -:17184:        "(sgn=(.!arg:?#%arg*%+?&sgn$!arg|!arg:<0&-1|1)),",
        -:17185:        "(abs=(.sgn$!arg*!arg)),",
        -:17186:        "(sub=\177e,\177x,\177v,\177F.(\177F=\177l,\177r.!arg:!\177x&!\177v|"
        -:17187:        "!arg:%?\177l_%?\177r&(\177F$!\177l)_(\177F$!\177r)|!arg)&!arg:(("
        -:17188:        "?\177e.?\177x.?\177v)|out$(str$((=sub$(expr.var.rep)) !arg))&get'&~`)"
        -:17189:        "&\177F$!\177e),",
        -:17190:        fct,
        -:17191:        NULL);
        -:17192:
        -:17193:
        -:17194:#if JMP
        -:17195:    if(setjmp(jumper) != 0)
        -:17196:        return;
        -:17197:#endif
        1:17198:    anker = eval(anker);
        1:17199:    stringEval("(v=\"Bracmat version " VERSION ", build " BUILD " (" DATUM ")\")",NULL,&err);
        1:17200:    return 1;
        -:17201:}
        -:17202:
        1:17203:void endProc(void)
        -:17204:    {
        -:17205:    int err;
        -:17206:    static int called = 0;
        1:17207:    if(called)
        1:17208:        return;
        1:17209:    called = 1;
        -:17210:/*  stringEval("cat$:? CloseDown ? & CloseDown$ | out$\"No CloseDown function provided, exiting all the same.\"",NULL,&err);*/
        1:17211:    stringEval("cat$:? CloseDown ? & CloseDown$ | ",NULL,&err);
        1:17212:    if(err)
    #####:17213:        errorprintf("Error executing CloseDown\n");
        -:17214:    }
        -:17215:
        -:17216:/* main - the text-mode front end for bracmat */
        -:17217:
        -:17218:
        -:17219:#if _BRACMATEMBEDDED
        -:17220:#else
        -:17221:
        -:17222:#include <stddef.h>
        -:17223:
        1:17224:int mainlus(int argc,char *argv[])
        -:17225:    {
        -:17226:    int err;
        -:17227:    char * mainloop;
        -:17228:    const char * ret;
        1:17229:    if(argc > 1)
        -:17230:        { /* to get here, e.g.: ./bracmat out$hello */
        1:17231:        ARGC = argc;
        1:17232:        ARGV = argv;
        1:17233:        mainloop = "arg$&whl'(get$(arg$,MEM):?\"?...@#$*~%!\")&!\"?...@#$*~%!\"";
        1:17234:        stringEval(mainloop,&ret,&err);
        1:17235:        return (int)STRTOL(ret,0,10);
        -:17236:        /*
        -:17237:        int i;
        -:17238:        for(i = 1;i < argc;++i) / *20090630* /
        -:17239:            {
        -:17240:            stringEval(argv[i],NULL,&err);
        -:17241:            }
        -:17242:            */
        -:17243:        }
        -:17244:    else
        -:17245:        {
    #####:17246:        mainloop =
        -:17247:        "(w=\"11. BECAUSE THE PROGRAM IS LICENSED FREE OF CHARGE, THERE IS NO WARRANTY\\n"
        -:17248:        "FOR THE PROGRAM, TO THE EXTENT PERMITTED BY APPLICABLE LAW.  EXCEPT WHEN\\n"
        -:17249:        "OTHERWISE STATED IN WRITING THE COPYRIGHT HOLDERS AND/OR OTHER PARTIES\\n"
        -:17250:        "PROVIDE THE PROGRAM \\\"AS IS\\\" WITHOUT WARRANTY OF ANY KIND, EITHER EXPRESSED\\n"
        -:17251:        "OR IMPLIED, INCLUDING, BUT NOT LIMITED TO, THE IMPLIED WARRANTIES OF\\n"
        -:17252:        "MERCHANTABILITY AND FITNESS FOR A PARTICULAR PURPOSE.  THE ENTIRE RISK AS\\n"
        -:17253:        "TO THE QUALITY AND PERFORMANCE OF THE PROGRAM IS WITH YOU.  SHOULD THE\\n"
        -:17254:        "PROGRAM PROVE DEFECTIVE, YOU ASSUME THE COST OF ALL NECESSARY SERVICING,\\n"
        -:17255:        "REPAIR OR CORRECTION.\\n\")&"
        -:17256:        "(c=\"12. IN NO EVENT UNLESS REQUIRED BY APPLICABLE LAW OR AGREED TO IN WRITING\\n"
        -:17257:        "WILL ANY COPYRIGHT HOLDER, OR ANY OTHER PARTY WHO MAY MODIFY AND/OR\\n"
        -:17258:        "REDISTRIBUTE THE PROGRAM AS PERMITTED ABOVE, BE LIABLE TO YOU FOR DAMAGES,\\n"
        -:17259:        "INCLUDING ANY GENERAL, SPECIAL, INCIDENTAL OR CONSEQUENTIAL DAMAGES ARISING\\n"
        -:17260:        "OUT OF THE USE OR INABILITY TO USE THE PROGRAM (INCLUDING BUT NOT LIMITED\\n"
        -:17261:        "TO LOSS OF DATA OR DATA BEING RENDERED INACCURATE OR LOSSES SUSTAINED BY\\n"
        -:17262:        "YOU OR THIRD PARTIES OR A FAILURE OF THE PROGRAM TO OPERATE WITH ANY OTHER\\n"
        -:17263:        "PROGRAMS), EVEN IF SUCH HOLDER OR OTHER PARTY HAS BEEN ADVISED OF THE\\n"
        -:17264:        "POSSIBILITY OF SUCH DAMAGES.\\n\")&"
        -:17265:        "out$!v&"
        -:17266:        "out$\"Copyright (C) 2002 Bart Jongejan\\n"
        -:17267:        "Bracmat comes with ABSOLUTELY NO WARRANTY; for details type `!w'.\\n"
        -:17268:        "This is free software, and you are welcome to redistribute it\\n"
        -:17269:        "under certain conditions; type `!c' for details.\\n\\n"
        -:17270:        "\\n\\n{?} get$help { tutorial }\\n{?} )        { stop }\"&"
        -:17271:        "(main=put$\"{?} \"&clk$():?SEC&((get':?!(=):(|?&clk$+-1*!SEC:?SEC&"
        -:17272:        "put$\"{!} \"&put$!&put$(\"\\n    S  \" str$(div$(!SEC,1) \",\" (div$(mod$("
        -:17273:        "!SEC*100,100),1):?SEC&!SEC:<10&0|) !SEC) sec))|put$\"\\n    F\")|"
        -:17274:        "put$\"\\n    I\")&"
        -:17275:
        -:17276:
        -:17277:
        -:17278:
        -:17279:#if TELMAX
        -:17280:
        -:17281:        "out$str$(\"  \" bez')&"
        -:17282:#else
        -:17283:        "out$&"
        -:17284:#endif
        -:17285:
        -:17286:        "!main)&!main";
    #####:17287:        stringEval(mainloop,NULL,&err);
        -:17288:        }
    #####:17289:    return 0;
        -:17290:    }
        -:17291:
        1:17292:int main(int argc,char *argv[])
        -:17293:    {
        -:17294:    int ret; /*20100310 numerical result of mainlus becomes exit code.
        -:17295:             If out of integer range or not numerical: 0*/
        1:17296:    char * p = argv[0] + strlen(argv[0]);
        -:17297:#if 0
        -:17298:#ifdef _WIN64 /* Microsoft 64 bit */
        -:17299:    printf("_WIN64\n");
        -:17300:    printf("sizeof(char *) %lld\n",sizeof(char *));
        -:17301:    printf("sizeof(LONG) %lld\n",sizeof(LONG));
        -:17302:    printf("sizeof(size_t) %lld\n",sizeof(size_t));
        -:17303:    printf("WORD32 %d\n",WORD32);
        -:17304:    printf("RADIX %lld\n",(LONG)RADIX);
        -:17305:    printf("RADIX2 %lld\n",(LONG)RADIX2);
        -:17306:    printf("TEN_LOG_RADIX %lld\n",(LONG)TEN_LOG_RADIX);
        -:17307:    printf("HEADROOM %lld\n",(LONG)HEADROOM);
        -:17308:#else /* 32 bit and gcc 64 bit */
        -:17309:    printf("!_WIN64\n");
        -:17310:    printf("sizeof(char *) %ld\n",sizeof(char *));
        -:17311:    printf("sizeof(LONG) %ld\n",sizeof(LONG));
        -:17312:    printf("sizeof(size_t) %ld\n",sizeof(size_t));
        -:17313:    printf("WORD32 %d\n",WORD32);
        -:17314:    printf("RADIX %ld\n",(LONG)RADIX);
        -:17315:    printf("RADIX2 %ld\n",(LONG)RADIX2);
        -:17316:    printf("TEN_LOG_RADIX %ld\n",(LONG)TEN_LOG_RADIX);
        -:17317:    printf("HEADROOM %ld\n",(LONG)HEADROOM);
        -:17318:#endif
        -:17319:#endif
        -:17320:#ifndef NDEBUG
        -:17321:        {
        -:17322:        LONG radix,ten_log_radix;
        -:17323:        assert(HEADROOM*RADIX2 < LONG_MAX);
        -:17324:        for(radix = 1,ten_log_radix = 1;ten_log_radix <= TEN_LOG_RADIX;radix *= 10,++ten_log_radix)
        -:17325:            ;
        -:17326:        assert(RADIX == radix);
        -:17327:        }
        -:17328:#endif
        -:17329:    assert(sizeof(tFlags) == sizeof(unsigned int));
        7:17330:    while(--p >= argv[0])
        6:17331:        if(*p == '\\' || *p == '/')
        -:17332:            {
        1:17333:            ++p;
        1:17334:            targetPath = (char *)malloc(p - argv[0] + 1);
        1:17335:            if(targetPath)
        -:17336:                {
        1:17337:                strncpy(targetPath,argv[0],p - argv[0]);
        1:17338:                targetPath[p - argv[0]] = '\0';
        -:17339:                }
        1:17340:            break;
        -:17341:            }
        -:17342:/*  Printf("targetPath=%s\n",targetPath);*/
        -:17343:
        1:17344:    errorStream = stderr;
        1:17345:    if(!startProc())
    #####:17346:        return -1;
        1:17347:    ret = mainlus(argc,argv);
        1:17348:    endProc();/* to get here, eg: {?} main=out$bye! */
        1:17349:    if(targetPath)
        1:17350:        free(targetPath);
        1:17351:    return ret;
        -:17352:    }
        -:17353:
        -:17354:#endif /*#if !_BRACMATEMBEDDED*/
        -:17355:
