        -:    0:Source:bracmat.c
        -:    0:Graph:bracmat.gcno
        -:    0:Data:bracmat.gcda
        -:    0:Runs:1
        -:    0:Programs:1
        -:    1:/*
        -:    2:    Bracmat. Programming language with pattern matching on tree structures.
        -:    3:    Copyright (C) 2002  Bart Jongejan
        -:    4:
        -:    5:    This program is free software; you can redistribute it and/or modify
        -:    6:    it under the terms of the GNU General Public License as published by
        -:    7:    the Free Software Foundation; either version 2 of the License, or
        -:    8:    (at your option) any later version.
        -:    9:
        -:   10:    This program is distributed in the hope that it will be useful,
        -:   11:    but WITHOUT ANY WARRANTY; without even the implied warranty of
        -:   12:    MERCHANTABILITY or FITNESS FOR A PARTICULAR PURPOSE.  See the
        -:   13:    GNU General Public License for more details.
        -:   14:
        -:   15:    You should have received a copy of the GNU General Public License
        -:   16:    along with this program; if not, write to the Free Software
        -:   17:    Foundation, Inc., 59 Temple Place, Suite 330, Boston, MA  02111-1307  USA
        -:   18:*/
        -:   19:/*
        -:   20:email: bartj@hum.ku.dk
        -:   21:*/
        -:   22:/*
        -:   23:COMPILATION
        -:   24:-----------
        -:   25:It is assumed that the hardware is litte-endian, (which has become the most
        -:   26:common these days).
        -:   27:
        -:   28:If you can compile successfully but cannot run the program succesfully,
        -:   29:try putting -DBIGENDIAN on the command line of the compiler.
        -:   30:This works of course only if the machine's hardware is big-endian.
        -:   31:
        -:   32:The program only utilizes standard libraries.
        -:   33:
        -:   34:Until 2012, the source code consisted of a single file, bracmat.c.
        -:   35:Because XML is becoming more popular, a separate source file, xml.c
        -:   36:implements reading XML files.
        -:   37:
        -:   38:On *N?X, just compile with
        -:   39:
        -:   40:    gcc -std=c99 -pedantic -Wall -O3 -static -DNDEBUG -o bracmat bracmat.c xml.c
        -:   41:
        -:   42:
        -:   43:The options are not necessary to successfully compile the program just
        -:   44:
        -:   45:    gcc *.c
        -:   46:
        -:   47:also works and produces the executable a.out.
        -:   48:
        -:   49:Profiling:
        -:   50:
        -:   51:    gcc -Wall -c -pg -DNDEBUG bracmat.c xml.c
        -:   52:    gcc -Wall -pg bracmat.o xml.o
        -:   53:    ./a.out 'get$"valid.bra";!r'
        -:   54:    gprof a.out
        -:   55:
        -:   56:Test coverage:
        -:   57:(see http://gcc.gnu.org/onlinedocs/gcc/Invoking-Gcov.html#Invoking-Gcov)
        -:   58:
        -:   59:    gcc -fprofile-arcs -ftest-coverage -DNDEBUG bracmat.c xml.c
        -:   60:    ./a.out
        -:   61:    gcov bracmat.c
        -:   62:    gcov xml.c
        -:   63:
        -:   64:*/
        -:   65:
        -:   66:#define DATUM "16 November 2012"
        -:   67:#define VERSION "6"
        -:   68:#define BUILD "142"
        -:   69:/*  16 November 2012
        -:   70:Found and solved bug in Naamwoord. Case:
        -:   71:(abcd=bopt=cyt*dip) & (cyt=dip=egsae) & foo:?!!(abcd.bopt)
        -:   72:Removed rudimentary argument char ** punmatched from some functions.
        -:   73:Removed old, forgotten attempt at working with < > and ~ on subject
        -:   74:(lhs of : operator) in compare(). These flags are only useful in the pattern
        -:   75:
        -:   76:    15 November 2012
        -:   77:Added a comment to input with backslash followed by control character,
        -:   78:which is unsyntactical. Fused numberNode into _qdenominator.
        -:   79:Fused fireBuiltInFunc into wis.
        -:   80:
        -:   81:    1 November 2012
        -:   82:Function someopt() conditionally excluded with 
        -:   83:  #if !defined NO_LOW_LEVEL_FILE_HANDLING
        -:   84:
        -:   85:    21 October 2012
        -:   86:Made sure that put$ cannot write to a file that is still open in get$.
        -:   87:
        -:   88:    17 October 2012
        -:   89:In evalvar, the assumption that shared = false is false.
        -:   90:
        -:   91:    15 October 2012
        -:   92:Added 8 byte peek and poke (pee, pok) (perhaps not on all 32 bit platforms).
        -:   93:Default is now 1 byte.
        -:   94:
        -:   95:    14 October 2012
        -:   96:flg$(=~exp):(=?f.?o)  !f now fails, as it should.
        -:   97:Relaxed requirement that parameters be separated with comma for function sim.
        -:   98:new$(hash,1000) gives a hint at the initial size of the hash table.
        -:   99:Default is 97.
        -:  100:
        -:  101:    12 October 2012
        -:  102:Found some places in plus_samenvoegen_of_sorteren that were never reached,
        -:  103:commented these.
        -:  104:
        -:  105:    23 September 2012
        -:  106:Discovered buffer overflow when compiled under fresh installation of Xubuntu 
        -:  107:gcc (Ubuntu/Linaro 4.6.3-1ubuntu5) 4.6.3 with optimization -O1 and higher.
        -:  108:Cause: strcpy in some places got the address of a single byte as destination
        -:  109:and coredumped when that single-byte buffer was overrun, not knowing that
        -:  110:there was, in fact, allocated memory to house the fulle source. See definition
        -:  111:of POBJ.
        -:  112:
        -:  113:    22 September 2012
        -:  114:Discovered that built in objects too easily were copied. The new function is
        -:  115:for that. Worse, the copies were not initialized with a call to New. Also,
        -:  116:new$hash returned ((=).New)'. Now it returns the object node. Changed the rhs
        -:  117:of this node to the node that is the argument of the original call to new, so:
        -:  118:  =hash
        -:  119:
        -:  120:    20 September 2012
        -:  121:Reference counting should now be faster, bigger and better.
        -:  122:Before, reference counting went to 2^30+1024. Now it goes to 2^30*1023+1
        -:  123:Test added to valid.bra.
        -:  124:
        -:  125:    19 September 2012
        -:  126:Made major changes in Naamwoord, Naamwoord_w and doPosition to make two levels
        -:  127:of indirection work also in the case that an object is at the first level.
        -:  128:Handling of two levels of indirection is improved generally.
        -:  129:
        -:  130:    16 September 2012
        -:  131:Using gcov, found some places that are unreachable in merge(), substdiff() and
        -:  132:evalvar(). Simplified substdiff. Function evalvar now expects that the argument
        -:  133:is not shared. Deleted code that was never reached.
        -:  134:
        -:  135:    12 September 2012
        -:  136:Updated u2l and l2u with data from UnicodeData.txt 2011-11-08
        -:  137:(using script uni.bra)
        -:  138:
        -:  139:    22 August 2012
        -:  140:Bug removed. The expression
        -:  141:    ( (=A B)
        -:  142:    : ?G1
        -:  143:    : (=(A&X:?(G1.)) B)
        -:  144:    )
        -:  145:would not match the 'B' in the pattern with anything valid, because the 
        -:  146:assignment X:?(G1.) had deleted the original subject. Now the subject is
        -:  147:temporarily reference-incremented, so the 'B' still matches the old value of
        -:  148:G1. The expression as a whole evaluates to X. Notice that this bug did not
        -:  149:affect the very similar
        -:  150:    ( (G2==A B)
        -:  151:    & !G2
        -:  152:    : (=(A&X:?(G2.)) B)
        -:  153:    )
        -:  154:Reason: here, the subject is not the object that G1 is bound to, but a copy.
        -:  155:And that is so because the object that G1 is bound to is headed by an
        -:  156:unevaluated = (being part of the rhs of an = operator). The expression !G2,
        -:  157:however, must be evaluated, so it cannot be identical to G2's value.
        -:  158:Consequently, the reassignment of G2 does not affect the subject of the
        -:  159:pattern match operation, which is (=A B) at all times.
        -:  160:
        -:  161:     4 August 2012
        -:  162:Removed function "?"$<expr>. The same effect is obtained by <expr>:?!(=)
        -:  163:
        -:  164:    31 July 2012
        -:  165:Made code gcc -pedantic proof. There are two string constants with a length
        -:  166:greater than 509, which ISO C89 compilers are required to support. Therefore
        -:  167:the option -std=c99 is added.
        -:  168:The LL suffix is replaced by L for non-Microsoft compilers.
        -:  169:
        -:  170:     8 July 2012
        -:  171:Added explanation and two small improvements to nextprime()
        -:  172:
        -:  173:     2 July 2012
        -:  174:
        -:  175:Since build 115 (9 February 2012), the version should have read '6',
        -:  176:not '5'. (This was the date when bracmat wás brought to GitHub.)
        -:  177:Changes in bmalloc that makes it possible to compile with -O3.
        -:  178:Changed 'unsigned char' to 'char' in a lot of places to make some
        -:  179:warnings go away when compiled with gcc.
        -:  180:
        -:  181:    22 June 2012
        -:  182:
        -:  183:Correction in scompare(). The expression @(1b:~<1 b) did not evaluate 
        -:  184:successfully, which it should. Did a clean-up of this function.
        -:  185:
        -:  186:    4 June 2012
        -:  187:
        -:  188:Introduced READMARKUPFAMILY macro to turn xml-stuff on (1) or off (0)
        -:  189:
        -:  190:    2 June 2012
        -:  191:
        -:  192:xml.c supports reading from stdio (no rewind). Example of use:
        -:  193:type pr-xml-utf-8.xml | bracmat "put$(get$(,ML),\"pr-xml-utf-8.bra\",NEW)&"
        -:  194:
        -:  195:    1 June 2012
        -:  196:
        -:  197:Did some finishing, no essential code changes.
        -:  198:
        -:  199:    1 May 2012
        -:  200:
        -:  201:Added list of HTML entities. These are decoded to unicode codepoints and
        -:  202:encoded as utf-8 if an option HT is added.
        -:  203:
        -:  204:get$("filename.html",HT,ML,TRM)
        -:  205:
        -:  206:   29 April 2012
        -:  207:
        -:  208:Restructured the (ancient) input function and renamed some identifiers to
        -:  209:English equivalents.
        -:  210:Added a source file, xml.c, that reads SGML, HTML and XML files.
        -:  211:Syntax:
        -:  212:
        -:  213:get$(filename,ML)
        -:  214:get$(filename,ML,TRM)
        -:  215:get$(string,MEM,ML)
        -:  216:get$(string,MEM,ML,TRM)
        -:  217:
        -:  218:An option HT is made, but does not work yet. Purpose: translate HTML entities.
        -:  219:
        -:  220:   13 April 2012
        -:  221:
        -:  222:The characters @ and % in front of a string now only turn off escaping with the
        -:  223:\ character inside the string if the string is surrounded by " characters.
        -:  224:Reason: the \L operator was not recognised if its lhs contained a % or @.
        -:  225:
        -:  226:   23 February 2012
        -:  227:
        -:  228:When Bracmat reads a file that is not well-formed, it asks fo a file name where
        -:  229:it can write what it has understood. This did not work. Now it does.
        -:  230:
        -:  231:    9 February 2012
        -:  232:
        -:  233:Corrected error in doPosition that was introduced with the latest
        -:  234:optimizations.
        -:  235:
        -:  236:    4 February 2012
        -:  237:
        -:  238:Discovered that "greater than" relation implemented in the vgl function
        -:  239:wasn't transitive:
        -:  240:(1a.)+(10.)      -> (10.)+(1a.)
        -:  241:(1a.)+(10.)+(2.) -> (1a.)+(2.)+(10.)
        -:  242:Thus the order of (10.) and (1a.) depends on other terms.
        -:  243:Now the rule is: 
        -:  244:1) any number is smaller than any non-number
        -:  245:2) numbers are compared numerically
        -:  246:3) non-numbers are compared with strcmp
        -:  247:
        -:  248:    25 January 2012
        -:  249:
        -:  250:Improved handling of negative positions (positions counted from the end)
        -:  251:in lists, sums and products.
        -:  252:
        -:  253:    24 January 2012
        -:  254:
        -:  255:doPosition is buggy
        -:  256:    a (c,d): ? [-1
        -:  257:
        -:  258:expressionLength  counts the wrong way. It must look at the top level operator 
        -:  259:in the pattern containing the [ and count 1 + the number of this operator 
        -:  260:until the end of the list. 0 if [ is last in the pattern.
        -:  261:
        -:  262:    20 January 2012
        -:  263:
        -:  264:The previous change moved the scanning pointer to the point in the subject
        -:  265:where the rhs pattern starts. The current change moves the end of the
        -:  266:subject as far as necessary to the right to allow a full match of the rhs
        -:  267:pattern with last characters of the subject. Of course, this is only possible
        -:  268:if the final zero byte has not been reached. The calling instance of
        -:  269:stringmatch defines the end of the subject for the called instance. The called
        -:  270:instance can propose to move the end. In this way, scanning can move much
        -:  271:faster if a patterns contains some fixed strings. Speed-up does not work for
        -:  272:alternations of fixed srings. Speed-up only works for the first pattern
        -:  273:in a series of patterns connected by :
        -:  274:
        -:  275:    7 January 2012
        -:  276:
        -:  277:If an non-initial part of a stringpattern is a string, then the scanning
        -:  278:pointer jumps to the first (or next) occurrence in the subject string after
        -:  279:the first mismatch.
        -:  280:
        -:  281:This changes the behaviour of some patterns, such as in
        -:  282:@(abXk:(|? b|`) X ?id)
        -:  283:Before, the match failed, because the 'b' in the pattern did not match the
        -:  284:'a' in the subject. Now, nowing that the first X occurs in the third position,
        -:  285:the pattern matcher not even tries to match 'a' and 'b' and so the expression
        -:  286:succeeds. In many cases the (|? b|`) pattern works as before, though:
        -:  287:@(abXk:(|? b|`) (X|Y) ?id)
        -:  288:@(abXk:(|? b|`) () X ?id)    dangerous! Does not work in @(ab:(|? b|`) ())
        -:  289:@(abXk:(|? b|`) !(=X) ?id)
        -:  290:X:?x
        -:  291:@(abXk:(|? b|`) !x ?id)
        -:  292:
        -:  293:It is not advisable to use this pattern anymore. It is too much dependent on
        -:  294:pattern matching not being optimized.
        -:  295:
        -:  296:    6 January 2012
        -:  297:
        -:  298:Compiled 64 bit version with VS 2008. Had to use _WIN64 and some #defines,
        -:  299:because longs are 32 bit under VS 2008, whereas longs under gcc are 64 bits.
        -:  300:Also used the 64 bit versions of ftell and fseek in the VS 2008 case.
        -:  301:
        -:  302:I have these preprocessor defines
        -:  303:NDEBUG;__CONSOLE__;__WIN32__;WIN32;_CONSOLE;_CRT_SECURE_NO_WARNINGS
        -:  304:
        -:  305:(Some of these are automatically set in the 32 bit version).
        -:  306:For 64 bit
        -:  307:
        -:  308:Impression is that the 32 bit version should be used unless you have to deal
        -:  309:with enormous data (memory, file) or huge numbers (because numerical
        -:  310:computations are faster and bigger numbers can be factorized quickly using
        -:  311:exponentiation with a fractional exponent).
        -:  312:Otherwise, the 64 bit version is significantly slower and has almost three
        -:  313:times less stack depth.
        -:  314:
        -:  315:    2 January 2012
        -:  316:
        -:  317:Made stringmatch 'greedy' to an extend that does not change the program's
        -:  318:behaviour. (That is: all tests in valid.bra go through). Many string
        -:  319:comparisons now continue past the cutoff position deviding the subject in a
        -:  320:lhs and a rhs, pushing the division point to the position where the lhs
        -:  321:patterns succeeds. Previously this point repeatedly was moved one byte until
        -:  322:the lhs pattern either succeeded or definitely failed. The optimization is
        -:  323:turned off for alternating patterns and for all but the first pattern in a
        -:  324:chain of patterns connected by : operators.
        -:  325:
        -:  326:The normal (non-string) match is not optimized. It is questionable whether that
        -:  327:would be worthwhile. Not many patterns require repeated elongation of the part
        -:  328:of the subject left of the division point.
        -:  329:
        -:  330:However, CUTOFFSUGGEST is set to 0. The overhead does seem to outweigh the
        -:  331:optimization!
        -:  332:
        -:  333:
        -:  334:    21 December 2011
        -:  335:
        -:  336:The last changes had introduced a bug: the [ and ` flags were not (always) printed.
        -:  337:
        -:  338:    16 December 2011
        -:  339:
        -:  340:Repaired two bugs in doPosition. The first bug made the FENCE flag disappear
        -:  341:from the result if the program was built in debug mode in VS2008, which made
        -:  342:the program run as expected, the other bug was that the FENCE flag was
        -:  343:returned if the first bug was removed.
        -:  344:
        -:  345:    14 December 2011
        -:  346:
        -:  347:Updated unicode case conversions with data found in the most recent 
        -:  348:http://unicode.org/Public/UNIDATA/UnicodeData.txt (17-Aug-2010)
        -:  349:
        -:  350:    7 December 2011
        -:  351:
        -:  352:Introduced lambda. Syntax similar to macro.
        -:  353:
        -:  354:                (λx.x)y
        -:  355:translates to
        -:  356:                /('(x.$x))$y
        -:  357:
        -:  358:    1 December 2011
        -:  359:
        -:  360:Rewrote evalmacro to only copy data where necessary.
        -:  361:Bracmat now tests ok with valid.bra and with REFCOUNTSTRESSTEST set to 1
        -:  362:
        -:  363:    30 November 2011
        -:  364:
        -:  365:Found and solved bugs in merge() that only became visible with
        -:  366:REFCOUNTSTRESSTEST set to 1.
        -:  367:
        -:  368:    22 November 2011
        -:  369:
        -:  370:Rewrote evalmacro to only copy cells where necessary.
        -:  371:
        -:  372:    7 November 2011
        -:  373:
        -:  374:A result of a macro evaluation nested inside an macro was not visited by the
        -:  375:macro evaluator because the heading = operator had its READY flag set.
        -:  376:
        -:  377:    3 November 2011
        -:  378:
        -:  379:Nicified find and getmember calls, collapsing the last three arguments into
        -:  380:one objectStuff struct.
        -:  381:
        -:  382:    2 November 2011
        -:  383:
        -:  384:Made better sense of [<> (equivalent to [~) and [~<> (equivalent to [).
        -:  385:Introduced [% prefix. The expression reigned by [% in a pattern is evaluated.
        -:  386:The success or failure of the expression is the result of the match.
        -:  387:This functionality is similar to patterns that are function calls: in both
        -:  388:cases the current subject is stored in a local variable sjt. In contrast to
        -:  389:the function call, the expression's evaluated value is not itself matched 
        -:  390:against the subject.
        -:  391:Contrary to other uses of the % prefix, [% CAN match a nul object.
        -:  392:
        -:  393:    1 November 2011
        -:  394:
        -:  395:Changed signature of find, getmember, naamwoord and naamwoord_w. Before, these
        -:  396:functions returned TRUE or FALSE, while the binding was returned in a
        -:  397:pointer-to-a-pointer. The program is a bit quicker (approx. 5%).
        -:  398:
        -:  399:    30 October 2011
        -:  400:
        -:  401:The expression    a^(b*d+c*d)
        -:  402:                * (a^(b*f+c*f)+a^(e*b+e*c))
        -:  403:              + -1*(a^((b+c)*(d+e))+a^((b+c)*(d+f)))
        -:  404:did not evaluate to 0. Solved.
        -:  405:
        -:  406:    25 October 2011
        -:  407:
        -:  408:After a change in handling the pattern ?^? (20100806) the function fct didn't
        -:  409:work anymore. The function has been completely reimplemented.
        -:  410:Also changed sub so it cannot go in infinite regress.
        -:  411:
        -:  412:    12 September 2011
        -:  413:
        -:  414:Now you can do:
        -:  415:    (=)=5
        -:  416:This extension mirrors
        -:  417:    5:?(=)
        -:  418:This rather useless extension restores consistency. 
        -:  419:
        -:  420:    2 September 2011
        -:  421:
        -:  422:Corrected error in evalmacro. Inserted operator nodes where deemed to fail
        -:  423:when evaluated later on.
        -:  424:
        -:  425:   31 August 2011
        -:  426:
        -:  427:The escape operator ()$ in patterns can now be used to test for flags on the
        -:  428:subject. A special case is when the rhs is an empty atom with no flags. This
        -:  429:pattern only matches subjects with no flags. In all other cases, if one or
        -:  430:more flags are present in the rhs, the subject must have these flags as well,
        -:  431:and possibly even more.
        -:  432:
        -:  433:If the rhs is an atomic node with a non-empty string, the rhs can only match
        -:  434:atomic subjects with the same string. (But possibly with flags that are not
        -:  435:specified in the rhs.)
        -:  436:
        -:  437:   29 August 2011
        -:  438:
        -:  439:The use of $ as "escape operator" is now taken one step further. One can now
        -:  440:use $ to escape any operator in a pattern, so that the otherwise problematic
        -:  441:operators = | & : ' $ _ can be pacified and parsed.
        -:  442:
        -:  443:   23 August 2011
        -:  444:Inside macros the $ can be used as escape operator to insert a $ with empty
        -:  445:lhs in the evaluated macro. Also, the _ operator is from now on left untouched
        -:  446:in a macro unless escaped. This made it necessary to adapt a few bracmat
        -:  447:scripts, e.g. the cat$ function in this file.
        -:  448:
        -:  449:   19 August 2011
        -:  450:
        -:  451:You can now do this: '($(=$x))
        -:  452:Previously, you had to do this in two steps: flabber=$x & '($flabber)
        -:  453:You also can do this: '('($(=$b))) which evaluates to ='$b
        -:  454:
        -:  455:   26 July 2011
        -:  456:There was a problem with the ! and !! flags in connection with the flg 
        -:  457:function. In flg$(=!a):(=?X.?Z) the assignment to X wouldn't succeed, because
        -:  458:in the result (=!.a) of the evaluation of flg$(=!a), the element ! had the
        -:  459:READY flag set. Now the '!' has the READY flag unset, while the 'a' has it set.
        -:  460:
        -:  461:   29 June 2011
        -:  462:Changed a few ints to long to get rid of type casts.
        -:  463:
        -:  464:   21 June 2011
        -:  465:Converted this source code to UTF-8.
        -:  466:
        -:  467:    5 May 2011
        -:  468:The expression ((==.lst$its).)' tried to list an object that was gone.
        -:  469:Now it works. The listed object is =.lst$its
        -:  470:Notice how recursion can be implemented with a 'lambda method' that has access
        -:  471:to itself ('its'):
        -:  472:
        -:  473:( (==a b.!arg:?a_?b&((its.)$!b)_((its.)$!a)|!arg) . ) ' (x y^g (z,8.L))
        -:  474:
        -:  475:This recursively swaps lhs and rhs of all operators in the argument
        -:  476:
        -:  477:    2 April 2011
        -:  478:An expression like (x=!x)&!x now results in an endless loop, not a stack
        -:  479:overflow as before.
        -:  480:
        -:  481:    31 March 2011
        -:  482:Stackoverflow occurred if an uninitialised variable was assigned to the
        -:  483:variable itself - directly or indirectly. The problem has been solved for
        -:  484:cases like
        -:  485:
        -:  486:    !y a:?x a
        -:  487:
        -:  488:where the atom !y has the READY flag set when the assignment is attempted.
        -:  489:
        -:  490:The problem can be solved completely, but at a price, namely if
        -:  491:
        -:  492:    (=!y):(=?x)
        -:  493:    
        -:  494:is made to fail. I consider this price as too high for now.
        -:  495:
        -:  496:    16 March 2011
        -:  497:Arithmetic more complex than adding is now done with much higher radix.
        -:  498:For small numbers compuations are a little bit slower, because of conversions
        -:  499:to and from character strings. For large numbers, timings are magnitudes
        -:  500:better. Multiplication of two 200000 digits numbers is about 100 times faster.
        -:  501:Computation of the first 1000 decimals of pi is about 20 times faster.
        -:  502:
        -:  503:For 32 bit systems, a radix of 10000 is chosen. For 64 bit systems
        -:  504:a radix of 100000000 is found to be appropriate.
        -:  505:
        -:  506:    27 February 2011
        -:  507:Removed a lot of dead wood and renamed a few variables to English.
        -:  508:
        -:  509:    21 February 2011
        -:  510:Rewrite of bmalloc, bfree and initialization of memory. Memory now expands
        -:  511:dynamically: when a there are no more free memory blocks of 1,2 or 3 (4, 5, 6)
        -:  512:words available, a new pool of memory blocks for the depleted size is created,
        -:  513:doubling the number of blocks in the already allocated pools for that size.
        -:  514:Removed a bug that caused (a=7)&!(a*1) to fail.
        -:  515:
        -:  516:    11 January 2011
        -:  517:The @ is again removed from non-nil atoms. Reason: the @ flag is used on a 
        -:  518:non-nil atom to indicate that backslashes in the atomstring must be
        -:  519:interpreted litterally, i.e. @"d:\bracmat" is equivalent to "d:\\bracmat"
        -:  520:
        -:  521:This change has no consequence for the stringmatch functionality 
        -:  522:introduced 20101122.
        -:  523:
        -:  524:     6 January 2011
        -:  525:Conditionally (NP) defined opbnowis()
        -:  526:Extra parentheses in line 6932
        -:  527:
        -:  528:    25 November 2010
        -:  529:Solved bug in merge().
        -:  530:
        -:  531:    22 November 2010
        -:  532:In stringmatch, the % can be used to force characterwise matching if the
        -:  533:pattern is a number. For that reason, the % and @ are no longer removed from
        -:  534:non-nil atoms as superfluous.
        -:  535:One has to take care with minusses: the patterns %"-20/5" and %-20/5 are
        -:  536:different. In %"-20/5", the % is superfluous and the pattern matches
        -:  537:characterwise. In %-20/5, the pattern matches 20/5 and the minus is ignored!
        -:  538:
        -:  539:    19 November 2010
        -:  540:Some tests to check that the position flag is followed by an integer number
        -:  541:and that the flag % doesn't occur.
        -:  542:Made sure that mod$ and div$ fail if second argument is zero.
        -:  543:
        -:  544:    15 November 2010
        -:  545:Evaluation of sums and products is now iterative instead of recursive.
        -:  546:Also, two sums or products are neatly merged instead of appended and thereafter
        -:  547:bubble sorted. Result: much faster processing of very large sums and products
        -:  548:and no danger of stack overflow.
        -:  549:For short sums, the implementation has become a little bit slower, because
        -:  550:I reverted to older, but simpler code that makes more allocations and
        -:  551:deallocations.
        -:  552:
        -:  553:    8 November 2010
        -:  554:Made some minor changes such as int -> size_t.
        -:  555:Most radical change is introduction of function Entry2 which is like Entry,
        -:  556:only with lower level of indirection. Entry2 replaces Entry in three places.
        -:  557:
        -:  558:    3 November 2010
        -:  559:Improved percolation of filter flags < > # / @ %
        -:  560:
        -:  561:    1 November 2010
        -:  562:The built-in function now returns IMPLIEDFENCE if the subject string in
        -:  563:a stringmatch is too long or if it cannot be grown to a valid UTF-8
        -:  564:multibyte sequence. Previously, the FENCE flag was set, but this had
        -:  565:the side effect that utf$ couldn't easily be used as the lhs of a match.
        -:  566:
        -:  567:Change to flt$ : flt$(0,...) now returns 0 instead of failing. Replaced
        -:  568:get$(...,MEM,VAP): ... with @(...:...).
        -:  569:
        -:  570:    27 October 2010
        -:  571:In bmalloc, all bytes are set to 0, not just the last one.
        -:  572:Reason: if all elements of size X are in use, bmalloc may return
        -:  573:a bigger sized element, of which the last four bytes will not be
        -:  574:used at all. Instead, some earlier bytes must be set to 0.
        -:  575:
        -:  576:    22 October 2010
        -:  577:Trailing closing parentheses were accepted on equal footing with '\0' bytes.
        -:  578:
        -:  579:   18 October 2010
        -:  580:The function expandProduct turned off the READY flag on all processed output,
        -:  581:even if the result was atomic and therefore ready.
        -:  582:Consequence: (1+i)*(1+-i) was evaluated to non-ready value 2, which could
        -:  583:not successfully be used in further computations.
        -:  584:
        -:  585:   10 September 2010
        -:  586:A function call in match context not only receives a function argument in
        -:  587:"arg", but also the current subject in "sjt" (from sujet or subject)
        -:  588:Example:
        -:  589:like=.out$!sjt&sim$(!arg,!sjt):>9/10&?|den$sim$(!sjt,):~<(den$sim$(!arg,0))&`~
        -:  590:@("Dogs and Cats are my enemies":? (like$mus:?animal) ?)&out$!animal
        -:  591:@("Dogs and Cats are my enemies":? (like$cat:?animal) ?)&out$!animal
        -:  592:
        -:  593:The return value from a failing function call in match context is not compared
        -:  594:to the subject.
        -:  595:
        -:  596:By returning `~ a function can indicate that further attempts with lenghtened
        -:  597:subjects with the same start position will fail.
        -:  598:
        -:  599:   6 August 2010
        -:  600:Previously, a pattern with an exponential only matched a subject with an
        -:  601:exponential. Now, the exponent in the pattern allowing, an exponent 1 is
        -:  602:assumed.
        -:  603:
        -:  604:   2 August 2010
        -:  605:Made variable v. So now
        -:  606:    bracmat put$!v
        -:  607:says:
        -:  608:    Bracmat version 4, build 72 (2 August 2010)
        -:  609:
        -:  610:   23 July 2010
        -:  611:a*b+u*(x+y) was not evaluated correctly in the previous version.
        -:  612:Now it works again.
        -:  613:
        -:  614:   30 June 2010
        -:  615:Improved error handling if BRACMATEMBEDDED is defined.
        -:  616:
        -:  617:   22 June 2010
        -:  618:If Bracmat is running embedded (e.g. as "native code" in a Java environment)
        -:  619:it may be desirable to make bracmat safer. Here are some defines that shut off
        -:  620:selected parts of Bracmat:
        -:  621:#define NO_C_INTERFACE no memory (de)allocation, peek and poke and C-function pointer API
        -:  622:#define NO_FILE_RENAME no file renaming
        -:  623:#define NO_FILE_REMOVE no file removal
        -:  624:#define NO_SYSTEM_CALL no system() call
        -:  625:#define NO_LOW_LEVEL_FILE_HANDLING
        -:  626:                       no file handling other than get$ put$ and lst$
        -:  627:#define NO_FOPEN       no calls to fopen(). (But you can still get$ put$ and lst$ to memory!)
        -:  628:#define NO_EXIT_ON_NON_SEVERE_ERRORS
        -:  629:
        -:  630:   11 June 2010
        -:  631:Had to conditionally introduce call to unlink() instead of remove() in case of Symbian (Epoc 5).
        -:  632:
        -:  633:   26 May 2010
        -:  634:Replaced sizeof(tflags) with offsetof(sk,u.obj), which may be (and normally are,
        -:  635:on 64 bit platforms at least) different, the latter taking padding into account.
        -:  636:
        -:  637:Removed ridiculous costly calls to expressionLength, perhaps using 3/4 of all
        -:  638:CPU time when repeatedly matching large data structures!
        -:  639:
        -:  640:   19 April 2010
        -:  641:Used gprof to find functions to optimize: opaf() (has become op() and af()), splits()
        -:  642:
        -:  643:   8 April 2010
        -:  644:The 'its'-member that has been missing since version 3.50 is back again.
        -:  645:
        -:  646:   6 April 2010
        -:  647:Pattern match like a b c:% c did not work as expected
        -:  648:(should be same as a b c:%? c). Solved. Same goes for @(abc:% c).
        -:  649:
        -:  650:   30 March 2010
        -:  651:Added built-in function rmv$ that removes a file.
        -:  652:
        -:  653:   26 March 2010
        -:  654:Changed code to make Bracmat compile and run in a 64-bit environment where
        -:  655:sizeof(int) == 4 and sizeof(long) == 8.
        -:  656:It is assumed that the platform is 64-bit if LONG_MAX > 2147483647L
        -:  657:In contrast to 32 bit platforms, the functions x2d and d2x handle
        -:  658:numbers up to FFFFFFFFFFFFFFFFF hexadecimal or 18446744073709551615 decimal
        -:  659:if compiled on 64-bit platforms.
        -:  660:Another noteworthy difference is that the 64-bit version finds bigger prime
        -:  661:numbers. Try 123465864564581765^1/2 Answer: 5^1/2*24693172912916353^1/2,
        -:  662:so 24693172912916353 is prime.
        -:  663:
        -:  664:   12 March 2010
        -:  665:errorStream is not kept open if it is not stderr or strout, so that other
        -:  666:processes also can write to the errorFile, if necessary. This also ensures
        -:  667:that the message is written an saved before the program ... uhm ... crashes.
        -:  668:
        -:  669:   10 March 2010
        -:  670:If run with command line options, bracmat's return value is the numerical
        -:  671:value of the last expression evaluated. If the last evaluated expression
        -:  672:is not atomic or not a string that can be scanned as an integer number
        -:  673:using strtol, the exit code is 0.
        -:  674:Built-in exit codes:
        -:  675:-1  out of memory
        -:  676:116 invalid function syntax
        -:  677:117 string match attempted with non-atomic argument
        -:  678:
        -:  679:   9 March 2010
        -:  680:New built-in function arg$. If Bracmat is started with any arguments (argc > 1)
        -:  681:every argument is evaluated from left to right, unless arguments are consumed
        -:  682:by calls to arg$. For example,
        -:  683:    bracmat get$myprog -i c:\documents\input.txt -o d:\html\index.html
        -:  684:would evaluate
        -:  685:    get$myprog
        -:  686:    -i
        -:  687:    c:\documents\input.txt
        -:  688:    -o
        -:  689:    d:\html\index.html
        -:  690:in that order. Evaluating the last four arguments is not very meaningful,
        -:  691:however: the backslashes are interpreted as escapes, which they are not.
        -:  692:Moreover, the colon and the dot are interpreted as operators. However, the
        -:  693:bracmat program "myprog" can call the function arg$ four times and in that way
        -:  694:empty the queue of arguments. arg$ returns an atom containing an exact copy of
        -:  695:the next program argument. Using string matching the arguments can be parsed,
        -:  696:if necessary.
        -:  697:Precautions must be taken if the path or name of the bracmat program contains
        -:  698:characters that can be mistakenly interpreted. E.g. (in Windows)
        -:  699:    bracmat "get$@\"c:Program Files\myprog.bra\"" -i c:\documents\input.txt -o d:\html\index.html
        -:  700:In *N*X the apostrophes surrounding the first argument must be replaced by
        -:  701:quotes.
        -:  702:A second form is arg$N, where 0 <= N < argc. arg$0 will normally return the
        -:  703:command name "bracmat" or a path leading to "bracmat".
        -:  704:
        -:  705:   23 February 2010
        -:  706:upp$ and low$ now handle UTF-8. upp$ is a bit tricky, as some characters
        -:  707:occupy more bytes when uppercased. A simple in-place replacement is tried
        -:  708:first, and is fine in 99% of all cases. If an overrun is imminent, more space
        -:  709:is allocated.
        -:  710:
        -:  711:   22 February 2010
        -:  712:sim$(s1,s2) accepts UTF-8. 8-bit Latin-1 is also ok.
        -:  713:chr$ fails if argument is > 255
        -:  714:
        -:  715:   21 February 2010
        -:  716:~<> are now effective on patterns headed by $ or ' operator
        -:  717:b:>(str$a)
        -:  718:b:~<>(str$A)
        -:  719:
        -:  720:   20 February 2010
        -:  721:~<> uses case insensitive compare on unicode
        -:  722:
        -:  723:   19 February 2010
        -:  724:x2d$   converts hexadecimal number to decimal
        -:  725:d2x$   converts decimal number to hexadecimal
        -:  726:Both routines are restricted to decimal numbers 0 ... 4294967295 (hex 0 ... ffffffff)
        -:  727:Failure if not all characters can be scanned.
        -:  728:
        -:  729:   12 February 2010 Simplified changeCase()
        -:  730:   10 February 2010
        -:  731:abc:?NN & @(!NN:!NN ?x)
        -:  732:!x evaluated to "abc", not to ""
        -:  733:
        -:  734:   2 February 2010
        -:  735:Input scanning stopped at 0x80, as in the utf-8 sequence e2 80 93 (8211 EN DASH )
        -:  736:
        -:  737:   27 January 2010
        -:  738:~@ matches non-atomic matter, both in stringmatch and now also in match.
        -:  739:
        -:  740:   26 January 2010
        -:  741:@ and % flags are not turned off if combined with < and/or >.
        -:  742:(Previously, they were seen as "superfluous" if in combination with non-empty object.)
        -:  743:Handy if you want to skip white space:
        -:  744:
        -:  745:@("  \r\n\t  xyz\r\n  ":?a (>@" " ?:?y) ~>%" " ?)
        -:  746:
        -:  747:Changed KILOKNOPEN back to 10000
        -:  748:
        -:  749:   16 September 2009
        -:  750:Changed KILOKNOPEN to 100000 (was 10000)
        -:  751:
        -:  752:   3 July 2009
        -:  753:
        -:  754:Setting #define CODEPAGE850 0 removes all reminiscenses of DOS-codepages.
        -:  755:
        -:  756:Unicode (UTF-8) support
        -:  757:chu$number returns a sequence of 1-6 bytes. The highest allowed value of the number is 2147483647 (7FFFFFFF hex)
        -:  758:            Notice that RFC 3629 restricts UTF-8 to 4 bytes and that the highest allowed code point 10FFFF hex.
        -:  759:utf$string returns the code point of the character represented by the UTF-8 sequence of bytes.
        -:  760:            If the string is too short or too long, or if the sequence is an invalid UTF-8 string, the function fails.
        -:  761:            It is safe to use utf$ in a pattern:
        -:  762:            @(!txt:(?%c & utf$!c) ?)
        -:  763:            If txt starts with an valid UTF-8 sequence, bracmat backtracks until c matches the UTF-8 sequence.
        -:  764:            If txt starts with a sequence that is not UTF-8, bracmat stops backtracking when that fact has been
        -:  765:            established.
        -:  766:
        -:  767:   30 June 2009
        -:  768:bracmat now evaluates all parameters given to it, from left to right.
        -:  769:
        -:  770:command line:bracmat a=1 b=14 out$(!a+!b)
        -:  771:output:15
        -:  772:
        -:  773:Previously, only the first parameter was evaluated.
        -:  774:As always, if no parameter is specified, bracmat enters interactive mode.
        -:  775:
        -:  776:   11 February 2009
        -:  777:Corrected error in flt$. All powers of ten were analysed to 1,
        -:  778:for example flt$(100,2) -> 1,00*10E0
        -:  779:
        -:  780:   13 November 2008
        -:  781:stop string also works when writing.
        -:  782:fil$("file.txt",w)
        -:  783:fil$(,STR," \n\r\t")
        -:  784:fil$(,,,"Workers go to strike/for higher wages
        -:  785:and for more kindergartens.")
        -:  786:fil$("file.txt",r)
        -:  787:fil$(outfile,w)
        -:  788:fil$("infile.txt",STR)
        -:  789:fil$(outfile,STR," \n\r\t")
        -:  790:fil$(,,,"Workers go to strike for higher wages")
        -:  791:
        -:  792:Stop string can also be specified when reading or writing
        -:  793:fil$(,,"/","Workers go to strike/for higher wages")
        -:  794:fil$("infile.txt",,".!?,;")
        -:  795:
        -:  796:An empty stop string means: write all of the string.
        -:  797:(Or read to end of file, if file mode is reading).
        -:  798:
        -:  799:   10 September 2008
        -:  800:x^(y*(a+b))+-1*x^(a*y+b*y) -> 0 Before, the exponents were regarded as
        -:  801:different. If, during comparison, a subtree of lhs has pattern ?*(?+?) and
        -:  802:the corresponding subtree of the rhs ?+?, the lhs subtree is expanded to
        -:  803:a sum (defactorised) and the comparison is done on the transformed lhs and
        -:  804:the rhs. Notice that the most expensive exponent survives:
        -:  805:x^(y*(a+b))+x^(a*y+b*y): 2*x^(y*(a+b))
        -:  806:
        -:  807:0^-1 succeeded and gave 0, now it fails. (0/7^-1 already failed)
        -:  808:
        -:  809:Strings starting with a zero and followed by another figure are not numbers
        -:  810:00/7, 098
        -:  811:
        -:  812:Input ()k went in endless loop, because the k was interpreted as an operator.
        -:  813:Now it says "malformed input".
        -:  814:
        -:  815:   11 February 2008
        -:  816:whl' now returns function_ok instead of function_fail. Although the
        -:  817:loop exits when the rhs fails and there therefore is nothing meaningful to
        -:  818:"return", it led to ugly code when a whl' loop always had to be negated
        -:  819:
        -:  820:    ... & ~(whl'(...)) & ...
        -:  821:
        -:  822:or put into the lhs of an OR
        -:  823:
        -:  824:    & ( whl'(...) |  ) &
        -:  825:
        -:  826:til' is commented out. It has no future.
        -:  827:
        -:  828:   28 January 2008
        -:  829:evalmacro did not unset the ready-bit on an inserted expression consisting of
        -:  830:a variable with exclamation mark. It does now.
        -:  831:
        -:  832:   27 January 2008
        -:  833:Introduction of flag [ for acquiring or requiring the current position during
        -:  834:a (string)match. Examples:
        -:  835:    a b c:? ([-1:[?endpos)
        -:  836:will assign the length of the subject, 3, to variable endpos.
        -:  837:    a b c d e:? [!endpos ?extramaterial
        -:  838:will assign d e to extramaterial.
        -:  839:Works in match and stringmatch alike, with some exceptions:
        -:  840:@(:[0) succeeds, but (:[0) fails. Reason: in the first case, the subject
        -:  841:is the nil element, but in the second case, the lhs is just an atom,
        -:  842:although a funny one. In a certain context, this atom plays the role
        -:  843:of nil element, but not in other contexts.
        -:  844:
        -:  845:Found out that stringmatch had a measurable side effect on the subject
        -:  846:
        -:  847:subject=abcdef
        -:  848:@(!subject:? (d & !subject:abcd) ?
        -:  849:
        -:  850:This would succeed, because the string had been temporarily cut off after
        -:  851:the 'd'.
        -:  852:Now match and string match are much more alike and the problem is solved.
        -:  853:
        -:  854:Introduction of two built-in functions: whl and til. whl repeatedly evaluates
        -:  855:its argument until it fails. whl always returns failure. til repeatedly
        -:  856:evaluates its argument until it succeeds and returns the result of the last
        -:  857:evaluation.
        -:  858:There are no plans to make if...else and switch equivalents in Bracmat.
        -:  859:It may be that whl and/or til are retracted later. They seem a bit superfluous.
        -:  860:
        -:  861:   13 January 2008
        -:  862:`~a:?b will now assign `~a to b
        -:  863:@(`~a:?b) will assign a to b. !a will succeed
        -:  864:As before, this will assign something failing to a variable:
        -:  865:dummy ~a:dummy ?m
        -:  866:!m fails
        -:  867:~!m gives ~a
        -:  868:
        -:  869:   3 January 2008
        -:  870:Better implementation of the evaluation of !(=a).
        -:  871:It is now possible to construct and run a loop as a datastructure with
        -:  872:a closed loop of pointers. Performance-wise nothing is gained, however.
        -:  873:  (loop= !i+1:<10000000:?i&!(=))
        -:  874:& '$loop:(=?(loop.)) {Make closed datastructure}
        -:  875:& ~!loop {loop 10.000.000 times}
        -:  876:& :?(loop.) {Open the datastructure.(Otherwise you'll have a memory leak when
        -:  877:             'loop' goes out of scope.)}
        -:  878:
        -:  879:Several functions have been factorised. evalueer() has been restructured.
        -:  880:
        -:  881:   2 January 2008
        -:  882:I've decided that a:(~@(a:a)) means about the same as a:(~@:(a:a)), i.e. it
        -:  883:fails because a is not not an atom. For the same reason a:(~@(a:b)) fails.
        -:  884:~@(a:a) in an evaluation context such as x&~@(a:a) succeeds. It merely means
        -:  885:a:a
        -:  886:
        -:  887:Use #define STRINGMATCH_CAN_BE_NEGATED 1 to allow ~@(<subject>:<pattern>)
        -:  888:as a stringmatch that has its result negated after evaluation.
        -:  889:
        -:  890:Use #define STRINGMATCH_CAN_BE_NEGATED 0 to interpret ~@(<subject>:<pattern>)
        -:  891:as the opposite of stringmatch, i.e. a normal match, the same as
        -:  892:(<subject>:<pattern>) with the additional condition that <subject> is not an
        -:  893:atom. Notice, however, that ~@#(abc:? b ?) succeeds, as the ~ negates #, not @
        -:  894:(priority /#<>@)
        -:  895:
        -:  896:Succeeding tests:
        -:  897:a b:(~@(? b:a %))
        -:  898:~@(a b:a ?)
        -:  899:~@(a:a)
        -:  900:12/34:@(?x:#?a (~#%@:?y) #?b)&!y:"/"
        -:  901:
        -:  902:Failing tests:
        -:  903:a:(~@(a:a))
        -:  904:~@(a:b)
        -:  905:12/34:@(#?a (~#%@:?y) #?b:?x)&!y:"/"
        -:  906:    (This fails because the pattern
        -:  907:        #?a (~#%@:?y) #?b
        -:  908:    is in the match context 12/34:<rhs>, not in a stringmatch context.
        -:  909:    Remember, the first @ says that subject is an atom, which it is in the
        -:  910:    match context, but not in a stringmatch context.)
        -:  911:@(12/34:@(#?a (~#%@:?y) #?b:?x)&!y:"/")
        -:  912:    (This fails because 12/34 is not an atom in a stringmatch context.)
        -:  913:
        -:  914:   29 December 2008
        -:  915:Compilation with Norcroft RISC OS ARM C vsn 3.00 [Jul 12 1989]
        -:  916:This resulted in some formal corrections (signed vs unsigned int,
        -:  917:int vs long, too many arguments for format in Printf,
        -:  918:#if _BRACMATEMBEDDED changed to #if defined _BRACMATEMBEDDED)
        -:  919:
        -:  920:The changes of 20071217 were undone, because the solution did not work for
        -:  921:    ~(&~@(a:a))
        -:  922:New solution:
        -:  923:In lex(), undo setting of
        -:  924:    success == FALSE
        -:  925:on : node if ~@ flags are attached to this operator.
        -:  926:This is a special case. In ~@(a:b) the ~ operator must
        -:  927:not negate the @ but the result of the string match.
        -:  928:
        -:  929:I am not convinced that this is the right decision. Perhaps we simply
        -:  930:should not allow other flags than @ on : if we want it to be interpreted
        -:  931:as a string match operation.
        -:  932:
        -:  933:   17 December 2007
        -:  934:~@(a:a) didn't fail and ~@(a:b) didn't succeed. Now they do.
        -:  935:
        -:  936:   9 October 2007
        -:  937:Removed test print from getObjectDef.
        -:  938:
        -:  939:   18 September 2007
        -:  940:    a b "" ""
        -:  941:evaluates to
        -:  942:    a b ()
        -:  943:instead of
        -:  944:    a b
        -:  945:Changed function handleLUCHT to correct this.
        -:  946:
        -:  947:   7 July 2007
        -:  948:Differentiation: Originally, to indicate that a variable x depends on another
        -:  949:variable p, one wrote x=p, or x=s and s=p. If one wrote (x=), then y\Dx
        -:  950:resulted in stack overflow. The appropriate way to indicate dependeny is
        -:  951:dep=(x.p) (....)
        -:  952:
        -:  953:The range function has been abolished. Originally the idea was that Bracmat
        -:  954:not only should handle numbers and symbols, but also ranges. Thus, 2^>3 would
        -:  955:give >16 and -5*>2 would give <-10. This had to be given up as ranges become
        -:  956:more and more complicated to express. (>4*~>3 = ?)
        -:  957:
        -:  958:Code implementing a string table (COMPILE==1) has been removed
        -:  959:COMPILE works not faster, but slower (about 10%) and uses more nodes.
        -:  960:
        -:  961:The unfinished attempt at implementing objects that can be saved and re-read
        -:  962:(serialization) has been given up (OBJECTS==1) Flag: [
        -:  963:
        -:  964:VAX-specific code removed.
        -:  965:
        -:  966:   5 July 2007:
        -:  967:There were problems with stringmatches:
        -:  968:@(aaab:((|a) aa) b)
        -:  969:This failed because the match
        -:  970:    aa:aa
        -:  971:prematurely ended the match with failure.
        -:  972:The cause was that this match ONCED the whole match
        -:  973:    aa:(|a) aa
        -:  974:
        -:  975:This partly undoes a change made in 200704
        -:  976:
        -:  977:new$hash:?h
        -:  978:(h..ISO)$
        -:  979:(h..insert)$(a.b)
        -:  980:
        -:  981:This made a division by zero, because (h..ISO) had rehashed the table
        -:  982:to a table with zero size. (hashes are born with non-zero size)
        -:  983:The computation of the loadfactor went wrong.
        -:  984:
        -:  985:    4 April 2007:
        -:  986:Tail recursion optimisation in complexiteit.
        -:  987:
        -:  988:Solved bug in handling of strings with characters > 0x80 in expressions like
        -:  989:    a å
        -:  990:
        -:  991:Solved bug in handling of e^(i*pi)
        -:  992:
        -:  993:Solved bug in handling of i:-i
        -:  994:
        -:  995:Solved bug in handling of -1*i^1/3
        -:  996:
        -:  997:lst$ now lists ALL names. Previously, names starting with character above 0x7f
        -:  998:were hidden. Som hidden functions that were called from f0, f4 or f5 are
        -:  999:now declared inside these functions and therefore hidden.
        -: 1000:
        -: 1001:get$ and fil$ first try to open a file interpreting the file name as a path
        -: 1002:relative to the current working directory. If that fails, and if the program
        -: 1003:is started with a fully qualified path+file name, this path is prepended to the
        -: 1004:name of the file to be opened. If opening the file also fails with the new
        -: 1005:path, get$ and fil$ fail. This functionality requires that
        -: 1006:1) the file mode is "reading"
        -: 1007:2) the file name does not contain an absolute path
        -: 1008:3) the program knows its path
        -: 1009:If the program does not know its path, it may help to start the program with
        -: 1010:a fully qualified path on the command line. This instruction can be put in
        -: 1011:a shell script or batch file.
        -: 1012:This improvement is especially helpful for opening the "help"-file.
        -: 1013:
        -: 1014:In string matching the expression
        -: 1015:    @(abcd:?u (?:%@ %@) (?z & ~))
        -: 1016:now makes sure that the pattern (?:%@ %@) never is presented with more than two
        -: 1017:characters. Before, the @ flag did not really work with string matching and the
        -: 1018:: operator extinguished the cut condition that arises in its rhs.
        -: 1019:This works now within a reasonable time:
        -: 1020:(do=
        -: 1021:  get$(help,STR):?S
        -: 1022:& @( !S
        -: 1023:   :   ?
        -: 1024:       ( ?:(%@:~" ":~",") %@ %@ %@ %@ %@ %@ %@ %@ %@ %@ %@ %@ %@ %@ %@ %@ %@ %@ %@ %@ %@ %@:?x
        -: 1025:       & '(? ()$x ?):(=?x)
        -: 1026:       )
        -: 1027:       !x
        -: 1028:   )
        -: 1029:& !x);
        -: 1030:!do
        -: 1031:
        -: 1032:
        -: 1033:In a string, characters that also have a meaning as an operator can be escaped:
        -: 1034:nsc\'ere
        -: 1035:is the same as
        -: 1036:"nsc'ere"
        -: 1037:
        -: 1038:The names of cat$'s local variables are now taken from the list of names of
        -: 1039:predefined functions. Consequently, cat$ does not list its own local variables.
        -: 1040:(Previously, listing of these names was circumvented by the rule that names
        -: 1041:starting with high-bit-set characters are kept hidden.)
        -: 1042:
        -: 1043:Defunct ego$ and goe$ are abolished.
        -: 1044:
        -: 1045:   22 February 2007:
        -: 1046:    Major change in match() that speeds up matching. Found also an error in the
        -: 1047:    handling of an alternating pattern with an alternating pattern in the lhs
        -: 1048:    and a FENCE flag in the leftmost node.
        -: 1049:    Similar changes in stringmatch() must yet be made.
        -: 1050:
        -: 1051:   20 February 2007:
        -: 1052:    Changed int and unsigned long to size_t in two places to stop warnings.
        -: 1053:
        -: 1054:
        -: 1055:   18 January 2007:
        -: 1056:    Added _CONSOLE to test for Windows API
        -: 1057:    @(:? ?) failed. Cause: Unmotivied test for subjectstring not being empty.
        -: 1058:
        -: 1059:    20060704 caseinsensitivehash fixed
        -: 1060:
        -: 1061:   23 June 2006
        -: 1062:caseinsensitivehash uses lowerEquivalent without converting array index to
        -: 1063:unsigned int!
        -: 1064:
        -: 1065:   12 October 2005:
        -: 1066:    Corrected error in flt$. During rounding, the variable m could become
        -: 1067:    > 10. Consequently, the exponent must be increased by one and m must
        -: 1068:    be divided by 10 in those cases.
        -: 1069:
        -: 1070:   5 September 2005:
        -: 1071:    Changed C++-style comments to old fashioned C-style comments.
        -: 1072:    Removed enum {NoIndication,AnInteger,NotAFraction,NotANumber,AFraction,ANumber};
        -: 1073:
        -: 1074:   5 april 2005:
        -: 1075:    flg$<flags><atom> now returns ((=<flags>).<atom>)
        -: 1076:    This protects the flags from evaluation.
        -: 1077:
        -: 1078:   17 november 2004:
        -: 1079:    clk$ returns 0 if clock() returns -1
        -: 1080:    bez$ returns (<nodes>.<max nodes>.<max ref>)
        -: 1081:    epoc version: delete key emits ascii 8 (back space). Now, ascii(8) moves
        -: 1082:    the input pointer one position back, deleting the previous entered
        -: 1083:    character. (see mygetc)
        -: 1084:
        -: 1085:   25 sep 2004: strrev rewritten for Epoc
        -: 1086:
        -: 1087:   6 June 2004:
        -: 1088:1) Started to make late binding in string matching
        -: 1089:2) Corrected errors in assignment to and listing of objects with late bound values
        -: 1090:
        -: 1091:   20040830
        -: 1092:This fails:
        -: 1093:(obj=x=)&dbg'@("abc":?(obj.x) "c") & out$!(obj.x);
        -: 1094:
        -: 1095:This works:
        -: 1096:dbg'@("abc":?x "c") & out$!x;
        -: 1097:*/
        -: 1098:/*
        -: 1099:NOTES
        -: 1100:=====
        -: 1101:
        -: 1102:2002.12.15
        -: 1103:----------
        -: 1104:This is the open source version of Bracmat.
        -: 1105:
        -: 1106:Originally, Bracmat was written in Basic for the Amstrad computer. Its sole
        -: 1107:purpose was to derive a simple expression for the curvature of a model
        -: 1108:space-time, starting from the components of the metric. The only operations
        -: 1109:the program was capable to perform were multiplications, exponentiations,
        -: 1110:logarithms, and partial derivatives. The expressions were a mix of numbers
        -: 1111:and symbolic variables, like "a+2*b". Thus, "a+a" was simplified to "2*a".
        -: 1112:
        -: 1113:The second version of Bracmat, about 1988, was developed in Ansi C and run
        -: 1114:on an Acorn Archimedes. Great care was taken to make the program portable to
        -: 1115:other hardware, such as Atari, VAX and even the PC. The PC architecture, with
        -: 1116:its limited memory, its 16 bit architecture and its limitation on the size of
        -: 1117:the program stack, posed some severe limitations on the program. Therefore
        -: 1118:great care was taken to limit the use of the stack to a minimum. This has
        -: 1119:lead to some rather large functions (to save stack-consuming function calls).
        -: 1120:
        -: 1121:The C version became a true programnming language, with program variables,
        -: 1122:logical operators and function calls. The syntax, however, was not changed.
        -: 1123:For example, instead of using "if...then...else...", I decided to write
        -: 1124:something like "...&...|...", using lazy evaluation of the infix binary
        -: 1125:logical operators "&" (AND) and "|" (OR) for program control.
        -: 1126:
        -: 1127:The logical operators, of course, should test for operands being "true" or
        -: 1128:"false". The main provider of interesting truth values became the pattern
        -: 1129:matching operator ":", which tests whether the pattern (the rhs-operand)
        -: 1130:matches the subject (the lhs-operand). The single outstanding feature of
        -: 1131:Bracmat is, in fact, its pattern recognition, which works on tree structures,
        -: 1132:not on strings of characters.
        -: 1133:
        -: 1134:Bracmat was also extended with a few operators that makes this programming
        -: 1135:language interesting in the field of computational linguistics, namely the
        -: 1136:blank " ", the comma "," and the full stop ".". (The interpunction symbols
        -: 1137:"?", "!" and ";" were already 'taken' to serve other purposes.)
        -: 1138:
        -: 1139:You may find the source code difficult to read at some places. You are best
        -: 1140:off if you understand English and Dutch (and perhaps Danish). Only if the
        -: 1141:program arises enough interest I will invest the effort to streamline the
        -: 1142:source text and make it more understandable for the general programmer.
        -: 1143:*/
        -: 1144:
        -: 1145:/*
        -: 1146:TODO list:
        -: 1147:20010103: Make > and < work on non-atomic stuff
        -: 1148:20010904: Issue warning if 'arg' is declared as a local variable
        -: 1149:*/
        -: 1150:/* 20001213, There is a need to improve documentation of fil$ */
        -: 1151:/* 20001213, rename a file ren$(oldname.newname) */
        -: 1152:/* >Bracmat 16-11-91 */
        -: 1153:/* 20010309 evalueer on LUCHT and KOMMA strings is now iterative on the
        -: 1154:   right descending (deep) branch, not recursive.
        -: 1155:   (It is now possible to read long lists, e.g. dictionairies, without causing
        -: 1156:   stack overflow when evaluating the list.)
        -: 1157:   20010821 a () () was evaluated to a (). Removed last ().
        -: 1158:   20010903 (a.) () was evaluated to a
        -: 1159:*/
        -: 1160:#define DEBUGBRACMAT 0 /* implement dbg'(expression), see DBGSRC macro */
        -: 1161:#define REFCOUNTSTRESSTEST 0
        -: 1162:#define DOSUMCHECK 0
        -: 1163:#define CHECKALLOCBOUNDS 0 /* only if NDEBUG is false */
        -: 1164:#define PVNAME 0 /* allocate strings of variable names separately from variable structure. */
        -: 1165:#define STRINGMATCH_CAN_BE_NEGATED 0 /* ~@(a:a) */
        -: 1166:#define CODEPAGE850 0
        -: 1167:#define MAXSTACK 0 /* 1: show max stack depth (eval function only)*/
        -: 1168:#define CUTOFFSUGGEST 1
        -: 1169:#define READMARKUPFAMILY 1 /* read SGML, HTML and XML files. (include xml.c in your project!) */
        -: 1170:
        -: 1171:/* 
        -: 1172:About reference counting.
        -: 1173:Most nodes can be shared by no more than 1024 referers. Copies must be made as needed.
        -: 1174:Objects (nodes with = ('WORDT' in Dutch) are objects and cane be shared by almost 2^40 referers.
        -: 1175:
        -: 1176:small refcounter       large refcounter              comment
        -: 1177:(10 bits, all nodes)   (30 bits, only objects)
        -: 1178:0                      0                             not shared, no test of large refcounter needed.
        -: 1179:1                      0                             shared with one, so totalling two
        -: 1180:2                      0                             shared with two
        -: 1181:..                     ..
        -: 1182:1022                   0
        -: 1183:1023                   0                             totalling 1024, *** max for normal nodes ***
        -: 1184:1                      1                             totalling 1025
        -: 1185:2                      1
        -: 1186:..                     ..
        -: 1187:m                      1
        -: 1188:..                     ..                            totalling 1024+(1-1)*1023+m
        -: 1189:1023                   1                             totalling 1024+1*1023
        -: 1190:..                     ..
        -: 1191:m                      n                             totalling 1024+(n-1)*1023+m or 1+n*1023+m
        -: 1192:1023                   2^30-1                        totalling 1024+(2^30-2)*1023+1023=1 098 437 885 953
        -: 1193:                                                         (or   1+2^30*1023)
        -: 1194:*/
        -: 1195:
        -: 1196:#if DEBUGBRACMAT
        -: 1197:#define DBGSRC(code)    if(debug){code}
        -: 1198:#else
        -: 1199:#define DBGSRC(code)
        -: 1200:#endif
        -: 1201:
        -: 1202:#if MAXSTACK
        -: 1203:static int maxstack = 0;
        -: 1204:static int stack = 0;
        -: 1205:#define ASTACK {++stack;if(stack > maxstack) maxstack = stack;}{
        -: 1206:#define ZSTACK }{--stack;}
        -: 1207:#else
        -: 1208:#define ASTACK
        -: 1209:#define ZSTACK
        -: 1210:#endif
        -: 1211:
        -: 1212:#include <assert.h>
        -: 1213:
        -: 1214:/*19980208
        -: 1215:Bug in match!!
        -: 1216:Removed 19971207
        -: 1217:*/
        -: 1218:/*
        -: 1219:sub must also accept . as separator between args
        -: 1220:*/
        -: 1221:/* wis: 18 Maart 1997, tail recursion optimization; delete deep structures*/
        -: 1222:/* bezig met modernisering getallen */
        -: 1223:/* 16 mei 1993: constante "-i" ingevoerd om evenwicht te brengen in gedrag
        -: 1224:   van complexe getallen en hun complex geconjugeerde. */
        -: 1225:/* Nog nodig: -n*i^iets -> n*-i^iets
        -: 1226:              n*i*a+m*-i*a  -> (n-m)*i*a
        -: 1227:   Goed doortesten !
        -: 1228:*/
        -: 1229:
        -: 1230:
        -: 1231:/* 24 april 1992: UNOPS uitgebreid met MINUS */
        -: 1232:/* 26 april 1992: fct aangepast voor (a+b)^-n */
        -: 1233:/* 24 maart 1993: function syntax veranderd:
        -: 1234:   met FUNC defined oude stijl: foo = fun$(loc'(x,y,z),!arg);
        -: 1235:   zonder FUNC define:          foo = x,y,z.!arg */
        -: 1236:
        -: 1237:/* 30 juli 1993: structure:
        -: 1238:   het is nu mogelijk om aan een expressie als naam=Bart een andere waarde
        -: 1239:   toe te kennen. In feite wordt de rechter operand van de = operator
        -: 1240:   stomweg vervangen door de nieuwe waarde, waardoor circulaire data-
        -: 1241:   structuren mogelijk worden! BJO 4 Jan 1996
        -: 1242:
        -: 1243:   voorbeeld:
        -: 1244:
        -: 1245:   {?} x==(name=Bart).(age=40)
        -: 1246:   {?} !x
        -: 1247:   {!} =(name=Bart).(age=40)
        -: 1248:   {?} !!x
        -: 1249:   {!} Bart.40
        -: 1250:   {?} !x:(=?naam.?leeftijd)
        -: 1251:   {?} Bart Jongejan:?!naam
        -: 1252:   {?} !!x
        -: 1253:   {!} Bart Jongejan.40
        -: 1254:   {?} x..age=veertig                          BJO 4 Jan 1996
        -: 1255:   {?} !!x
        -: 1256:   {!} Bart Jongejan.veertig
        -: 1257:
        -: 1258:   x..name.first=Bart vervangt Jan door Bart in
        -: 1259:
        -: 1260:   x==(name=(first=Jan).(family=Abbens)).(age=33)
        -: 1261:
        -: 1262:   Merk op dat de = operator z'n speciale betekenis in patterns kwijt is
        -: 1263:   ~=(% %) moet dus voortaan geschreven worden als ((% %) & `~|?)
        -: 1264:*/
        -: 1265:
        -: 1266:#if 0 && defined __GNUC__ && !defined sparc && !defined __hpux && !defined __hpux__
        -: 1267:/* TODO test must be changed to a positive list. Bart 20030704 */
        -: 1268:#define ARM /*1*/ /* assume it's an Acorn */
        -: 1269:#define os_swix os_swi /* different naming */
        -: 1270:typedef struct {
        -: 1271: int r[10];
        -: 1272:}os_regset;
        -: 1273:#else
        -: 1274:/*#define ARM 0*/ /* assume it isn't an Acorn */
        -: 1275:#endif
        -: 1276:
        -: 1277:
        -: 1278:#if (defined __TURBOC__ && !defined __WIN32__) || (defined ARM && !defined __SYMBIAN32__)
        -: 1279:#define O_S 1 /* 1 = with operating system interface swi$ (RISC_OS or TURBO-C), 0 = without  */
        -: 1280:#else
        -: 1281:#define O_S 0
        -: 1282:#endif
        -: 1283:
        -: 1284:/* aanwijzingen voor het compileren
        -: 1285:   (met een ANSI-C compiler of iets wat daar dichtbij in de buurt komt)
        -: 1286:
        -: 1287:Archimedes ANSI-C release 3:
        -: 1288:*up
        -: 1289:*del. :0.$.c.clog
        -: 1290:*spool :0.$.c.clog
        -: 1291:*cc bracmat
        -: 1292:*spool
        -: 1293:
        -: 1294:Met RISC_OS functies:
        -: 1295:
        -: 1296:cc bracmat
        -: 1297:
        -: 1298:file cc (in directory c):
        -: 1299:
        -: 1300:| >cc
        -: 1301:up
        -: 1302:delete $.c.clog
        -: 1303:spool $.c.clog
        -: 1304:cc -c %0 -IRAM:$.RISC_OSLib
        -: 1305:if Sys$ReturnCode = 0 then run c.li %0 else spool
        -: 1306:
        -: 1307:file li (in directory c):
        -: 1308:
        -: 1309:| >li
        -: 1310:link -o %0 o.%0 RAM:$.RISC_OSLib.o.RISC_OSLib RAM:$.Clib.o.Stubs
        -: 1311:||G
        -: 1312:spool
        -: 1313:if Sys$ReturnCode = 0 then squeeze %0 else echo |G
        -: 1314:
        -: 1315:Microsoft QUICKC (MS-DOS) (compact en large model kunnen allebei)
        -: 1316:qcl /Ox /AC /F D000 bracmat.c
        -: 1317:Microsoft optimizing compiler V5.1
        -: 1318:cl /Ox /AC /F D000 bracmat.c
        -: 1319:
        -: 1320:Borland TURBOC (MS-DOS) V2.0
        -: 1321:tcc -w -f- -r- -mc -K- bracmat
        -: 1322:
        -: 1323:Atari : definieer -DATARI i.v.m. BIGENDIAN en extern int _stksize = -1;
        -: 1324:               en -DW32   doch alleen als (int)==(long)
        -: 1325:*/
        -: 1326:
        -: 1327:/* optionele #defines voor debuggen en aanpassing aan machine */
        -: 1328:
        -: 1329:#define TELMAX  1 /* maximaal aantal gealloceerde nodes laten zien */
        -: 1330:#define TELLING 0 /* idem,uitgebreid met huidige allocatie, per groep van
        -: 1331:                       4,8,12 en >12 bytes */
        -: 1332:#if TELLING
        -: 1333:#if TELMAX == 0
        -: 1334:#undef TELMAX
        -: 1335:#define TELMAX 1
        -: 1336:#endif
        -: 1337:#ifndef TELMAX
        -: 1338:#define TELMAX 1
        -: 1339:#endif
        -: 1340:#endif
        -: 1341:
        -: 1342:/*#define reslt hreslt  om in resultaat ALLE haakjes te laten zien*/
        -: 1343:#define INTSCMP 0   /* linke manier om strings te vergelijken */
        -: 1344:#define ICPY 0      /* woord voor woord copieren, i.p.v. byte voor byte */
        -: 1345:
        -: 1346:/* hieronder zijn geen optionele #defines meer */
        -: 1347:#if defined __BYTE_ORDER && defined __LITTLE_ENDIAN /* gcc on linux defines these */
        -: 1348:#if __BYTE_ORDER == __LITTLE_ENDIAN
        -: 1349:#define BIGENDIAN 0
        -: 1350:#else
        -: 1351:#define BIGENDIAN 1
        -: 1352:#endif
        -: 1353:#endif
        -: 1354:
        -: 1355:#ifndef BIGENDIAN
        -: 1356:
        -: 1357:#if defined mc68000 || defined MC68000 || defined mc68010 || defined mc68020 || defined mc68030 || defined ATARI || defined sparc || defined __hpux || defined __hpux__
        -: 1358:#define BIGENDIAN 1
        -: 1359:#endif
        -: 1360:
        -: 1361:#endif
        -: 1362:
        -: 1363:#ifndef BIGENDIAN
        -: 1364:#define BIGENDIAN     0
        -: 1365:#endif
        -: 1366:
        -: 1367:#if defined BRACMATEMBEDDED
        -: 1368:#define _BRACMATEMBEDDED 1
        -: 1369:#else
        -: 1370:#define _BRACMATEMBEDDED 0
        -: 1371:#endif
        -: 1372:
        -: 1373:#if (defined _Windows || defined _MT /*multithreaded, VC6.0*/)&& (!defined _CONSOLE /*18 January 2007*/ && !defined __CONSOLE__ || defined NOTCONSOLE || _BRACMATEMBEDDED)
        -: 1374:/* _CONSOLE defined by Visual C++ and __CONSOLE__ seems always to be defined in C++Builder */
        -: 1375:#define MICROSOFT_WINDOWS_API 1
        -: 1376:#else
        -: 1377:#define MICROSOFT_WINDOWS_API 0
        -: 1378:#endif
        -: 1379:
        -: 1380:#if MICROSOFT_WINDOWS_API && defined POLL /*Bart 20030410: Often no need for polling in multithreaded apps.*/
        -: 1381:#define JMP 1 /* 1: listen to WM_QUIT message. 0: Do not listen to WM_QUIT message. */
        -: 1382:#else
        -: 1383:#define JMP 0
        -: 1384:#endif
        -: 1385:
        -: 1386:#if _BRACMATEMBEDDED
        -: 1387:#include "bracmat.h"
        -: 1388:#endif
        -: 1389:
        -: 1390:
        -: 1391:#if defined sun && !defined __GNUC__
        -: 1392:#include <unistd.h> /* SEEK_SET, SEEK_CUR */
        -: 1393:#define ALERT 7
        -: 1394:#define strtoul(a,b,c) strtol(a,b,c)
        -: 1395:#else
        -: 1396:#include <stddef.h>
        -: 1397:#endif
        -: 1398:
        -: 1399:#include <stdlib.h>
        -: 1400:
        -: 1401:#ifndef ALERT
        -: 1402:#define ALERT '\a'
        -: 1403:#endif
        -: 1404:
        -: 1405:#include <limits.h>
        -: 1406:
        -: 1407:#if defined _WIN64 || defined _WIN32
        -: 1408:typedef unsigned __int32 UINT32_T; /* pre VS2010 has no int32_t */
        -: 1409:#endif
        -: 1410:
        -: 1411:#if defined _WIN64
        -: 1412:/*Microsoft*/
        -: 1413:#define WORD32  0
        -: 1414:#define _4      1
        -: 1415:#define _5_6    1
        -: 1416:#define LONG long long
        -: 1417:#define STRTOUL _strtoui64
        -: 1418:#define STRTOL _strtoi64
        -: 1419:#define FSEEK _fseeki64
        -: 1420:#define FTELL _ftelli64
        -: 1421:#else
        -: 1422:#if !defined NO_C_INTERFACE && !defined _WIN32
        -: 1423:#if UINT_MAX == 4294967295
        -: 1424:typedef unsigned int UINT32_T;
        -: 1425:#elif ULONG_MAX == 4294967295
        -: 1426:typedef unsigned long UINT32_T;
        -: 1427:#endif
        -: 1428:#endif
        -: 1429:#if LONG_MAX <= 2147483647L
        -: 1430:#define WORD32  1
        -: 1431:#define _4      1
        -: 1432:#define _5_6    1
        -: 1433:#else
        -: 1434:#define WORD32  0
        -: 1435:#define _4      1
        -: 1436:#define _5_6    1
        -: 1437:#endif
        -: 1438:#define LONG long
        -: 1439:#define STRTOUL strtoul
        -: 1440:#define STRTOL strtol
        -: 1441:#define FSEEK fseek
        -: 1442:#define FTELL ftell
        -: 1443:#endif
        -: 1444:
        -: 1445:
        -: 1446:#if defined __TURBOC__ || defined __MSDOS__ || defined _WIN32 || defined __GNUC__
        -: 1447:#define DELAY_DUE_TO_INPUT
        -: 1448:#endif
        -: 1449:
        -: 1450:#include <time.h>
        -: 1451:#ifndef CLOCKS_PER_SEC
        -: 1452:#ifdef CLK_TCK  /* pre-ANSI-C */
        -: 1453:#define CLOCKS_PER_SEC CLK_TCK
        -: 1454:#else
        -: 1455:#if defined sun
        -: 1456:#define CLOCKS_PER_SEC 1000000 /* ??? */
        -: 1457:#endif
        -: 1458:#endif
        -: 1459:#endif
        -: 1460:
        -: 1461:#define LOGWORDLENGTH 2
        -: 1462:/* vlaggen in knoop */
        -: 1463:#define NOT              1      /* ~ */
        -: 1464:     /* zo houden ivm vermenging logische en bit operatoren && || | ^ & */
        -: 1465:#define SUCCESS         (1<< 1)
        -: 1466:#define READY           (1<< 2)
        -: 1467:#define POSITION        (1<< 3) /* [ */
        -: 1468:#define INDIRECT        (1<< 4) /* ! */
        -: 1469:#define DOUBLY_INDIRECT (1<< 5) /* !! */
        -: 1470:#define FENCE           (1<< 6) /* `   (within same byte as ATOM and NOT) */
        -: 1471:#define ATOM            (1<< 7) /* @ */
        -: 1472:#define NONIDENT        (1<< 8) /* % */
        -: 1473:#define GREATER_THAN    (1<< 9) /* > */
        -: 1474:#define SMALLER_THAN    (1<<10) /* < */
        -: 1475:#define NUMBER          (1<<11) /* # */
        -: 1476:#define BREUK           (1<<12) /* / */
        -: 1477:#define UNIFY           (1<<13) /* ? */
        -: 1478:#define IDENT           (1<<14)
        -: 1479:#define IMPLIEDFENCE    (1<<15) /* 20070222 */
        -: 1480:
        -: 1481:#define VISIBLE_FLAGS_WEAK      (INDIRECT|DOUBLY_INDIRECT|FENCE|UNIFY)
        -: 1482:#define VISIBLE_FLAGS_NON_COMP  (INDIRECT|DOUBLY_INDIRECT|ATOM|NONIDENT|NUMBER|BREUK|UNIFY) /* allows < > ~< and ~> as flags on numbers */
        -: 1483:#define VISIBLE_FLAGS_POS0      (INDIRECT|DOUBLY_INDIRECT|NONIDENT|QBREUK|UNIFY|QGETAL)
        -: 1484:#define VISIBLE_FLAGS_POS       (INDIRECT|DOUBLY_INDIRECT|NONIDENT|QBREUK|UNIFY|QGETAL|NOT|GREATER_THAN|SMALLER_THAN)
        -: 1485:#define VISIBLE_FLAGS           (INDIRECT|DOUBLY_INDIRECT|ATOM|NONIDENT|NUMBER|BREUK|UNIFY|NOT|GREATER_THAN|SMALLER_THAN|FENCE|POSITION)
        -: 1486:
        -: 1487:#define HAS_VISIBLE_FLAGS_OR_MINUS(psk) ((psk)->ops & (VISIBLE_FLAGS|MINUS))
        -: 1488:#define RATIONAAL(psk)      (((psk)->ops & (QGETAL|IS_OPERATOR|VISIBLE_FLAGS)) == QGETAL)
        -: 1489:#define RATIONAAL_COMP(psk) (((psk)->ops & (QGETAL|IS_OPERATOR|VISIBLE_FLAGS_NON_COMP)) == QGETAL)
        -: 1490:#define RATIONAAL_COMP_NOT_NUL(psk) (((psk)->ops & (QGETAL|QNUL|IS_OPERATOR|VISIBLE_FLAGS_NON_COMP)) == QGETAL)
        -: 1491:#define RATIONAAL_WEAK(psk) (((psk)->ops & (QGETAL|IS_OPERATOR|INDIRECT|DOUBLY_INDIRECT|FENCE|UNIFY)) == QGETAL)/* allows < > ~< and ~> as flags on numbers */
        -: 1492:#define       LESS(psk)    (((psk)->v.fl & (VISIBLE_FLAGS_POS)) == (QGETAL|SMALLER_THAN))
        -: 1493:#define LESS_EQUAL(psk)    (((psk)->v.fl & (VISIBLE_FLAGS_POS)) == (QGETAL|NOT|GREATER_THAN))
        -: 1494:#define MORE_EQUAL(psk)    (((psk)->v.fl & (VISIBLE_FLAGS_POS)) == (QGETAL|NOT|SMALLER_THAN))
        -: 1495:#define       MORE(psk)    (((psk)->v.fl & (VISIBLE_FLAGS_POS)) == (QGETAL|GREATER_THAN))
        -: 1496:#define    UNEQUAL(psk)    (((psk)->v.fl & (VISIBLE_FLAGS_POS)) == (QGETAL|NOT))
        -: 1497:#define LESSORMORE(psk)    (((psk)->v.fl & (VISIBLE_FLAGS_POS)) == (QGETAL|SMALLER_THAN|GREATER_THAN)) /*20111102*/
        -: 1498:#define      EQUAL(psk)    (((psk)->v.fl & (VISIBLE_FLAGS_POS)) == QGETAL)
        -: 1499:#define NOTLESSORMORE(psk) (((psk)->v.fl & (VISIBLE_FLAGS_POS)) == (QGETAL|NOT|SMALLER_THAN|GREATER_THAN))
        -: 1500:
        -: 1501:#define INTEGER(kn)               (((kn)->ops & (QGETAL|QBREUK|IS_OPERATOR|VISIBLE_FLAGS))                      == QGETAL)
        -: 1502:#define INTEGER_COMP(kn)          (((kn)->ops & (QGETAL|QBREUK|IS_OPERATOR|VISIBLE_FLAGS_NON_COMP))             == QGETAL)
        -: 1503:
        -: 1504:#define INTEGER_NIET_NEG(kn)      (((kn)->ops & (QGETAL|MINUS|QBREUK|IS_OPERATOR|VISIBLE_FLAGS))                == QGETAL)
        -: 1505:#define INTEGER_NIET_NEG_COMP(kn) (((kn)->ops & (QGETAL|MINUS|QBREUK|IS_OPERATOR|VISIBLE_FLAGS_NON_COMP))       == QGETAL)
        -: 1506:
        -: 1507:#define INTEGER_POS(kn)           (((kn)->ops & (QGETAL|MINUS|QNUL|QBREUK|IS_OPERATOR|VISIBLE_FLAGS))           == QGETAL)
        -: 1508:#define INTEGER_POS_COMP(kn)      (((kn)->ops & (QGETAL|MINUS|QNUL|QBREUK|IS_OPERATOR|VISIBLE_FLAGS_NON_COMP))  == QGETAL)
        -: 1509:
        -: 1510:#define INTEGER_NIET_NUL_COMP(kn) (((kn)->ops & (QGETAL|QNUL|QBREUK|IS_OPERATOR|VISIBLE_FLAGS_NON_COMP))        == QGETAL)
        -: 1511:#define HAS_MINUS_SIGN(kn)         (((kn)->ops & (MINUS|IS_OPERATOR)) == MINUS)
        -: 1512:
        -: 1513:#define RAT_NUL(kn) (((kn)->v.fl & (QNUL|IS_OPERATOR|VISIBLE_FLAGS)) == QNUL)
        -: 1514:#define RAT_NUL_COMP(kn) (((kn)->v.fl & (QNUL|IS_OPERATOR|VISIBLE_FLAGS_NON_COMP)) == QNUL)
        -: 1515:#define RAT_NEG(kn) (((kn)->ops & (QGETAL|MINUS|IS_OPERATOR|VISIBLE_FLAGS)) \
        -: 1516:                                == (QGETAL|MINUS))
        -: 1517:#define RAT_NEG_COMP(kn) (((kn)->ops & (QGETAL|MINUS|IS_OPERATOR|VISIBLE_FLAGS_NON_COMP)) \
[...]
        -:16843:#else
        -:16844:                        ((typedObjectknoop*)(pkn))->refcount = 0;
        -:16845:                        UNSETCREATEDWITHNEW((typedObjectknoop*)pkn);
        -:16846:                        UNSETBUILTIN((typedObjectknoop*)pkn);
        -:16847:#endif
        1:16848:                        pkn->LEFT = subboomcopie(old->LEFT);
        1:16849:                        old->RIGHT = Head(old->RIGHT);
        1:16850:                        pkn->RIGHT = subboomcopie(old->RIGHT);
        1:16851:                        wis(old);
        -:16852:                        }
      757:16853:                    pkn->v.fl &= (~OPERATOR & ~READY);
      757:16854:                    pkn->ops |= dummy_op;
      757:16855:                    pkn->v.fl |= SUCCESS;
      757:16856:                    if(lkn.v.fl & INDIRECT)
        -:16857:                        {/* (a=b=127)&(.):(_)&!(a_b) */
        1:16858:                        pkn = evalvar(pkn);
        -:16859:                        }
      757:16860:                    break;
        -:16861:                }
        -:16862:            }
        -:16863:        else
        -:16864:            {
        -:16865:            /*assert(!shared(pkn));*/ /* 20120916 evalvar now expects not shared arg. */
        -:16866:            /* An unevaluated leaf can only be an atom with ! or !!,
        -:16867:            so we don't need to test for this condition.*/
   642550:16868:            pkn = evalvar(pkn);
        -:16869:            /* After evaluation of a variable, the loop continues.
        -:16870:            Together with how & and | (EN and OF) are treated, this ensures that
        -:16871:            a loop can run indefinitely, without using stack space. */
        -:16872:            }
        -:16873:        }
        -:16874:#if JMP
        -:16875:    PeekMsg();
        -:16876:#endif
        -:16877:    ZSTACK
  2172030:16878:    return pkn;
        -:16879:    }
        -:16880:
        1:16881:int startProc(
        -:16882:#if _BRACMATEMBEDDED
        -:16883:    startStruct * init
        -:16884:#else
        -:16885:    void
        -:16886:#endif
        -:16887:    )
        -:16888:    {
        -:16889:    int tel;
        -:16890:    int err; /* 20100802, evaluation of version string */
        -:16891:    static int called = 0;
        -:16892:    /*printf("startProc ");*/
        1:16893:    if(called)
        -:16894:        {
        -:16895:        /*printf("already called\n");*/
    #####:16896:        return 2;
        -:16897:        }
        -:16898:    /*printf("call\n");*/
        1:16899:    called = 1;
        -:16900:#if _BRACMATEMBEDDED
        -:16901:    if(init)
        -:16902:        {
        -:16903:        if(init->WinIn)
        -:16904:            {
        -:16905:            WinIn = init->WinIn;
        -:16906:            }
        -:16907:        if(init->WinOut)
        -:16908:            {
        -:16909:            WinOut = init->WinOut;
        -:16910:            }
        -:16911:        if(init->WinFlush)
        -:16912:            {
        -:16913:            WinFlush = init->WinFlush;
        -:16914:            }
        -:16915:        }
        -:16916:#endif
        1:16917:    for(tel = 0;tel<256;variabelen[tel++] = NULL)
        -:16918:        ;
        1:16919:    if(!init_ruimte())
    #####:16920:        return 0;
        1:16921:    init_opcode();
        1:16922:    anker = NULL;
        1:16923:    fpi = stdin;
        1:16924:    fpo = stdout;
        -:16925:
        1:16926:    argk.flgs = READY | SUCCESS;
        1:16927:    argk.u.lobj = O('a','r','g');
        -:16928:
        1:16929:    sjt.flgs = READY | SUCCESS;/*20100910*/
        1:16930:    sjt.u.lobj = O('s','j','t');/*20100910*/
        -:16931:
        1:16932:    selfkn.flgs = READY | SUCCESS;
        1:16933:    selfkn.u.lobj = O('i','t','s');
        -:16934:
        1:16935:    Selfkn.flgs = READY | SUCCESS;
        1:16936:    Selfkn.u.lobj = O('I','t','s');
        -:16937:
        1:16938:    nilk.flgs = READY | SUCCESS | IDENT;
        1:16939:    nilk.u.lobj = 0L;
        -:16940:
        1:16941:    nulk.flgs = READY | SUCCESS | IDENT | QGETAL | QNUL;
        1:16942:    nulk.u.lobj = 0L;
        1:16943:    nulk.u.obj = '0';
        -:16944:
        1:16945:    eenk.u.lobj = 0L;
        1:16946:    eenk.u.obj = '1';
        1:16947:    eenk.flgs = READY | SUCCESS | IDENT | QGETAL;
        1:16948:    *(&(eenk.u.obj)+1) = 0;
        -:16949:
        1:16950:    mintweek.u.lobj = 0L;
        1:16951:    mintweek.u.obj = '2';
        1:16952:    mintweek.flgs = READY | SUCCESS | QGETAL | MINUS;
        1:16953:    *(&(mintweek.u.obj)+1) = 0;
        -:16954:
        1:16955:    mineenk.u.lobj = 0L;
        1:16956:    mineenk.u.obj = '1';
        1:16957:    mineenk.flgs = READY | SUCCESS | QGETAL | MINUS;
        1:16958:    *(&(mineenk.u.obj)+1) = 0;
        -:16959:
        1:16960:    tweek.u.lobj = 0L;
        1:16961:    tweek.u.obj = '2';
        1:16962:    tweek.flgs = READY | SUCCESS | QGETAL;
        1:16963:    *(&(tweek.u.obj)+1) = 0;
        -:16964:
        1:16965:    vierk.u.lobj = 0L;
        1:16966:    vierk.u.obj = '4';
        1:16967:    vierk.flgs = READY | SUCCESS | QGETAL;
        1:16968:    *(&(vierk.u.obj)+1) = 0;
        -:16969:
        1:16970:    minvierk.u.lobj = 0L;
        1:16971:    minvierk.u.obj = '4';
        1:16972:    minvierk.flgs = READY | SUCCESS | QGETAL | MINUS;
        1:16973:    *(&(minvierk.u.obj)+1) = 0;
        -:16974:
        1:16975:    m0 = opb(m0,"?*(%+%)^~/#>1*?" , NULL);
        1:16976:    m1 = opb(m1,"?*(%+%)*?" , NULL);
        1:16977:    f0 = opb(f0,"(g,k,pow"
        -:16978:                ".(pow"
        -:16979:                  "=b,c,d,l,s,f"
        -:16980:                  ".!arg:(%?b+%?c)^?d"
        -:16981:                  "&1:?f"
        -:16982:                  "&(s"
        -:16983:                   "=!d:1&0"
        -:16984:                   "|(!f*!d*(1+!l:?l)^-1:?f)"
        -:16985:                    "*!b^!l"
        -:16986:                    "*pow$(!c^(-1+!d:?d))"
        -:16987:                   "+!s"
        -:16988:                   ")"
        -:16989:                  "&!b^!d+!c^!d+!s"
        -:16990:                  "|!arg"
        -:16991:                  ")"
        -:16992:                  "&!arg:?g*((%+%)^~/#>1:?arg)*?k"
        -:16993:                  "&!g*pow$!arg*!k)",NULL);
        1:16994:    f1 = opb(f1,
        -:16995:        "((\177g,\177h,\177i).!arg:?\177g*(%?\177h+%?\177i)*",
        -:16996:        "?arg&!\177g*!\177h*!arg+!\177g*!\177i*!arg)",NULL);
        1:16997:    f4 = opb(f4,  "l,a,b,c,e,f"
        -:16998:                ".(a"
        -:16999:                 "=j,g,h,i"
        -:17000:                  ".!arg:?l^(?j+?g*!l\016?h*?i+?arg)"
        -:17001:                   "&!l^(!j+!arg)*!h^(!g*!i)"
        -:17002:                 ")"
        -:17003:                "&(e"
        -:17004:                 "=j,g,I"
        -:17005:                 ".!arg:?j+#?g*((i|-i):?I)*pi+?arg"
        -:17006:                   "&1:?l"
        -:17007:                   "&!j+(mod$(1+!g,2)+-1)*!I*pi+!arg"
        -:17008:                 ")"
        -:17009:                "&(f"
        -:17010:                 "=j,i"
        -:17011:                  ".!arg:?j+#?l*((i|-i):?I)*pi+?arg"
        -:17012:                   "&!I^(2*!l):?l"
        -:17013:                   "&!j+!arg"
        -:17014:                 ")"
        -:17015:                "&(b"
        -:17016:                 "="
        -:17017:                  "(!l:(<-1|>1)&e"
        -:17018:                  "|(-1|1/2|-1/2)&f"
        -:17019:                  ")"
        -:17020:                  ":?l"
        -:17021:                 ")"
        -:17022:                "&(c"
        -:17023:                 "="
        -:17024:                  ".1+!arg:?arg"
        -:17025:                   "&1:?l"
        -:17026:                   "&-1+!arg"
        -:17027:                 ")"
        -:17028:                "&(!arg:?l^(?+?*!l\016?*?+?)&a$!arg"
        -:17029:                 "|!arg"
        -:17030:                  ":e^((?+#?l*(i|-i)*pi+?&`!b"
        -:17031:                      "|?"
        -:17032:                       "*(pi|i|-i)"
        -:17033:                       "*?"
        -:17034:                       "*(?+?*(pi|i|-i)*?+?:%+%)"
        -:17035:                       "*?"
        -:17036:                        "&c:?l"
        -:17037:                      ")"
        -:17038:                     ":?arg"
        -:17039:                     ")"
        -:17040:                   "&e^!l$!arg*!l"
        -:17041:                 ")",NULL);
        1:17042:    f5 = opb(f5,
        -:17043:         "l,d"
        -:17044:         ".(d"
        -:17045:          "=j,g,h"
        -:17046:           ".!arg:?l\016(?j*!l^?g*?h)&!g+!l\016(!j*!h)"
        -:17047:          ")"
        -:17048:          "&!arg:?l\016(?*!l^?*?)"
        -:17049:          "&d$!arg", NULL);
        -:17050:
        1:17051:    anker = startboom_w(anker ,
        -:17052:        "(cat=flt,sin,tay,fct,cos,out,sgn.!arg:((?flt,(?sin,?tay)|?sin&:?tay)|?flt&:?sin:"
        -:17053:        "?tay)&(fct=.!arg:%?cos ?arg&!cos:((?out.?)|?out)&'(? ($out|($out.?)"
        -:17054:        ") ?):(=?sgn)&(!flt:!sgn&!(glf$(=~.!sin:!sgn))&!cos|) fct$!arg|)&(:!flt:!sin&mem$!tay|(:!flt&mem$:?flt"
        -:17055:        "|)&fct$(mem$!tay))),",
        -:17056:
        -:17057:        /* 20110823
        -:17058:        "(cat=flt,sin,tay,fct,cos,out,sgn.!arg:((?flt,(?sin,?tay)|?sin&:?tay)|?flt&:?sin:"
        -:17059:        "?tay)&(fct=.!arg:%?cos ?arg&!cos:((?out.?)|?out)&'(? (`=$out|($out.?)"
        -:17060:        ") ?):?sgn&(!flt:!sgn&~$(!sin:!sgn)&!cos|) fct$!arg|)&(:!flt:!sin|(:!flt&mem$:?flt"
        -:17061:        "|)&fct)$(mem$!tay)),",
        -:17062:        */
        -:17063:        "(out=(.put$!arg:?arg&put$\212&!arg)),"
        -:17064:        "(flt=((e,d,m,s,f).!arg:(?arg,~<0:?d)&!arg:0|(-1*!arg:>0:?arg&-1|1):?s&"
        -:17065:        "10\016!arg:?e+(10\016?m|0&1:?m)&(!m+1/2*1/10^!d:~<10&1+!e:?e&!m*1/10"
        -:17066:        ":?m|)&@(div$(!m+1/2*(1/10^!d:?d),!d):"
        -:17067:        "`%?f ?m)&str$(!s*!f (!d:~1&\254|) !m \252\261\260\305 !e))),",
        -:17068:
        -:17069:        "(tay=((f,tot,x,fac,cnt,res,R).",
        -:17070:        "(R=!cnt:!tot&!res|!res+(sub$(!x\017!f:?f.!x.0))*((!fac*(!cnt+1:?cnt))"
        -:17071:        ":?fac)^-1*!x^!cnt:?res&!R)&",
        -:17072:        "!arg:(?f,?x,?tot)&(fac=1)&(cnt=0)&((sub$(!f.!x.0)):?res)&!R)),",
        -:17073:
        -:17074:        /*"(ego=(r.sub$(sub$(!arg.(sin.?r).'sin$!r).(cos.?r).'cos$!r))),",
        -:17075:
        -:17076:        "(goe=((h,s).sub$(!arg.'(e^?h).",
        -:17077:        "'(-1*(sgn$(-1+i*!h+1:?h):?s)*i*(sin.-1+!s*!h+1:?s)+(cos.!s))))),",*/
        -:17078:
        -:17079:        "(sin=(.i*(-1/2*e^(i*!arg)+1/2*e^(-i*!arg)))),",
        -:17080:
        -:17081:        "(cos=(.1/2*(e^(i*!arg)+e^(-i*!arg)))),",
        -:17082:
        -:17083:        "(sgn=(.!arg:?#%arg*%+?&sgn$!arg|!arg:<0&-1|1)),",
        -:17084:        "(abs=(.sgn$!arg*!arg)),",
        -:17085:        "(sub=\177e,\177x,\177v,\177F.(\177F=\177l,\177r.!arg:!\177x&!\177v|"
        -:17086:        "!arg:%?\177l_%?\177r&(\177F$!\177l)_(\177F$!\177r)|!arg)&!arg:(("
        -:17087:        "?\177e.?\177x.?\177v)|out$(str$((=sub$(expr.var.rep)) !arg))&get'&~`)"
        -:17088:        "&\177F$!\177e),",
        -:17089:        fct,
        -:17090:        NULL);
        -:17091:
        -:17092:
        -:17093:#if JMP
        -:17094:    if(setjmp(jumper) != 0)
        -:17095:        return;
        -:17096:#endif
        1:17097:    anker = eval(anker);
        1:17098:    stringEval("(v=\"Bracmat version " VERSION ", build " BUILD " (" DATUM ")\")",NULL,&err);
        1:17099:    return 1;
        -:17100:}
        -:17101:
        1:17102:void endProc(void)
        -:17103:    {
        -:17104:    int err;
        -:17105:    static int called = 0;
        1:17106:    if(called)
        1:17107:        return;
        1:17108:    called = 1;
        -:17109:/*  stringEval("cat$:? CloseDown ? & CloseDown$ | out$\"No CloseDown function provided, exiting all the same.\"",NULL,&err);*/
        1:17110:    stringEval("cat$:? CloseDown ? & CloseDown$ | ",NULL,&err);
        1:17111:    if(err)
    #####:17112:        errorprintf("Error executing CloseDown\n");
        -:17113:    }
        -:17114:
        -:17115:/* main - the text-mode front end for bracmat */
        -:17116:
        -:17117:
        -:17118:#if _BRACMATEMBEDDED
        -:17119:#else
        -:17120:
        -:17121:#include <stddef.h>
        -:17122:
        1:17123:int mainlus(int argc,char *argv[])
        -:17124:    {
        -:17125:    int err;
        -:17126:    char * mainloop;
        -:17127:    const char * ret;
        1:17128:    if(argc > 1)
        -:17129:        { /* to get here, e.g.: ./bracmat out$hello */
        1:17130:        ARGC = argc;
        1:17131:        ARGV = argv;
        1:17132:        mainloop = "arg$&whl'(get$(arg$,MEM):?\"?...@#$*~%!\")&!\"?...@#$*~%!\"";
        1:17133:        stringEval(mainloop,&ret,&err);
        1:17134:        return (int)STRTOL(ret,0,10);
        -:17135:        /*
        -:17136:        int i;
        -:17137:        for(i = 1;i < argc;++i) / *20090630* /
        -:17138:            {
        -:17139:            stringEval(argv[i],NULL,&err);
        -:17140:            }
        -:17141:            */
        -:17142:        }
        -:17143:    else
        -:17144:        {
    #####:17145:        mainloop =
        -:17146:        "(w=\"11. BECAUSE THE PROGRAM IS LICENSED FREE OF CHARGE, THERE IS NO WARRANTY\\n"
        -:17147:        "FOR THE PROGRAM, TO THE EXTENT PERMITTED BY APPLICABLE LAW.  EXCEPT WHEN\\n"
        -:17148:        "OTHERWISE STATED IN WRITING THE COPYRIGHT HOLDERS AND/OR OTHER PARTIES\\n"
        -:17149:        "PROVIDE THE PROGRAM \\\"AS IS\\\" WITHOUT WARRANTY OF ANY KIND, EITHER EXPRESSED\\n"
        -:17150:        "OR IMPLIED, INCLUDING, BUT NOT LIMITED TO, THE IMPLIED WARRANTIES OF\\n"
        -:17151:        "MERCHANTABILITY AND FITNESS FOR A PARTICULAR PURPOSE.  THE ENTIRE RISK AS\\n"
        -:17152:        "TO THE QUALITY AND PERFORMANCE OF THE PROGRAM IS WITH YOU.  SHOULD THE\\n"
        -:17153:        "PROGRAM PROVE DEFECTIVE, YOU ASSUME THE COST OF ALL NECESSARY SERVICING,\\n"
        -:17154:        "REPAIR OR CORRECTION.\\n\")&"
        -:17155:        "(c=\"12. IN NO EVENT UNLESS REQUIRED BY APPLICABLE LAW OR AGREED TO IN WRITING\\n"
        -:17156:        "WILL ANY COPYRIGHT HOLDER, OR ANY OTHER PARTY WHO MAY MODIFY AND/OR\\n"
        -:17157:        "REDISTRIBUTE THE PROGRAM AS PERMITTED ABOVE, BE LIABLE TO YOU FOR DAMAGES,\\n"
        -:17158:        "INCLUDING ANY GENERAL, SPECIAL, INCIDENTAL OR CONSEQUENTIAL DAMAGES ARISING\\n"
        -:17159:        "OUT OF THE USE OR INABILITY TO USE THE PROGRAM (INCLUDING BUT NOT LIMITED\\n"
        -:17160:        "TO LOSS OF DATA OR DATA BEING RENDERED INACCURATE OR LOSSES SUSTAINED BY\\n"
        -:17161:        "YOU OR THIRD PARTIES OR A FAILURE OF THE PROGRAM TO OPERATE WITH ANY OTHER\\n"
        -:17162:        "PROGRAMS), EVEN IF SUCH HOLDER OR OTHER PARTY HAS BEEN ADVISED OF THE\\n"
        -:17163:        "POSSIBILITY OF SUCH DAMAGES.\\n\")&"
        -:17164:        "out$!v&"
        -:17165:        "out$\"Copyright (C) 2002 Bart Jongejan\\n"
        -:17166:        "Bracmat comes with ABSOLUTELY NO WARRANTY; for details type `!w'.\\n"
        -:17167:        "This is free software, and you are welcome to redistribute it\\n"
        -:17168:        "under certain conditions; type `!c' for details.\\n\\n"
        -:17169:        "\\n\\n{?} get$help { tutorial }\\n{?} )        { stop }\"&"
        -:17170:        "(main=put$\"{?} \"&clk$():?SEC&((get':?!(=):(|?&clk$+-1*!SEC:?SEC&"
        -:17171:        "put$\"{!} \"&put$!&put$(\"\\n    S  \" str$(div$(!SEC,1) \",\" (div$(mod$("
        -:17172:        "!SEC*100,100),1):?SEC&!SEC:<10&0|) !SEC) sec))|put$\"\\n    F\")|"
        -:17173:        "put$\"\\n    I\")&"
        -:17174:
        -:17175:
        -:17176:
        -:17177:
        -:17178:#if TELMAX
        -:17179:
        -:17180:        "out$str$(\"  \" bez')&"
        -:17181:#else
        -:17182:        "out$&"
        -:17183:#endif
        -:17184:
        -:17185:        "!main)&!main";
    #####:17186:        stringEval(mainloop,NULL,&err);
        -:17187:        }
    #####:17188:    return 0;
        -:17189:    }
        -:17190:
        1:17191:int main(int argc,char *argv[])
        -:17192:    {
        -:17193:    int ret; /*20100310 numerical result of mainlus becomes exit code.
        -:17194:             If out of integer range or not numerical: 0*/
        1:17195:    char * p = argv[0] + strlen(argv[0]);
        -:17196:#if 0
        -:17197:#ifdef _WIN64 /* Microsoft 64 bit */
        -:17198:    printf("_WIN64\n");
        -:17199:    printf("sizeof(char *) %lld\n",sizeof(char *));
        -:17200:    printf("sizeof(LONG) %lld\n",sizeof(LONG));
        -:17201:    printf("sizeof(size_t) %lld\n",sizeof(size_t));
        -:17202:    printf("WORD32 %d\n",WORD32);
        -:17203:    printf("RADIX %lld\n",(LONG)RADIX);
        -:17204:    printf("RADIX2 %lld\n",(LONG)RADIX2);
        -:17205:    printf("TEN_LOG_RADIX %lld\n",(LONG)TEN_LOG_RADIX);
        -:17206:    printf("HEADROOM %lld\n",(LONG)HEADROOM);
        -:17207:#else /* 32 bit and gcc 64 bit */
        -:17208:    printf("!_WIN64\n");
        -:17209:    printf("sizeof(char *) %ld\n",sizeof(char *));
        -:17210:    printf("sizeof(LONG) %ld\n",sizeof(LONG));
        -:17211:    printf("sizeof(size_t) %ld\n",sizeof(size_t));
        -:17212:    printf("WORD32 %d\n",WORD32);
        -:17213:    printf("RADIX %ld\n",(LONG)RADIX);
        -:17214:    printf("RADIX2 %ld\n",(LONG)RADIX2);
        -:17215:    printf("TEN_LOG_RADIX %ld\n",(LONG)TEN_LOG_RADIX);
        -:17216:    printf("HEADROOM %ld\n",(LONG)HEADROOM);
        -:17217:#endif
        -:17218:#endif
        -:17219:#ifndef NDEBUG
        -:17220:        {
        -:17221:        LONG radix,ten_log_radix;
        -:17222:        assert(HEADROOM*RADIX2 < LONG_MAX);
        -:17223:        for(radix = 1,ten_log_radix = 1;ten_log_radix <= TEN_LOG_RADIX;radix *= 10,++ten_log_radix)
        -:17224:            ;
        -:17225:        assert(RADIX == radix);
        -:17226:        }
        -:17227:#endif
        -:17228:    assert(sizeof(tFlags) == sizeof(unsigned int));
        7:17229:    while(--p >= argv[0])
        6:17230:        if(*p == '\\' || *p == '/')
        -:17231:            {
        1:17232:            ++p;
        1:17233:            targetPath = (char *)malloc(p - argv[0] + 1);
        1:17234:            if(targetPath)
        -:17235:                {
        1:17236:                strncpy(targetPath,argv[0],p - argv[0]);
        1:17237:                targetPath[p - argv[0]] = '\0';
        -:17238:                }
        1:17239:            break;
        -:17240:            }
        -:17241:/*  Printf("targetPath=%s\n",targetPath);*/
        -:17242:
        1:17243:    errorStream = stderr;
        1:17244:    if(!startProc())
    #####:17245:        return -1;
        1:17246:    ret = mainlus(argc,argv);
        1:17247:    endProc();/* to get here, eg: {?} main=out$bye! */
        1:17248:    if(targetPath)
        1:17249:        free(targetPath);
        1:17250:    return ret;
        -:17251:    }
        -:17252:
        -:17253:#endif /*#if !_BRACMATEMBEDDED*/
        -:17254:
