        -:    0:Source:bracmat.c
        -:    0:Graph:bracmat.gcno
        -:    0:Data:bracmat.gcda
        -:    0:Runs:1
        -:    0:Programs:1
        -:    1:/*
        -:    2:    Bracmat. Programming language with pattern matching on tree structures.
        -:    3:    Copyright (C) 2002  Bart Jongejan
        -:    4:
        -:    5:    This program is free software; you can redistribute it and/or modify
        -:    6:    it under the terms of the GNU General Public License as published by
        -:    7:    the Free Software Foundation; either version 2 of the License, or
        -:    8:    (at your option) any later version.
        -:    9:
        -:   10:    This program is distributed in the hope that it will be useful,
        -:   11:    but WITHOUT ANY WARRANTY; without even the implied warranty of
        -:   12:    MERCHANTABILITY or FITNESS FOR A PARTICULAR PURPOSE.  See the
        -:   13:    GNU General Public License for more details.
        -:   14:
        -:   15:    You should have received a copy of the GNU General Public License
        -:   16:    along with this program; if not, write to the Free Software
        -:   17:    Foundation, Inc., 59 Temple Place, Suite 330, Boston, MA  02111-1307  USA
        -:   18:*/
        -:   19:/*
        -:   20:email: bartj@hum.ku.dk
        -:   21:*/
        -:   22:/*
        -:   23:COMPILATION
        -:   24:-----------
        -:   25:It is assumed that the hardware is litte-endian, (which has become the most
        -:   26:common these days).
        -:   27:
        -:   28:If you can compile successfully but cannot run the program succesfully,
        -:   29:try putting -DBIGENDIAN on the command line of the compiler.
        -:   30:This works of course only if the machine's hardware is big-endian.
        -:   31:
        -:   32:The program only utilizes standard libraries.
        -:   33:
        -:   34:Until 2012, the source code consisted of a single file, bracmat.c.
        -:   35:Because XML is becoming more popular, a separate source file, xml.c
        -:   36:implements reading XML files.
        -:   37:
        -:   38:On *N?X, just compile with
        -:   39:
        -:   40:    gcc -std=c99 -pedantic -Wall -O3 -static -DNDEBUG -o bracmat bracmat.c xml.c
        -:   41:
        -:   42:
        -:   43:The options are not necessary to successfully compile the program just
        -:   44:
        -:   45:    gcc *.c
        -:   46:
        -:   47:also works and produces the executable a.out.
        -:   48:
        -:   49:Profiling:
        -:   50:
        -:   51:    gcc -Wall -c -pg -DNDEBUG bracmat.c xml.c
        -:   52:    gcc -Wall -pg bracmat.o xml.o
        -:   53:    ./a.out 'get$"valid.bra";!r'
        -:   54:    gprof a.out
        -:   55:
        -:   56:Test coverage:
        -:   57:(see http://gcc.gnu.org/onlinedocs/gcc/Invoking-Gcov.html#Invoking-Gcov)
        -:   58:
        -:   59:    gcc -fprofile-arcs -ftest-coverage -DNDEBUG bracmat.c xml.c
        -:   60:    ./a.out
        -:   61:    gcov bracmat.c
        -:   62:    gcov xml.c
        -:   63:
        -:   64:*/
        -:   65:
        -:   66:#define DATUM "6 December 2012"
        -:   67:#define VERSION "6"
        -:   68:#define BUILD "148"
        -:   69:/*
        -:   70:     6 December 2012
        -:   71:Thoroughly tested lambda.
        -:   72:
        -:   73:     5 December 2012
        -:   74:Compiled with Borland C++ 5.02, alternative typedef for UINT32, found unused
        -:   75:global var hekje1.
        -:   76:
        -:   77:     4 December 2012
        -:   78:Commented out unreachable code in evalmacro
        -:   79:
        -:   80:     2 December 2012
        -:   81:Made type 'int' explicit in line 5223
        -:   82: 
        -:   83:     1 December 2012
        -:   84:Solved bug with late binding that turned up when evaluating 
        -:   85:(cof==h) & @(gj:?!cof) & !cof
        -:   86:
        -:   87:    28 November 2012
        -:   88:Made input stop on EOF even if input is stdin.
        -:   89:
        -:   90:    23 November 2012
        -:   91:During testing of corner cases, found code that never executed in find() and
        -:   92:code that was missing in doPosition.
        -:   93:
        -:   94:    16 November 2012
        -:   95:Found and solved bug in Naamwoord. Case:
        -:   96:(abcd=bopt=cyt*dip) & (cyt=dip=egsae) & foo:?!!(abcd.bopt)
        -:   97:Removed rudimentary argument char ** punmatched from some functions.
        -:   98:Removed old, forgotten attempt at working with < > and ~ on subject
        -:   99:(lhs of : operator) in compare(). These flags are only useful in the pattern
        -:  100:
        -:  101:    15 November 2012
        -:  102:Added a comment to input with backslash followed by control character,
        -:  103:which is unsyntactical. Fused numberNode into _qdenominator.
        -:  104:Fused fireBuiltInFunc into wis.
        -:  105:
        -:  106:    1 November 2012
        -:  107:Function someopt() conditionally excluded with 
        -:  108:  #if !defined NO_LOW_LEVEL_FILE_HANDLING
        -:  109:
        -:  110:    21 October 2012
        -:  111:Made sure that put$ cannot write to a file that is still open in get$.
        -:  112:
        -:  113:    17 October 2012
        -:  114:In evalvar, the assumption that shared = false is false.
        -:  115:
        -:  116:    15 October 2012
        -:  117:Added 8 byte peek and poke (pee, pok) (perhaps not on all 32 bit platforms).
        -:  118:Default is now 1 byte.
        -:  119:
        -:  120:    14 October 2012
        -:  121:flg$(=~exp):(=?f.?o)  !f now fails, as it should.
        -:  122:Relaxed requirement that parameters be separated with comma for function sim.
        -:  123:new$(hash,1000) gives a hint at the initial size of the hash table.
        -:  124:Default is 97.
        -:  125:
        -:  126:    12 October 2012
        -:  127:Found some places in plus_samenvoegen_of_sorteren that were never reached,
        -:  128:commented these.
        -:  129:
        -:  130:    23 September 2012
        -:  131:Discovered buffer overflow when compiled under fresh installation of Xubuntu 
        -:  132:gcc (Ubuntu/Linaro 4.6.3-1ubuntu5) 4.6.3 with optimization -O1 and higher.
        -:  133:Cause: strcpy in some places got the address of a single byte as destination
        -:  134:and coredumped when that single-byte buffer was overrun, not knowing that
        -:  135:there was, in fact, allocated memory to house the fulle source. See definition
        -:  136:of POBJ.
        -:  137:
        -:  138:    22 September 2012
        -:  139:Discovered that built in objects too easily were copied. The new function is
        -:  140:for that. Worse, the copies were not initialized with a call to New. Also,
        -:  141:new$hash returned ((=).New)'. Now it returns the object node. Changed the rhs
        -:  142:of this node to the node that is the argument of the original call to new, so:
        -:  143:  =hash
        -:  144:
        -:  145:    20 September 2012
        -:  146:Reference counting should now be faster, bigger and better.
        -:  147:Before, reference counting went to 2^30+1024. Now it goes to 2^30*1023+1
        -:  148:Test added to valid.bra.
        -:  149:
        -:  150:    19 September 2012
        -:  151:Made major changes in Naamwoord, Naamwoord_w and doPosition to make two levels
        -:  152:of indirection work also in the case that an object is at the first level.
        -:  153:Handling of two levels of indirection is improved generally.
        -:  154:
        -:  155:    16 September 2012
        -:  156:Using gcov, found some places that are unreachable in merge(), substdiff() and
        -:  157:evalvar(). Simplified substdiff. Function evalvar now expects that the argument
        -:  158:is not shared. Deleted code that was never reached.
        -:  159:
        -:  160:    12 September 2012
        -:  161:Updated u2l and l2u with data from UnicodeData.txt 2011-11-08
        -:  162:(using script uni.bra)
        -:  163:
        -:  164:    22 August 2012
        -:  165:Bug removed. The expression
        -:  166:    ( (=A B)
        -:  167:    : ?G1
        -:  168:    : (=(A&X:?(G1.)) B)
        -:  169:    )
        -:  170:would not match the 'B' in the pattern with anything valid, because the 
        -:  171:assignment X:?(G1.) had deleted the original subject. Now the subject is
        -:  172:temporarily reference-incremented, so the 'B' still matches the old value of
        -:  173:G1. The expression as a whole evaluates to X. Notice that this bug did not
        -:  174:affect the very similar
        -:  175:    ( (G2==A B)
        -:  176:    & !G2
        -:  177:    : (=(A&X:?(G2.)) B)
        -:  178:    )
        -:  179:Reason: here, the subject is not the object that G1 is bound to, but a copy.
        -:  180:And that is so because the object that G1 is bound to is headed by an
        -:  181:unevaluated = (being part of the rhs of an = operator). The expression !G2,
        -:  182:however, must be evaluated, so it cannot be identical to G2's value.
        -:  183:Consequently, the reassignment of G2 does not affect the subject of the
        -:  184:pattern match operation, which is (=A B) at all times.
        -:  185:
        -:  186:     4 August 2012
        -:  187:Removed function "?"$<expr>. The same effect is obtained by <expr>:?!(=)
        -:  188:
        -:  189:    31 July 2012
        -:  190:Made code gcc -pedantic proof. There are two string constants with a length
        -:  191:greater than 509, which ISO C89 compilers are required to support. Therefore
        -:  192:the option -std=c99 is added.
        -:  193:The LL suffix is replaced by L for non-Microsoft compilers.
        -:  194:
        -:  195:     8 July 2012
        -:  196:Added explanation and two small improvements to nextprime()
        -:  197:
        -:  198:     2 July 2012
        -:  199:
        -:  200:Since build 115 (9 February 2012), the version should have read '6',
        -:  201:not '5'. (This was the date when bracmat wás brought to GitHub.)
        -:  202:Changes in bmalloc that makes it possible to compile with -O3.
        -:  203:Changed 'unsigned char' to 'char' in a lot of places to make some
        -:  204:warnings go away when compiled with gcc.
        -:  205:
        -:  206:    22 June 2012
        -:  207:
        -:  208:Correction in scompare(). The expression @(1b:~<1 b) did not evaluate 
        -:  209:successfully, which it should. Did a clean-up of this function.
        -:  210:
        -:  211:    4 June 2012
        -:  212:
        -:  213:Introduced READMARKUPFAMILY macro to turn xml-stuff on (1) or off (0)
        -:  214:
        -:  215:    2 June 2012
        -:  216:
        -:  217:xml.c supports reading from stdio (no rewind). Example of use:
        -:  218:type pr-xml-utf-8.xml | bracmat "put$(get$(,ML),\"pr-xml-utf-8.bra\",NEW)&"
        -:  219:
        -:  220:    1 June 2012
        -:  221:
        -:  222:Did some finishing, no essential code changes.
        -:  223:
        -:  224:    1 May 2012
        -:  225:
        -:  226:Added list of HTML entities. These are decoded to unicode codepoints and
        -:  227:encoded as utf-8 if an option HT is added.
        -:  228:
        -:  229:get$("filename.html",HT,ML,TRM)
        -:  230:
        -:  231:   29 April 2012
        -:  232:
        -:  233:Restructured the (ancient) input function and renamed some identifiers to
        -:  234:English equivalents.
        -:  235:Added a source file, xml.c, that reads SGML, HTML and XML files.
        -:  236:Syntax:
        -:  237:
        -:  238:get$(filename,ML)
        -:  239:get$(filename,ML,TRM)
        -:  240:get$(string,MEM,ML)
        -:  241:get$(string,MEM,ML,TRM)
        -:  242:
        -:  243:An option HT is made, but does not work yet. Purpose: translate HTML entities.
        -:  244:
        -:  245:   13 April 2012
        -:  246:
        -:  247:The characters @ and % in front of a string now only turn off escaping with the
        -:  248:\ character inside the string if the string is surrounded by " characters.
        -:  249:Reason: the \L operator was not recognised if its lhs contained a % or @.
        -:  250:
        -:  251:   23 February 2012
        -:  252:
        -:  253:When Bracmat reads a file that is not well-formed, it asks fo a file name where
        -:  254:it can write what it has understood. This did not work. Now it does.
        -:  255:
        -:  256:    9 February 2012
        -:  257:
        -:  258:Corrected error in doPosition that was introduced with the latest
        -:  259:optimizations.
        -:  260:
        -:  261:    4 February 2012
        -:  262:
        -:  263:Discovered that "greater than" relation implemented in the vgl function
        -:  264:wasn't transitive:
        -:  265:(1a.)+(10.)      -> (10.)+(1a.)
        -:  266:(1a.)+(10.)+(2.) -> (1a.)+(2.)+(10.)
        -:  267:Thus the order of (10.) and (1a.) depends on other terms.
        -:  268:Now the rule is: 
        -:  269:1) any number is smaller than any non-number
        -:  270:2) numbers are compared numerically
        -:  271:3) non-numbers are compared with strcmp
        -:  272:
        -:  273:    25 January 2012
        -:  274:
        -:  275:Improved handling of negative positions (positions counted from the end)
        -:  276:in lists, sums and products.
        -:  277:
        -:  278:    24 January 2012
        -:  279:
        -:  280:doPosition is buggy
        -:  281:    a (c,d): ? [-1
        -:  282:
        -:  283:expressionLength  counts the wrong way. It must look at the top level operator 
        -:  284:in the pattern containing the [ and count 1 + the number of this operator 
        -:  285:until the end of the list. 0 if [ is last in the pattern.
        -:  286:
        -:  287:    20 January 2012
        -:  288:
        -:  289:The previous change moved the scanning pointer to the point in the subject
        -:  290:where the rhs pattern starts. The current change moves the end of the
        -:  291:subject as far as necessary to the right to allow a full match of the rhs
        -:  292:pattern with last characters of the subject. Of course, this is only possible
        -:  293:if the final zero byte has not been reached. The calling instance of
        -:  294:stringmatch defines the end of the subject for the called instance. The called
        -:  295:instance can propose to move the end. In this way, scanning can move much
        -:  296:faster if a patterns contains some fixed strings. Speed-up does not work for
        -:  297:alternations of fixed srings. Speed-up only works for the first pattern
        -:  298:in a series of patterns connected by :
        -:  299:
        -:  300:    7 January 2012
        -:  301:
        -:  302:If an non-initial part of a stringpattern is a string, then the scanning
        -:  303:pointer jumps to the first (or next) occurrence in the subject string after
        -:  304:the first mismatch.
        -:  305:
        -:  306:This changes the behaviour of some patterns, such as in
        -:  307:@(abXk:(|? b|`) X ?id)
        -:  308:Before, the match failed, because the 'b' in the pattern did not match the
        -:  309:'a' in the subject. Now, nowing that the first X occurs in the third position,
        -:  310:the pattern matcher not even tries to match 'a' and 'b' and so the expression
        -:  311:succeeds. In many cases the (|? b|`) pattern works as before, though:
        -:  312:@(abXk:(|? b|`) (X|Y) ?id)
        -:  313:@(abXk:(|? b|`) () X ?id)    dangerous! Does not work in @(ab:(|? b|`) ())
        -:  314:@(abXk:(|? b|`) !(=X) ?id)
        -:  315:X:?x
        -:  316:@(abXk:(|? b|`) !x ?id)
        -:  317:
        -:  318:It is not advisable to use this pattern anymore. It is too much dependent on
        -:  319:pattern matching not being optimized.
        -:  320:
        -:  321:    6 January 2012
        -:  322:
        -:  323:Compiled 64 bit version with VS 2008. Had to use _WIN64 and some #defines,
        -:  324:because longs are 32 bit under VS 2008, whereas longs under gcc are 64 bits.
        -:  325:Also used the 64 bit versions of ftell and fseek in the VS 2008 case.
        -:  326:
        -:  327:I have these preprocessor defines
        -:  328:NDEBUG;__CONSOLE__;__WIN32__;WIN32;_CONSOLE;_CRT_SECURE_NO_WARNINGS
        -:  329:
        -:  330:(Some of these are automatically set in the 32 bit version).
        -:  331:For 64 bit
        -:  332:
        -:  333:Impression is that the 32 bit version should be used unless you have to deal
        -:  334:with enormous data (memory, file) or huge numbers (because numerical
        -:  335:computations are faster and bigger numbers can be factorized quickly using
        -:  336:exponentiation with a fractional exponent).
        -:  337:Otherwise, the 64 bit version is significantly slower and has almost three
        -:  338:times less stack depth.
        -:  339:
        -:  340:    2 January 2012
        -:  341:
        -:  342:Made stringmatch 'greedy' to an extend that does not change the program's
        -:  343:behaviour. (That is: all tests in valid.bra go through). Many string
        -:  344:comparisons now continue past the cutoff position deviding the subject in a
        -:  345:lhs and a rhs, pushing the division point to the position where the lhs
        -:  346:patterns succeeds. Previously this point repeatedly was moved one byte until
        -:  347:the lhs pattern either succeeded or definitely failed. The optimization is
        -:  348:turned off for alternating patterns and for all but the first pattern in a
        -:  349:chain of patterns connected by : operators.
        -:  350:
        -:  351:The normal (non-string) match is not optimized. It is questionable whether that
        -:  352:would be worthwhile. Not many patterns require repeated elongation of the part
        -:  353:of the subject left of the division point.
        -:  354:
        -:  355:However, CUTOFFSUGGEST is set to 0. The overhead does seem to outweigh the
        -:  356:optimization!
        -:  357:
        -:  358:
        -:  359:    21 December 2011
        -:  360:
        -:  361:The last changes had introduced a bug: the [ and ` flags were not (always) printed.
        -:  362:
        -:  363:    16 December 2011
        -:  364:
        -:  365:Repaired two bugs in doPosition. The first bug made the FENCE flag disappear
        -:  366:from the result if the program was built in debug mode in VS2008, which made
        -:  367:the program run as expected, the other bug was that the FENCE flag was
        -:  368:returned if the first bug was removed.
        -:  369:
        -:  370:    14 December 2011
        -:  371:
        -:  372:Updated unicode case conversions with data found in the most recent 
        -:  373:http://unicode.org/Public/UNIDATA/UnicodeData.txt (17-Aug-2010)
        -:  374:
        -:  375:    7 December 2011
        -:  376:
        -:  377:Introduced lambda. Syntax similar to macro.
        -:  378:
        -:  379:                (λx.x)y
        -:  380:translates to
        -:  381:                /('(x.$x))$y
        -:  382:
        -:  383:    1 December 2011
        -:  384:
        -:  385:Rewrote evalmacro to only copy data where necessary.
        -:  386:Bracmat now tests ok with valid.bra and with REFCOUNTSTRESSTEST set to 1
        -:  387:
        -:  388:    30 November 2011
        -:  389:
        -:  390:Found and solved bugs in merge() that only became visible with
        -:  391:REFCOUNTSTRESSTEST set to 1.
        -:  392:
        -:  393:    22 November 2011
        -:  394:
        -:  395:Rewrote evalmacro to only copy cells where necessary.
        -:  396:
        -:  397:    7 November 2011
        -:  398:
        -:  399:A result of a macro evaluation nested inside an macro was not visited by the
        -:  400:macro evaluator because the heading = operator had its READY flag set.
        -:  401:
        -:  402:    3 November 2011
        -:  403:
        -:  404:Nicified find and getmember calls, collapsing the last three arguments into
        -:  405:one objectStuff struct.
        -:  406:
        -:  407:    2 November 2011
        -:  408:
        -:  409:Made better sense of [<> (equivalent to [~) and [~<> (equivalent to [).
        -:  410:Introduced [% prefix. The expression reigned by [% in a pattern is evaluated.
        -:  411:The success or failure of the expression is the result of the match.
        -:  412:This functionality is similar to patterns that are function calls: in both
        -:  413:cases the current subject is stored in a local variable sjt. In contrast to
        -:  414:the function call, the expression's evaluated value is not itself matched 
        -:  415:against the subject.
        -:  416:Contrary to other uses of the % prefix, [% CAN match a nul object.
        -:  417:
        -:  418:    1 November 2011
        -:  419:
        -:  420:Changed signature of find, getmember, naamwoord and naamwoord_w. Before, these
        -:  421:functions returned TRUE or FALSE, while the binding was returned in a
        -:  422:pointer-to-a-pointer. The program is a bit quicker (approx. 5%).
        -:  423:
        -:  424:    30 October 2011
        -:  425:
        -:  426:The expression    a^(b*d+c*d)
        -:  427:                * (a^(b*f+c*f)+a^(e*b+e*c))
        -:  428:              + -1*(a^((b+c)*(d+e))+a^((b+c)*(d+f)))
        -:  429:did not evaluate to 0. Solved.
        -:  430:
        -:  431:    25 October 2011
        -:  432:
        -:  433:After a change in handling the pattern ?^? (20100806) the function fct didn't
        -:  434:work anymore. The function has been completely reimplemented.
        -:  435:Also changed sub so it cannot go in infinite regress.
        -:  436:
        -:  437:    12 September 2011
        -:  438:
        -:  439:Now you can do:
        -:  440:    (=)=5
        -:  441:This extension mirrors
        -:  442:    5:?(=)
        -:  443:This rather useless extension restores consistency. 
        -:  444:
        -:  445:    2 September 2011
        -:  446:
        -:  447:Corrected error in evalmacro. Inserted operator nodes where deemed to fail
        -:  448:when evaluated later on.
        -:  449:
        -:  450:   31 August 2011
        -:  451:
        -:  452:The escape operator ()$ in patterns can now be used to test for flags on the
        -:  453:subject. A special case is when the rhs is an empty atom with no flags. This
        -:  454:pattern only matches subjects with no flags. In all other cases, if one or
        -:  455:more flags are present in the rhs, the subject must have these flags as well,
        -:  456:and possibly even more.
        -:  457:
        -:  458:If the rhs is an atomic node with a non-empty string, the rhs can only match
        -:  459:atomic subjects with the same string. (But possibly with flags that are not
        -:  460:specified in the rhs.)
        -:  461:
        -:  462:   29 August 2011
        -:  463:
        -:  464:The use of $ as "escape operator" is now taken one step further. One can now
        -:  465:use $ to escape any operator in a pattern, so that the otherwise problematic
        -:  466:operators = | & : ' $ _ can be pacified and parsed.
        -:  467:
        -:  468:   23 August 2011
        -:  469:Inside macros the $ can be used as escape operator to insert a $ with empty
        -:  470:lhs in the evaluated macro. Also, the _ operator is from now on left untouched
        -:  471:in a macro unless escaped. This made it necessary to adapt a few bracmat
        -:  472:scripts, e.g. the cat$ function in this file.
        -:  473:
        -:  474:   19 August 2011
        -:  475:
        -:  476:You can now do this: '($(=$x))
        -:  477:Previously, you had to do this in two steps: flabber=$x & '($flabber)
        -:  478:You also can do this: '('($(=$b))) which evaluates to ='$b
        -:  479:
        -:  480:   26 July 2011
        -:  481:There was a problem with the ! and !! flags in connection with the flg 
        -:  482:function. In flg$(=!a):(=?X.?Z) the assignment to X wouldn't succeed, because
        -:  483:in the result (=!.a) of the evaluation of flg$(=!a), the element ! had the
        -:  484:READY flag set. Now the '!' has the READY flag unset, while the 'a' has it set.
        -:  485:
        -:  486:   29 June 2011
        -:  487:Changed a few ints to long to get rid of type casts.
        -:  488:
        -:  489:   21 June 2011
        -:  490:Converted this source code to UTF-8.
        -:  491:
        -:  492:    5 May 2011
        -:  493:The expression ((==.lst$its).)' tried to list an object that was gone.
        -:  494:Now it works. The listed object is =.lst$its
        -:  495:Notice how recursion can be implemented with a 'lambda method' that has access
        -:  496:to itself ('its'):
        -:  497:
        -:  498:( (==a b.!arg:?a_?b&((its.)$!b)_((its.)$!a)|!arg) . ) ' (x y^g (z,8.L))
        -:  499:
        -:  500:This recursively swaps lhs and rhs of all operators in the argument
        -:  501:
        -:  502:    2 April 2011
        -:  503:An expression like (x=!x)&!x now results in an endless loop, not a stack
        -:  504:overflow as before.
        -:  505:
        -:  506:    31 March 2011
        -:  507:Stackoverflow occurred if an uninitialised variable was assigned to the
        -:  508:variable itself - directly or indirectly. The problem has been solved for
        -:  509:cases like
        -:  510:
        -:  511:    !y a:?x a
        -:  512:
        -:  513:where the atom !y has the READY flag set when the assignment is attempted.
        -:  514:
        -:  515:The problem can be solved completely, but at a price, namely if
        -:  516:
        -:  517:    (=!y):(=?x)
        -:  518:    
        -:  519:is made to fail. I consider this price as too high for now.
        -:  520:
        -:  521:    16 March 2011
        -:  522:Arithmetic more complex than adding is now done with much higher radix.
        -:  523:For small numbers compuations are a little bit slower, because of conversions
        -:  524:to and from character strings. For large numbers, timings are magnitudes
        -:  525:better. Multiplication of two 200000 digits numbers is about 100 times faster.
        -:  526:Computation of the first 1000 decimals of pi is about 20 times faster.
        -:  527:
        -:  528:For 32 bit systems, a radix of 10000 is chosen. For 64 bit systems
        -:  529:a radix of 100000000 is found to be appropriate.
        -:  530:
        -:  531:    27 February 2011
        -:  532:Removed a lot of dead wood and renamed a few variables to English.
        -:  533:
        -:  534:    21 February 2011
        -:  535:Rewrite of bmalloc, bfree and initialization of memory. Memory now expands
        -:  536:dynamically: when a there are no more free memory blocks of 1,2 or 3 (4, 5, 6)
        -:  537:words available, a new pool of memory blocks for the depleted size is created,
        -:  538:doubling the number of blocks in the already allocated pools for that size.
        -:  539:Removed a bug that caused (a=7)&!(a*1) to fail.
        -:  540:
        -:  541:    11 January 2011
        -:  542:The @ is again removed from non-nil atoms. Reason: the @ flag is used on a 
        -:  543:non-nil atom to indicate that backslashes in the atomstring must be
        -:  544:interpreted litterally, i.e. @"d:\bracmat" is equivalent to "d:\\bracmat"
        -:  545:
        -:  546:This change has no consequence for the stringmatch functionality 
        -:  547:introduced 20101122.
        -:  548:
        -:  549:     6 January 2011
        -:  550:Conditionally (NP) defined opbnowis()
        -:  551:Extra parentheses in line 6932
        -:  552:
        -:  553:    25 November 2010
        -:  554:Solved bug in merge().
        -:  555:
        -:  556:    22 November 2010
        -:  557:In stringmatch, the % can be used to force characterwise matching if the
        -:  558:pattern is a number. For that reason, the % and @ are no longer removed from
        -:  559:non-nil atoms as superfluous.
        -:  560:One has to take care with minusses: the patterns %"-20/5" and %-20/5 are
        -:  561:different. In %"-20/5", the % is superfluous and the pattern matches
        -:  562:characterwise. In %-20/5, the pattern matches 20/5 and the minus is ignored!
        -:  563:
        -:  564:    19 November 2010
        -:  565:Some tests to check that the position flag is followed by an integer number
        -:  566:and that the flag % doesn't occur.
        -:  567:Made sure that mod$ and div$ fail if second argument is zero.
        -:  568:
        -:  569:    15 November 2010
        -:  570:Evaluation of sums and products is now iterative instead of recursive.
        -:  571:Also, two sums or products are neatly merged instead of appended and thereafter
        -:  572:bubble sorted. Result: much faster processing of very large sums and products
        -:  573:and no danger of stack overflow.
        -:  574:For short sums, the implementation has become a little bit slower, because
        -:  575:I reverted to older, but simpler code that makes more allocations and
        -:  576:deallocations.
        -:  577:
        -:  578:    8 November 2010
        -:  579:Made some minor changes such as int -> size_t.
        -:  580:Most radical change is introduction of function Entry2 which is like Entry,
        -:  581:only with lower level of indirection. Entry2 replaces Entry in three places.
        -:  582:
        -:  583:    3 November 2010
        -:  584:Improved percolation of filter flags < > # / @ %
        -:  585:
        -:  586:    1 November 2010
        -:  587:The built-in function now returns IMPLIEDFENCE if the subject string in
        -:  588:a stringmatch is too long or if it cannot be grown to a valid UTF-8
        -:  589:multibyte sequence. Previously, the FENCE flag was set, but this had
        -:  590:the side effect that utf$ couldn't easily be used as the lhs of a match.
        -:  591:
        -:  592:Change to flt$ : flt$(0,...) now returns 0 instead of failing. Replaced
        -:  593:get$(...,MEM,VAP): ... with @(...:...).
        -:  594:
        -:  595:    27 October 2010
        -:  596:In bmalloc, all bytes are set to 0, not just the last one.
        -:  597:Reason: if all elements of size X are in use, bmalloc may return
        -:  598:a bigger sized element, of which the last four bytes will not be
        -:  599:used at all. Instead, some earlier bytes must be set to 0.
        -:  600:
        -:  601:    22 October 2010
        -:  602:Trailing closing parentheses were accepted on equal footing with '\0' bytes.
        -:  603:
        -:  604:   18 October 2010
        -:  605:The function expandProduct turned off the READY flag on all processed output,
        -:  606:even if the result was atomic and therefore ready.
        -:  607:Consequence: (1+i)*(1+-i) was evaluated to non-ready value 2, which could
        -:  608:not successfully be used in further computations.
        -:  609:
        -:  610:   10 September 2010
        -:  611:A function call in match context not only receives a function argument in
        -:  612:"arg", but also the current subject in "sjt" (from sujet or subject)
        -:  613:Example:
        -:  614:like=.out$!sjt&sim$(!arg,!sjt):>9/10&?|den$sim$(!sjt,):~<(den$sim$(!arg,0))&`~
        -:  615:@("Dogs and Cats are my enemies":? (like$mus:?animal) ?)&out$!animal
        -:  616:@("Dogs and Cats are my enemies":? (like$cat:?animal) ?)&out$!animal
        -:  617:
        -:  618:The return value from a failing function call in match context is not compared
        -:  619:to the subject.
        -:  620:
        -:  621:By returning `~ a function can indicate that further attempts with lenghtened
        -:  622:subjects with the same start position will fail.
        -:  623:
        -:  624:   6 August 2010
        -:  625:Previously, a pattern with an exponential only matched a subject with an
        -:  626:exponential. Now, the exponent in the pattern allowing, an exponent 1 is
        -:  627:assumed.
        -:  628:
        -:  629:   2 August 2010
        -:  630:Made variable v. So now
        -:  631:    bracmat put$!v
        -:  632:says:
        -:  633:    Bracmat version 4, build 72 (2 August 2010)
        -:  634:
        -:  635:   23 July 2010
        -:  636:a*b+u*(x+y) was not evaluated correctly in the previous version.
        -:  637:Now it works again.
        -:  638:
        -:  639:   30 June 2010
        -:  640:Improved error handling if BRACMATEMBEDDED is defined.
        -:  641:
        -:  642:   22 June 2010
        -:  643:If Bracmat is running embedded (e.g. as "native code" in a Java environment)
        -:  644:it may be desirable to make bracmat safer. Here are some defines that shut off
        -:  645:selected parts of Bracmat:
        -:  646:#define NO_C_INTERFACE no memory (de)allocation, peek and poke and C-function pointer API
        -:  647:#define NO_FILE_RENAME no file renaming
        -:  648:#define NO_FILE_REMOVE no file removal
        -:  649:#define NO_SYSTEM_CALL no system() call
        -:  650:#define NO_LOW_LEVEL_FILE_HANDLING
        -:  651:                       no file handling other than get$ put$ and lst$
        -:  652:#define NO_FOPEN       no calls to fopen(). (But you can still get$ put$ and lst$ to memory!)
        -:  653:#define NO_EXIT_ON_NON_SEVERE_ERRORS
        -:  654:
        -:  655:   11 June 2010
        -:  656:Had to conditionally introduce call to unlink() instead of remove() in case of Symbian (Epoc 5).
        -:  657:
        -:  658:   26 May 2010
        -:  659:Replaced sizeof(tflags) with offsetof(sk,u.obj), which may be (and normally are,
        -:  660:on 64 bit platforms at least) different, the latter taking padding into account.
        -:  661:
        -:  662:Removed ridiculous costly calls to expressionLength, perhaps using 3/4 of all
        -:  663:CPU time when repeatedly matching large data structures!
        -:  664:
        -:  665:   19 April 2010
        -:  666:Used gprof to find functions to optimize: opaf() (has become op() and af()), splits()
        -:  667:
        -:  668:   8 April 2010
        -:  669:The 'its'-member that has been missing since version 3.50 is back again.
        -:  670:
        -:  671:   6 April 2010
        -:  672:Pattern match like a b c:% c did not work as expected
        -:  673:(should be same as a b c:%? c). Solved. Same goes for @(abc:% c).
        -:  674:
        -:  675:   30 March 2010
        -:  676:Added built-in function rmv$ that removes a file.
        -:  677:
        -:  678:   26 March 2010
        -:  679:Changed code to make Bracmat compile and run in a 64-bit environment where
        -:  680:sizeof(int) == 4 and sizeof(long) == 8.
        -:  681:It is assumed that the platform is 64-bit if LONG_MAX > 2147483647L
        -:  682:In contrast to 32 bit platforms, the functions x2d and d2x handle
        -:  683:numbers up to FFFFFFFFFFFFFFFFF hexadecimal or 18446744073709551615 decimal
        -:  684:if compiled on 64-bit platforms.
        -:  685:Another noteworthy difference is that the 64-bit version finds bigger prime
        -:  686:numbers. Try 123465864564581765^1/2 Answer: 5^1/2*24693172912916353^1/2,
        -:  687:so 24693172912916353 is prime.
        -:  688:
        -:  689:   12 March 2010
        -:  690:errorStream is not kept open if it is not stderr or strout, so that other
        -:  691:processes also can write to the errorFile, if necessary. This also ensures
        -:  692:that the message is written an saved before the program ... uhm ... crashes.
        -:  693:
        -:  694:   10 March 2010
        -:  695:If run with command line options, bracmat's return value is the numerical
        -:  696:value of the last expression evaluated. If the last evaluated expression
        -:  697:is not atomic or not a string that can be scanned as an integer number
        -:  698:using strtol, the exit code is 0.
        -:  699:Built-in exit codes:
        -:  700:-1  out of memory
        -:  701:116 invalid function syntax
        -:  702:117 string match attempted with non-atomic argument
        -:  703:
        -:  704:   9 March 2010
        -:  705:New built-in function arg$. If Bracmat is started with any arguments (argc > 1)
        -:  706:every argument is evaluated from left to right, unless arguments are consumed
        -:  707:by calls to arg$. For example,
        -:  708:    bracmat get$myprog -i c:\documents\input.txt -o d:\html\index.html
        -:  709:would evaluate
        -:  710:    get$myprog
        -:  711:    -i
        -:  712:    c:\documents\input.txt
        -:  713:    -o
        -:  714:    d:\html\index.html
        -:  715:in that order. Evaluating the last four arguments is not very meaningful,
        -:  716:however: the backslashes are interpreted as escapes, which they are not.
        -:  717:Moreover, the colon and the dot are interpreted as operators. However, the
        -:  718:bracmat program "myprog" can call the function arg$ four times and in that way
        -:  719:empty the queue of arguments. arg$ returns an atom containing an exact copy of
        -:  720:the next program argument. Using string matching the arguments can be parsed,
        -:  721:if necessary.
        -:  722:Precautions must be taken if the path or name of the bracmat program contains
        -:  723:characters that can be mistakenly interpreted. E.g. (in Windows)
        -:  724:    bracmat "get$@\"c:Program Files\myprog.bra\"" -i c:\documents\input.txt -o d:\html\index.html
        -:  725:In *N*X the apostrophes surrounding the first argument must be replaced by
        -:  726:quotes.
        -:  727:A second form is arg$N, where 0 <= N < argc. arg$0 will normally return the
        -:  728:command name "bracmat" or a path leading to "bracmat".
        -:  729:
        -:  730:   23 February 2010
        -:  731:upp$ and low$ now handle UTF-8. upp$ is a bit tricky, as some characters
        -:  732:occupy more bytes when uppercased. A simple in-place replacement is tried
        -:  733:first, and is fine in 99% of all cases. If an overrun is imminent, more space
        -:  734:is allocated.
        -:  735:
        -:  736:   22 February 2010
        -:  737:sim$(s1,s2) accepts UTF-8. 8-bit Latin-1 is also ok.
        -:  738:chr$ fails if argument is > 255
        -:  739:
        -:  740:   21 February 2010
        -:  741:~<> are now effective on patterns headed by $ or ' operator
        -:  742:b:>(str$a)
        -:  743:b:~<>(str$A)
        -:  744:
        -:  745:   20 February 2010
        -:  746:~<> uses case insensitive compare on unicode
        -:  747:
        -:  748:   19 February 2010
        -:  749:x2d$   converts hexadecimal number to decimal
        -:  750:d2x$   converts decimal number to hexadecimal
        -:  751:Both routines are restricted to decimal numbers 0 ... 4294967295 (hex 0 ... ffffffff)
        -:  752:Failure if not all characters can be scanned.
        -:  753:
        -:  754:   12 February 2010 Simplified changeCase()
        -:  755:   10 February 2010
        -:  756:abc:?NN & @(!NN:!NN ?x)
        -:  757:!x evaluated to "abc", not to ""
        -:  758:
        -:  759:   2 February 2010
        -:  760:Input scanning stopped at 0x80, as in the utf-8 sequence e2 80 93 (8211 EN DASH )
        -:  761:
        -:  762:   27 January 2010
        -:  763:~@ matches non-atomic matter, both in stringmatch and now also in match.
        -:  764:
        -:  765:   26 January 2010
        -:  766:@ and % flags are not turned off if combined with < and/or >.
        -:  767:(Previously, they were seen as "superfluous" if in combination with non-empty object.)
        -:  768:Handy if you want to skip white space:
        -:  769:
        -:  770:@("  \r\n\t  xyz\r\n  ":?a (>@" " ?:?y) ~>%" " ?)
        -:  771:
        -:  772:Changed KILOKNOPEN back to 10000
        -:  773:
        -:  774:   16 September 2009
        -:  775:Changed KILOKNOPEN to 100000 (was 10000)
        -:  776:
        -:  777:   3 July 2009
        -:  778:
        -:  779:Setting #define CODEPAGE850 0 removes all reminiscenses of DOS-codepages.
        -:  780:
        -:  781:Unicode (UTF-8) support
        -:  782:chu$number returns a sequence of 1-6 bytes. The highest allowed value of the number is 2147483647 (7FFFFFFF hex)
        -:  783:            Notice that RFC 3629 restricts UTF-8 to 4 bytes and that the highest allowed code point 10FFFF hex.
        -:  784:utf$string returns the code point of the character represented by the UTF-8 sequence of bytes.
        -:  785:            If the string is too short or too long, or if the sequence is an invalid UTF-8 string, the function fails.
        -:  786:            It is safe to use utf$ in a pattern:
        -:  787:            @(!txt:(?%c & utf$!c) ?)
        -:  788:            If txt starts with an valid UTF-8 sequence, bracmat backtracks until c matches the UTF-8 sequence.
        -:  789:            If txt starts with a sequence that is not UTF-8, bracmat stops backtracking when that fact has been
        -:  790:            established.
        -:  791:
        -:  792:   30 June 2009
        -:  793:bracmat now evaluates all parameters given to it, from left to right.
        -:  794:
        -:  795:command line:bracmat a=1 b=14 out$(!a+!b)
        -:  796:output:15
        -:  797:
        -:  798:Previously, only the first parameter was evaluated.
        -:  799:As always, if no parameter is specified, bracmat enters interactive mode.
        -:  800:
        -:  801:   11 February 2009
        -:  802:Corrected error in flt$. All powers of ten were analysed to 1,
        -:  803:for example flt$(100,2) -> 1,00*10E0
        -:  804:
        -:  805:   13 November 2008
        -:  806:stop string also works when writing.
        -:  807:fil$("file.txt",w)
        -:  808:fil$(,STR," \n\r\t")
        -:  809:fil$(,,,"Workers go to strike/for higher wages
        -:  810:and for more kindergartens.")
        -:  811:fil$("file.txt",r)
        -:  812:fil$(outfile,w)
        -:  813:fil$("infile.txt",STR)
        -:  814:fil$(outfile,STR," \n\r\t")
        -:  815:fil$(,,,"Workers go to strike for higher wages")
        -:  816:
        -:  817:Stop string can also be specified when reading or writing
        -:  818:fil$(,,"/","Workers go to strike/for higher wages")
        -:  819:fil$("infile.txt",,".!?,;")
        -:  820:
        -:  821:An empty stop string means: write all of the string.
        -:  822:(Or read to end of file, if file mode is reading).
        -:  823:
        -:  824:   10 September 2008
        -:  825:x^(y*(a+b))+-1*x^(a*y+b*y) -> 0 Before, the exponents were regarded as
        -:  826:different. If, during comparison, a subtree of lhs has pattern ?*(?+?) and
        -:  827:the corresponding subtree of the rhs ?+?, the lhs subtree is expanded to
        -:  828:a sum (defactorised) and the comparison is done on the transformed lhs and
        -:  829:the rhs. Notice that the most expensive exponent survives:
        -:  830:x^(y*(a+b))+x^(a*y+b*y): 2*x^(y*(a+b))
        -:  831:
        -:  832:0^-1 succeeded and gave 0, now it fails. (0/7^-1 already failed)
        -:  833:
        -:  834:Strings starting with a zero and followed by another figure are not numbers
        -:  835:00/7, 098
        -:  836:
        -:  837:Input ()k went in endless loop, because the k was interpreted as an operator.
        -:  838:Now it says "malformed input".
        -:  839:
        -:  840:   11 February 2008
        -:  841:whl' now returns function_ok instead of function_fail. Although the
        -:  842:loop exits when the rhs fails and there therefore is nothing meaningful to
        -:  843:"return", it led to ugly code when a whl' loop always had to be negated
        -:  844:
        -:  845:    ... & ~(whl'(...)) & ...
        -:  846:
        -:  847:or put into the lhs of an OR
        -:  848:
        -:  849:    & ( whl'(...) |  ) &
        -:  850:
        -:  851:til' is commented out. It has no future.
        -:  852:
        -:  853:   28 January 2008
        -:  854:evalmacro did not unset the ready-bit on an inserted expression consisting of
        -:  855:a variable with exclamation mark. It does now.
        -:  856:
        -:  857:   27 January 2008
        -:  858:Introduction of flag [ for acquiring or requiring the current position during
        -:  859:a (string)match. Examples:
        -:  860:    a b c:? ([-1:[?endpos)
        -:  861:will assign the length of the subject, 3, to variable endpos.
        -:  862:    a b c d e:? [!endpos ?extramaterial
        -:  863:will assign d e to extramaterial.
        -:  864:Works in match and stringmatch alike, with some exceptions:
        -:  865:@(:[0) succeeds, but (:[0) fails. Reason: in the first case, the subject
        -:  866:is the nil element, but in the second case, the lhs is just an atom,
        -:  867:although a funny one. In a certain context, this atom plays the role
        -:  868:of nil element, but not in other contexts.
        -:  869:
        -:  870:Found out that stringmatch had a measurable side effect on the subject
        -:  871:
        -:  872:subject=abcdef
        -:  873:@(!subject:? (d & !subject:abcd) ?
        -:  874:
        -:  875:This would succeed, because the string had been temporarily cut off after
        -:  876:the 'd'.
        -:  877:Now match and string match are much more alike and the problem is solved.
        -:  878:
        -:  879:Introduction of two built-in functions: whl and til. whl repeatedly evaluates
        -:  880:its argument until it fails. whl always returns failure. til repeatedly
        -:  881:evaluates its argument until it succeeds and returns the result of the last
        -:  882:evaluation.
        -:  883:There are no plans to make if...else and switch equivalents in Bracmat.
        -:  884:It may be that whl and/or til are retracted later. They seem a bit superfluous.
        -:  885:
        -:  886:   13 January 2008
        -:  887:`~a:?b will now assign `~a to b
        -:  888:@(`~a:?b) will assign a to b. !a will succeed
        -:  889:As before, this will assign something failing to a variable:
        -:  890:dummy ~a:dummy ?m
        -:  891:!m fails
        -:  892:~!m gives ~a
        -:  893:
        -:  894:   3 January 2008
        -:  895:Better implementation of the evaluation of !(=a).
        -:  896:It is now possible to construct and run a loop as a datastructure with
        -:  897:a closed loop of pointers. Performance-wise nothing is gained, however.
        -:  898:  (loop= !i+1:<10000000:?i&!(=))
        -:  899:& '$loop:(=?(loop.)) {Make closed datastructure}
        -:  900:& ~!loop {loop 10.000.000 times}
        -:  901:& :?(loop.) {Open the datastructure.(Otherwise you'll have a memory leak when
        -:  902:             'loop' goes out of scope.)}
        -:  903:
        -:  904:Several functions have been factorised. evalueer() has been restructured.
        -:  905:
        -:  906:   2 January 2008
        -:  907:I've decided that a:(~@(a:a)) means about the same as a:(~@:(a:a)), i.e. it
        -:  908:fails because a is not not an atom. For the same reason a:(~@(a:b)) fails.
        -:  909:~@(a:a) in an evaluation context such as x&~@(a:a) succeeds. It merely means
        -:  910:a:a
        -:  911:
        -:  912:Use #define STRINGMATCH_CAN_BE_NEGATED 1 to allow ~@(<subject>:<pattern>)
        -:  913:as a stringmatch that has its result negated after evaluation.
        -:  914:
        -:  915:Use #define STRINGMATCH_CAN_BE_NEGATED 0 to interpret ~@(<subject>:<pattern>)
        -:  916:as the opposite of stringmatch, i.e. a normal match, the same as
        -:  917:(<subject>:<pattern>) with the additional condition that <subject> is not an
        -:  918:atom. Notice, however, that ~@#(abc:? b ?) succeeds, as the ~ negates #, not @
        -:  919:(priority /#<>@)
        -:  920:
        -:  921:Succeeding tests:
        -:  922:a b:(~@(? b:a %))
        -:  923:~@(a b:a ?)
        -:  924:~@(a:a)
        -:  925:12/34:@(?x:#?a (~#%@:?y) #?b)&!y:"/"
        -:  926:
        -:  927:Failing tests:
        -:  928:a:(~@(a:a))
        -:  929:~@(a:b)
        -:  930:12/34:@(#?a (~#%@:?y) #?b:?x)&!y:"/"
        -:  931:    (This fails because the pattern
        -:  932:        #?a (~#%@:?y) #?b
        -:  933:    is in the match context 12/34:<rhs>, not in a stringmatch context.
        -:  934:    Remember, the first @ says that subject is an atom, which it is in the
        -:  935:    match context, but not in a stringmatch context.)
        -:  936:@(12/34:@(#?a (~#%@:?y) #?b:?x)&!y:"/")
        -:  937:    (This fails because 12/34 is not an atom in a stringmatch context.)
        -:  938:
        -:  939:   29 December 2008
        -:  940:Compilation with Norcroft RISC OS ARM C vsn 3.00 [Jul 12 1989]
        -:  941:This resulted in some formal corrections (signed vs unsigned int,
        -:  942:int vs long, too many arguments for format in Printf,
        -:  943:#if _BRACMATEMBEDDED changed to #if defined _BRACMATEMBEDDED)
        -:  944:
        -:  945:The changes of 20071217 were undone, because the solution did not work for
        -:  946:    ~(&~@(a:a))
        -:  947:New solution:
        -:  948:In lex(), undo setting of
        -:  949:    success == FALSE
        -:  950:on : node if ~@ flags are attached to this operator.
        -:  951:This is a special case. In ~@(a:b) the ~ operator must
        -:  952:not negate the @ but the result of the string match.
        -:  953:
        -:  954:I am not convinced that this is the right decision. Perhaps we simply
        -:  955:should not allow other flags than @ on : if we want it to be interpreted
        -:  956:as a string match operation.
        -:  957:
        -:  958:   17 December 2007
        -:  959:~@(a:a) didn't fail and ~@(a:b) didn't succeed. Now they do.
        -:  960:
        -:  961:   9 October 2007
        -:  962:Removed test print from getObjectDef.
        -:  963:
        -:  964:   18 September 2007
        -:  965:    a b "" ""
        -:  966:evaluates to
        -:  967:    a b ()
        -:  968:instead of
        -:  969:    a b
        -:  970:Changed function handleLUCHT to correct this.
        -:  971:
        -:  972:   7 July 2007
        -:  973:Differentiation: Originally, to indicate that a variable x depends on another
        -:  974:variable p, one wrote x=p, or x=s and s=p. If one wrote (x=), then y\Dx
        -:  975:resulted in stack overflow. The appropriate way to indicate dependeny is
        -:  976:dep=(x.p) (....)
        -:  977:
        -:  978:The range function has been abolished. Originally the idea was that Bracmat
        -:  979:not only should handle numbers and symbols, but also ranges. Thus, 2^>3 would
        -:  980:give >16 and -5*>2 would give <-10. This had to be given up as ranges become
        -:  981:more and more complicated to express. (>4*~>3 = ?)
        -:  982:
        -:  983:Code implementing a string table (COMPILE==1) has been removed
        -:  984:COMPILE works not faster, but slower (about 10%) and uses more nodes.
        -:  985:
        -:  986:The unfinished attempt at implementing objects that can be saved and re-read
        -:  987:(serialization) has been given up (OBJECTS==1) Flag: [
        -:  988:
        -:  989:VAX-specific code removed.
        -:  990:
        -:  991:   5 July 2007:
        -:  992:There were problems with stringmatches:
        -:  993:@(aaab:((|a) aa) b)
        -:  994:This failed because the match
        -:  995:    aa:aa
        -:  996:prematurely ended the match with failure.
        -:  997:The cause was that this match ONCED the whole match
        -:  998:    aa:(|a) aa
        -:  999:
        -: 1000:This partly undoes a change made in 200704
        -: 1001:
        -: 1002:new$hash:?h
        -: 1003:(h..ISO)$
        -: 1004:(h..insert)$(a.b)
        -: 1005:
        -: 1006:This made a division by zero, because (h..ISO) had rehashed the table
        -: 1007:to a table with zero size. (hashes are born with non-zero size)
        -: 1008:The computation of the loadfactor went wrong.
        -: 1009:
        -: 1010:    4 April 2007:
        -: 1011:Tail recursion optimisation in complexiteit.
        -: 1012:
        -: 1013:Solved bug in handling of strings with characters > 0x80 in expressions like
        -: 1014:    a å
        -: 1015:
        -: 1016:Solved bug in handling of e^(i*pi)
        -: 1017:
        -: 1018:Solved bug in handling of i:-i
        -: 1019:
        -: 1020:Solved bug in handling of -1*i^1/3
        -: 1021:
        -: 1022:lst$ now lists ALL names. Previously, names starting with character above 0x7f
        -: 1023:were hidden. Som hidden functions that were called from f0, f4 or f5 are
        -: 1024:now declared inside these functions and therefore hidden.
        -: 1025:
        -: 1026:get$ and fil$ first try to open a file interpreting the file name as a path
        -: 1027:relative to the current working directory. If that fails, and if the program
        -: 1028:is started with a fully qualified path+file name, this path is prepended to the
        -: 1029:name of the file to be opened. If opening the file also fails with the new
        -: 1030:path, get$ and fil$ fail. This functionality requires that
        -: 1031:1) the file mode is "reading"
        -: 1032:2) the file name does not contain an absolute path
        -: 1033:3) the program knows its path
        -: 1034:If the program does not know its path, it may help to start the program with
        -: 1035:a fully qualified path on the command line. This instruction can be put in
        -: 1036:a shell script or batch file.
        -: 1037:This improvement is especially helpful for opening the "help"-file.
        -: 1038:
        -: 1039:In string matching the expression
        -: 1040:    @(abcd:?u (?:%@ %@) (?z & ~))
        -: 1041:now makes sure that the pattern (?:%@ %@) never is presented with more than two
        -: 1042:characters. Before, the @ flag did not really work with string matching and the
        -: 1043:: operator extinguished the cut condition that arises in its rhs.
        -: 1044:This works now within a reasonable time:
        -: 1045:(do=
        -: 1046:  get$(help,STR):?S
        -: 1047:& @( !S
        -: 1048:   :   ?
        -: 1049:       ( ?:(%@:~" ":~",") %@ %@ %@ %@ %@ %@ %@ %@ %@ %@ %@ %@ %@ %@ %@ %@ %@ %@ %@ %@ %@ %@:?x
        -: 1050:       & '(? ()$x ?):(=?x)
        -: 1051:       )
        -: 1052:       !x
        -: 1053:   )
        -: 1054:& !x);
        -: 1055:!do
        -: 1056:
        -: 1057:
        -: 1058:In a string, characters that also have a meaning as an operator can be escaped:
        -: 1059:nsc\'ere
        -: 1060:is the same as
        -: 1061:"nsc'ere"
        -: 1062:
        -: 1063:The names of cat$'s local variables are now taken from the list of names of
        -: 1064:predefined functions. Consequently, cat$ does not list its own local variables.
        -: 1065:(Previously, listing of these names was circumvented by the rule that names
        -: 1066:starting with high-bit-set characters are kept hidden.)
        -: 1067:
        -: 1068:Defunct ego$ and goe$ are abolished.
        -: 1069:
        -: 1070:   22 February 2007:
        -: 1071:    Major change in match() that speeds up matching. Found also an error in the
        -: 1072:    handling of an alternating pattern with an alternating pattern in the lhs
        -: 1073:    and a FENCE flag in the leftmost node.
        -: 1074:    Similar changes in stringmatch() must yet be made.
        -: 1075:
        -: 1076:   20 February 2007:
        -: 1077:    Changed int and unsigned long to size_t in two places to stop warnings.
        -: 1078:
        -: 1079:
        -: 1080:   18 January 2007:
        -: 1081:    Added _CONSOLE to test for Windows API
        -: 1082:    @(:? ?) failed. Cause: Unmotivied test for subjectstring not being empty.
        -: 1083:
        -: 1084:    20060704 caseinsensitivehash fixed
        -: 1085:
        -: 1086:   23 June 2006
        -: 1087:caseinsensitivehash uses lowerEquivalent without converting array index to
        -: 1088:unsigned int!
        -: 1089:
        -: 1090:   12 October 2005:
        -: 1091:    Corrected error in flt$. During rounding, the variable m could become
        -: 1092:    > 10. Consequently, the exponent must be increased by one and m must
        -: 1093:    be divided by 10 in those cases.
        -: 1094:
        -: 1095:   5 September 2005:
        -: 1096:    Changed C++-style comments to old fashioned C-style comments.
        -: 1097:    Removed enum {NoIndication,AnInteger,NotAFraction,NotANumber,AFraction,ANumber};
        -: 1098:
        -: 1099:   5 april 2005:
        -: 1100:    flg$<flags><atom> now returns ((=<flags>).<atom>)
        -: 1101:    This protects the flags from evaluation.
        -: 1102:
        -: 1103:   17 november 2004:
        -: 1104:    clk$ returns 0 if clock() returns -1
        -: 1105:    bez$ returns (<nodes>.<max nodes>.<max ref>)
        -: 1106:    epoc version: delete key emits ascii 8 (back space). Now, ascii(8) moves
        -: 1107:    the input pointer one position back, deleting the previous entered
        -: 1108:    character. (see mygetc)
        -: 1109:
        -: 1110:   25 sep 2004: strrev rewritten for Epoc
        -: 1111:
        -: 1112:   6 June 2004:
        -: 1113:1) Started to make late binding in string matching
        -: 1114:2) Corrected errors in assignment to and listing of objects with late bound values
        -: 1115:
        -: 1116:   20040830
        -: 1117:This fails:
        -: 1118:(obj=x=)&dbg'@("abc":?(obj.x) "c") & out$!(obj.x);
        -: 1119:
        -: 1120:This works:
        -: 1121:dbg'@("abc":?x "c") & out$!x;
        -: 1122:*/
        -: 1123:/*
        -: 1124:NOTES
        -: 1125:=====
        -: 1126:
        -: 1127:2002.12.15
        -: 1128:----------
        -: 1129:This is the open source version of Bracmat.
        -: 1130:
        -: 1131:Originally, Bracmat was written in Basic for the Amstrad computer. Its sole
        -: 1132:purpose was to derive a simple expression for the curvature of a model
        -: 1133:space-time, starting from the components of the metric. The only operations
        -: 1134:the program was capable to perform were multiplications, exponentiations,
        -: 1135:logarithms, and partial derivatives. The expressions were a mix of numbers
        -: 1136:and symbolic variables, like "a+2*b". Thus, "a+a" was simplified to "2*a".
        -: 1137:
        -: 1138:The second version of Bracmat, about 1988, was developed in Ansi C and run
        -: 1139:on an Acorn Archimedes. Great care was taken to make the program portable to
        -: 1140:other hardware, such as Atari, VAX and even the PC. The PC architecture, with
        -: 1141:its limited memory, its 16 bit architecture and its limitation on the size of
        -: 1142:the program stack, posed some severe limitations on the program. Therefore
        -: 1143:great care was taken to limit the use of the stack to a minimum. This has
        -: 1144:lead to some rather large functions (to save stack-consuming function calls).
        -: 1145:
        -: 1146:The C version became a true programnming language, with program variables,
        -: 1147:logical operators and function calls. The syntax, however, was not changed.
        -: 1148:For example, instead of using "if...then...else...", I decided to write
        -: 1149:something like "...&...|...", using lazy evaluation of the infix binary
        -: 1150:logical operators "&" (AND) and "|" (OR) for program control.
        -: 1151:
        -: 1152:The logical operators, of course, should test for operands being "true" or
        -: 1153:"false". The main provider of interesting truth values became the pattern
        -: 1154:matching operator ":", which tests whether the pattern (the rhs-operand)
        -: 1155:matches the subject (the lhs-operand). The single outstanding feature of
        -: 1156:Bracmat is, in fact, its pattern recognition, which works on tree structures,
        -: 1157:not on strings of characters.
        -: 1158:
        -: 1159:Bracmat was also extended with a few operators that makes this programming
        -: 1160:language interesting in the field of computational linguistics, namely the
        -: 1161:blank " ", the comma "," and the full stop ".". (The interpunction symbols
        -: 1162:"?", "!" and ";" were already 'taken' to serve other purposes.)
        -: 1163:
        -: 1164:You may find the source code difficult to read at some places. You are best
        -: 1165:off if you understand English and Dutch (and perhaps Danish). Only if the
        -: 1166:program arises enough interest I will invest the effort to streamline the
        -: 1167:source text and make it more understandable for the general programmer.
        -: 1168:*/
        -: 1169:
        -: 1170:/*
        -: 1171:TODO list:
        -: 1172:20010103: Make > and < work on non-atomic stuff
        -: 1173:20010904: Issue warning if 'arg' is declared as a local variable
        -: 1174:*/
        -: 1175:/* 20001213, There is a need to improve documentation of fil$ */
        -: 1176:/* 20001213, rename a file ren$(oldname.newname) */
        -: 1177:/* >Bracmat 16-11-91 */
        -: 1178:/* 20010309 evalueer on LUCHT and KOMMA strings is now iterative on the
        -: 1179:   right descending (deep) branch, not recursive.
        -: 1180:   (It is now possible to read long lists, e.g. dictionairies, without causing
        -: 1181:   stack overflow when evaluating the list.)
        -: 1182:   20010821 a () () was evaluated to a (). Removed last ().
        -: 1183:   20010903 (a.) () was evaluated to a
        -: 1184:*/
        -: 1185:#define DEBUGBRACMAT 0 /* implement dbg'(expression), see DBGSRC macro */
        -: 1186:#define REFCOUNTSTRESSTEST 0
        -: 1187:#define DOSUMCHECK 0
        -: 1188:#define CHECKALLOCBOUNDS 0 /* only if NDEBUG is false */
        -: 1189:#define PVNAME 0 /* allocate strings of variable names separately from variable structure. */
        -: 1190:#define STRINGMATCH_CAN_BE_NEGATED 0 /* ~@(a:a) */
        -: 1191:#define CODEPAGE850 0
        -: 1192:#define MAXSTACK 0 /* 1: show max stack depth (eval function only)*/
        -: 1193:#define CUTOFFSUGGEST 1
        -: 1194:#define READMARKUPFAMILY 1 /* read SGML, HTML and XML files. (include xml.c in your project!) */
        -: 1195:
        -: 1196:/* 
        -: 1197:About reference counting.
        -: 1198:Most nodes can be shared by no more than 1024 referers. Copies must be made as needed.
        -: 1199:Objects (nodes with = ('WORDT' in Dutch) are objects and cane be shared by almost 2^40 referers.
        -: 1200:
        -: 1201:small refcounter       large refcounter              comment
        -: 1202:(10 bits, all nodes)   (30 bits, only objects)
        -: 1203:0                      0                             not shared, no test of large refcounter needed.
        -: 1204:1                      0                             shared with one, so totalling two
        -: 1205:2                      0                             shared with two
        -: 1206:..                     ..
        -: 1207:1022                   0
        -: 1208:1023                   0                             totalling 1024, *** max for normal nodes ***
        -: 1209:1                      1                             totalling 1025
        -: 1210:2                      1
        -: 1211:..                     ..
        -: 1212:m                      1
        -: 1213:..                     ..                            totalling 1024+(1-1)*1023+m
        -: 1214:1023                   1                             totalling 1024+1*1023
        -: 1215:..                     ..
        -: 1216:m                      n                             totalling 1024+(n-1)*1023+m or 1+n*1023+m
        -: 1217:1023                   2^30-1                        totalling 1024+(2^30-2)*1023+1023=1 098 437 885 953
        -: 1218:                                                         (or   1+2^30*1023)
        -: 1219:*/
        -: 1220:
        -: 1221:#if DEBUGBRACMAT
        -: 1222:#define DBGSRC(code)    if(debug){code}
        -: 1223:#else
        -: 1224:#define DBGSRC(code)
        -: 1225:#endif
        -: 1226:
        -: 1227:#if MAXSTACK
        -: 1228:static int maxstack = 0;
        -: 1229:static int stack = 0;
        -: 1230:#define ASTACK {++stack;if(stack > maxstack) maxstack = stack;}{
        -: 1231:#define ZSTACK }{--stack;}
        -: 1232:#else
        -: 1233:#define ASTACK
        -: 1234:#define ZSTACK
        -: 1235:#endif
        -: 1236:
        -: 1237:#include <assert.h>
        -: 1238:
        -: 1239:/*19980208
        -: 1240:Bug in match!!
        -: 1241:Removed 19971207
        -: 1242:*/
        -: 1243:/*
        -: 1244:sub must also accept . as separator between args
        -: 1245:*/
        -: 1246:/* wis: 18 Maart 1997, tail recursion optimization; delete deep structures*/
        -: 1247:/* bezig met modernisering getallen */
        -: 1248:/* 16 mei 1993: constante "-i" ingevoerd om evenwicht te brengen in gedrag
        -: 1249:   van complexe getallen en hun complex geconjugeerde. */
        -: 1250:/* Nog nodig: -n*i^iets -> n*-i^iets
        -: 1251:              n*i*a+m*-i*a  -> (n-m)*i*a
        -: 1252:   Goed doortesten !
        -: 1253:*/
        -: 1254:
        -: 1255:
        -: 1256:/* 24 april 1992: UNOPS uitgebreid met MINUS */
        -: 1257:/* 26 april 1992: fct aangepast voor (a+b)^-n */
        -: 1258:/* 24 maart 1993: function syntax veranderd:
        -: 1259:   met FUNC defined oude stijl: foo = fun$(loc'(x,y,z),!arg);
        -: 1260:   zonder FUNC define:          foo = x,y,z.!arg */
        -: 1261:
        -: 1262:/* 30 juli 1993: structure:
        -: 1263:   het is nu mogelijk om aan een expressie als naam=Bart een andere waarde
        -: 1264:   toe te kennen. In feite wordt de rechter operand van de = operator
        -: 1265:   stomweg vervangen door de nieuwe waarde, waardoor circulaire data-
        -: 1266:   structuren mogelijk worden! BJO 4 Jan 1996
        -: 1267:
        -: 1268:   voorbeeld:
        -: 1269:
        -: 1270:   {?} x==(name=Bart).(age=40)
        -: 1271:   {?} !x
        -: 1272:   {!} =(name=Bart).(age=40)
        -: 1273:   {?} !!x
        -: 1274:   {!} Bart.40
        -: 1275:   {?} !x:(=?naam.?leeftijd)
        -: 1276:   {?} Bart Jongejan:?!naam
        -: 1277:   {?} !!x
        -: 1278:   {!} Bart Jongejan.40
        -: 1279:   {?} x..age=veertig                          BJO 4 Jan 1996
        -: 1280:   {?} !!x
        -: 1281:   {!} Bart Jongejan.veertig
        -: 1282:
        -: 1283:   x..name.first=Bart vervangt Jan door Bart in
        -: 1284:
        -: 1285:   x==(name=(first=Jan).(family=Abbens)).(age=33)
        -: 1286:
        -: 1287:   Merk op dat de = operator z'n speciale betekenis in patterns kwijt is
        -: 1288:   ~=(% %) moet dus voortaan geschreven worden als ((% %) & `~|?)
        -: 1289:*/
        -: 1290:
        -: 1291:#if 0 && defined __GNUC__ && !defined sparc && !defined __hpux && !defined __hpux__
        -: 1292:/* TODO test must be changed to a positive list. Bart 20030704 */
        -: 1293:#define ARM /*1*/ /* assume it's an Acorn */
        -: 1294:#define os_swix os_swi /* different naming */
        -: 1295:typedef struct {
        -: 1296: int r[10];
        -: 1297:}os_regset;
        -: 1298:#else
        -: 1299:/*#define ARM 0*/ /* assume it isn't an Acorn */
        -: 1300:#endif
        -: 1301:
        -: 1302:
        -: 1303:#if (defined __TURBOC__ && !defined __WIN32__) || (defined ARM && !defined __SYMBIAN32__)
        -: 1304:#define O_S 1 /* 1 = with operating system interface swi$ (RISC_OS or TURBO-C), 0 = without  */
        -: 1305:#else
        -: 1306:#define O_S 0
        -: 1307:#endif
        -: 1308:
        -: 1309:/* aanwijzingen voor het compileren
        -: 1310:   (met een ANSI-C compiler of iets wat daar dichtbij in de buurt komt)
        -: 1311:
        -: 1312:Archimedes ANSI-C release 3:
        -: 1313:*up
        -: 1314:*del. :0.$.c.clog
        -: 1315:*spool :0.$.c.clog
        -: 1316:*cc bracmat
        -: 1317:*spool
        -: 1318:
        -: 1319:Met RISC_OS functies:
        -: 1320:
        -: 1321:cc bracmat
        -: 1322:
        -: 1323:file cc (in directory c):
        -: 1324:
        -: 1325:| >cc
        -: 1326:up
        -: 1327:delete $.c.clog
        -: 1328:spool $.c.clog
        -: 1329:cc -c %0 -IRAM:$.RISC_OSLib
        -: 1330:if Sys$ReturnCode = 0 then run c.li %0 else spool
        -: 1331:
        -: 1332:file li (in directory c):
        -: 1333:
        -: 1334:| >li
        -: 1335:link -o %0 o.%0 RAM:$.RISC_OSLib.o.RISC_OSLib RAM:$.Clib.o.Stubs
        -: 1336:||G
        -: 1337:spool
        -: 1338:if Sys$ReturnCode = 0 then squeeze %0 else echo |G
        -: 1339:
        -: 1340:Microsoft QUICKC (MS-DOS) (compact en large model kunnen allebei)
        -: 1341:qcl /Ox /AC /F D000 bracmat.c
        -: 1342:Microsoft optimizing compiler V5.1
        -: 1343:cl /Ox /AC /F D000 bracmat.c
        -: 1344:
        -: 1345:Borland TURBOC (MS-DOS) V2.0
        -: 1346:tcc -w -f- -r- -mc -K- bracmat
        -: 1347:
        -: 1348:Atari : definieer -DATARI i.v.m. BIGENDIAN en extern int _stksize = -1;
        -: 1349:               en -DW32   doch alleen als (int)==(long)
        -: 1350:*/
        -: 1351:
        -: 1352:/* optionele #defines voor debuggen en aanpassing aan machine */
        -: 1353:
        -: 1354:#define TELMAX  1 /* maximaal aantal gealloceerde nodes laten zien */
        -: 1355:#define TELLING 0 /* idem,uitgebreid met huidige allocatie, per groep van
        -: 1356:                       4,8,12 en >12 bytes */
        -: 1357:#if TELLING
        -: 1358:#if TELMAX == 0
        -: 1359:#undef TELMAX
        -: 1360:#define TELMAX 1
        -: 1361:#endif
        -: 1362:#ifndef TELMAX
        -: 1363:#define TELMAX 1
        -: 1364:#endif
        -: 1365:#endif
        -: 1366:
        -: 1367:/*#define reslt hreslt  om in resultaat ALLE haakjes te laten zien*/
        -: 1368:#define INTSCMP 0   /* linke manier om strings te vergelijken */
        -: 1369:#define ICPY 0      /* woord voor woord copieren, i.p.v. byte voor byte */
        -: 1370:
        -: 1371:/* hieronder zijn geen optionele #defines meer */
        -: 1372:#if defined __BYTE_ORDER && defined __LITTLE_ENDIAN /* gcc on linux defines these */
        -: 1373:#if __BYTE_ORDER == __LITTLE_ENDIAN
        -: 1374:#define BIGENDIAN 0
        -: 1375:#else
        -: 1376:#define BIGENDIAN 1
        -: 1377:#endif
        -: 1378:#endif
        -: 1379:
        -: 1380:#ifndef BIGENDIAN
        -: 1381:
        -: 1382:#if defined mc68000 || defined MC68000 || defined mc68010 || defined mc68020 || defined mc68030 || defined ATARI || defined sparc || defined __hpux || defined __hpux__
        -: 1383:#define BIGENDIAN 1
        -: 1384:#endif
        -: 1385:
        -: 1386:#endif
        -: 1387:
        -: 1388:#ifndef BIGENDIAN
        -: 1389:#define BIGENDIAN     0
        -: 1390:#endif
        -: 1391:
        -: 1392:#if defined BRACMATEMBEDDED
        -: 1393:#define _BRACMATEMBEDDED 1
        -: 1394:#else
        -: 1395:#define _BRACMATEMBEDDED 0
        -: 1396:#endif
        -: 1397:
        -: 1398:#if (defined _Windows || defined _MT /*multithreaded, VC6.0*/)&& (!defined _CONSOLE /*18 January 2007*/ && !defined __CONSOLE__ || defined NOTCONSOLE || _BRACMATEMBEDDED)
        -: 1399:/* _CONSOLE defined by Visual C++ and __CONSOLE__ seems always to be defined in C++Builder */
        -: 1400:#define MICROSOFT_WINDOWS_API 1
        -: 1401:#else
        -: 1402:#define MICROSOFT_WINDOWS_API 0
        -: 1403:#endif
        -: 1404:
        -: 1405:#if MICROSOFT_WINDOWS_API && defined POLL /*Bart 20030410: Often no need for polling in multithreaded apps.*/
        -: 1406:#define JMP 1 /* 1: listen to WM_QUIT message. 0: Do not listen to WM_QUIT message. */
        -: 1407:#else
        -: 1408:#define JMP 0
        -: 1409:#endif
        -: 1410:
        -: 1411:#if _BRACMATEMBEDDED
        -: 1412:#include "bracmat.h"
        -: 1413:#endif
        -: 1414:
        -: 1415:
        -: 1416:#if defined sun && !defined __GNUC__
        -: 1417:#include <unistd.h> /* SEEK_SET, SEEK_CUR */
        -: 1418:#define ALERT 7
        -: 1419:#define strtoul(a,b,c) strtol(a,b,c)
        -: 1420:#else
        -: 1421:#include <stddef.h>
        -: 1422:#endif
        -: 1423:
        -: 1424:#include <stdlib.h>
        -: 1425:
        -: 1426:#ifndef ALERT
        -: 1427:#define ALERT '\a'
        -: 1428:#endif
        -: 1429:
        -: 1430:#include <limits.h>
        -: 1431:
        -: 1432:#if defined _WIN64 || defined _WIN32
        -: 1433:#ifdef __BORLANDC__
        -: 1434:typedef unsigned int UINT32_T;
        -: 1435:#else
        -: 1436:typedef unsigned __int32 UINT32_T; /* pre VS2010 has no int32_t */
        -: 1437:#endif
        -: 1438:#endif
        -: 1439:
        -: 1440:#if defined _WIN64
        -: 1441:/*Microsoft*/
        -: 1442:#define WORD32  0
        -: 1443:#define _4      1
        -: 1444:#define _5_6    1
        -: 1445:#define LONG long long
        -: 1446:#define STRTOUL _strtoui64
        -: 1447:#define STRTOL _strtoi64
        -: 1448:#define FSEEK _fseeki64
        -: 1449:#define FTELL _ftelli64
        -: 1450:#else
        -: 1451:#if !defined NO_C_INTERFACE && !defined _WIN32
        -: 1452:#if UINT_MAX == 4294967295
        -: 1453:typedef unsigned int UINT32_T;
        -: 1454:#elif ULONG_MAX == 4294967295
        -: 1455:typedef unsigned long UINT32_T;
        -: 1456:#endif
        -: 1457:#endif
        -: 1458:#if LONG_MAX <= 2147483647L
        -: 1459:#define WORD32  1
        -: 1460:#define _4      1
        -: 1461:#define _5_6    1
        -: 1462:#else
        -: 1463:#define WORD32  0
        -: 1464:#define _4      1
        -: 1465:#define _5_6    1
        -: 1466:#endif
        -: 1467:#define LONG long
        -: 1468:#define STRTOUL strtoul
        -: 1469:#define STRTOL strtol
        -: 1470:#define FSEEK fseek
        -: 1471:#define FTELL ftell
        -: 1472:#endif
        -: 1473:
        -: 1474:
        -: 1475:#if defined __TURBOC__ || defined __MSDOS__ || defined _WIN32 || defined __GNUC__
        -: 1476:#define DELAY_DUE_TO_INPUT
        -: 1477:#endif
        -: 1478:
        -: 1479:#include <time.h>
        -: 1480:#ifndef CLOCKS_PER_SEC
        -: 1481:#ifdef CLK_TCK  /* pre-ANSI-C */
        -: 1482:#define CLOCKS_PER_SEC CLK_TCK
        -: 1483:#else
        -: 1484:#if defined sun
        -: 1485:#define CLOCKS_PER_SEC 1000000 /* ??? */
        -: 1486:#endif
        -: 1487:#endif
        -: 1488:#endif
        -: 1489:
        -: 1490:#define LOGWORDLENGTH 2
        -: 1491:/* vlaggen in knoop */
        -: 1492:#define NOT              1      /* ~ */
        -: 1493:     /* zo houden ivm vermenging logische en bit operatoren && || | ^ & */
        -: 1494:#define SUCCESS         (1<< 1)
        -: 1495:#define READY           (1<< 2)
        -: 1496:#define POSITION        (1<< 3) /* [ */
        -: 1497:#define INDIRECT        (1<< 4) /* ! */
        -: 1498:#define DOUBLY_INDIRECT (1<< 5) /* !! */
        -: 1499:#define FENCE           (1<< 6) /* `   (within same byte as ATOM and NOT) */
        -: 1500:#define ATOM            (1<< 7) /* @ */
        -: 1501:#define NONIDENT        (1<< 8) /* % */
        -: 1502:#define GREATER_THAN    (1<< 9) /* > */
        -: 1503:#define SMALLER_THAN    (1<<10) /* < */
        -: 1504:#define NUMBER          (1<<11) /* # */
        -: 1505:#define BREUK           (1<<12) /* / */
        -: 1506:#define UNIFY           (1<<13) /* ? */
        -: 1507:#define IDENT           (1<<14)
        -: 1508:#define IMPLIEDFENCE    (1<<15) /* 20070222 */
        -: 1509:
        -: 1510:#define VISIBLE_FLAGS_WEAK      (INDIRECT|DOUBLY_INDIRECT|FENCE|UNIFY)
        -: 1511:#define VISIBLE_FLAGS_NON_COMP  (INDIRECT|DOUBLY_INDIRECT|ATOM|NONIDENT|NUMBER|BREUK|UNIFY) /* allows < > ~< and ~> as flags on numbers */
        -: 1512:#define VISIBLE_FLAGS_POS0      (INDIRECT|DOUBLY_INDIRECT|NONIDENT|QBREUK|UNIFY|QGETAL)
        -: 1513:#define VISIBLE_FLAGS_POS       (INDIRECT|DOUBLY_INDIRECT|NONIDENT|QBREUK|UNIFY|QGETAL|NOT|GREATER_THAN|SMALLER_THAN)
        -: 1514:#define VISIBLE_FLAGS           (INDIRECT|DOUBLY_INDIRECT|ATOM|NONIDENT|NUMBER|BREUK|UNIFY|NOT|GREATER_THAN|SMALLER_THAN|FENCE|POSITION)
        -: 1515:
        -: 1516:#define HAS_VISIBLE_FLAGS_OR_MINUS(psk) ((psk)->ops & (VISIBLE_FLAGS|MINUS))
        -: 1517:#define RATIONAAL(psk)      (((psk)->ops & (QGETAL|IS_OPERATOR|VISIBLE_FLAGS)) == QGETAL)
        -: 1518:#define RATIONAAL_COMP(psk) (((psk)->ops & (QGETAL|IS_OPERATOR|VISIBLE_FLAGS_NON_COMP)) == QGETAL)
        -: 1519:#define RATIONAAL_COMP_NOT_NUL(psk) (((psk)->ops & (QGETAL|QNUL|IS_OPERATOR|VISIBLE_FLAGS_NON_COMP)) == QGETAL)
        -: 1520:#define RATIONAAL_WEAK(psk) (((psk)->ops & (QGETAL|IS_OPERATOR|INDIRECT|DOUBLY_INDIRECT|FENCE|UNIFY)) == QGETAL)/* allows < > ~< and ~> as flags on numbers */
        -: 1521:#define       LESS(psk)    (((psk)->v.fl & (VISIBLE_FLAGS_POS)) == (QGETAL|SMALLER_THAN))
        -: 1522:#define LESS_EQUAL(psk)    (((psk)->v.fl & (VISIBLE_FLAGS_POS)) == (QGETAL|NOT|GREATER_THAN))
        -: 1523:#define MORE_EQUAL(psk)    (((psk)->v.fl & (VISIBLE_FLAGS_POS)) == (QGETAL|NOT|SMALLER_THAN))
        -: 1524:#define       MORE(psk)    (((psk)->v.fl & (VISIBLE_FLAGS_POS)) == (QGETAL|GREATER_THAN))
        -: 1525:#define    UNEQUAL(psk)    (((psk)->v.fl & (VISIBLE_FLAGS_POS)) == (QGETAL|NOT))
        -: 1526:#define LESSORMORE(psk)    (((psk)->v.fl & (VISIBLE_FLAGS_POS)) == (QGETAL|SMALLER_THAN|GREATER_THAN)) /*20111102*/
        -: 1527:#define      EQUAL(psk)    (((psk)->v.fl & (VISIBLE_FLAGS_POS)) == QGETAL)
        -: 1528:#define NOTLESSORMORE(psk) (((psk)->v.fl & (VISIBLE_FLAGS_POS)) == (QGETAL|NOT|SMALLER_THAN|GREATER_THAN))
        -: 1529:
        -: 1530:#define INTEGER(kn)               (((kn)->ops & (QGETAL|QBREUK|IS_OPERATOR|VISIBLE_FLAGS))                      == QGETAL)
        -: 1531:#define INTEGER_COMP(kn)          (((kn)->ops & (QGETAL|QBREUK|IS_OPERATOR|VISIBLE_FLAGS_NON_COMP))             == QGETAL)
        -: 1532:
        -: 1533:#define INTEGER_NIET_NEG(kn)      (((kn)->ops & (QGETAL|MINUS|QBREUK|IS_OPERATOR|VISIBLE_FLAGS))                == QGETAL)
[...]
        -:16900:#else
        -:16901:                        ((typedObjectknoop*)(pkn))->refcount = 0;
        -:16902:                        UNSETCREATEDWITHNEW((typedObjectknoop*)pkn);
        -:16903:                        UNSETBUILTIN((typedObjectknoop*)pkn);
        -:16904:#endif
        1:16905:                        pkn->LEFT = subboomcopie(old->LEFT);
        1:16906:                        old->RIGHT = Head(old->RIGHT);
        1:16907:                        pkn->RIGHT = subboomcopie(old->RIGHT);
        1:16908:                        wis(old);
        -:16909:                        }
      757:16910:                    pkn->v.fl &= (~OPERATOR & ~READY);
      757:16911:                    pkn->ops |= dummy_op;
      757:16912:                    pkn->v.fl |= SUCCESS;
      757:16913:                    if(lkn.v.fl & INDIRECT)
        -:16914:                        {/* (a=b=127)&(.):(_)&!(a_b) */
        1:16915:                        pkn = evalvar(pkn);
        -:16916:                        }
      757:16917:                    break;
        -:16918:                }
        -:16919:            }
        -:16920:        else
        -:16921:            {
        -:16922:            /*assert(!shared(pkn));*/ /* 20120916 evalvar now expects not shared arg. */
        -:16923:            /* An unevaluated leaf can only be an atom with ! or !!,
        -:16924:            so we don't need to test for this condition.*/
   689341:16925:            pkn = evalvar(pkn);
        -:16926:            /* After evaluation of a variable, the loop continues.
        -:16927:            Together with how & and | (EN and OF) are treated, this ensures that
        -:16928:            a loop can run indefinitely, without using stack space. */
        -:16929:            }
        -:16930:        }
        -:16931:#if JMP
        -:16932:    PeekMsg();
        -:16933:#endif
        -:16934:    ZSTACK
  2377082:16935:    return pkn;
        -:16936:    }
        -:16937:
        1:16938:int startProc(
        -:16939:#if _BRACMATEMBEDDED
        -:16940:    startStruct * init
        -:16941:#else
        -:16942:    void
        -:16943:#endif
        -:16944:    )
        -:16945:    {
        -:16946:    int tel;
        -:16947:    int err; /* 20100802, evaluation of version string */
        -:16948:    static int called = 0;
        -:16949:    /*printf("startProc ");*/
        1:16950:    if(called)
        -:16951:        {
        -:16952:        /*printf("already called\n");*/
    #####:16953:        return 2;
        -:16954:        }
        -:16955:    /*printf("call\n");*/
        1:16956:    called = 1;
        -:16957:#if _BRACMATEMBEDDED
        -:16958:    if(init)
        -:16959:        {
        -:16960:        if(init->WinIn)
        -:16961:            {
        -:16962:            WinIn = init->WinIn;
        -:16963:            }
        -:16964:        if(init->WinOut)
        -:16965:            {
        -:16966:            WinOut = init->WinOut;
        -:16967:            }
        -:16968:        if(init->WinFlush)
        -:16969:            {
        -:16970:            WinFlush = init->WinFlush;
        -:16971:            }
        -:16972:        }
        -:16973:#endif
        1:16974:    for(tel = 0;tel<256;variabelen[tel++] = NULL)
        -:16975:        ;
        1:16976:    if(!init_ruimte())
    #####:16977:        return 0;
        1:16978:    init_opcode();
        1:16979:    anker = NULL;
        1:16980:    fpi = stdin;
        1:16981:    fpo = stdout;
        -:16982:
        1:16983:    argk.flgs = READY | SUCCESS;
        1:16984:    argk.u.lobj = O('a','r','g');
        -:16985:
        1:16986:    sjt.flgs = READY | SUCCESS;/*20100910*/
        1:16987:    sjt.u.lobj = O('s','j','t');/*20100910*/
        -:16988:
        1:16989:    selfkn.flgs = READY | SUCCESS;
        1:16990:    selfkn.u.lobj = O('i','t','s');
        -:16991:
        1:16992:    Selfkn.flgs = READY | SUCCESS;
        1:16993:    Selfkn.u.lobj = O('I','t','s');
        -:16994:
        1:16995:    nilk.flgs = READY | SUCCESS | IDENT;
        1:16996:    nilk.u.lobj = 0L;
        -:16997:
        1:16998:    nulk.flgs = READY | SUCCESS | IDENT | QGETAL | QNUL;
        1:16999:    nulk.u.lobj = 0L;
        1:17000:    nulk.u.obj = '0';
        -:17001:
        1:17002:    eenk.u.lobj = 0L;
        1:17003:    eenk.u.obj = '1';
        1:17004:    eenk.flgs = READY | SUCCESS | IDENT | QGETAL;
        1:17005:    *(&(eenk.u.obj)+1) = 0;
        -:17006:
        1:17007:    mintweek.u.lobj = 0L;
        1:17008:    mintweek.u.obj = '2';
        1:17009:    mintweek.flgs = READY | SUCCESS | QGETAL | MINUS;
        1:17010:    *(&(mintweek.u.obj)+1) = 0;
        -:17011:
        1:17012:    mineenk.u.lobj = 0L;
        1:17013:    mineenk.u.obj = '1';
        1:17014:    mineenk.flgs = READY | SUCCESS | QGETAL | MINUS;
        1:17015:    *(&(mineenk.u.obj)+1) = 0;
        -:17016:
        1:17017:    tweek.u.lobj = 0L;
        1:17018:    tweek.u.obj = '2';
        1:17019:    tweek.flgs = READY | SUCCESS | QGETAL;
        1:17020:    *(&(tweek.u.obj)+1) = 0;
        -:17021:
        1:17022:    vierk.u.lobj = 0L;
        1:17023:    vierk.u.obj = '4';
        1:17024:    vierk.flgs = READY | SUCCESS | QGETAL;
        1:17025:    *(&(vierk.u.obj)+1) = 0;
        -:17026:
        1:17027:    minvierk.u.lobj = 0L;
        1:17028:    minvierk.u.obj = '4';
        1:17029:    minvierk.flgs = READY | SUCCESS | QGETAL | MINUS;
        1:17030:    *(&(minvierk.u.obj)+1) = 0;
        -:17031:
        1:17032:    m0 = opb(m0,"?*(%+%)^~/#>1*?" , NULL);
        1:17033:    m1 = opb(m1,"?*(%+%)*?" , NULL);
        1:17034:    f0 = opb(f0,"(g,k,pow"
        -:17035:                ".(pow"
        -:17036:                  "=b,c,d,l,s,f"
        -:17037:                  ".!arg:(%?b+%?c)^?d"
        -:17038:                  "&1:?f"
        -:17039:                  "&(s"
        -:17040:                   "=!d:1&0"
        -:17041:                   "|(!f*!d*(1+!l:?l)^-1:?f)"
        -:17042:                    "*!b^!l"
        -:17043:                    "*pow$(!c^(-1+!d:?d))"
        -:17044:                   "+!s"
        -:17045:                   ")"
        -:17046:                  "&!b^!d+!c^!d+!s"
        -:17047:                  "|!arg"
        -:17048:                  ")"
        -:17049:                  "&!arg:?g*((%+%)^~/#>1:?arg)*?k"
        -:17050:                  "&!g*pow$!arg*!k)",NULL);
        1:17051:    f1 = opb(f1,
        -:17052:        "((\177g,\177h,\177i).!arg:?\177g*(%?\177h+%?\177i)*",
        -:17053:        "?arg&!\177g*!\177h*!arg+!\177g*!\177i*!arg)",NULL);
        1:17054:    f4 = opb(f4,  "l,a,b,c,e,f"
        -:17055:                ".(a"
        -:17056:                 "=j,g,h,i"
        -:17057:                  ".!arg:?l^(?j+?g*!l\016?h*?i+?arg)"
        -:17058:                   "&!l^(!j+!arg)*!h^(!g*!i)"
        -:17059:                 ")"
        -:17060:                "&(e"
        -:17061:                 "=j,g,I"
        -:17062:                 ".!arg:?j+#?g*((i|-i):?I)*pi+?arg"
        -:17063:                   "&1:?l"
        -:17064:                   "&!j+(mod$(1+!g,2)+-1)*!I*pi+!arg"
        -:17065:                 ")"
        -:17066:                "&(f"
        -:17067:                 "=j,i"
        -:17068:                  ".!arg:?j+#?l*((i|-i):?I)*pi+?arg"
        -:17069:                   "&!I^(2*!l):?l"
        -:17070:                   "&!j+!arg"
        -:17071:                 ")"
        -:17072:                "&(b"
        -:17073:                 "="
        -:17074:                  "(!l:(<-1|>1)&e"
        -:17075:                  "|(-1|1/2|-1/2)&f"
        -:17076:                  ")"
        -:17077:                  ":?l"
        -:17078:                 ")"
        -:17079:                "&(c"
        -:17080:                 "="
        -:17081:                  ".1+!arg:?arg"
        -:17082:                   "&1:?l"
        -:17083:                   "&-1+!arg"
        -:17084:                 ")"
        -:17085:                "&(!arg:?l^(?+?*!l\016?*?+?)&a$!arg"
        -:17086:                 "|!arg"
        -:17087:                  ":e^((?+#?l*(i|-i)*pi+?&`!b"
        -:17088:                      "|?"
        -:17089:                       "*(pi|i|-i)"
        -:17090:                       "*?"
        -:17091:                       "*(?+?*(pi|i|-i)*?+?:%+%)"
        -:17092:                       "*?"
        -:17093:                        "&c:?l"
        -:17094:                      ")"
        -:17095:                     ":?arg"
        -:17096:                     ")"
        -:17097:                   "&e^!l$!arg*!l"
        -:17098:                 ")",NULL);
        1:17099:    f5 = opb(f5,
        -:17100:         "l,d"
        -:17101:         ".(d"
        -:17102:          "=j,g,h"
        -:17103:           ".!arg:?l\016(?j*!l^?g*?h)&!g+!l\016(!j*!h)"
        -:17104:          ")"
        -:17105:          "&!arg:?l\016(?*!l^?*?)"
        -:17106:          "&d$!arg", NULL);
        -:17107:
        1:17108:    anker = startboom_w(anker ,
        -:17109:        "(cat=flt,sin,tay,fct,cos,out,sgn.!arg:((?flt,(?sin,?tay)|?sin&:?tay)|?flt&:?sin:"
        -:17110:        "?tay)&(fct=.!arg:%?cos ?arg&!cos:((?out.?)|?out)&'(? ($out|($out.?)"
        -:17111:        ") ?):(=?sgn)&(!flt:!sgn&!(glf$(=~.!sin:!sgn))&!cos|) fct$!arg|)&(:!flt:!sin&mem$!tay|(:!flt&mem$:?flt"
        -:17112:        "|)&fct$(mem$!tay))),",
        -:17113:
        -:17114:        /* 20110823
        -:17115:        "(cat=flt,sin,tay,fct,cos,out,sgn.!arg:((?flt,(?sin,?tay)|?sin&:?tay)|?flt&:?sin:"
        -:17116:        "?tay)&(fct=.!arg:%?cos ?arg&!cos:((?out.?)|?out)&'(? (`=$out|($out.?)"
        -:17117:        ") ?):?sgn&(!flt:!sgn&~$(!sin:!sgn)&!cos|) fct$!arg|)&(:!flt:!sin|(:!flt&mem$:?flt"
        -:17118:        "|)&fct)$(mem$!tay)),",
        -:17119:        */
        -:17120:        "(out=(.put$!arg:?arg&put$\212&!arg)),"
        -:17121:        "(flt=((e,d,m,s,f).!arg:(?arg,~<0:?d)&!arg:0|(-1*!arg:>0:?arg&-1|1):?s&"
        -:17122:        "10\016!arg:?e+(10\016?m|0&1:?m)&(!m+1/2*1/10^!d:~<10&1+!e:?e&!m*1/10"
        -:17123:        ":?m|)&@(div$(!m+1/2*(1/10^!d:?d),!d):"
        -:17124:        "`%?f ?m)&str$(!s*!f (!d:~1&\254|) !m \252\261\260\305 !e))),",
        -:17125:
        -:17126:        "(tay=((f,tot,x,fac,cnt,res,R).",
        -:17127:        "(R=!cnt:!tot&!res|!res+(sub$(!x\017!f:?f.!x.0))*((!fac*(!cnt+1:?cnt))"
        -:17128:        ":?fac)^-1*!x^!cnt:?res&!R)&",
        -:17129:        "!arg:(?f,?x,?tot)&(fac=1)&(cnt=0)&((sub$(!f.!x.0)):?res)&!R)),",
        -:17130:
        -:17131:        /*"(ego=(r.sub$(sub$(!arg.(sin.?r).'sin$!r).(cos.?r).'cos$!r))),",
        -:17132:
        -:17133:        "(goe=((h,s).sub$(!arg.'(e^?h).",
        -:17134:        "'(-1*(sgn$(-1+i*!h+1:?h):?s)*i*(sin.-1+!s*!h+1:?s)+(cos.!s))))),",*/
        -:17135:
        -:17136:        "(sin=(.i*(-1/2*e^(i*!arg)+1/2*e^(-i*!arg)))),",
        -:17137:
        -:17138:        "(cos=(.1/2*(e^(i*!arg)+e^(-i*!arg)))),",
        -:17139:
        -:17140:        "(sgn=(.!arg:?#%arg*%+?&sgn$!arg|!arg:<0&-1|1)),",
        -:17141:        "(abs=(.sgn$!arg*!arg)),",
        -:17142:        "(sub=\177e,\177x,\177v,\177F.(\177F=\177l,\177r.!arg:!\177x&!\177v|"
        -:17143:        "!arg:%?\177l_%?\177r&(\177F$!\177l)_(\177F$!\177r)|!arg)&!arg:(("
        -:17144:        "?\177e.?\177x.?\177v)|out$(str$((=sub$(expr.var.rep)) !arg))&get'&~`)"
        -:17145:        "&\177F$!\177e),",
        -:17146:        fct,
        -:17147:        NULL);
        -:17148:
        -:17149:
        -:17150:#if JMP
        -:17151:    if(setjmp(jumper) != 0)
        -:17152:        return;
        -:17153:#endif
        1:17154:    anker = eval(anker);
        1:17155:    stringEval("(v=\"Bracmat version " VERSION ", build " BUILD " (" DATUM ")\")",NULL,&err);
        1:17156:    return 1;
        -:17157:}
        -:17158:
        1:17159:void endProc(void)
        -:17160:    {
        -:17161:    int err;
        -:17162:    static int called = 0;
        1:17163:    if(called)
        1:17164:        return;
        1:17165:    called = 1;
        -:17166:/*  stringEval("cat$:? CloseDown ? & CloseDown$ | out$\"No CloseDown function provided, exiting all the same.\"",NULL,&err);*/
        1:17167:    stringEval("cat$:? CloseDown ? & CloseDown$ | ",NULL,&err);
        1:17168:    if(err)
    #####:17169:        errorprintf("Error executing CloseDown\n");
        -:17170:    }
        -:17171:
        -:17172:/* main - the text-mode front end for bracmat */
        -:17173:
        -:17174:
        -:17175:#if _BRACMATEMBEDDED
        -:17176:#else
        -:17177:
        -:17178:#include <stddef.h>
        -:17179:
        1:17180:int mainlus(int argc,char *argv[])
        -:17181:    {
        -:17182:    int err;
        -:17183:    char * mainloop;
        -:17184:    const char * ret;
        1:17185:    if(argc > 1)
        -:17186:        { /* to get here, e.g.: ./bracmat out$hello */
        1:17187:        ARGC = argc;
        1:17188:        ARGV = argv;
        1:17189:        mainloop = "arg$&whl'(get$(arg$,MEM):?\"?...@#$*~%!\")&!\"?...@#$*~%!\"";
        1:17190:        stringEval(mainloop,&ret,&err);
        1:17191:        return (int)STRTOL(ret,0,10);
        -:17192:        /*
        -:17193:        int i;
        -:17194:        for(i = 1;i < argc;++i) / *20090630* /
        -:17195:            {
        -:17196:            stringEval(argv[i],NULL,&err);
        -:17197:            }
        -:17198:            */
        -:17199:        }
        -:17200:    else
        -:17201:        {
    #####:17202:        mainloop =
        -:17203:        "(w=\"11. BECAUSE THE PROGRAM IS LICENSED FREE OF CHARGE, THERE IS NO WARRANTY\\n"
        -:17204:        "FOR THE PROGRAM, TO THE EXTENT PERMITTED BY APPLICABLE LAW.  EXCEPT WHEN\\n"
        -:17205:        "OTHERWISE STATED IN WRITING THE COPYRIGHT HOLDERS AND/OR OTHER PARTIES\\n"
        -:17206:        "PROVIDE THE PROGRAM \\\"AS IS\\\" WITHOUT WARRANTY OF ANY KIND, EITHER EXPRESSED\\n"
        -:17207:        "OR IMPLIED, INCLUDING, BUT NOT LIMITED TO, THE IMPLIED WARRANTIES OF\\n"
        -:17208:        "MERCHANTABILITY AND FITNESS FOR A PARTICULAR PURPOSE.  THE ENTIRE RISK AS\\n"
        -:17209:        "TO THE QUALITY AND PERFORMANCE OF THE PROGRAM IS WITH YOU.  SHOULD THE\\n"
        -:17210:        "PROGRAM PROVE DEFECTIVE, YOU ASSUME THE COST OF ALL NECESSARY SERVICING,\\n"
        -:17211:        "REPAIR OR CORRECTION.\\n\")&"
        -:17212:        "(c=\"12. IN NO EVENT UNLESS REQUIRED BY APPLICABLE LAW OR AGREED TO IN WRITING\\n"
        -:17213:        "WILL ANY COPYRIGHT HOLDER, OR ANY OTHER PARTY WHO MAY MODIFY AND/OR\\n"
        -:17214:        "REDISTRIBUTE THE PROGRAM AS PERMITTED ABOVE, BE LIABLE TO YOU FOR DAMAGES,\\n"
        -:17215:        "INCLUDING ANY GENERAL, SPECIAL, INCIDENTAL OR CONSEQUENTIAL DAMAGES ARISING\\n"
        -:17216:        "OUT OF THE USE OR INABILITY TO USE THE PROGRAM (INCLUDING BUT NOT LIMITED\\n"
        -:17217:        "TO LOSS OF DATA OR DATA BEING RENDERED INACCURATE OR LOSSES SUSTAINED BY\\n"
        -:17218:        "YOU OR THIRD PARTIES OR A FAILURE OF THE PROGRAM TO OPERATE WITH ANY OTHER\\n"
        -:17219:        "PROGRAMS), EVEN IF SUCH HOLDER OR OTHER PARTY HAS BEEN ADVISED OF THE\\n"
        -:17220:        "POSSIBILITY OF SUCH DAMAGES.\\n\")&"
        -:17221:        "out$!v&"
        -:17222:        "out$\"Copyright (C) 2002 Bart Jongejan\\n"
        -:17223:        "Bracmat comes with ABSOLUTELY NO WARRANTY; for details type `!w'.\\n"
        -:17224:        "This is free software, and you are welcome to redistribute it\\n"
        -:17225:        "under certain conditions; type `!c' for details.\\n\\n"
        -:17226:        "\\n\\n{?} get$help { tutorial }\\n{?} )        { stop }\"&"
        -:17227:        "(main=put$\"{?} \"&clk$():?SEC&((get':?!(=):(|?&clk$+-1*!SEC:?SEC&"
        -:17228:        "put$\"{!} \"&put$!&put$(\"\\n    S  \" str$(div$(!SEC,1) \",\" (div$(mod$("
        -:17229:        "!SEC*100,100),1):?SEC&!SEC:<10&0|) !SEC) sec))|put$\"\\n    F\")|"
        -:17230:        "put$\"\\n    I\")&"
        -:17231:
        -:17232:
        -:17233:
        -:17234:
        -:17235:#if TELMAX
        -:17236:
        -:17237:        "out$str$(\"  \" bez')&"
        -:17238:#else
        -:17239:        "out$&"
        -:17240:#endif
        -:17241:
        -:17242:        "!main)&!main";
    #####:17243:        stringEval(mainloop,NULL,&err);
        -:17244:        }
    #####:17245:    return 0;
        -:17246:    }
        -:17247:
        1:17248:int main(int argc,char *argv[])
        -:17249:    {
        -:17250:    int ret; /*20100310 numerical result of mainlus becomes exit code.
        -:17251:             If out of integer range or not numerical: 0*/
        1:17252:    char * p = argv[0] + strlen(argv[0]);
        -:17253:#if 0
        -:17254:#ifdef _WIN64 /* Microsoft 64 bit */
        -:17255:    printf("_WIN64\n");
        -:17256:    printf("sizeof(char *) %lld\n",sizeof(char *));
        -:17257:    printf("sizeof(LONG) %lld\n",sizeof(LONG));
        -:17258:    printf("sizeof(size_t) %lld\n",sizeof(size_t));
        -:17259:    printf("WORD32 %d\n",WORD32);
        -:17260:    printf("RADIX %lld\n",(LONG)RADIX);
        -:17261:    printf("RADIX2 %lld\n",(LONG)RADIX2);
        -:17262:    printf("TEN_LOG_RADIX %lld\n",(LONG)TEN_LOG_RADIX);
        -:17263:    printf("HEADROOM %lld\n",(LONG)HEADROOM);
        -:17264:#else /* 32 bit and gcc 64 bit */
        -:17265:    printf("!_WIN64\n");
        -:17266:    printf("sizeof(char *) %ld\n",sizeof(char *));
        -:17267:    printf("sizeof(LONG) %ld\n",sizeof(LONG));
        -:17268:    printf("sizeof(size_t) %ld\n",sizeof(size_t));
        -:17269:    printf("WORD32 %d\n",WORD32);
        -:17270:    printf("RADIX %ld\n",(LONG)RADIX);
        -:17271:    printf("RADIX2 %ld\n",(LONG)RADIX2);
        -:17272:    printf("TEN_LOG_RADIX %ld\n",(LONG)TEN_LOG_RADIX);
        -:17273:    printf("HEADROOM %ld\n",(LONG)HEADROOM);
        -:17274:#endif
        -:17275:#endif
        -:17276:#ifndef NDEBUG
        -:17277:        {
        -:17278:        LONG radix,ten_log_radix;
        -:17279:        assert(HEADROOM*RADIX2 < LONG_MAX);
        -:17280:        for(radix = 1,ten_log_radix = 1;ten_log_radix <= TEN_LOG_RADIX;radix *= 10,++ten_log_radix)
        -:17281:            ;
        -:17282:        assert(RADIX == radix);
        -:17283:        }
        -:17284:#endif
        -:17285:    assert(sizeof(tFlags) == sizeof(unsigned int));
        7:17286:    while(--p >= argv[0])
        6:17287:        if(*p == '\\' || *p == '/')
        -:17288:            {
        1:17289:            ++p;
        1:17290:            targetPath = (char *)malloc(p - argv[0] + 1);
        1:17291:            if(targetPath)
        -:17292:                {
        1:17293:                strncpy(targetPath,argv[0],p - argv[0]);
        1:17294:                targetPath[p - argv[0]] = '\0';
        -:17295:                }
        1:17296:            break;
        -:17297:            }
        -:17298:/*  Printf("targetPath=%s\n",targetPath);*/
        -:17299:
        1:17300:    errorStream = stderr;
        1:17301:    if(!startProc())
    #####:17302:        return -1;
        1:17303:    ret = mainlus(argc,argv);
        1:17304:    endProc();/* to get here, eg: {?} main=out$bye! */
        1:17305:    if(targetPath)
        1:17306:        free(targetPath);
        1:17307:    return ret;
        -:17308:    }
        -:17309:
        -:17310:#endif /*#if !_BRACMATEMBEDDED*/
        -:17311:
