        -:    0:Source:bracmat.c
        -:    0:Graph:bracmat.gcno
        -:    0:Data:bracmat.gcda
        -:    0:Runs:1
        -:    0:Programs:1
        -:    1:/*
        -:    2:    Bracmat. Programming language with pattern matching on tree structures.
        -:    3:    Copyright (C) 2002  Bart Jongejan
        -:    4:
        -:    5:    This program is free software; you can redistribute it and/or modify
        -:    6:    it under the terms of the GNU General Public License as published by
        -:    7:    the Free Software Foundation; either version 2 of the License, or
        -:    8:    (at your option) any later version.
        -:    9:
        -:   10:    This program is distributed in the hope that it will be useful,
        -:   11:    but WITHOUT ANY WARRANTY; without even the implied warranty of
        -:   12:    MERCHANTABILITY or FITNESS FOR A PARTICULAR PURPOSE.  See the
        -:   13:    GNU General Public License for more details.
        -:   14:
        -:   15:    You should have received a copy of the GNU General Public License
        -:   16:    along with this program; if not, write to the Free Software
        -:   17:    Foundation, Inc., 59 Temple Place, Suite 330, Boston, MA  02111-1307  USA
        -:   18:*/
        -:   19:/*
        -:   20:email: bartj@hum.ku.dk
        -:   21:*/
        -:   22:/*
        -:   23:COMPILATION
        -:   24:-----------
        -:   25:It is assumed that the hardware is litte-endian, (which has become the most
        -:   26:common these days).
        -:   27:
        -:   28:If you can compile successfully but cannot run the program succesfully,
        -:   29:try putting -DBIGENDIAN on the command line of the compiler.
        -:   30:This works of course only if the machine's hardware is big-endian.
        -:   31:
        -:   32:The program only utilizes standard libraries.
        -:   33:
        -:   34:Until 2012, the source code consisted of a single file, bracmat.c.
        -:   35:Because XML is becoming more popular, a separate source file, xml.c
        -:   36:implements reading XML files.
        -:   37:
        -:   38:On *N?X, just compile with
        -:   39:
        -:   40:    gcc -std=c99 -pedantic -Wall -O3 -static -DNDEBUG -o bracmat bracmat.c xml.c
        -:   41:
        -:   42:
        -:   43:The options are not necessary to successfully compile the program just
        -:   44:
        -:   45:    gcc *.c
        -:   46:
        -:   47:also works and produces the executable a.out.
        -:   48:
        -:   49:Profiling:
        -:   50:
        -:   51:    gcc -Wall -c -pg -DNDEBUG bracmat.c xml.c
        -:   52:    gcc -Wall -pg bracmat.o xml.o
        -:   53:    ./a.out 'get$"valid.bra";!r'
        -:   54:    gprof a.out
        -:   55:
        -:   56:Test coverage:
        -:   57:(see http://gcc.gnu.org/onlinedocs/gcc/Invoking-Gcov.html#Invoking-Gcov)
        -:   58:
        -:   59:    gcc -fprofile-arcs -ftest-coverage -DNDEBUG bracmat.c xml.c
        -:   60:    ./a.out
        -:   61:    gcov bracmat.c
        -:   62:    gcov xml.c
        -:   63:
        -:   64:*/
        -:   65:
        -:   66:#define DATUM "26 December 2012"
        -:   67:#define VERSION "6"
        -:   68:#define BUILD "152"
        -:   69:/*  26 December 2012
        -:   70:Several small improvements to fil()
        -:   71:
        -:   72:    25 December 2012
        -:   73:Debugged preparefp.
        -:   74:
        -:   75:    23 December 2012
        -:   76:Removed a superfluous while loop in someopt. Superfluous, because all arguments
        -:   77:to fil$ must be atomic and in a right descending structure.
        -:   78:
        -:   79:    20 December 2012
        -:   80:Cut most of is_afhankelyk_van away as obsolete.
        -:   81:
        -:   82:    10 December 2012
        -:   83:Replaced 2000000000 by HEADROOM * RADIX2, which is valid for both 32 and 64 bit.
        -:   84:scompare: if subject is zero bytes long and therefore not a number, adding
        -:   85:characters to it may make it a number.
        -:   86:
        -:   87:     6 December 2012
        -:   88:Thoroughly tested lambda.
        -:   89:
        -:   90:     5 December 2012
        -:   91:Compiled with Borland C++ 5.02, alternative typedef for UINT32, found unused
        -:   92:global var hekje1.
        -:   93:
        -:   94:     4 December 2012
        -:   95:Commented out unreachable code in evalmacro
        -:   96:
        -:   97:     2 December 2012
        -:   98:Made type 'int' explicit in line 5223
        -:   99: 
        -:  100:     1 December 2012
        -:  101:Solved bug with late binding that turned up when evaluating 
        -:  102:(cof==h) & @(gj:?!cof) & !cof
        -:  103:
        -:  104:    28 November 2012
        -:  105:Made input stop on EOF even if input is stdin.
        -:  106:
        -:  107:    23 November 2012
        -:  108:During testing of corner cases, found code that never executed in find() and
        -:  109:code that was missing in doPosition.
        -:  110:
        -:  111:    16 November 2012
        -:  112:Found and solved bug in Naamwoord. Case:
        -:  113:(abcd=bopt=cyt*dip) & (cyt=dip=egsae) & foo:?!!(abcd.bopt)
        -:  114:Removed rudimentary argument char ** punmatched from some functions.
        -:  115:Removed old, forgotten attempt at working with < > and ~ on subject
        -:  116:(lhs of : operator) in compare(). These flags are only useful in the pattern
        -:  117:
        -:  118:    15 November 2012
        -:  119:Added a comment to input with backslash followed by control character,
        -:  120:which is unsyntactical. Fused numberNode into _qdenominator.
        -:  121:Fused fireBuiltInFunc into wis.
        -:  122:
        -:  123:    1 November 2012
        -:  124:Function someopt() conditionally excluded with 
        -:  125:  #if !defined NO_LOW_LEVEL_FILE_HANDLING
        -:  126:
        -:  127:    21 October 2012
        -:  128:Made sure that put$ cannot write to a file that is still open in get$.
        -:  129:
        -:  130:    17 October 2012
        -:  131:In evalvar, the assumption that shared = false is false.
        -:  132:
        -:  133:    15 October 2012
        -:  134:Added 8 byte peek and poke (pee, pok) (perhaps not on all 32 bit platforms).
        -:  135:Default is now 1 byte.
        -:  136:
        -:  137:    14 October 2012
        -:  138:flg$(=~exp):(=?f.?o)  !f now fails, as it should.
        -:  139:Relaxed requirement that parameters be separated with comma for function sim.
        -:  140:new$(hash,1000) gives a hint at the initial size of the hash table.
        -:  141:Default is 97.
        -:  142:
        -:  143:    12 October 2012
        -:  144:Found some places in plus_samenvoegen_of_sorteren that were never reached,
        -:  145:commented these.
        -:  146:
        -:  147:    23 September 2012
        -:  148:Discovered buffer overflow when compiled under fresh installation of Xubuntu 
        -:  149:gcc (Ubuntu/Linaro 4.6.3-1ubuntu5) 4.6.3 with optimization -O1 and higher.
        -:  150:Cause: strcpy in some places got the address of a single byte as destination
        -:  151:and coredumped when that single-byte buffer was overrun, not knowing that
        -:  152:there was, in fact, allocated memory to house the fulle source. See definition
        -:  153:of POBJ.
        -:  154:
        -:  155:    22 September 2012
        -:  156:Discovered that built in objects too easily were copied. The new function is
        -:  157:for that. Worse, the copies were not initialized with a call to New. Also,
        -:  158:new$hash returned ((=).New)'. Now it returns the object node. Changed the rhs
        -:  159:of this node to the node that is the argument of the original call to new, so:
        -:  160:  =hash
        -:  161:
        -:  162:    20 September 2012
        -:  163:Reference counting should now be faster, bigger and better.
        -:  164:Before, reference counting went to 2^30+1024. Now it goes to 2^30*1023+1
        -:  165:Test added to valid.bra.
        -:  166:
        -:  167:    19 September 2012
        -:  168:Made major changes in Naamwoord, Naamwoord_w and doPosition to make two levels
        -:  169:of indirection work also in the case that an object is at the first level.
        -:  170:Handling of two levels of indirection is improved generally.
        -:  171:
        -:  172:    16 September 2012
        -:  173:Using gcov, found some places that are unreachable in merge(), substdiff() and
        -:  174:evalvar(). Simplified substdiff. Function evalvar now expects that the argument
        -:  175:is not shared. Deleted code that was never reached.
        -:  176:
        -:  177:    12 September 2012
        -:  178:Updated u2l and l2u with data from UnicodeData.txt 2011-11-08
        -:  179:(using script uni.bra)
        -:  180:
        -:  181:    22 August 2012
        -:  182:Bug removed. The expression
        -:  183:    ( (=A B)
        -:  184:    : ?G1
        -:  185:    : (=(A&X:?(G1.)) B)
        -:  186:    )
        -:  187:would not match the 'B' in the pattern with anything valid, because the 
        -:  188:assignment X:?(G1.) had deleted the original subject. Now the subject is
        -:  189:temporarily reference-incremented, so the 'B' still matches the old value of
        -:  190:G1. The expression as a whole evaluates to X. Notice that this bug did not
        -:  191:affect the very similar
        -:  192:    ( (G2==A B)
        -:  193:    & !G2
        -:  194:    : (=(A&X:?(G2.)) B)
        -:  195:    )
        -:  196:Reason: here, the subject is not the object that G1 is bound to, but a copy.
        -:  197:And that is so because the object that G1 is bound to is headed by an
        -:  198:unevaluated = (being part of the rhs of an = operator). The expression !G2,
        -:  199:however, must be evaluated, so it cannot be identical to G2's value.
        -:  200:Consequently, the reassignment of G2 does not affect the subject of the
        -:  201:pattern match operation, which is (=A B) at all times.
        -:  202:
        -:  203:     4 August 2012
        -:  204:Removed function "?"$<expr>. The same effect is obtained by <expr>:?!(=)
        -:  205:
        -:  206:    31 July 2012
        -:  207:Made code gcc -pedantic proof. There are two string constants with a length
        -:  208:greater than 509, which ISO C89 compilers are required to support. Therefore
        -:  209:the option -std=c99 is added.
        -:  210:The LL suffix is replaced by L for non-Microsoft compilers.
        -:  211:
        -:  212:     8 July 2012
        -:  213:Added explanation and two small improvements to nextprime()
        -:  214:
        -:  215:     2 July 2012
        -:  216:
        -:  217:Since build 115 (9 February 2012), the version should have read '6',
        -:  218:not '5'. (This was the date when bracmat wás brought to GitHub.)
        -:  219:Changes in bmalloc that makes it possible to compile with -O3.
        -:  220:Changed 'unsigned char' to 'char' in a lot of places to make some
        -:  221:warnings go away when compiled with gcc.
        -:  222:
        -:  223:    22 June 2012
        -:  224:
        -:  225:Correction in scompare(). The expression @(1b:~<1 b) did not evaluate 
        -:  226:successfully, which it should. Did a clean-up of this function.
        -:  227:
        -:  228:    4 June 2012
        -:  229:
        -:  230:Introduced READMARKUPFAMILY macro to turn xml-stuff on (1) or off (0)
        -:  231:
        -:  232:    2 June 2012
        -:  233:
        -:  234:xml.c supports reading from stdio (no rewind). Example of use:
        -:  235:type pr-xml-utf-8.xml | bracmat "put$(get$(,ML),\"pr-xml-utf-8.bra\",NEW)&"
        -:  236:
        -:  237:    1 June 2012
        -:  238:
        -:  239:Did some finishing, no essential code changes.
        -:  240:
        -:  241:    1 May 2012
        -:  242:
        -:  243:Added list of HTML entities. These are decoded to unicode codepoints and
        -:  244:encoded as utf-8 if an option HT is added.
        -:  245:
        -:  246:get$("filename.html",HT,ML,TRM)
        -:  247:
        -:  248:   29 April 2012
        -:  249:
        -:  250:Restructured the (ancient) input function and renamed some identifiers to
        -:  251:English equivalents.
        -:  252:Added a source file, xml.c, that reads SGML, HTML and XML files.
        -:  253:Syntax:
        -:  254:
        -:  255:get$(filename,ML)
        -:  256:get$(filename,ML,TRM)
        -:  257:get$(string,MEM,ML)
        -:  258:get$(string,MEM,ML,TRM)
        -:  259:
        -:  260:An option HT is made, but does not work yet. Purpose: translate HTML entities.
        -:  261:
        -:  262:   13 April 2012
        -:  263:
        -:  264:The characters @ and % in front of a string now only turn off escaping with the
        -:  265:\ character inside the string if the string is surrounded by " characters.
        -:  266:Reason: the \L operator was not recognised if its lhs contained a % or @.
        -:  267:
        -:  268:   23 February 2012
        -:  269:
        -:  270:When Bracmat reads a file that is not well-formed, it asks fo a file name where
        -:  271:it can write what it has understood. This did not work. Now it does.
        -:  272:
        -:  273:    9 February 2012
        -:  274:
        -:  275:Corrected error in doPosition that was introduced with the latest
        -:  276:optimizations.
        -:  277:
        -:  278:    4 February 2012
        -:  279:
        -:  280:Discovered that "greater than" relation implemented in the vgl function
        -:  281:wasn't transitive:
        -:  282:(1a.)+(10.)      -> (10.)+(1a.)
        -:  283:(1a.)+(10.)+(2.) -> (1a.)+(2.)+(10.)
        -:  284:Thus the order of (10.) and (1a.) depends on other terms.
        -:  285:Now the rule is: 
        -:  286:1) any number is smaller than any non-number
        -:  287:2) numbers are compared numerically
        -:  288:3) non-numbers are compared with strcmp
        -:  289:
        -:  290:    25 January 2012
        -:  291:
        -:  292:Improved handling of negative positions (positions counted from the end)
        -:  293:in lists, sums and products.
        -:  294:
        -:  295:    24 January 2012
        -:  296:
        -:  297:doPosition is buggy
        -:  298:    a (c,d): ? [-1
        -:  299:
        -:  300:expressionLength  counts the wrong way. It must look at the top level operator 
        -:  301:in the pattern containing the [ and count 1 + the number of this operator 
        -:  302:until the end of the list. 0 if [ is last in the pattern.
        -:  303:
        -:  304:    20 January 2012
        -:  305:
        -:  306:The previous change moved the scanning pointer to the point in the subject
        -:  307:where the rhs pattern starts. The current change moves the end of the
        -:  308:subject as far as necessary to the right to allow a full match of the rhs
        -:  309:pattern with last characters of the subject. Of course, this is only possible
        -:  310:if the final zero byte has not been reached. The calling instance of
        -:  311:stringmatch defines the end of the subject for the called instance. The called
        -:  312:instance can propose to move the end. In this way, scanning can move much
        -:  313:faster if a patterns contains some fixed strings. Speed-up does not work for
        -:  314:alternations of fixed srings. Speed-up only works for the first pattern
        -:  315:in a series of patterns connected by :
        -:  316:
        -:  317:    7 January 2012
        -:  318:
        -:  319:If an non-initial part of a stringpattern is a string, then the scanning
        -:  320:pointer jumps to the first (or next) occurrence in the subject string after
        -:  321:the first mismatch.
        -:  322:
        -:  323:This changes the behaviour of some patterns, such as in
        -:  324:@(abXk:(|? b|`) X ?id)
        -:  325:Before, the match failed, because the 'b' in the pattern did not match the
        -:  326:'a' in the subject. Now, nowing that the first X occurs in the third position,
        -:  327:the pattern matcher not even tries to match 'a' and 'b' and so the expression
        -:  328:succeeds. In many cases the (|? b|`) pattern works as before, though:
        -:  329:@(abXk:(|? b|`) (X|Y) ?id)
        -:  330:@(abXk:(|? b|`) () X ?id)    dangerous! Does not work in @(ab:(|? b|`) ())
        -:  331:@(abXk:(|? b|`) !(=X) ?id)
        -:  332:X:?x
        -:  333:@(abXk:(|? b|`) !x ?id)
        -:  334:
        -:  335:It is not advisable to use this pattern anymore. It is too much dependent on
        -:  336:pattern matching not being optimized.
        -:  337:
        -:  338:    6 January 2012
        -:  339:
        -:  340:Compiled 64 bit version with VS 2008. Had to use _WIN64 and some #defines,
        -:  341:because longs are 32 bit under VS 2008, whereas longs under gcc are 64 bits.
        -:  342:Also used the 64 bit versions of ftell and fseek in the VS 2008 case.
        -:  343:
        -:  344:I have these preprocessor defines
        -:  345:NDEBUG;__CONSOLE__;__WIN32__;WIN32;_CONSOLE;_CRT_SECURE_NO_WARNINGS
        -:  346:
        -:  347:(Some of these are automatically set in the 32 bit version).
        -:  348:For 64 bit
        -:  349:
        -:  350:Impression is that the 32 bit version should be used unless you have to deal
        -:  351:with enormous data (memory, file) or huge numbers (because numerical
        -:  352:computations are faster and bigger numbers can be factorized quickly using
        -:  353:exponentiation with a fractional exponent).
        -:  354:Otherwise, the 64 bit version is significantly slower and has almost three
        -:  355:times less stack depth.
        -:  356:
        -:  357:    2 January 2012
        -:  358:
        -:  359:Made stringmatch 'greedy' to an extend that does not change the program's
        -:  360:behaviour. (That is: all tests in valid.bra go through). Many string
        -:  361:comparisons now continue past the cutoff position deviding the subject in a
        -:  362:lhs and a rhs, pushing the division point to the position where the lhs
        -:  363:patterns succeeds. Previously this point repeatedly was moved one byte until
        -:  364:the lhs pattern either succeeded or definitely failed. The optimization is
        -:  365:turned off for alternating patterns and for all but the first pattern in a
        -:  366:chain of patterns connected by : operators.
        -:  367:
        -:  368:The normal (non-string) match is not optimized. It is questionable whether that
        -:  369:would be worthwhile. Not many patterns require repeated elongation of the part
        -:  370:of the subject left of the division point.
        -:  371:
        -:  372:However, CUTOFFSUGGEST is set to 0. The overhead does seem to outweigh the
        -:  373:optimization!
        -:  374:
        -:  375:
        -:  376:    21 December 2011
        -:  377:
        -:  378:The last changes had introduced a bug: the [ and ` flags were not (always) printed.
        -:  379:
        -:  380:    16 December 2011
        -:  381:
        -:  382:Repaired two bugs in doPosition. The first bug made the FENCE flag disappear
        -:  383:from the result if the program was built in debug mode in VS2008, which made
        -:  384:the program run as expected, the other bug was that the FENCE flag was
        -:  385:returned if the first bug was removed.
        -:  386:
        -:  387:    14 December 2011
        -:  388:
        -:  389:Updated unicode case conversions with data found in the most recent 
        -:  390:http://unicode.org/Public/UNIDATA/UnicodeData.txt (17-Aug-2010)
        -:  391:
        -:  392:    7 December 2011
        -:  393:
        -:  394:Introduced lambda. Syntax similar to macro.
        -:  395:
        -:  396:                (λx.x)y
        -:  397:translates to
        -:  398:                /('(x.$x))$y
        -:  399:
        -:  400:    1 December 2011
        -:  401:
        -:  402:Rewrote evalmacro to only copy data where necessary.
        -:  403:Bracmat now tests ok with valid.bra and with REFCOUNTSTRESSTEST set to 1
        -:  404:
        -:  405:    30 November 2011
        -:  406:
        -:  407:Found and solved bugs in merge() that only became visible with
        -:  408:REFCOUNTSTRESSTEST set to 1.
        -:  409:
        -:  410:    22 November 2011
        -:  411:
        -:  412:Rewrote evalmacro to only copy cells where necessary.
        -:  413:
        -:  414:    7 November 2011
        -:  415:
        -:  416:A result of a macro evaluation nested inside an macro was not visited by the
        -:  417:macro evaluator because the heading = operator had its READY flag set.
        -:  418:
        -:  419:    3 November 2011
        -:  420:
        -:  421:Nicified find and getmember calls, collapsing the last three arguments into
        -:  422:one objectStuff struct.
        -:  423:
        -:  424:    2 November 2011
        -:  425:
        -:  426:Made better sense of [<> (equivalent to [~) and [~<> (equivalent to [).
        -:  427:Introduced [% prefix. The expression reigned by [% in a pattern is evaluated.
        -:  428:The success or failure of the expression is the result of the match.
        -:  429:This functionality is similar to patterns that are function calls: in both
        -:  430:cases the current subject is stored in a local variable sjt. In contrast to
        -:  431:the function call, the expression's evaluated value is not itself matched 
        -:  432:against the subject.
        -:  433:Contrary to other uses of the % prefix, [% CAN match a nul object.
        -:  434:
        -:  435:    1 November 2011
        -:  436:
        -:  437:Changed signature of find, getmember, naamwoord and naamwoord_w. Before, these
        -:  438:functions returned TRUE or FALSE, while the binding was returned in a
        -:  439:pointer-to-a-pointer. The program is a bit quicker (approx. 5%).
        -:  440:
        -:  441:    30 October 2011
        -:  442:
        -:  443:The expression    a^(b*d+c*d)
        -:  444:                * (a^(b*f+c*f)+a^(e*b+e*c))
        -:  445:              + -1*(a^((b+c)*(d+e))+a^((b+c)*(d+f)))
        -:  446:did not evaluate to 0. Solved.
        -:  447:
        -:  448:    25 October 2011
        -:  449:
        -:  450:After a change in handling the pattern ?^? (20100806) the function fct didn't
        -:  451:work anymore. The function has been completely reimplemented.
        -:  452:Also changed sub so it cannot go in infinite regress.
        -:  453:
        -:  454:    12 September 2011
        -:  455:
        -:  456:Now you can do:
        -:  457:    (=)=5
        -:  458:This extension mirrors
        -:  459:    5:?(=)
        -:  460:This rather useless extension restores consistency. 
        -:  461:
        -:  462:    2 September 2011
        -:  463:
        -:  464:Corrected error in evalmacro. Inserted operator nodes where deemed to fail
        -:  465:when evaluated later on.
        -:  466:
        -:  467:   31 August 2011
        -:  468:
        -:  469:The escape operator ()$ in patterns can now be used to test for flags on the
        -:  470:subject. A special case is when the rhs is an empty atom with no flags. This
        -:  471:pattern only matches subjects with no flags. In all other cases, if one or
        -:  472:more flags are present in the rhs, the subject must have these flags as well,
        -:  473:and possibly even more.
        -:  474:
        -:  475:If the rhs is an atomic node with a non-empty string, the rhs can only match
        -:  476:atomic subjects with the same string. (But possibly with flags that are not
        -:  477:specified in the rhs.)
        -:  478:
        -:  479:   29 August 2011
        -:  480:
        -:  481:The use of $ as "escape operator" is now taken one step further. One can now
        -:  482:use $ to escape any operator in a pattern, so that the otherwise problematic
        -:  483:operators = | & : ' $ _ can be pacified and parsed.
        -:  484:
        -:  485:   23 August 2011
        -:  486:Inside macros the $ can be used as escape operator to insert a $ with empty
        -:  487:lhs in the evaluated macro. Also, the _ operator is from now on left untouched
        -:  488:in a macro unless escaped. This made it necessary to adapt a few bracmat
        -:  489:scripts, e.g. the cat$ function in this file.
        -:  490:
        -:  491:   19 August 2011
        -:  492:
        -:  493:You can now do this: '($(=$x))
        -:  494:Previously, you had to do this in two steps: flabber=$x & '($flabber)
        -:  495:You also can do this: '('($(=$b))) which evaluates to ='$b
        -:  496:
        -:  497:   26 July 2011
        -:  498:There was a problem with the ! and !! flags in connection with the flg 
        -:  499:function. In flg$(=!a):(=?X.?Z) the assignment to X wouldn't succeed, because
        -:  500:in the result (=!.a) of the evaluation of flg$(=!a), the element ! had the
        -:  501:READY flag set. Now the '!' has the READY flag unset, while the 'a' has it set.
        -:  502:
        -:  503:   29 June 2011
        -:  504:Changed a few ints to long to get rid of type casts.
        -:  505:
        -:  506:   21 June 2011
        -:  507:Converted this source code to UTF-8.
        -:  508:
        -:  509:    5 May 2011
        -:  510:The expression ((==.lst$its).)' tried to list an object that was gone.
        -:  511:Now it works. The listed object is =.lst$its
        -:  512:Notice how recursion can be implemented with a 'lambda method' that has access
        -:  513:to itself ('its'):
        -:  514:
        -:  515:( (==a b.!arg:?a_?b&((its.)$!b)_((its.)$!a)|!arg) . ) ' (x y^g (z,8.L))
        -:  516:
        -:  517:This recursively swaps lhs and rhs of all operators in the argument
        -:  518:
        -:  519:    2 April 2011
        -:  520:An expression like (x=!x)&!x now results in an endless loop, not a stack
        -:  521:overflow as before.
        -:  522:
        -:  523:    31 March 2011
        -:  524:Stackoverflow occurred if an uninitialised variable was assigned to the
        -:  525:variable itself - directly or indirectly. The problem has been solved for
        -:  526:cases like
        -:  527:
        -:  528:    !y a:?x a
        -:  529:
        -:  530:where the atom !y has the READY flag set when the assignment is attempted.
        -:  531:
        -:  532:The problem can be solved completely, but at a price, namely if
        -:  533:
        -:  534:    (=!y):(=?x)
        -:  535:    
        -:  536:is made to fail. I consider this price as too high for now.
        -:  537:
        -:  538:    16 March 2011
        -:  539:Arithmetic more complex than adding is now done with much higher radix.
        -:  540:For small numbers compuations are a little bit slower, because of conversions
        -:  541:to and from character strings. For large numbers, timings are magnitudes
        -:  542:better. Multiplication of two 200000 digits numbers is about 100 times faster.
        -:  543:Computation of the first 1000 decimals of pi is about 20 times faster.
        -:  544:
        -:  545:For 32 bit systems, a radix of 10000 is chosen. For 64 bit systems
        -:  546:a radix of 100000000 is found to be appropriate.
        -:  547:
        -:  548:    27 February 2011
        -:  549:Removed a lot of dead wood and renamed a few variables to English.
        -:  550:
        -:  551:    21 February 2011
        -:  552:Rewrite of bmalloc, bfree and initialization of memory. Memory now expands
        -:  553:dynamically: when a there are no more free memory blocks of 1,2 or 3 (4, 5, 6)
        -:  554:words available, a new pool of memory blocks for the depleted size is created,
        -:  555:doubling the number of blocks in the already allocated pools for that size.
        -:  556:Removed a bug that caused (a=7)&!(a*1) to fail.
        -:  557:
        -:  558:    11 January 2011
        -:  559:The @ is again removed from non-nil atoms. Reason: the @ flag is used on a 
        -:  560:non-nil atom to indicate that backslashes in the atomstring must be
        -:  561:interpreted litterally, i.e. @"d:\bracmat" is equivalent to "d:\\bracmat"
        -:  562:
        -:  563:This change has no consequence for the stringmatch functionality 
        -:  564:introduced 20101122.
        -:  565:
        -:  566:     6 January 2011
        -:  567:Conditionally (NP) defined opbnowis()
        -:  568:Extra parentheses in line 6932
        -:  569:
        -:  570:    25 November 2010
        -:  571:Solved bug in merge().
        -:  572:
        -:  573:    22 November 2010
        -:  574:In stringmatch, the % can be used to force characterwise matching if the
        -:  575:pattern is a number. For that reason, the % and @ are no longer removed from
        -:  576:non-nil atoms as superfluous.
        -:  577:One has to take care with minusses: the patterns %"-20/5" and %-20/5 are
        -:  578:different. In %"-20/5", the % is superfluous and the pattern matches
        -:  579:characterwise. In %-20/5, the pattern matches 20/5 and the minus is ignored!
        -:  580:
        -:  581:    19 November 2010
        -:  582:Some tests to check that the position flag is followed by an integer number
        -:  583:and that the flag % doesn't occur.
        -:  584:Made sure that mod$ and div$ fail if second argument is zero.
        -:  585:
        -:  586:    15 November 2010
        -:  587:Evaluation of sums and products is now iterative instead of recursive.
        -:  588:Also, two sums or products are neatly merged instead of appended and thereafter
        -:  589:bubble sorted. Result: much faster processing of very large sums and products
        -:  590:and no danger of stack overflow.
        -:  591:For short sums, the implementation has become a little bit slower, because
        -:  592:I reverted to older, but simpler code that makes more allocations and
        -:  593:deallocations.
        -:  594:
        -:  595:    8 November 2010
        -:  596:Made some minor changes such as int -> size_t.
        -:  597:Most radical change is introduction of function Entry2 which is like Entry,
        -:  598:only with lower level of indirection. Entry2 replaces Entry in three places.
        -:  599:
        -:  600:    3 November 2010
        -:  601:Improved percolation of filter flags < > # / @ %
        -:  602:
        -:  603:    1 November 2010
        -:  604:The built-in function now returns IMPLIEDFENCE if the subject string in
        -:  605:a stringmatch is too long or if it cannot be grown to a valid UTF-8
        -:  606:multibyte sequence. Previously, the FENCE flag was set, but this had
        -:  607:the side effect that utf$ couldn't easily be used as the lhs of a match.
        -:  608:
        -:  609:Change to flt$ : flt$(0,...) now returns 0 instead of failing. Replaced
        -:  610:get$(...,MEM,VAP): ... with @(...:...).
        -:  611:
        -:  612:    27 October 2010
        -:  613:In bmalloc, all bytes are set to 0, not just the last one.
        -:  614:Reason: if all elements of size X are in use, bmalloc may return
        -:  615:a bigger sized element, of which the last four bytes will not be
        -:  616:used at all. Instead, some earlier bytes must be set to 0.
        -:  617:
        -:  618:    22 October 2010
        -:  619:Trailing closing parentheses were accepted on equal footing with '\0' bytes.
        -:  620:
        -:  621:   18 October 2010
        -:  622:The function expandProduct turned off the READY flag on all processed output,
        -:  623:even if the result was atomic and therefore ready.
        -:  624:Consequence: (1+i)*(1+-i) was evaluated to non-ready value 2, which could
        -:  625:not successfully be used in further computations.
        -:  626:
        -:  627:   10 September 2010
        -:  628:A function call in match context not only receives a function argument in
        -:  629:"arg", but also the current subject in "sjt" (from sujet or subject)
        -:  630:Example:
        -:  631:like=.out$!sjt&sim$(!arg,!sjt):>9/10&?|den$sim$(!sjt,):~<(den$sim$(!arg,0))&`~
        -:  632:@("Dogs and Cats are my enemies":? (like$mus:?animal) ?)&out$!animal
        -:  633:@("Dogs and Cats are my enemies":? (like$cat:?animal) ?)&out$!animal
        -:  634:
        -:  635:The return value from a failing function call in match context is not compared
        -:  636:to the subject.
        -:  637:
        -:  638:By returning `~ a function can indicate that further attempts with lenghtened
        -:  639:subjects with the same start position will fail.
        -:  640:
        -:  641:   6 August 2010
        -:  642:Previously, a pattern with an exponential only matched a subject with an
        -:  643:exponential. Now, the exponent in the pattern allowing, an exponent 1 is
        -:  644:assumed.
        -:  645:
        -:  646:   2 August 2010
        -:  647:Made variable v. So now
        -:  648:    bracmat put$!v
        -:  649:says:
        -:  650:    Bracmat version 4, build 72 (2 August 2010)
        -:  651:
        -:  652:   23 July 2010
        -:  653:a*b+u*(x+y) was not evaluated correctly in the previous version.
        -:  654:Now it works again.
        -:  655:
        -:  656:   30 June 2010
        -:  657:Improved error handling if BRACMATEMBEDDED is defined.
        -:  658:
        -:  659:   22 June 2010
        -:  660:If Bracmat is running embedded (e.g. as "native code" in a Java environment)
        -:  661:it may be desirable to make bracmat safer. Here are some defines that shut off
        -:  662:selected parts of Bracmat:
        -:  663:#define NO_C_INTERFACE no memory (de)allocation, peek and poke and C-function pointer API
        -:  664:#define NO_FILE_RENAME no file renaming
        -:  665:#define NO_FILE_REMOVE no file removal
        -:  666:#define NO_SYSTEM_CALL no system() call
        -:  667:#define NO_LOW_LEVEL_FILE_HANDLING
        -:  668:                       no file handling other than get$ put$ and lst$
        -:  669:#define NO_FOPEN       no calls to fopen(). (But you can still get$ put$ and lst$ to memory!)
        -:  670:#define NO_EXIT_ON_NON_SEVERE_ERRORS
        -:  671:
        -:  672:   11 June 2010
        -:  673:Had to conditionally introduce call to unlink() instead of remove() in case of Symbian (Epoc 5).
        -:  674:
        -:  675:   26 May 2010
        -:  676:Replaced sizeof(tflags) with offsetof(sk,u.obj), which may be (and normally are,
        -:  677:on 64 bit platforms at least) different, the latter taking padding into account.
        -:  678:
        -:  679:Removed ridiculous costly calls to expressionLength, perhaps using 3/4 of all
        -:  680:CPU time when repeatedly matching large data structures!
        -:  681:
        -:  682:   19 April 2010
        -:  683:Used gprof to find functions to optimize: opaf() (has become op() and af()), splits()
        -:  684:
        -:  685:   8 April 2010
        -:  686:The 'its'-member that has been missing since version 3.50 is back again.
        -:  687:
        -:  688:   6 April 2010
        -:  689:Pattern match like a b c:% c did not work as expected
        -:  690:(should be same as a b c:%? c). Solved. Same goes for @(abc:% c).
        -:  691:
        -:  692:   30 March 2010
        -:  693:Added built-in function rmv$ that removes a file.
        -:  694:
        -:  695:   26 March 2010
        -:  696:Changed code to make Bracmat compile and run in a 64-bit environment where
        -:  697:sizeof(int) == 4 and sizeof(long) == 8.
        -:  698:It is assumed that the platform is 64-bit if LONG_MAX > 2147483647L
        -:  699:In contrast to 32 bit platforms, the functions x2d and d2x handle
        -:  700:numbers up to FFFFFFFFFFFFFFFFF hexadecimal or 18446744073709551615 decimal
        -:  701:if compiled on 64-bit platforms.
        -:  702:Another noteworthy difference is that the 64-bit version finds bigger prime
        -:  703:numbers. Try 123465864564581765^1/2 Answer: 5^1/2*24693172912916353^1/2,
        -:  704:so 24693172912916353 is prime.
        -:  705:
        -:  706:   12 March 2010
        -:  707:errorStream is not kept open if it is not stderr or strout, so that other
        -:  708:processes also can write to the errorFile, if necessary. This also ensures
        -:  709:that the message is written an saved before the program ... uhm ... crashes.
        -:  710:
        -:  711:   10 March 2010
        -:  712:If run with command line options, bracmat's return value is the numerical
        -:  713:value of the last expression evaluated. If the last evaluated expression
        -:  714:is not atomic or not a string that can be scanned as an integer number
        -:  715:using strtol, the exit code is 0.
        -:  716:Built-in exit codes:
        -:  717:-1  out of memory
        -:  718:116 invalid function syntax
        -:  719:117 string match attempted with non-atomic argument
        -:  720:
        -:  721:   9 March 2010
        -:  722:New built-in function arg$. If Bracmat is started with any arguments (argc > 1)
        -:  723:every argument is evaluated from left to right, unless arguments are consumed
        -:  724:by calls to arg$. For example,
        -:  725:    bracmat get$myprog -i c:\documents\input.txt -o d:\html\index.html
        -:  726:would evaluate
        -:  727:    get$myprog
        -:  728:    -i
        -:  729:    c:\documents\input.txt
        -:  730:    -o
        -:  731:    d:\html\index.html
        -:  732:in that order. Evaluating the last four arguments is not very meaningful,
        -:  733:however: the backslashes are interpreted as escapes, which they are not.
        -:  734:Moreover, the colon and the dot are interpreted as operators. However, the
        -:  735:bracmat program "myprog" can call the function arg$ four times and in that way
        -:  736:empty the queue of arguments. arg$ returns an atom containing an exact copy of
        -:  737:the next program argument. Using string matching the arguments can be parsed,
        -:  738:if necessary.
        -:  739:Precautions must be taken if the path or name of the bracmat program contains
        -:  740:characters that can be mistakenly interpreted. E.g. (in Windows)
        -:  741:    bracmat "get$@\"c:Program Files\myprog.bra\"" -i c:\documents\input.txt -o d:\html\index.html
        -:  742:In *N*X the apostrophes surrounding the first argument must be replaced by
        -:  743:quotes.
        -:  744:A second form is arg$N, where 0 <= N < argc. arg$0 will normally return the
        -:  745:command name "bracmat" or a path leading to "bracmat".
        -:  746:
        -:  747:   23 February 2010
        -:  748:upp$ and low$ now handle UTF-8. upp$ is a bit tricky, as some characters
        -:  749:occupy more bytes when uppercased. A simple in-place replacement is tried
        -:  750:first, and is fine in 99% of all cases. If an overrun is imminent, more space
        -:  751:is allocated.
        -:  752:
        -:  753:   22 February 2010
        -:  754:sim$(s1,s2) accepts UTF-8. 8-bit Latin-1 is also ok.
        -:  755:chr$ fails if argument is > 255
        -:  756:
        -:  757:   21 February 2010
        -:  758:~<> are now effective on patterns headed by $ or ' operator
        -:  759:b:>(str$a)
        -:  760:b:~<>(str$A)
        -:  761:
        -:  762:   20 February 2010
        -:  763:~<> uses case insensitive compare on unicode
        -:  764:
        -:  765:   19 February 2010
        -:  766:x2d$   converts hexadecimal number to decimal
        -:  767:d2x$   converts decimal number to hexadecimal
        -:  768:Both routines are restricted to decimal numbers 0 ... 4294967295 (hex 0 ... ffffffff)
        -:  769:Failure if not all characters can be scanned.
        -:  770:
        -:  771:   12 February 2010 Simplified changeCase()
        -:  772:   10 February 2010
        -:  773:abc:?NN & @(!NN:!NN ?x)
        -:  774:!x evaluated to "abc", not to ""
        -:  775:
        -:  776:   2 February 2010
        -:  777:Input scanning stopped at 0x80, as in the utf-8 sequence e2 80 93 (8211 EN DASH )
        -:  778:
        -:  779:   27 January 2010
        -:  780:~@ matches non-atomic matter, both in stringmatch and now also in match.
        -:  781:
        -:  782:   26 January 2010
        -:  783:@ and % flags are not turned off if combined with < and/or >.
        -:  784:(Previously, they were seen as "superfluous" if in combination with non-empty object.)
        -:  785:Handy if you want to skip white space:
        -:  786:
        -:  787:@("  \r\n\t  xyz\r\n  ":?a (>@" " ?:?y) ~>%" " ?)
        -:  788:
        -:  789:Changed KILOKNOPEN back to 10000
        -:  790:
        -:  791:   16 September 2009
        -:  792:Changed KILOKNOPEN to 100000 (was 10000)
        -:  793:
        -:  794:   3 July 2009
        -:  795:
        -:  796:Setting #define CODEPAGE850 0 removes all reminiscenses of DOS-codepages.
        -:  797:
        -:  798:Unicode (UTF-8) support
        -:  799:chu$number returns a sequence of 1-6 bytes. The highest allowed value of the number is 2147483647 (7FFFFFFF hex)
        -:  800:            Notice that RFC 3629 restricts UTF-8 to 4 bytes and that the highest allowed code point 10FFFF hex.
        -:  801:utf$string returns the code point of the character represented by the UTF-8 sequence of bytes.
        -:  802:            If the string is too short or too long, or if the sequence is an invalid UTF-8 string, the function fails.
        -:  803:            It is safe to use utf$ in a pattern:
        -:  804:            @(!txt:(?%c & utf$!c) ?)
        -:  805:            If txt starts with an valid UTF-8 sequence, bracmat backtracks until c matches the UTF-8 sequence.
        -:  806:            If txt starts with a sequence that is not UTF-8, bracmat stops backtracking when that fact has been
        -:  807:            established.
        -:  808:
        -:  809:   30 June 2009
        -:  810:bracmat now evaluates all parameters given to it, from left to right.
        -:  811:
        -:  812:command line:bracmat a=1 b=14 out$(!a+!b)
        -:  813:output:15
        -:  814:
        -:  815:Previously, only the first parameter was evaluated.
        -:  816:As always, if no parameter is specified, bracmat enters interactive mode.
        -:  817:
        -:  818:   11 February 2009
        -:  819:Corrected error in flt$. All powers of ten were analysed to 1,
        -:  820:for example flt$(100,2) -> 1,00*10E0
        -:  821:
        -:  822:   13 November 2008
        -:  823:stop string also works when writing.
        -:  824:fil$("file.txt",w)
        -:  825:fil$(,STR," \n\r\t")
        -:  826:fil$(,,,"Workers go to strike/for higher wages
        -:  827:and for more kindergartens.")
        -:  828:fil$("file.txt",r)
        -:  829:fil$(outfile,w)
        -:  830:fil$("infile.txt",STR)
        -:  831:fil$(outfile,STR," \n\r\t")
        -:  832:fil$(,,,"Workers go to strike for higher wages")
        -:  833:
        -:  834:Stop string can also be specified when reading or writing
        -:  835:fil$(,,"/","Workers go to strike/for higher wages")
        -:  836:fil$("infile.txt",,".!?,;")
        -:  837:
        -:  838:An empty stop string means: write all of the string.
        -:  839:(Or read to end of file, if file mode is reading).
        -:  840:
        -:  841:   10 September 2008
        -:  842:x^(y*(a+b))+-1*x^(a*y+b*y) -> 0 Before, the exponents were regarded as
        -:  843:different. If, during comparison, a subtree of lhs has pattern ?*(?+?) and
        -:  844:the corresponding subtree of the rhs ?+?, the lhs subtree is expanded to
        -:  845:a sum (defactorised) and the comparison is done on the transformed lhs and
        -:  846:the rhs. Notice that the most expensive exponent survives:
        -:  847:x^(y*(a+b))+x^(a*y+b*y): 2*x^(y*(a+b))
        -:  848:
        -:  849:0^-1 succeeded and gave 0, now it fails. (0/7^-1 already failed)
        -:  850:
        -:  851:Strings starting with a zero and followed by another figure are not numbers
        -:  852:00/7, 098
        -:  853:
        -:  854:Input ()k went in endless loop, because the k was interpreted as an operator.
        -:  855:Now it says "malformed input".
        -:  856:
        -:  857:   11 February 2008
        -:  858:whl' now returns function_ok instead of function_fail. Although the
        -:  859:loop exits when the rhs fails and there therefore is nothing meaningful to
        -:  860:"return", it led to ugly code when a whl' loop always had to be negated
        -:  861:
        -:  862:    ... & ~(whl'(...)) & ...
        -:  863:
        -:  864:or put into the lhs of an OR
        -:  865:
        -:  866:    & ( whl'(...) |  ) &
        -:  867:
        -:  868:til' is commented out. It has no future.
        -:  869:
        -:  870:   28 January 2008
        -:  871:evalmacro did not unset the ready-bit on an inserted expression consisting of
        -:  872:a variable with exclamation mark. It does now.
        -:  873:
        -:  874:   27 January 2008
        -:  875:Introduction of flag [ for acquiring or requiring the current position during
        -:  876:a (string)match. Examples:
        -:  877:    a b c:? ([-1:[?endpos)
        -:  878:will assign the length of the subject, 3, to variable endpos.
        -:  879:    a b c d e:? [!endpos ?extramaterial
        -:  880:will assign d e to extramaterial.
        -:  881:Works in match and stringmatch alike, with some exceptions:
        -:  882:@(:[0) succeeds, but (:[0) fails. Reason: in the first case, the subject
        -:  883:is the nil element, but in the second case, the lhs is just an atom,
        -:  884:although a funny one. In a certain context, this atom plays the role
        -:  885:of nil element, but not in other contexts.
        -:  886:
        -:  887:Found out that stringmatch had a measurable side effect on the subject
        -:  888:
        -:  889:subject=abcdef
        -:  890:@(!subject:? (d & !subject:abcd) ?
        -:  891:
        -:  892:This would succeed, because the string had been temporarily cut off after
        -:  893:the 'd'.
        -:  894:Now match and string match are much more alike and the problem is solved.
        -:  895:
        -:  896:Introduction of two built-in functions: whl and til. whl repeatedly evaluates
        -:  897:its argument until it fails. whl always returns failure. til repeatedly
        -:  898:evaluates its argument until it succeeds and returns the result of the last
        -:  899:evaluation.
        -:  900:There are no plans to make if...else and switch equivalents in Bracmat.
        -:  901:It may be that whl and/or til are retracted later. They seem a bit superfluous.
        -:  902:
        -:  903:   13 January 2008
        -:  904:`~a:?b will now assign `~a to b
        -:  905:@(`~a:?b) will assign a to b. !a will succeed
        -:  906:As before, this will assign something failing to a variable:
        -:  907:dummy ~a:dummy ?m
        -:  908:!m fails
        -:  909:~!m gives ~a
        -:  910:
        -:  911:   3 January 2008
        -:  912:Better implementation of the evaluation of !(=a).
        -:  913:It is now possible to construct and run a loop as a datastructure with
        -:  914:a closed loop of pointers. Performance-wise nothing is gained, however.
        -:  915:  (loop= !i+1:<10000000:?i&!(=))
        -:  916:& '$loop:(=?(loop.)) {Make closed datastructure}
        -:  917:& ~!loop {loop 10.000.000 times}
        -:  918:& :?(loop.) {Open the datastructure.(Otherwise you'll have a memory leak when
        -:  919:             'loop' goes out of scope.)}
        -:  920:
        -:  921:Several functions have been factorised. evalueer() has been restructured.
        -:  922:
        -:  923:   2 January 2008
        -:  924:I've decided that a:(~@(a:a)) means about the same as a:(~@:(a:a)), i.e. it
        -:  925:fails because a is not not an atom. For the same reason a:(~@(a:b)) fails.
        -:  926:~@(a:a) in an evaluation context such as x&~@(a:a) succeeds. It merely means
        -:  927:a:a
        -:  928:
        -:  929:Use #define STRINGMATCH_CAN_BE_NEGATED 1 to allow ~@(<subject>:<pattern>)
        -:  930:as a stringmatch that has its result negated after evaluation.
        -:  931:
        -:  932:Use #define STRINGMATCH_CAN_BE_NEGATED 0 to interpret ~@(<subject>:<pattern>)
        -:  933:as the opposite of stringmatch, i.e. a normal match, the same as
        -:  934:(<subject>:<pattern>) with the additional condition that <subject> is not an
        -:  935:atom. Notice, however, that ~@#(abc:? b ?) succeeds, as the ~ negates #, not @
        -:  936:(priority /#<>@)
        -:  937:
        -:  938:Succeeding tests:
        -:  939:a b:(~@(? b:a %))
        -:  940:~@(a b:a ?)
        -:  941:~@(a:a)
        -:  942:12/34:@(?x:#?a (~#%@:?y) #?b)&!y:"/"
        -:  943:
        -:  944:Failing tests:
        -:  945:a:(~@(a:a))
        -:  946:~@(a:b)
        -:  947:12/34:@(#?a (~#%@:?y) #?b:?x)&!y:"/"
        -:  948:    (This fails because the pattern
        -:  949:        #?a (~#%@:?y) #?b
        -:  950:    is in the match context 12/34:<rhs>, not in a stringmatch context.
        -:  951:    Remember, the first @ says that subject is an atom, which it is in the
        -:  952:    match context, but not in a stringmatch context.)
        -:  953:@(12/34:@(#?a (~#%@:?y) #?b:?x)&!y:"/")
        -:  954:    (This fails because 12/34 is not an atom in a stringmatch context.)
        -:  955:
        -:  956:   29 December 2008
        -:  957:Compilation with Norcroft RISC OS ARM C vsn 3.00 [Jul 12 1989]
        -:  958:This resulted in some formal corrections (signed vs unsigned int,
        -:  959:int vs long, too many arguments for format in Printf,
        -:  960:#if _BRACMATEMBEDDED changed to #if defined _BRACMATEMBEDDED)
        -:  961:
        -:  962:The changes of 20071217 were undone, because the solution did not work for
        -:  963:    ~(&~@(a:a))
        -:  964:New solution:
        -:  965:In lex(), undo setting of
        -:  966:    success == FALSE
        -:  967:on : node if ~@ flags are attached to this operator.
        -:  968:This is a special case. In ~@(a:b) the ~ operator must
        -:  969:not negate the @ but the result of the string match.
        -:  970:
        -:  971:I am not convinced that this is the right decision. Perhaps we simply
        -:  972:should not allow other flags than @ on : if we want it to be interpreted
        -:  973:as a string match operation.
        -:  974:
        -:  975:   17 December 2007
        -:  976:~@(a:a) didn't fail and ~@(a:b) didn't succeed. Now they do.
        -:  977:
        -:  978:   9 October 2007
        -:  979:Removed test print from getObjectDef.
        -:  980:
        -:  981:   18 September 2007
        -:  982:    a b "" ""
        -:  983:evaluates to
        -:  984:    a b ()
        -:  985:instead of
        -:  986:    a b
        -:  987:Changed function handleLUCHT to correct this.
        -:  988:
        -:  989:   7 July 2007
        -:  990:Differentiation: Originally, to indicate that a variable x depends on another
        -:  991:variable p, one wrote x=p, or x=s and s=p. If one wrote (x=), then y\Dx
        -:  992:resulted in stack overflow. The appropriate way to indicate dependeny is
        -:  993:dep=(x.p) (....)
        -:  994:
        -:  995:The range function has been abolished. Originally the idea was that Bracmat
        -:  996:not only should handle numbers and symbols, but also ranges. Thus, 2^>3 would
        -:  997:give >16 and -5*>2 would give <-10. This had to be given up as ranges become
        -:  998:more and more complicated to express. (>4*~>3 = ?)
        -:  999:
        -: 1000:Code implementing a string table (COMPILE==1) has been removed
        -: 1001:COMPILE works not faster, but slower (about 10%) and uses more nodes.
        -: 1002:
        -: 1003:The unfinished attempt at implementing objects that can be saved and re-read
        -: 1004:(serialization) has been given up (OBJECTS==1) Flag: [
        -: 1005:
        -: 1006:VAX-specific code removed.
        -: 1007:
        -: 1008:   5 July 2007:
        -: 1009:There were problems with stringmatches:
        -: 1010:@(aaab:((|a) aa) b)
        -: 1011:This failed because the match
        -: 1012:    aa:aa
        -: 1013:prematurely ended the match with failure.
        -: 1014:The cause was that this match ONCED the whole match
        -: 1015:    aa:(|a) aa
        -: 1016:
        -: 1017:This partly undoes a change made in 200704
        -: 1018:
        -: 1019:new$hash:?h
        -: 1020:(h..ISO)$
        -: 1021:(h..insert)$(a.b)
        -: 1022:
        -: 1023:This made a division by zero, because (h..ISO) had rehashed the table
        -: 1024:to a table with zero size. (hashes are born with non-zero size)
        -: 1025:The computation of the loadfactor went wrong.
        -: 1026:
        -: 1027:    4 April 2007:
        -: 1028:Tail recursion optimisation in complexiteit.
        -: 1029:
        -: 1030:Solved bug in handling of strings with characters > 0x80 in expressions like
        -: 1031:    a å
        -: 1032:
        -: 1033:Solved bug in handling of e^(i*pi)
        -: 1034:
        -: 1035:Solved bug in handling of i:-i
        -: 1036:
        -: 1037:Solved bug in handling of -1*i^1/3
        -: 1038:
        -: 1039:lst$ now lists ALL names. Previously, names starting with character above 0x7f
        -: 1040:were hidden. Som hidden functions that were called from f0, f4 or f5 are
        -: 1041:now declared inside these functions and therefore hidden.
        -: 1042:
        -: 1043:get$ and fil$ first try to open a file interpreting the file name as a path
        -: 1044:relative to the current working directory. If that fails, and if the program
        -: 1045:is started with a fully qualified path+file name, this path is prepended to the
        -: 1046:name of the file to be opened. If opening the file also fails with the new
        -: 1047:path, get$ and fil$ fail. This functionality requires that
        -: 1048:1) the file mode is "reading"
        -: 1049:2) the file name does not contain an absolute path
        -: 1050:3) the program knows its path
        -: 1051:If the program does not know its path, it may help to start the program with
        -: 1052:a fully qualified path on the command line. This instruction can be put in
        -: 1053:a shell script or batch file.
        -: 1054:This improvement is especially helpful for opening the "help"-file.
        -: 1055:
        -: 1056:In string matching the expression
        -: 1057:    @(abcd:?u (?:%@ %@) (?z & ~))
        -: 1058:now makes sure that the pattern (?:%@ %@) never is presented with more than two
        -: 1059:characters. Before, the @ flag did not really work with string matching and the
        -: 1060:: operator extinguished the cut condition that arises in its rhs.
        -: 1061:This works now within a reasonable time:
        -: 1062:(do=
        -: 1063:  get$(help,STR):?S
        -: 1064:& @( !S
        -: 1065:   :   ?
        -: 1066:       ( ?:(%@:~" ":~",") %@ %@ %@ %@ %@ %@ %@ %@ %@ %@ %@ %@ %@ %@ %@ %@ %@ %@ %@ %@ %@ %@:?x
        -: 1067:       & '(? ()$x ?):(=?x)
        -: 1068:       )
        -: 1069:       !x
        -: 1070:   )
        -: 1071:& !x);
        -: 1072:!do
        -: 1073:
        -: 1074:
        -: 1075:In a string, characters that also have a meaning as an operator can be escaped:
        -: 1076:nsc\'ere
        -: 1077:is the same as
        -: 1078:"nsc'ere"
        -: 1079:
        -: 1080:The names of cat$'s local variables are now taken from the list of names of
        -: 1081:predefined functions. Consequently, cat$ does not list its own local variables.
        -: 1082:(Previously, listing of these names was circumvented by the rule that names
        -: 1083:starting with high-bit-set characters are kept hidden.)
        -: 1084:
        -: 1085:Defunct ego$ and goe$ are abolished.
        -: 1086:
        -: 1087:   22 February 2007:
        -: 1088:    Major change in match() that speeds up matching. Found also an error in the
        -: 1089:    handling of an alternating pattern with an alternating pattern in the lhs
        -: 1090:    and a FENCE flag in the leftmost node.
        -: 1091:    Similar changes in stringmatch() must yet be made.
        -: 1092:
        -: 1093:   20 February 2007:
        -: 1094:    Changed int and unsigned long to size_t in two places to stop warnings.
        -: 1095:
        -: 1096:
        -: 1097:   18 January 2007:
        -: 1098:    Added _CONSOLE to test for Windows API
        -: 1099:    @(:? ?) failed. Cause: Unmotivied test for subjectstring not being empty.
        -: 1100:
        -: 1101:    20060704 caseinsensitivehash fixed
        -: 1102:
        -: 1103:   23 June 2006
        -: 1104:caseinsensitivehash uses lowerEquivalent without converting array index to
        -: 1105:unsigned int!
        -: 1106:
        -: 1107:   12 October 2005:
        -: 1108:    Corrected error in flt$. During rounding, the variable m could become
        -: 1109:    > 10. Consequently, the exponent must be increased by one and m must
        -: 1110:    be divided by 10 in those cases.
        -: 1111:
        -: 1112:   5 September 2005:
        -: 1113:    Changed C++-style comments to old fashioned C-style comments.
        -: 1114:    Removed enum {NoIndication,AnInteger,NotAFraction,NotANumber,AFraction,ANumber};
        -: 1115:
        -: 1116:   5 april 2005:
        -: 1117:    flg$<flags><atom> now returns ((=<flags>).<atom>)
        -: 1118:    This protects the flags from evaluation.
        -: 1119:
        -: 1120:   17 november 2004:
        -: 1121:    clk$ returns 0 if clock() returns -1
        -: 1122:    bez$ returns (<nodes>.<max nodes>.<max ref>)
        -: 1123:    epoc version: delete key emits ascii 8 (back space). Now, ascii(8) moves
        -: 1124:    the input pointer one position back, deleting the previous entered
        -: 1125:    character. (see mygetc)
        -: 1126:
        -: 1127:   25 sep 2004: strrev rewritten for Epoc
        -: 1128:
        -: 1129:   6 June 2004:
        -: 1130:1) Started to make late binding in string matching
        -: 1131:2) Corrected errors in assignment to and listing of objects with late bound values
        -: 1132:
        -: 1133:   20040830
        -: 1134:This fails:
        -: 1135:(obj=x=)&dbg'@("abc":?(obj.x) "c") & out$!(obj.x);
        -: 1136:
        -: 1137:This works:
        -: 1138:dbg'@("abc":?x "c") & out$!x;
        -: 1139:*/
        -: 1140:/*
        -: 1141:NOTES
        -: 1142:=====
        -: 1143:
        -: 1144:2002.12.15
        -: 1145:----------
        -: 1146:This is the open source version of Bracmat.
        -: 1147:
        -: 1148:Originally, Bracmat was written in Basic for the Amstrad computer. Its sole
        -: 1149:purpose was to derive a simple expression for the curvature of a model
        -: 1150:space-time, starting from the components of the metric. The only operations
        -: 1151:the program was capable to perform were multiplications, exponentiations,
        -: 1152:logarithms, and partial derivatives. The expressions were a mix of numbers
        -: 1153:and symbolic variables, like "a+2*b". Thus, "a+a" was simplified to "2*a".
        -: 1154:
        -: 1155:The second version of Bracmat, about 1988, was developed in Ansi C and run
        -: 1156:on an Acorn Archimedes. Great care was taken to make the program portable to
        -: 1157:other hardware, such as Atari, VAX and even the PC. The PC architecture, with
        -: 1158:its limited memory, its 16 bit architecture and its limitation on the size of
        -: 1159:the program stack, posed some severe limitations on the program. Therefore
        -: 1160:great care was taken to limit the use of the stack to a minimum. This has
        -: 1161:lead to some rather large functions (to save stack-consuming function calls).
        -: 1162:
        -: 1163:The C version became a true programnming language, with program variables,
        -: 1164:logical operators and function calls. The syntax, however, was not changed.
        -: 1165:For example, instead of using "if...then...else...", I decided to write
        -: 1166:something like "...&...|...", using lazy evaluation of the infix binary
        -: 1167:logical operators "&" (AND) and "|" (OR) for program control.
        -: 1168:
        -: 1169:The logical operators, of course, should test for operands being "true" or
        -: 1170:"false". The main provider of interesting truth values became the pattern
        -: 1171:matching operator ":", which tests whether the pattern (the rhs-operand)
        -: 1172:matches the subject (the lhs-operand). The single outstanding feature of
        -: 1173:Bracmat is, in fact, its pattern recognition, which works on tree structures,
        -: 1174:not on strings of characters.
        -: 1175:
        -: 1176:Bracmat was also extended with a few operators that makes this programming
        -: 1177:language interesting in the field of computational linguistics, namely the
        -: 1178:blank " ", the comma "," and the full stop ".". (The interpunction symbols
        -: 1179:"?", "!" and ";" were already 'taken' to serve other purposes.)
        -: 1180:
        -: 1181:You may find the source code difficult to read at some places. You are best
        -: 1182:off if you understand English and Dutch (and perhaps Danish). Only if the
        -: 1183:program arises enough interest I will invest the effort to streamline the
        -: 1184:source text and make it more understandable for the general programmer.
        -: 1185:*/
        -: 1186:
        -: 1187:/*
        -: 1188:TODO list:
        -: 1189:20010103: Make > and < work on non-atomic stuff
        -: 1190:20010904: Issue warning if 'arg' is declared as a local variable
        -: 1191:*/
        -: 1192:/* 20001213, There is a need to improve documentation of fil$ */
        -: 1193:/* 20001213, rename a file ren$(oldname.newname) */
        -: 1194:/* >Bracmat 16-11-91 */
        -: 1195:/* 20010309 evalueer on LUCHT and KOMMA strings is now iterative on the
        -: 1196:   right descending (deep) branch, not recursive.
        -: 1197:   (It is now possible to read long lists, e.g. dictionairies, without causing
        -: 1198:   stack overflow when evaluating the list.)
        -: 1199:   20010821 a () () was evaluated to a (). Removed last ().
        -: 1200:   20010903 (a.) () was evaluated to a
        -: 1201:*/
        -: 1202:#define DEBUGBRACMAT 0 /* implement dbg'(expression), see DBGSRC macro */
        -: 1203:#define REFCOUNTSTRESSTEST 0
        -: 1204:#define DOSUMCHECK 0
        -: 1205:#define CHECKALLOCBOUNDS 0 /* only if NDEBUG is false */
        -: 1206:#define PVNAME 0 /* allocate strings of variable names separately from variable structure. */
        -: 1207:#define STRINGMATCH_CAN_BE_NEGATED 0 /* ~@(a:a) */
        -: 1208:#define CODEPAGE850 0
        -: 1209:#define MAXSTACK 0 /* 1: show max stack depth (eval function only)*/
        -: 1210:#define CUTOFFSUGGEST 1
        -: 1211:#define READMARKUPFAMILY 1 /* read SGML, HTML and XML files. (include xml.c in your project!) */
        -: 1212:
        -: 1213:/* 
        -: 1214:About reference counting.
        -: 1215:Most nodes can be shared by no more than 1024 referers. Copies must be made as needed.
        -: 1216:Objects (nodes with = ('WORDT' in Dutch) are objects and cane be shared by almost 2^40 referers.
        -: 1217:
        -: 1218:small refcounter       large refcounter              comment
        -: 1219:(10 bits, all nodes)   (30 bits, only objects)
        -: 1220:0                      0                             not shared, no test of large refcounter needed.
        -: 1221:1                      0                             shared with one, so totalling two
        -: 1222:2                      0                             shared with two
        -: 1223:..                     ..
        -: 1224:1022                   0
        -: 1225:1023                   0                             totalling 1024, *** max for normal nodes ***
        -: 1226:1                      1                             totalling 1025
        -: 1227:2                      1
        -: 1228:..                     ..
        -: 1229:m                      1
        -: 1230:..                     ..                            totalling 1024+(1-1)*1023+m
        -: 1231:1023                   1                             totalling 1024+1*1023
        -: 1232:..                     ..
        -: 1233:m                      n                             totalling 1024+(n-1)*1023+m or 1+n*1023+m
        -: 1234:1023                   2^30-1                        totalling 1024+(2^30-2)*1023+1023=1 098 437 885 953
        -: 1235:                                                         (or   1+2^30*1023)
        -: 1236:*/
        -: 1237:
        -: 1238:#if DEBUGBRACMAT
        -: 1239:#define DBGSRC(code)    if(debug){code}
        -: 1240:#else
        -: 1241:#define DBGSRC(code)
        -: 1242:#endif
        -: 1243:
        -: 1244:#if MAXSTACK
        -: 1245:static int maxstack = 0;
        -: 1246:static int stack = 0;
        -: 1247:#define ASTACK {++stack;if(stack > maxstack) maxstack = stack;}{
        -: 1248:#define ZSTACK }{--stack;}
        -: 1249:#else
        -: 1250:#define ASTACK
        -: 1251:#define ZSTACK
        -: 1252:#endif
        -: 1253:
        -: 1254:#include <assert.h>
        -: 1255:
        -: 1256:/*19980208
        -: 1257:Bug in match!!
        -: 1258:Removed 19971207
        -: 1259:*/
        -: 1260:/*
        -: 1261:sub must also accept . as separator between args
        -: 1262:*/
        -: 1263:/* wis: 18 Maart 1997, tail recursion optimization; delete deep structures*/
        -: 1264:/* bezig met modernisering getallen */
        -: 1265:/* 16 mei 1993: constante "-i" ingevoerd om evenwicht te brengen in gedrag
        -: 1266:   van complexe getallen en hun complex geconjugeerde. */
        -: 1267:/* Nog nodig: -n*i^iets -> n*-i^iets
        -: 1268:              n*i*a+m*-i*a  -> (n-m)*i*a
        -: 1269:   Goed doortesten !
        -: 1270:*/
        -: 1271:
        -: 1272:
        -: 1273:/* 24 april 1992: UNOPS uitgebreid met MINUS */
        -: 1274:/* 26 april 1992: fct aangepast voor (a+b)^-n */
        -: 1275:/* 24 maart 1993: function syntax veranderd:
        -: 1276:   met FUNC defined oude stijl: foo = fun$(loc'(x,y,z),!arg);
        -: 1277:   zonder FUNC define:          foo = x,y,z.!arg */
        -: 1278:
        -: 1279:/* 30 juli 1993: structure:
        -: 1280:   het is nu mogelijk om aan een expressie als naam=Bart een andere waarde
        -: 1281:   toe te kennen. In feite wordt de rechter operand van de = operator
        -: 1282:   stomweg vervangen door de nieuwe waarde, waardoor circulaire data-
        -: 1283:   structuren mogelijk worden! BJO 4 Jan 1996
        -: 1284:
        -: 1285:   voorbeeld:
        -: 1286:
        -: 1287:   {?} x==(name=Bart).(age=40)
        -: 1288:   {?} !x
        -: 1289:   {!} =(name=Bart).(age=40)
        -: 1290:   {?} !!x
        -: 1291:   {!} Bart.40
        -: 1292:   {?} !x:(=?naam.?leeftijd)
        -: 1293:   {?} Bart Jongejan:?!naam
        -: 1294:   {?} !!x
        -: 1295:   {!} Bart Jongejan.40
        -: 1296:   {?} x..age=veertig                          BJO 4 Jan 1996
        -: 1297:   {?} !!x
        -: 1298:   {!} Bart Jongejan.veertig
        -: 1299:
        -: 1300:   x..name.first=Bart vervangt Jan door Bart in
        -: 1301:
        -: 1302:   x==(name=(first=Jan).(family=Abbens)).(age=33)
        -: 1303:
        -: 1304:   Merk op dat de = operator z'n speciale betekenis in patterns kwijt is
        -: 1305:   ~=(% %) moet dus voortaan geschreven worden als ((% %) & `~|?)
        -: 1306:*/
        -: 1307:
        -: 1308:#if 0 && defined __GNUC__ && !defined sparc && !defined __hpux && !defined __hpux__
        -: 1309:/* TODO test must be changed to a positive list. Bart 20030704 */
        -: 1310:#define ARM /*1*/ /* assume it's an Acorn */
        -: 1311:#define os_swix os_swi /* different naming */
        -: 1312:typedef struct {
        -: 1313: int r[10];
        -: 1314:}os_regset;
        -: 1315:#else
        -: 1316:/*#define ARM 0*/ /* assume it isn't an Acorn */
        -: 1317:#endif
        -: 1318:
        -: 1319:
        -: 1320:#if (defined __TURBOC__ && !defined __WIN32__) || (defined ARM && !defined __SYMBIAN32__)
        -: 1321:#define O_S 1 /* 1 = with operating system interface swi$ (RISC_OS or TURBO-C), 0 = without  */
        -: 1322:#else
        -: 1323:#define O_S 0
        -: 1324:#endif
        -: 1325:
        -: 1326:/* aanwijzingen voor het compileren
        -: 1327:   (met een ANSI-C compiler of iets wat daar dichtbij in de buurt komt)
        -: 1328:
        -: 1329:Archimedes ANSI-C release 3:
        -: 1330:*up
        -: 1331:*del. :0.$.c.clog
        -: 1332:*spool :0.$.c.clog
        -: 1333:*cc bracmat
        -: 1334:*spool
        -: 1335:
        -: 1336:Met RISC_OS functies:
        -: 1337:
        -: 1338:cc bracmat
        -: 1339:
        -: 1340:file cc (in directory c):
        -: 1341:
        -: 1342:| >cc
        -: 1343:up
        -: 1344:delete $.c.clog
        -: 1345:spool $.c.clog
        -: 1346:cc -c %0 -IRAM:$.RISC_OSLib
        -: 1347:if Sys$ReturnCode = 0 then run c.li %0 else spool
        -: 1348:
        -: 1349:file li (in directory c):
        -: 1350:
        -: 1351:| >li
        -: 1352:link -o %0 o.%0 RAM:$.RISC_OSLib.o.RISC_OSLib RAM:$.Clib.o.Stubs
        -: 1353:||G
        -: 1354:spool
        -: 1355:if Sys$ReturnCode = 0 then squeeze %0 else echo |G
        -: 1356:
        -: 1357:Microsoft QUICKC (MS-DOS) (compact en large model kunnen allebei)
        -: 1358:qcl /Ox /AC /F D000 bracmat.c
        -: 1359:Microsoft optimizing compiler V5.1
        -: 1360:cl /Ox /AC /F D000 bracmat.c
        -: 1361:
        -: 1362:Borland TURBOC (MS-DOS) V2.0
        -: 1363:tcc -w -f- -r- -mc -K- bracmat
        -: 1364:
        -: 1365:Atari : definieer -DATARI i.v.m. BIGENDIAN en extern int _stksize = -1;
        -: 1366:               en -DW32   doch alleen als (int)==(long)
        -: 1367:*/
        -: 1368:
        -: 1369:/* optionele #defines voor debuggen en aanpassing aan machine */
        -: 1370:
        -: 1371:#define TELMAX  1 /* maximaal aantal gealloceerde nodes laten zien */
        -: 1372:#define TELLING 0 /* idem,uitgebreid met huidige allocatie, per groep van
        -: 1373:                       4,8,12 en >12 bytes */
        -: 1374:#if TELLING
        -: 1375:#if TELMAX == 0
        -: 1376:#undef TELMAX
        -: 1377:#define TELMAX 1
        -: 1378:#endif
        -: 1379:#ifndef TELMAX
        -: 1380:#define TELMAX 1
        -: 1381:#endif
        -: 1382:#endif
        -: 1383:
        -: 1384:/*#define reslt hreslt  om in resultaat ALLE haakjes te laten zien*/
        -: 1385:#define INTSCMP 0   /* linke manier om strings te vergelijken */
        -: 1386:#define ICPY 0      /* woord voor woord copieren, i.p.v. byte voor byte */
        -: 1387:
        -: 1388:/* hieronder zijn geen optionele #defines meer */
        -: 1389:#if defined __BYTE_ORDER && defined __LITTLE_ENDIAN /* gcc on linux defines these */
        -: 1390:#if __BYTE_ORDER == __LITTLE_ENDIAN
        -: 1391:#define BIGENDIAN 0
        -: 1392:#else
        -: 1393:#define BIGENDIAN 1
        -: 1394:#endif
        -: 1395:#endif
        -: 1396:
        -: 1397:#ifndef BIGENDIAN
        -: 1398:
        -: 1399:#if defined mc68000 || defined MC68000 || defined mc68010 || defined mc68020 || defined mc68030 || defined ATARI || defined sparc || defined __hpux || defined __hpux__
        -: 1400:#define BIGENDIAN 1
        -: 1401:#endif
        -: 1402:
        -: 1403:#endif
        -: 1404:
        -: 1405:#ifndef BIGENDIAN
        -: 1406:#define BIGENDIAN     0
        -: 1407:#endif
        -: 1408:
        -: 1409:#if defined BRACMATEMBEDDED
        -: 1410:#define _BRACMATEMBEDDED 1
        -: 1411:#else
        -: 1412:#define _BRACMATEMBEDDED 0
        -: 1413:#endif
        -: 1414:
        -: 1415:#if (defined _Windows || defined _MT /*multithreaded, VC6.0*/)&& (!defined _CONSOLE /*18 January 2007*/ && !defined __CONSOLE__ || defined NOTCONSOLE || _BRACMATEMBEDDED)
        -: 1416:/* _CONSOLE defined by Visual C++ and __CONSOLE__ seems always to be defined in C++Builder */
        -: 1417:#define MICROSOFT_WINDOWS_API 1
        -: 1418:#else
        -: 1419:#define MICROSOFT_WINDOWS_API 0
        -: 1420:#endif
        -: 1421:
        -: 1422:#if MICROSOFT_WINDOWS_API && defined POLL /*Bart 20030410: Often no need for polling in multithreaded apps.*/
        -: 1423:#define JMP 1 /* 1: listen to WM_QUIT message. 0: Do not listen to WM_QUIT message. */
        -: 1424:#else
        -: 1425:#define JMP 0
        -: 1426:#endif
        -: 1427:
        -: 1428:#if _BRACMATEMBEDDED
        -: 1429:#include "bracmat.h"
        -: 1430:#endif
        -: 1431:
        -: 1432:
        -: 1433:#if defined sun && !defined __GNUC__
        -: 1434:#include <unistd.h> /* SEEK_SET, SEEK_CUR */
        -: 1435:#define ALERT 7
        -: 1436:#define strtoul(a,b,c) strtol(a,b,c)
        -: 1437:#else
        -: 1438:#include <stddef.h>
        -: 1439:#endif
        -: 1440:
        -: 1441:#include <stdlib.h>
        -: 1442:
        -: 1443:#ifndef ALERT
        -: 1444:#define ALERT '\a'
        -: 1445:#endif
        -: 1446:
        -: 1447:#include <limits.h>
        -: 1448:
        -: 1449:#if defined _WIN64 || defined _WIN32
        -: 1450:#ifdef __BORLANDC__
        -: 1451:typedef unsigned int UINT32_T;
        -: 1452:typedef   signed int  INT32_T;
        -: 1453:#else
        -: 1454:typedef unsigned __int32 UINT32_T; /* pre VS2010 has no int32_t */
        -: 1455:typedef   signed __int32  INT32_T; /* pre VS2010 has no int32_t */
        -: 1456:#endif
        -: 1457:#endif
        -: 1458:
        -: 1459:#if defined _WIN64
        -: 1460:/*Microsoft*/
        -: 1461:#define WORD32  0
        -: 1462:#define _4      1
        -: 1463:#define _5_6    1
        -: 1464:#define LONG long long
        -: 1465:#define STRTOUL _strtoui64
        -: 1466:#define STRTOL _strtoi64
        -: 1467:#define FSEEK _fseeki64
        -: 1468:#define FTELL _ftelli64
        -: 1469:#else
        -: 1470:#if !defined NO_C_INTERFACE && !defined _WIN32
        -: 1471:#if UINT_MAX == 4294967295
        -: 1472:typedef unsigned int UINT32_T;
        -: 1473:typedef   signed int  INT32_T;
        -: 1474:#elif ULONG_MAX == 4294967295
        -: 1475:typedef unsigned long UINT32_T;
        -: 1476:typedef   signed long  INT32_T;
        -: 1477:#endif
        -: 1478:#endif
        -: 1479:#if LONG_MAX <= 2147483647L
        -: 1480:#define WORD32  1
        -: 1481:#define _4      1
        -: 1482:#define _5_6    1
        -: 1483:#else
        -: 1484:#define WORD32  0
        -: 1485:#define _4      1
        -: 1486:#define _5_6    1
        -: 1487:#endif
        -: 1488:#define LONG long
        -: 1489:#define STRTOUL strtoul
        -: 1490:#define STRTOL strtol
        -: 1491:#define FSEEK fseek
        -: 1492:#define FTELL ftell
        -: 1493:#endif
        -: 1494:
        -: 1495:
        -: 1496:#if defined __TURBOC__ || defined __MSDOS__ || defined _WIN32 || defined __GNUC__
        -: 1497:#define DELAY_DUE_TO_INPUT
        -: 1498:#endif
        -: 1499:
        -: 1500:#include <time.h>
        -: 1501:#ifndef CLOCKS_PER_SEC
        -: 1502:#ifdef CLK_TCK  /* pre-ANSI-C */
        -: 1503:#define CLOCKS_PER_SEC CLK_TCK
        -: 1504:#else
        -: 1505:#if defined sun
        -: 1506:#define CLOCKS_PER_SEC 1000000 /* ??? */
        -: 1507:#endif
        -: 1508:#endif
        -: 1509:#endif
        -: 1510:
        -: 1511:#define LOGWORDLENGTH 2
        -: 1512:/* vlaggen in knoop */
        -: 1513:#define NOT              1      /* ~ */
        -: 1514:     /* zo houden ivm vermenging logische en bit operatoren && || | ^ & */
        -: 1515:#define SUCCESS         (1<< 1)
        -: 1516:#define READY           (1<< 2)
        -: 1517:#define POSITION        (1<< 3) /* [ */
        -: 1518:#define INDIRECT        (1<< 4) /* ! */
        -: 1519:#define DOUBLY_INDIRECT (1<< 5) /* !! */
        -: 1520:#define FENCE           (1<< 6) /* `   (within same byte as ATOM and NOT) */
        -: 1521:#define ATOM            (1<< 7) /* @ */
        -: 1522:#define NONIDENT        (1<< 8) /* % */
        -: 1523:#define GREATER_THAN    (1<< 9) /* > */
        -: 1524:#define SMALLER_THAN    (1<<10) /* < */
        -: 1525:#define NUMBER          (1<<11) /* # */
        -: 1526:#define BREUK           (1<<12) /* / */
        -: 1527:#define UNIFY           (1<<13) /* ? */
        -: 1528:#define IDENT           (1<<14)
        -: 1529:#define IMPLIEDFENCE    (1<<15) /* 20070222 */
        -: 1530:
        -: 1531:#define VISIBLE_FLAGS_WEAK      (INDIRECT|DOUBLY_INDIRECT|FENCE|UNIFY)
        -: 1532:#define VISIBLE_FLAGS_NON_COMP  (INDIRECT|DOUBLY_INDIRECT|ATOM|NONIDENT|NUMBER|BREUK|UNIFY) /* allows < > ~< and ~> as flags on numbers */
        -: 1533:#define VISIBLE_FLAGS_POS0      (INDIRECT|DOUBLY_INDIRECT|NONIDENT|QBREUK|UNIFY|QGETAL)
        -: 1534:#define VISIBLE_FLAGS_POS       (INDIRECT|DOUBLY_INDIRECT|NONIDENT|QBREUK|UNIFY|QGETAL|NOT|GREATER_THAN|SMALLER_THAN)
        -: 1535:#define VISIBLE_FLAGS           (INDIRECT|DOUBLY_INDIRECT|ATOM|NONIDENT|NUMBER|BREUK|UNIFY|NOT|GREATER_THAN|SMALLER_THAN|FENCE|POSITION)
        -: 1536:
        -: 1537:#define HAS_VISIBLE_FLAGS_OR_MINUS(psk) ((psk)->ops & (VISIBLE_FLAGS|MINUS))
        -: 1538:#define RATIONAAL(psk)      (((psk)->ops & (QGETAL|IS_OPERATOR|VISIBLE_FLAGS)) == QGETAL)
        -: 1539:#define RATIONAAL_COMP(psk) (((psk)->ops & (QGETAL|IS_OPERATOR|VISIBLE_FLAGS_NON_COMP)) == QGETAL)
        -: 1540:#define RATIONAAL_COMP_NOT_NUL(psk) (((psk)->ops & (QGETAL|QNUL|IS_OPERATOR|VISIBLE_FLAGS_NON_COMP)) == QGETAL)
        -: 1541:#define RATIONAAL_WEAK(psk) (((psk)->ops & (QGETAL|IS_OPERATOR|INDIRECT|DOUBLY_INDIRECT|FENCE|UNIFY)) == QGETAL)/* allows < > ~< and ~> as flags on numbers */
        -: 1542:#define       LESS(psk)    (((psk)->v.fl & (VISIBLE_FLAGS_POS)) == (QGETAL|SMALLER_THAN))
        -: 1543:#define LESS_EQUAL(psk)    (((psk)->v.fl & (VISIBLE_FLAGS_POS)) == (QGETAL|NOT|GREATER_THAN))
        -: 1544:#define MORE_EQUAL(psk)    (((psk)->v.fl & (VISIBLE_FLAGS_POS)) == (QGETAL|NOT|SMALLER_THAN))
[...]
        -:16922:                        UNSETCREATEDWITHNEW((typedObjectknoop*)pkn);
        -:16923:                        UNSETBUILTIN((typedObjectknoop*)pkn);
        -:16924:#endif
        1:16925:                        pkn->LEFT = subboomcopie(old->LEFT);
        1:16926:                        old->RIGHT = Head(old->RIGHT);
        1:16927:                        pkn->RIGHT = subboomcopie(old->RIGHT);
        1:16928:                        wis(old);
        -:16929:                        }
      757:16930:                    pkn->v.fl &= (~OPERATOR & ~READY);
      757:16931:                    pkn->ops |= dummy_op;
      757:16932:                    pkn->v.fl |= SUCCESS;
      757:16933:                    if(lkn.v.fl & INDIRECT)
        -:16934:                        {/* (a=b=127)&(.):(_)&!(a_b) */
        1:16935:                        pkn = evalvar(pkn);
        -:16936:                        }
      757:16937:                    break;
        -:16938:                }
        -:16939:            }
        -:16940:        else
        -:16941:            {
        -:16942:            /*assert(!shared(pkn));*/ /* 20120916 evalvar now expects not shared arg. */
        -:16943:            /* An unevaluated leaf can only be an atom with ! or !!,
        -:16944:            so we don't need to test for this condition.*/
   696356:16945:            pkn = evalvar(pkn);
        -:16946:            /* After evaluation of a variable, the loop continues.
        -:16947:            Together with how & and | (EN and OF) are treated, this ensures that
        -:16948:            a loop can run indefinitely, without using stack space. */
        -:16949:            }
        -:16950:        }
        -:16951:#if JMP
        -:16952:    PeekMsg();
        -:16953:#endif
        -:16954:    ZSTACK
  2414611:16955:    return pkn;
        -:16956:    }
        -:16957:
        1:16958:int startProc(
        -:16959:#if _BRACMATEMBEDDED
        -:16960:    startStruct * init
        -:16961:#else
        -:16962:    void
        -:16963:#endif
        -:16964:    )
        -:16965:    {
        -:16966:    int tel;
        -:16967:    int err; /* 20100802, evaluation of version string */
        -:16968:    static int called = 0;
        -:16969:    /*printf("startProc ");*/
        1:16970:    if(called)
        -:16971:        {
        -:16972:        /*printf("already called\n");*/
    #####:16973:        return 2;
        -:16974:        }
        -:16975:    /*printf("call\n");*/
        1:16976:    called = 1;
        -:16977:#if _BRACMATEMBEDDED
        -:16978:    if(init)
        -:16979:        {
        -:16980:        if(init->WinIn)
        -:16981:            {
        -:16982:            WinIn = init->WinIn;
        -:16983:            }
        -:16984:        if(init->WinOut)
        -:16985:            {
        -:16986:            WinOut = init->WinOut;
        -:16987:            }
        -:16988:        if(init->WinFlush)
        -:16989:            {
        -:16990:            WinFlush = init->WinFlush;
        -:16991:            }
        -:16992:        }
        -:16993:#endif
        1:16994:    for(tel = 0;tel<256;variabelen[tel++] = NULL)
        -:16995:        ;
        1:16996:    if(!init_ruimte())
    #####:16997:        return 0;
        1:16998:    init_opcode();
        1:16999:    anker = NULL;
        1:17000:    fpi = stdin;
        1:17001:    fpo = stdout;
        -:17002:
        1:17003:    argk.flgs = READY | SUCCESS;
        1:17004:    argk.u.lobj = O('a','r','g');
        -:17005:
        1:17006:    sjt.flgs = READY | SUCCESS;/*20100910*/
        1:17007:    sjt.u.lobj = O('s','j','t');/*20100910*/
        -:17008:
        1:17009:    selfkn.flgs = READY | SUCCESS;
        1:17010:    selfkn.u.lobj = O('i','t','s');
        -:17011:
        1:17012:    Selfkn.flgs = READY | SUCCESS;
        1:17013:    Selfkn.u.lobj = O('I','t','s');
        -:17014:
        1:17015:    nilk.flgs = READY | SUCCESS | IDENT;
        1:17016:    nilk.u.lobj = 0L;
        -:17017:
        1:17018:    nulk.flgs = READY | SUCCESS | IDENT | QGETAL | QNUL;
        1:17019:    nulk.u.lobj = 0L;
        1:17020:    nulk.u.obj = '0';
        -:17021:
        1:17022:    eenk.u.lobj = 0L;
        1:17023:    eenk.u.obj = '1';
        1:17024:    eenk.flgs = READY | SUCCESS | IDENT | QGETAL;
        1:17025:    *(&(eenk.u.obj)+1) = 0;
        -:17026:
        1:17027:    mintweek.u.lobj = 0L;
        1:17028:    mintweek.u.obj = '2';
        1:17029:    mintweek.flgs = READY | SUCCESS | QGETAL | MINUS;
        1:17030:    *(&(mintweek.u.obj)+1) = 0;
        -:17031:
        1:17032:    mineenk.u.lobj = 0L;
        1:17033:    mineenk.u.obj = '1';
        1:17034:    mineenk.flgs = READY | SUCCESS | QGETAL | MINUS;
        1:17035:    *(&(mineenk.u.obj)+1) = 0;
        -:17036:
        1:17037:    tweek.u.lobj = 0L;
        1:17038:    tweek.u.obj = '2';
        1:17039:    tweek.flgs = READY | SUCCESS | QGETAL;
        1:17040:    *(&(tweek.u.obj)+1) = 0;
        -:17041:
        1:17042:    vierk.u.lobj = 0L;
        1:17043:    vierk.u.obj = '4';
        1:17044:    vierk.flgs = READY | SUCCESS | QGETAL;
        1:17045:    *(&(vierk.u.obj)+1) = 0;
        -:17046:
        1:17047:    minvierk.u.lobj = 0L;
        1:17048:    minvierk.u.obj = '4';
        1:17049:    minvierk.flgs = READY | SUCCESS | QGETAL | MINUS;
        1:17050:    *(&(minvierk.u.obj)+1) = 0;
        -:17051:
        1:17052:    m0 = opb(m0,"?*(%+%)^~/#>1*?" , NULL);
        1:17053:    m1 = opb(m1,"?*(%+%)*?" , NULL);
        1:17054:    f0 = opb(f0,"(g,k,pow"
        -:17055:                ".(pow"
        -:17056:                  "=b,c,d,l,s,f"
        -:17057:                  ".!arg:(%?b+%?c)^?d"
        -:17058:                  "&1:?f"
        -:17059:                  "&(s"
        -:17060:                   "=!d:1&0"
        -:17061:                   "|(!f*!d*(1+!l:?l)^-1:?f)"
        -:17062:                    "*!b^!l"
        -:17063:                    "*pow$(!c^(-1+!d:?d))"
        -:17064:                   "+!s"
        -:17065:                   ")"
        -:17066:                  "&!b^!d+!c^!d+!s"
        -:17067:                  "|!arg"
        -:17068:                  ")"
        -:17069:                  "&!arg:?g*((%+%)^~/#>1:?arg)*?k"
        -:17070:                  "&!g*pow$!arg*!k)",NULL);
        1:17071:    f1 = opb(f1,
        -:17072:        "((\177g,\177h,\177i).!arg:?\177g*(%?\177h+%?\177i)*",
        -:17073:        "?arg&!\177g*!\177h*!arg+!\177g*!\177i*!arg)",NULL);
        1:17074:    f4 = opb(f4,  "l,a,b,c,e,f"
        -:17075:                ".(a"
        -:17076:                 "=j,g,h,i"
        -:17077:                  ".!arg:?l^(?j+?g*!l\016?h*?i+?arg)"
        -:17078:                   "&!l^(!j+!arg)*!h^(!g*!i)"
        -:17079:                 ")"
        -:17080:                "&(e"
        -:17081:                 "=j,g,I"
        -:17082:                 ".!arg:?j+#?g*((i|-i):?I)*pi+?arg"
        -:17083:                   "&1:?l"
        -:17084:                   "&!j+(mod$(1+!g,2)+-1)*!I*pi+!arg"
        -:17085:                 ")"
        -:17086:                "&(f"
        -:17087:                 "=j,i"
        -:17088:                  ".!arg:?j+#?l*((i|-i):?I)*pi+?arg"
        -:17089:                   "&!I^(2*!l):?l"
        -:17090:                   "&!j+!arg"
        -:17091:                 ")"
        -:17092:                "&(b"
        -:17093:                 "="
        -:17094:                  "(!l:(<-1|>1)&e"
        -:17095:                  "|(-1|1/2|-1/2)&f"
        -:17096:                  ")"
        -:17097:                  ":?l"
        -:17098:                 ")"
        -:17099:                "&(c"
        -:17100:                 "="
        -:17101:                  ".1+!arg:?arg"
        -:17102:                   "&1:?l"
        -:17103:                   "&-1+!arg"
        -:17104:                 ")"
        -:17105:                "&(!arg:?l^(?+?*!l\016?*?+?)&a$!arg"
        -:17106:                 "|!arg"
        -:17107:                  ":e^((?+#?l*(i|-i)*pi+?&`!b"
        -:17108:                      "|?"
        -:17109:                       "*(pi|i|-i)"
        -:17110:                       "*?"
        -:17111:                       "*(?+?*(pi|i|-i)*?+?:%+%)"
        -:17112:                       "*?"
        -:17113:                        "&c:?l"
        -:17114:                      ")"
        -:17115:                     ":?arg"
        -:17116:                     ")"
        -:17117:                   "&e^!l$!arg*!l"
        -:17118:                 ")",NULL);
        1:17119:    f5 = opb(f5,
        -:17120:         "l,d"
        -:17121:         ".(d"
        -:17122:          "=j,g,h"
        -:17123:           ".!arg:?l\016(?j*!l^?g*?h)&!g+!l\016(!j*!h)"
        -:17124:          ")"
        -:17125:          "&!arg:?l\016(?*!l^?*?)"
        -:17126:          "&d$!arg", NULL);
        -:17127:
        1:17128:    anker = startboom_w(anker ,
        -:17129:        "(cat=flt,sin,tay,fct,cos,out,sgn.!arg:((?flt,(?sin,?tay)|?sin&:?tay)|?flt&:?sin:"
        -:17130:        "?tay)&(fct=.!arg:%?cos ?arg&!cos:((?out.?)|?out)&'(? ($out|($out.?)"
        -:17131:        ") ?):(=?sgn)&(!flt:!sgn&!(glf$(=~.!sin:!sgn))&!cos|) fct$!arg|)&(:!flt:!sin&mem$!tay|(:!flt&mem$:?flt"
        -:17132:        "|)&fct$(mem$!tay))),",
        -:17133:
        -:17134:        /* 20110823
        -:17135:        "(cat=flt,sin,tay,fct,cos,out,sgn.!arg:((?flt,(?sin,?tay)|?sin&:?tay)|?flt&:?sin:"
        -:17136:        "?tay)&(fct=.!arg:%?cos ?arg&!cos:((?out.?)|?out)&'(? (`=$out|($out.?)"
        -:17137:        ") ?):?sgn&(!flt:!sgn&~$(!sin:!sgn)&!cos|) fct$!arg|)&(:!flt:!sin|(:!flt&mem$:?flt"
        -:17138:        "|)&fct)$(mem$!tay)),",
        -:17139:        */
        -:17140:        "(out=(.put$!arg:?arg&put$\212&!arg)),"
        -:17141:        "(flt=((e,d,m,s,f).!arg:(?arg,~<0:?d)&!arg:0|(-1*!arg:>0:?arg&-1|1):?s&"
        -:17142:        "10\016!arg:?e+(10\016?m|0&1:?m)&(!m+1/2*1/10^!d:~<10&1+!e:?e&!m*1/10"
        -:17143:        ":?m|)&@(div$(!m+1/2*(1/10^!d:?d),!d):"
        -:17144:        "`%?f ?m)&str$(!s*!f (!d:~1&\254|) !m \252\261\260\305 !e))),",
        -:17145:
        -:17146:        "(tay=((f,tot,x,fac,cnt,res,R).",
        -:17147:        "(R=!cnt:!tot&!res|!res+(sub$(!x\017!f:?f.!x.0))*((!fac*(!cnt+1:?cnt))"
        -:17148:        ":?fac)^-1*!x^!cnt:?res&!R)&",
        -:17149:        "!arg:(?f,?x,?tot)&(fac=1)&(cnt=0)&((sub$(!f.!x.0)):?res)&!R)),",
        -:17150:
        -:17151:        /*"(ego=(r.sub$(sub$(!arg.(sin.?r).'sin$!r).(cos.?r).'cos$!r))),",
        -:17152:
        -:17153:        "(goe=((h,s).sub$(!arg.'(e^?h).",
        -:17154:        "'(-1*(sgn$(-1+i*!h+1:?h):?s)*i*(sin.-1+!s*!h+1:?s)+(cos.!s))))),",*/
        -:17155:
        -:17156:        "(sin=(.i*(-1/2*e^(i*!arg)+1/2*e^(-i*!arg)))),",
        -:17157:
        -:17158:        "(cos=(.1/2*(e^(i*!arg)+e^(-i*!arg)))),",
        -:17159:
        -:17160:        "(sgn=(.!arg:?#%arg*%+?&sgn$!arg|!arg:<0&-1|1)),",
        -:17161:        "(abs=(.sgn$!arg*!arg)),",
        -:17162:        "(sub=\177e,\177x,\177v,\177F.(\177F=\177l,\177r.!arg:!\177x&!\177v|"
        -:17163:        "!arg:%?\177l_%?\177r&(\177F$!\177l)_(\177F$!\177r)|!arg)&!arg:(("
        -:17164:        "?\177e.?\177x.?\177v)|out$(str$((=sub$(expr.var.rep)) !arg))&get'&~`)"
        -:17165:        "&\177F$!\177e),",
        -:17166:        fct,
        -:17167:        NULL);
        -:17168:
        -:17169:
        -:17170:#if JMP
        -:17171:    if(setjmp(jumper) != 0)
        -:17172:        return;
        -:17173:#endif
        1:17174:    anker = eval(anker);
        1:17175:    stringEval("(v=\"Bracmat version " VERSION ", build " BUILD " (" DATUM ")\")",NULL,&err);
        1:17176:    return 1;
        -:17177:}
        -:17178:
        1:17179:void endProc(void)
        -:17180:    {
        -:17181:    int err;
        -:17182:    static int called = 0;
        1:17183:    if(called)
        1:17184:        return;
        1:17185:    called = 1;
        -:17186:/*  stringEval("cat$:? CloseDown ? & CloseDown$ | out$\"No CloseDown function provided, exiting all the same.\"",NULL,&err);*/
        1:17187:    stringEval("cat$:? CloseDown ? & CloseDown$ | ",NULL,&err);
        1:17188:    if(err)
    #####:17189:        errorprintf("Error executing CloseDown\n");
        -:17190:    }
        -:17191:
        -:17192:/* main - the text-mode front end for bracmat */
        -:17193:
        -:17194:
        -:17195:#if _BRACMATEMBEDDED
        -:17196:#else
        -:17197:
        -:17198:#include <stddef.h>
        -:17199:
        1:17200:int mainlus(int argc,char *argv[])
        -:17201:    {
        -:17202:    int err;
        -:17203:    char * mainloop;
        -:17204:    const char * ret;
        1:17205:    if(argc > 1)
        -:17206:        { /* to get here, e.g.: ./bracmat out$hello */
        1:17207:        ARGC = argc;
        1:17208:        ARGV = argv;
        1:17209:        mainloop = "arg$&whl'(get$(arg$,MEM):?\"?...@#$*~%!\")&!\"?...@#$*~%!\"";
        1:17210:        stringEval(mainloop,&ret,&err);
        1:17211:        return (int)STRTOL(ret,0,10);
        -:17212:        /*
        -:17213:        int i;
        -:17214:        for(i = 1;i < argc;++i) / *20090630* /
        -:17215:            {
        -:17216:            stringEval(argv[i],NULL,&err);
        -:17217:            }
        -:17218:            */
        -:17219:        }
        -:17220:    else
        -:17221:        {
    #####:17222:        mainloop =
        -:17223:        "(w=\"11. BECAUSE THE PROGRAM IS LICENSED FREE OF CHARGE, THERE IS NO WARRANTY\\n"
        -:17224:        "FOR THE PROGRAM, TO THE EXTENT PERMITTED BY APPLICABLE LAW.  EXCEPT WHEN\\n"
        -:17225:        "OTHERWISE STATED IN WRITING THE COPYRIGHT HOLDERS AND/OR OTHER PARTIES\\n"
        -:17226:        "PROVIDE THE PROGRAM \\\"AS IS\\\" WITHOUT WARRANTY OF ANY KIND, EITHER EXPRESSED\\n"
        -:17227:        "OR IMPLIED, INCLUDING, BUT NOT LIMITED TO, THE IMPLIED WARRANTIES OF\\n"
        -:17228:        "MERCHANTABILITY AND FITNESS FOR A PARTICULAR PURPOSE.  THE ENTIRE RISK AS\\n"
        -:17229:        "TO THE QUALITY AND PERFORMANCE OF THE PROGRAM IS WITH YOU.  SHOULD THE\\n"
        -:17230:        "PROGRAM PROVE DEFECTIVE, YOU ASSUME THE COST OF ALL NECESSARY SERVICING,\\n"
        -:17231:        "REPAIR OR CORRECTION.\\n\")&"
        -:17232:        "(c=\"12. IN NO EVENT UNLESS REQUIRED BY APPLICABLE LAW OR AGREED TO IN WRITING\\n"
        -:17233:        "WILL ANY COPYRIGHT HOLDER, OR ANY OTHER PARTY WHO MAY MODIFY AND/OR\\n"
        -:17234:        "REDISTRIBUTE THE PROGRAM AS PERMITTED ABOVE, BE LIABLE TO YOU FOR DAMAGES,\\n"
        -:17235:        "INCLUDING ANY GENERAL, SPECIAL, INCIDENTAL OR CONSEQUENTIAL DAMAGES ARISING\\n"
        -:17236:        "OUT OF THE USE OR INABILITY TO USE THE PROGRAM (INCLUDING BUT NOT LIMITED\\n"
        -:17237:        "TO LOSS OF DATA OR DATA BEING RENDERED INACCURATE OR LOSSES SUSTAINED BY\\n"
        -:17238:        "YOU OR THIRD PARTIES OR A FAILURE OF THE PROGRAM TO OPERATE WITH ANY OTHER\\n"
        -:17239:        "PROGRAMS), EVEN IF SUCH HOLDER OR OTHER PARTY HAS BEEN ADVISED OF THE\\n"
        -:17240:        "POSSIBILITY OF SUCH DAMAGES.\\n\")&"
        -:17241:        "out$!v&"
        -:17242:        "out$\"Copyright (C) 2002 Bart Jongejan\\n"
        -:17243:        "Bracmat comes with ABSOLUTELY NO WARRANTY; for details type `!w'.\\n"
        -:17244:        "This is free software, and you are welcome to redistribute it\\n"
        -:17245:        "under certain conditions; type `!c' for details.\\n\\n"
        -:17246:        "\\n\\n{?} get$help { tutorial }\\n{?} )        { stop }\"&"
        -:17247:        "(main=put$\"{?} \"&clk$():?SEC&((get':?!(=):(|?&clk$+-1*!SEC:?SEC&"
        -:17248:        "put$\"{!} \"&put$!&put$(\"\\n    S  \" str$(div$(!SEC,1) \",\" (div$(mod$("
        -:17249:        "!SEC*100,100),1):?SEC&!SEC:<10&0|) !SEC) sec))|put$\"\\n    F\")|"
        -:17250:        "put$\"\\n    I\")&"
        -:17251:
        -:17252:
        -:17253:
        -:17254:
        -:17255:#if TELMAX
        -:17256:
        -:17257:        "out$str$(\"  \" bez')&"
        -:17258:#else
        -:17259:        "out$&"
        -:17260:#endif
        -:17261:
        -:17262:        "!main)&!main";
    #####:17263:        stringEval(mainloop,NULL,&err);
        -:17264:        }
    #####:17265:    return 0;
        -:17266:    }
        -:17267:
        1:17268:int main(int argc,char *argv[])
        -:17269:    {
        -:17270:    int ret; /*20100310 numerical result of mainlus becomes exit code.
        -:17271:             If out of integer range or not numerical: 0*/
        1:17272:    char * p = argv[0] + strlen(argv[0]);
        -:17273:#if 0
        -:17274:#ifdef _WIN64 /* Microsoft 64 bit */
        -:17275:    printf("_WIN64\n");
        -:17276:    printf("sizeof(char *) %lld\n",sizeof(char *));
        -:17277:    printf("sizeof(LONG) %lld\n",sizeof(LONG));
        -:17278:    printf("sizeof(size_t) %lld\n",sizeof(size_t));
        -:17279:    printf("WORD32 %d\n",WORD32);
        -:17280:    printf("RADIX %lld\n",(LONG)RADIX);
        -:17281:    printf("RADIX2 %lld\n",(LONG)RADIX2);
        -:17282:    printf("TEN_LOG_RADIX %lld\n",(LONG)TEN_LOG_RADIX);
        -:17283:    printf("HEADROOM %lld\n",(LONG)HEADROOM);
        -:17284:#else /* 32 bit and gcc 64 bit */
        -:17285:    printf("!_WIN64\n");
        -:17286:    printf("sizeof(char *) %ld\n",sizeof(char *));
        -:17287:    printf("sizeof(LONG) %ld\n",sizeof(LONG));
        -:17288:    printf("sizeof(size_t) %ld\n",sizeof(size_t));
        -:17289:    printf("WORD32 %d\n",WORD32);
        -:17290:    printf("RADIX %ld\n",(LONG)RADIX);
        -:17291:    printf("RADIX2 %ld\n",(LONG)RADIX2);
        -:17292:    printf("TEN_LOG_RADIX %ld\n",(LONG)TEN_LOG_RADIX);
        -:17293:    printf("HEADROOM %ld\n",(LONG)HEADROOM);
        -:17294:#endif
        -:17295:#endif
        -:17296:#ifndef NDEBUG
        -:17297:        {
        -:17298:        LONG radix,ten_log_radix;
        -:17299:#if defined _WIN64
        -:17300:        assert(HEADROOM*RADIX2 < LLONG_MAX);
        -:17301:#else
        -:17302:        assert(HEADROOM*RADIX2 < LONG_MAX);
        -:17303:#endif
        -:17304:        for(radix = 1,ten_log_radix = 1;ten_log_radix <= TEN_LOG_RADIX;radix *= 10,++ten_log_radix)
        -:17305:            ;
        -:17306:        assert(RADIX == radix);
        -:17307:        }
        -:17308:#endif
        -:17309:    assert(sizeof(tFlags) == sizeof(unsigned int));
        7:17310:    while(--p >= argv[0])
        6:17311:        if(*p == '\\' || *p == '/')
        -:17312:            {
        1:17313:            ++p;
        1:17314:            targetPath = (char *)malloc(p - argv[0] + 1);
        1:17315:            if(targetPath)
        -:17316:                {
        1:17317:                strncpy(targetPath,argv[0],p - argv[0]);
        1:17318:                targetPath[p - argv[0]] = '\0';
        -:17319:                }
        1:17320:            break;
        -:17321:            }
        -:17322:/*  Printf("targetPath=%s\n",targetPath);*/
        -:17323:
        1:17324:    errorStream = stderr;
        1:17325:    if(!startProc())
    #####:17326:        return -1;
        1:17327:    ret = mainlus(argc,argv);
        1:17328:    endProc();/* to get here, eg: {?} main=out$bye! */
        1:17329:    if(targetPath)
        1:17330:        free(targetPath);
        1:17331:    return ret;
        -:17332:    }
        -:17333:
        -:17334:#endif /*#if !_BRACMATEMBEDDED*/
        -:17335:
