        -:    0:Source:bracmat.c
        -:    0:Graph:bracmat.gcno
        -:    0:Data:bracmat.gcda
        -:    0:Runs:1
        -:    0:Programs:1
        -:    1:/*
        -:    2:    Bracmat. Programming language with pattern matching on tree structures.
        -:    3:    Copyright (C) 2002  Bart Jongejan
        -:    4:
        -:    5:    This program is free software; you can redistribute it and/or modify
        -:    6:    it under the terms of the GNU General Public License as published by
        -:    7:    the Free Software Foundation; either version 2 of the License, or
        -:    8:    (at your option) any later version.
        -:    9:
        -:   10:    This program is distributed in the hope that it will be useful,
        -:   11:    but WITHOUT ANY WARRANTY; without even the implied warranty of
        -:   12:    MERCHANTABILITY or FITNESS FOR A PARTICULAR PURPOSE.  See the
        -:   13:    GNU General Public License for more details.
        -:   14:
        -:   15:    You should have received a copy of the GNU General Public License
        -:   16:    along with this program; if not, write to the Free Software
        -:   17:    Foundation, Inc., 59 Temple Place, Suite 330, Boston, MA  02111-1307  USA
        -:   18:*/
        -:   19:/*
        -:   20:email: bartj@hum.ku.dk
        -:   21:*/
        -:   22:/*
        -:   23:COMPILATION
        -:   24:-----------
        -:   25:It is assumed that the hardware is litte-endian, (which has become the most
        -:   26:common these days).
        -:   27:
        -:   28:If you can compile successfully but cannot run the program succesfully,
        -:   29:try putting -DBIGENDIAN on the command line of the compiler.
        -:   30:This works of course only if the machine's hardware is big-endian.
        -:   31:
        -:   32:The program only utilizes standard libraries.
        -:   33:
        -:   34:Until 2012, the source code consisted of a single file, bracmat.c.
        -:   35:Because XML is becoming more popular, a separate source file, xml.c
        -:   36:implements reading XML files.
        -:   37:
        -:   38:On *N?X, just compile with
        -:   39:
        -:   40:    gcc -std=c99 -pedantic -Wall -O3 -static -DNDEBUG -o bracmat bracmat.c xml.c
        -:   41:
        -:   42:
        -:   43:The options are not necessary to successfully compile the program just
        -:   44:
        -:   45:    gcc *.c
        -:   46:
        -:   47:also works and produces the executable a.out.
        -:   48:
        -:   49:Profiling:
        -:   50:
        -:   51:    gcc -Wall -c -pg -DNDEBUG bracmat.c xml.c
        -:   52:    gcc -Wall -pg bracmat.o xml.o
        -:   53:    ./a.out 'get$"valid.bra";!r'
        -:   54:    gprof a.out
        -:   55:
        -:   56:Test coverage:
        -:   57:(see http://gcc.gnu.org/onlinedocs/gcc/Invoking-Gcov.html#Invoking-Gcov)
        -:   58:
        -:   59:    gcc -fprofile-arcs -ftest-coverage -DNDEBUG bracmat.c xml.c
        -:   60:    ./a.out
        -:   61:    gcov bracmat.c
        -:   62:    gcov xml.c
        -:   63:
        -:   64:*/
        -:   65:
        -:   66:#define DATUM "23 November 2012"
        -:   67:#define VERSION "6"
        -:   68:#define BUILD "143"
        -:   69:/*  23 November 2012
        -:   70:During testing of corner cases, found code that never executed in find() and
        -:   71:code that was missing in doPosition.
        -:   72:
        -:   73:    16 November 2012
        -:   74:Found and solved bug in Naamwoord. Case:
        -:   75:(abcd=bopt=cyt*dip) & (cyt=dip=egsae) & foo:?!!(abcd.bopt)
        -:   76:Removed rudimentary argument char ** punmatched from some functions.
        -:   77:Removed old, forgotten attempt at working with < > and ~ on subject
        -:   78:(lhs of : operator) in compare(). These flags are only useful in the pattern
        -:   79:
        -:   80:    15 November 2012
        -:   81:Added a comment to input with backslash followed by control character,
        -:   82:which is unsyntactical. Fused numberNode into _qdenominator.
        -:   83:Fused fireBuiltInFunc into wis.
        -:   84:
        -:   85:    1 November 2012
        -:   86:Function someopt() conditionally excluded with 
        -:   87:  #if !defined NO_LOW_LEVEL_FILE_HANDLING
        -:   88:
        -:   89:    21 October 2012
        -:   90:Made sure that put$ cannot write to a file that is still open in get$.
        -:   91:
        -:   92:    17 October 2012
        -:   93:In evalvar, the assumption that shared = false is false.
        -:   94:
        -:   95:    15 October 2012
        -:   96:Added 8 byte peek and poke (pee, pok) (perhaps not on all 32 bit platforms).
        -:   97:Default is now 1 byte.
        -:   98:
        -:   99:    14 October 2012
        -:  100:flg$(=~exp):(=?f.?o)  !f now fails, as it should.
        -:  101:Relaxed requirement that parameters be separated with comma for function sim.
        -:  102:new$(hash,1000) gives a hint at the initial size of the hash table.
        -:  103:Default is 97.
        -:  104:
        -:  105:    12 October 2012
        -:  106:Found some places in plus_samenvoegen_of_sorteren that were never reached,
        -:  107:commented these.
        -:  108:
        -:  109:    23 September 2012
        -:  110:Discovered buffer overflow when compiled under fresh installation of Xubuntu 
        -:  111:gcc (Ubuntu/Linaro 4.6.3-1ubuntu5) 4.6.3 with optimization -O1 and higher.
        -:  112:Cause: strcpy in some places got the address of a single byte as destination
        -:  113:and coredumped when that single-byte buffer was overrun, not knowing that
        -:  114:there was, in fact, allocated memory to house the fulle source. See definition
        -:  115:of POBJ.
        -:  116:
        -:  117:    22 September 2012
        -:  118:Discovered that built in objects too easily were copied. The new function is
        -:  119:for that. Worse, the copies were not initialized with a call to New. Also,
        -:  120:new$hash returned ((=).New)'. Now it returns the object node. Changed the rhs
        -:  121:of this node to the node that is the argument of the original call to new, so:
        -:  122:  =hash
        -:  123:
        -:  124:    20 September 2012
        -:  125:Reference counting should now be faster, bigger and better.
        -:  126:Before, reference counting went to 2^30+1024. Now it goes to 2^30*1023+1
        -:  127:Test added to valid.bra.
        -:  128:
        -:  129:    19 September 2012
        -:  130:Made major changes in Naamwoord, Naamwoord_w and doPosition to make two levels
        -:  131:of indirection work also in the case that an object is at the first level.
        -:  132:Handling of two levels of indirection is improved generally.
        -:  133:
        -:  134:    16 September 2012
        -:  135:Using gcov, found some places that are unreachable in merge(), substdiff() and
        -:  136:evalvar(). Simplified substdiff. Function evalvar now expects that the argument
        -:  137:is not shared. Deleted code that was never reached.
        -:  138:
        -:  139:    12 September 2012
        -:  140:Updated u2l and l2u with data from UnicodeData.txt 2011-11-08
        -:  141:(using script uni.bra)
        -:  142:
        -:  143:    22 August 2012
        -:  144:Bug removed. The expression
        -:  145:    ( (=A B)
        -:  146:    : ?G1
        -:  147:    : (=(A&X:?(G1.)) B)
        -:  148:    )
        -:  149:would not match the 'B' in the pattern with anything valid, because the 
        -:  150:assignment X:?(G1.) had deleted the original subject. Now the subject is
        -:  151:temporarily reference-incremented, so the 'B' still matches the old value of
        -:  152:G1. The expression as a whole evaluates to X. Notice that this bug did not
        -:  153:affect the very similar
        -:  154:    ( (G2==A B)
        -:  155:    & !G2
        -:  156:    : (=(A&X:?(G2.)) B)
        -:  157:    )
        -:  158:Reason: here, the subject is not the object that G1 is bound to, but a copy.
        -:  159:And that is so because the object that G1 is bound to is headed by an
        -:  160:unevaluated = (being part of the rhs of an = operator). The expression !G2,
        -:  161:however, must be evaluated, so it cannot be identical to G2's value.
        -:  162:Consequently, the reassignment of G2 does not affect the subject of the
        -:  163:pattern match operation, which is (=A B) at all times.
        -:  164:
        -:  165:     4 August 2012
        -:  166:Removed function "?"$<expr>. The same effect is obtained by <expr>:?!(=)
        -:  167:
        -:  168:    31 July 2012
        -:  169:Made code gcc -pedantic proof. There are two string constants with a length
        -:  170:greater than 509, which ISO C89 compilers are required to support. Therefore
        -:  171:the option -std=c99 is added.
        -:  172:The LL suffix is replaced by L for non-Microsoft compilers.
        -:  173:
        -:  174:     8 July 2012
        -:  175:Added explanation and two small improvements to nextprime()
        -:  176:
        -:  177:     2 July 2012
        -:  178:
        -:  179:Since build 115 (9 February 2012), the version should have read '6',
        -:  180:not '5'. (This was the date when bracmat wás brought to GitHub.)
        -:  181:Changes in bmalloc that makes it possible to compile with -O3.
        -:  182:Changed 'unsigned char' to 'char' in a lot of places to make some
        -:  183:warnings go away when compiled with gcc.
        -:  184:
        -:  185:    22 June 2012
        -:  186:
        -:  187:Correction in scompare(). The expression @(1b:~<1 b) did not evaluate 
        -:  188:successfully, which it should. Did a clean-up of this function.
        -:  189:
        -:  190:    4 June 2012
        -:  191:
        -:  192:Introduced READMARKUPFAMILY macro to turn xml-stuff on (1) or off (0)
        -:  193:
        -:  194:    2 June 2012
        -:  195:
        -:  196:xml.c supports reading from stdio (no rewind). Example of use:
        -:  197:type pr-xml-utf-8.xml | bracmat "put$(get$(,ML),\"pr-xml-utf-8.bra\",NEW)&"
        -:  198:
        -:  199:    1 June 2012
        -:  200:
        -:  201:Did some finishing, no essential code changes.
        -:  202:
        -:  203:    1 May 2012
        -:  204:
        -:  205:Added list of HTML entities. These are decoded to unicode codepoints and
        -:  206:encoded as utf-8 if an option HT is added.
        -:  207:
        -:  208:get$("filename.html",HT,ML,TRM)
        -:  209:
        -:  210:   29 April 2012
        -:  211:
        -:  212:Restructured the (ancient) input function and renamed some identifiers to
        -:  213:English equivalents.
        -:  214:Added a source file, xml.c, that reads SGML, HTML and XML files.
        -:  215:Syntax:
        -:  216:
        -:  217:get$(filename,ML)
        -:  218:get$(filename,ML,TRM)
        -:  219:get$(string,MEM,ML)
        -:  220:get$(string,MEM,ML,TRM)
        -:  221:
        -:  222:An option HT is made, but does not work yet. Purpose: translate HTML entities.
        -:  223:
        -:  224:   13 April 2012
        -:  225:
        -:  226:The characters @ and % in front of a string now only turn off escaping with the
        -:  227:\ character inside the string if the string is surrounded by " characters.
        -:  228:Reason: the \L operator was not recognised if its lhs contained a % or @.
        -:  229:
        -:  230:   23 February 2012
        -:  231:
        -:  232:When Bracmat reads a file that is not well-formed, it asks fo a file name where
        -:  233:it can write what it has understood. This did not work. Now it does.
        -:  234:
        -:  235:    9 February 2012
        -:  236:
        -:  237:Corrected error in doPosition that was introduced with the latest
        -:  238:optimizations.
        -:  239:
        -:  240:    4 February 2012
        -:  241:
        -:  242:Discovered that "greater than" relation implemented in the vgl function
        -:  243:wasn't transitive:
        -:  244:(1a.)+(10.)      -> (10.)+(1a.)
        -:  245:(1a.)+(10.)+(2.) -> (1a.)+(2.)+(10.)
        -:  246:Thus the order of (10.) and (1a.) depends on other terms.
        -:  247:Now the rule is: 
        -:  248:1) any number is smaller than any non-number
        -:  249:2) numbers are compared numerically
        -:  250:3) non-numbers are compared with strcmp
        -:  251:
        -:  252:    25 January 2012
        -:  253:
        -:  254:Improved handling of negative positions (positions counted from the end)
        -:  255:in lists, sums and products.
        -:  256:
        -:  257:    24 January 2012
        -:  258:
        -:  259:doPosition is buggy
        -:  260:    a (c,d): ? [-1
        -:  261:
        -:  262:expressionLength  counts the wrong way. It must look at the top level operator 
        -:  263:in the pattern containing the [ and count 1 + the number of this operator 
        -:  264:until the end of the list. 0 if [ is last in the pattern.
        -:  265:
        -:  266:    20 January 2012
        -:  267:
        -:  268:The previous change moved the scanning pointer to the point in the subject
        -:  269:where the rhs pattern starts. The current change moves the end of the
        -:  270:subject as far as necessary to the right to allow a full match of the rhs
        -:  271:pattern with last characters of the subject. Of course, this is only possible
        -:  272:if the final zero byte has not been reached. The calling instance of
        -:  273:stringmatch defines the end of the subject for the called instance. The called
        -:  274:instance can propose to move the end. In this way, scanning can move much
        -:  275:faster if a patterns contains some fixed strings. Speed-up does not work for
        -:  276:alternations of fixed srings. Speed-up only works for the first pattern
        -:  277:in a series of patterns connected by :
        -:  278:
        -:  279:    7 January 2012
        -:  280:
        -:  281:If an non-initial part of a stringpattern is a string, then the scanning
        -:  282:pointer jumps to the first (or next) occurrence in the subject string after
        -:  283:the first mismatch.
        -:  284:
        -:  285:This changes the behaviour of some patterns, such as in
        -:  286:@(abXk:(|? b|`) X ?id)
        -:  287:Before, the match failed, because the 'b' in the pattern did not match the
        -:  288:'a' in the subject. Now, nowing that the first X occurs in the third position,
        -:  289:the pattern matcher not even tries to match 'a' and 'b' and so the expression
        -:  290:succeeds. In many cases the (|? b|`) pattern works as before, though:
        -:  291:@(abXk:(|? b|`) (X|Y) ?id)
        -:  292:@(abXk:(|? b|`) () X ?id)    dangerous! Does not work in @(ab:(|? b|`) ())
        -:  293:@(abXk:(|? b|`) !(=X) ?id)
        -:  294:X:?x
        -:  295:@(abXk:(|? b|`) !x ?id)
        -:  296:
        -:  297:It is not advisable to use this pattern anymore. It is too much dependent on
        -:  298:pattern matching not being optimized.
        -:  299:
        -:  300:    6 January 2012
        -:  301:
        -:  302:Compiled 64 bit version with VS 2008. Had to use _WIN64 and some #defines,
        -:  303:because longs are 32 bit under VS 2008, whereas longs under gcc are 64 bits.
        -:  304:Also used the 64 bit versions of ftell and fseek in the VS 2008 case.
        -:  305:
        -:  306:I have these preprocessor defines
        -:  307:NDEBUG;__CONSOLE__;__WIN32__;WIN32;_CONSOLE;_CRT_SECURE_NO_WARNINGS
        -:  308:
        -:  309:(Some of these are automatically set in the 32 bit version).
        -:  310:For 64 bit
        -:  311:
        -:  312:Impression is that the 32 bit version should be used unless you have to deal
        -:  313:with enormous data (memory, file) or huge numbers (because numerical
        -:  314:computations are faster and bigger numbers can be factorized quickly using
        -:  315:exponentiation with a fractional exponent).
        -:  316:Otherwise, the 64 bit version is significantly slower and has almost three
        -:  317:times less stack depth.
        -:  318:
        -:  319:    2 January 2012
        -:  320:
        -:  321:Made stringmatch 'greedy' to an extend that does not change the program's
        -:  322:behaviour. (That is: all tests in valid.bra go through). Many string
        -:  323:comparisons now continue past the cutoff position deviding the subject in a
        -:  324:lhs and a rhs, pushing the division point to the position where the lhs
        -:  325:patterns succeeds. Previously this point repeatedly was moved one byte until
        -:  326:the lhs pattern either succeeded or definitely failed. The optimization is
        -:  327:turned off for alternating patterns and for all but the first pattern in a
        -:  328:chain of patterns connected by : operators.
        -:  329:
        -:  330:The normal (non-string) match is not optimized. It is questionable whether that
        -:  331:would be worthwhile. Not many patterns require repeated elongation of the part
        -:  332:of the subject left of the division point.
        -:  333:
        -:  334:However, CUTOFFSUGGEST is set to 0. The overhead does seem to outweigh the
        -:  335:optimization!
        -:  336:
        -:  337:
        -:  338:    21 December 2011
        -:  339:
        -:  340:The last changes had introduced a bug: the [ and ` flags were not (always) printed.
        -:  341:
        -:  342:    16 December 2011
        -:  343:
        -:  344:Repaired two bugs in doPosition. The first bug made the FENCE flag disappear
        -:  345:from the result if the program was built in debug mode in VS2008, which made
        -:  346:the program run as expected, the other bug was that the FENCE flag was
        -:  347:returned if the first bug was removed.
        -:  348:
        -:  349:    14 December 2011
        -:  350:
        -:  351:Updated unicode case conversions with data found in the most recent 
        -:  352:http://unicode.org/Public/UNIDATA/UnicodeData.txt (17-Aug-2010)
        -:  353:
        -:  354:    7 December 2011
        -:  355:
        -:  356:Introduced lambda. Syntax similar to macro.
        -:  357:
        -:  358:                (λx.x)y
        -:  359:translates to
        -:  360:                /('(x.$x))$y
        -:  361:
        -:  362:    1 December 2011
        -:  363:
        -:  364:Rewrote evalmacro to only copy data where necessary.
        -:  365:Bracmat now tests ok with valid.bra and with REFCOUNTSTRESSTEST set to 1
        -:  366:
        -:  367:    30 November 2011
        -:  368:
        -:  369:Found and solved bugs in merge() that only became visible with
        -:  370:REFCOUNTSTRESSTEST set to 1.
        -:  371:
        -:  372:    22 November 2011
        -:  373:
        -:  374:Rewrote evalmacro to only copy cells where necessary.
        -:  375:
        -:  376:    7 November 2011
        -:  377:
        -:  378:A result of a macro evaluation nested inside an macro was not visited by the
        -:  379:macro evaluator because the heading = operator had its READY flag set.
        -:  380:
        -:  381:    3 November 2011
        -:  382:
        -:  383:Nicified find and getmember calls, collapsing the last three arguments into
        -:  384:one objectStuff struct.
        -:  385:
        -:  386:    2 November 2011
        -:  387:
        -:  388:Made better sense of [<> (equivalent to [~) and [~<> (equivalent to [).
        -:  389:Introduced [% prefix. The expression reigned by [% in a pattern is evaluated.
        -:  390:The success or failure of the expression is the result of the match.
        -:  391:This functionality is similar to patterns that are function calls: in both
        -:  392:cases the current subject is stored in a local variable sjt. In contrast to
        -:  393:the function call, the expression's evaluated value is not itself matched 
        -:  394:against the subject.
        -:  395:Contrary to other uses of the % prefix, [% CAN match a nul object.
        -:  396:
        -:  397:    1 November 2011
        -:  398:
        -:  399:Changed signature of find, getmember, naamwoord and naamwoord_w. Before, these
        -:  400:functions returned TRUE or FALSE, while the binding was returned in a
        -:  401:pointer-to-a-pointer. The program is a bit quicker (approx. 5%).
        -:  402:
        -:  403:    30 October 2011
        -:  404:
        -:  405:The expression    a^(b*d+c*d)
        -:  406:                * (a^(b*f+c*f)+a^(e*b+e*c))
        -:  407:              + -1*(a^((b+c)*(d+e))+a^((b+c)*(d+f)))
        -:  408:did not evaluate to 0. Solved.
        -:  409:
        -:  410:    25 October 2011
        -:  411:
        -:  412:After a change in handling the pattern ?^? (20100806) the function fct didn't
        -:  413:work anymore. The function has been completely reimplemented.
        -:  414:Also changed sub so it cannot go in infinite regress.
        -:  415:
        -:  416:    12 September 2011
        -:  417:
        -:  418:Now you can do:
        -:  419:    (=)=5
        -:  420:This extension mirrors
        -:  421:    5:?(=)
        -:  422:This rather useless extension restores consistency. 
        -:  423:
        -:  424:    2 September 2011
        -:  425:
        -:  426:Corrected error in evalmacro. Inserted operator nodes where deemed to fail
        -:  427:when evaluated later on.
        -:  428:
        -:  429:   31 August 2011
        -:  430:
        -:  431:The escape operator ()$ in patterns can now be used to test for flags on the
        -:  432:subject. A special case is when the rhs is an empty atom with no flags. This
        -:  433:pattern only matches subjects with no flags. In all other cases, if one or
        -:  434:more flags are present in the rhs, the subject must have these flags as well,
        -:  435:and possibly even more.
        -:  436:
        -:  437:If the rhs is an atomic node with a non-empty string, the rhs can only match
        -:  438:atomic subjects with the same string. (But possibly with flags that are not
        -:  439:specified in the rhs.)
        -:  440:
        -:  441:   29 August 2011
        -:  442:
        -:  443:The use of $ as "escape operator" is now taken one step further. One can now
        -:  444:use $ to escape any operator in a pattern, so that the otherwise problematic
        -:  445:operators = | & : ' $ _ can be pacified and parsed.
        -:  446:
        -:  447:   23 August 2011
        -:  448:Inside macros the $ can be used as escape operator to insert a $ with empty
        -:  449:lhs in the evaluated macro. Also, the _ operator is from now on left untouched
        -:  450:in a macro unless escaped. This made it necessary to adapt a few bracmat
        -:  451:scripts, e.g. the cat$ function in this file.
        -:  452:
        -:  453:   19 August 2011
        -:  454:
        -:  455:You can now do this: '($(=$x))
        -:  456:Previously, you had to do this in two steps: flabber=$x & '($flabber)
        -:  457:You also can do this: '('($(=$b))) which evaluates to ='$b
        -:  458:
        -:  459:   26 July 2011
        -:  460:There was a problem with the ! and !! flags in connection with the flg 
        -:  461:function. In flg$(=!a):(=?X.?Z) the assignment to X wouldn't succeed, because
        -:  462:in the result (=!.a) of the evaluation of flg$(=!a), the element ! had the
        -:  463:READY flag set. Now the '!' has the READY flag unset, while the 'a' has it set.
        -:  464:
        -:  465:   29 June 2011
        -:  466:Changed a few ints to long to get rid of type casts.
        -:  467:
        -:  468:   21 June 2011
        -:  469:Converted this source code to UTF-8.
        -:  470:
        -:  471:    5 May 2011
        -:  472:The expression ((==.lst$its).)' tried to list an object that was gone.
        -:  473:Now it works. The listed object is =.lst$its
        -:  474:Notice how recursion can be implemented with a 'lambda method' that has access
        -:  475:to itself ('its'):
        -:  476:
        -:  477:( (==a b.!arg:?a_?b&((its.)$!b)_((its.)$!a)|!arg) . ) ' (x y^g (z,8.L))
        -:  478:
        -:  479:This recursively swaps lhs and rhs of all operators in the argument
        -:  480:
        -:  481:    2 April 2011
        -:  482:An expression like (x=!x)&!x now results in an endless loop, not a stack
        -:  483:overflow as before.
        -:  484:
        -:  485:    31 March 2011
        -:  486:Stackoverflow occurred if an uninitialised variable was assigned to the
        -:  487:variable itself - directly or indirectly. The problem has been solved for
        -:  488:cases like
        -:  489:
        -:  490:    !y a:?x a
        -:  491:
        -:  492:where the atom !y has the READY flag set when the assignment is attempted.
        -:  493:
        -:  494:The problem can be solved completely, but at a price, namely if
        -:  495:
        -:  496:    (=!y):(=?x)
        -:  497:    
        -:  498:is made to fail. I consider this price as too high for now.
        -:  499:
        -:  500:    16 March 2011
        -:  501:Arithmetic more complex than adding is now done with much higher radix.
        -:  502:For small numbers compuations are a little bit slower, because of conversions
        -:  503:to and from character strings. For large numbers, timings are magnitudes
        -:  504:better. Multiplication of two 200000 digits numbers is about 100 times faster.
        -:  505:Computation of the first 1000 decimals of pi is about 20 times faster.
        -:  506:
        -:  507:For 32 bit systems, a radix of 10000 is chosen. For 64 bit systems
        -:  508:a radix of 100000000 is found to be appropriate.
        -:  509:
        -:  510:    27 February 2011
        -:  511:Removed a lot of dead wood and renamed a few variables to English.
        -:  512:
        -:  513:    21 February 2011
        -:  514:Rewrite of bmalloc, bfree and initialization of memory. Memory now expands
        -:  515:dynamically: when a there are no more free memory blocks of 1,2 or 3 (4, 5, 6)
        -:  516:words available, a new pool of memory blocks for the depleted size is created,
        -:  517:doubling the number of blocks in the already allocated pools for that size.
        -:  518:Removed a bug that caused (a=7)&!(a*1) to fail.
        -:  519:
        -:  520:    11 January 2011
        -:  521:The @ is again removed from non-nil atoms. Reason: the @ flag is used on a 
        -:  522:non-nil atom to indicate that backslashes in the atomstring must be
        -:  523:interpreted litterally, i.e. @"d:\bracmat" is equivalent to "d:\\bracmat"
        -:  524:
        -:  525:This change has no consequence for the stringmatch functionality 
        -:  526:introduced 20101122.
        -:  527:
        -:  528:     6 January 2011
        -:  529:Conditionally (NP) defined opbnowis()
        -:  530:Extra parentheses in line 6932
        -:  531:
        -:  532:    25 November 2010
        -:  533:Solved bug in merge().
        -:  534:
        -:  535:    22 November 2010
        -:  536:In stringmatch, the % can be used to force characterwise matching if the
        -:  537:pattern is a number. For that reason, the % and @ are no longer removed from
        -:  538:non-nil atoms as superfluous.
        -:  539:One has to take care with minusses: the patterns %"-20/5" and %-20/5 are
        -:  540:different. In %"-20/5", the % is superfluous and the pattern matches
        -:  541:characterwise. In %-20/5, the pattern matches 20/5 and the minus is ignored!
        -:  542:
        -:  543:    19 November 2010
        -:  544:Some tests to check that the position flag is followed by an integer number
        -:  545:and that the flag % doesn't occur.
        -:  546:Made sure that mod$ and div$ fail if second argument is zero.
        -:  547:
        -:  548:    15 November 2010
        -:  549:Evaluation of sums and products is now iterative instead of recursive.
        -:  550:Also, two sums or products are neatly merged instead of appended and thereafter
        -:  551:bubble sorted. Result: much faster processing of very large sums and products
        -:  552:and no danger of stack overflow.
        -:  553:For short sums, the implementation has become a little bit slower, because
        -:  554:I reverted to older, but simpler code that makes more allocations and
        -:  555:deallocations.
        -:  556:
        -:  557:    8 November 2010
        -:  558:Made some minor changes such as int -> size_t.
        -:  559:Most radical change is introduction of function Entry2 which is like Entry,
        -:  560:only with lower level of indirection. Entry2 replaces Entry in three places.
        -:  561:
        -:  562:    3 November 2010
        -:  563:Improved percolation of filter flags < > # / @ %
        -:  564:
        -:  565:    1 November 2010
        -:  566:The built-in function now returns IMPLIEDFENCE if the subject string in
        -:  567:a stringmatch is too long or if it cannot be grown to a valid UTF-8
        -:  568:multibyte sequence. Previously, the FENCE flag was set, but this had
        -:  569:the side effect that utf$ couldn't easily be used as the lhs of a match.
        -:  570:
        -:  571:Change to flt$ : flt$(0,...) now returns 0 instead of failing. Replaced
        -:  572:get$(...,MEM,VAP): ... with @(...:...).
        -:  573:
        -:  574:    27 October 2010
        -:  575:In bmalloc, all bytes are set to 0, not just the last one.
        -:  576:Reason: if all elements of size X are in use, bmalloc may return
        -:  577:a bigger sized element, of which the last four bytes will not be
        -:  578:used at all. Instead, some earlier bytes must be set to 0.
        -:  579:
        -:  580:    22 October 2010
        -:  581:Trailing closing parentheses were accepted on equal footing with '\0' bytes.
        -:  582:
        -:  583:   18 October 2010
        -:  584:The function expandProduct turned off the READY flag on all processed output,
        -:  585:even if the result was atomic and therefore ready.
        -:  586:Consequence: (1+i)*(1+-i) was evaluated to non-ready value 2, which could
        -:  587:not successfully be used in further computations.
        -:  588:
        -:  589:   10 September 2010
        -:  590:A function call in match context not only receives a function argument in
        -:  591:"arg", but also the current subject in "sjt" (from sujet or subject)
        -:  592:Example:
        -:  593:like=.out$!sjt&sim$(!arg,!sjt):>9/10&?|den$sim$(!sjt,):~<(den$sim$(!arg,0))&`~
        -:  594:@("Dogs and Cats are my enemies":? (like$mus:?animal) ?)&out$!animal
        -:  595:@("Dogs and Cats are my enemies":? (like$cat:?animal) ?)&out$!animal
        -:  596:
        -:  597:The return value from a failing function call in match context is not compared
        -:  598:to the subject.
        -:  599:
        -:  600:By returning `~ a function can indicate that further attempts with lenghtened
        -:  601:subjects with the same start position will fail.
        -:  602:
        -:  603:   6 August 2010
        -:  604:Previously, a pattern with an exponential only matched a subject with an
        -:  605:exponential. Now, the exponent in the pattern allowing, an exponent 1 is
        -:  606:assumed.
        -:  607:
        -:  608:   2 August 2010
        -:  609:Made variable v. So now
        -:  610:    bracmat put$!v
        -:  611:says:
        -:  612:    Bracmat version 4, build 72 (2 August 2010)
        -:  613:
        -:  614:   23 July 2010
        -:  615:a*b+u*(x+y) was not evaluated correctly in the previous version.
        -:  616:Now it works again.
        -:  617:
        -:  618:   30 June 2010
        -:  619:Improved error handling if BRACMATEMBEDDED is defined.
        -:  620:
        -:  621:   22 June 2010
        -:  622:If Bracmat is running embedded (e.g. as "native code" in a Java environment)
        -:  623:it may be desirable to make bracmat safer. Here are some defines that shut off
        -:  624:selected parts of Bracmat:
        -:  625:#define NO_C_INTERFACE no memory (de)allocation, peek and poke and C-function pointer API
        -:  626:#define NO_FILE_RENAME no file renaming
        -:  627:#define NO_FILE_REMOVE no file removal
        -:  628:#define NO_SYSTEM_CALL no system() call
        -:  629:#define NO_LOW_LEVEL_FILE_HANDLING
        -:  630:                       no file handling other than get$ put$ and lst$
        -:  631:#define NO_FOPEN       no calls to fopen(). (But you can still get$ put$ and lst$ to memory!)
        -:  632:#define NO_EXIT_ON_NON_SEVERE_ERRORS
        -:  633:
        -:  634:   11 June 2010
        -:  635:Had to conditionally introduce call to unlink() instead of remove() in case of Symbian (Epoc 5).
        -:  636:
        -:  637:   26 May 2010
        -:  638:Replaced sizeof(tflags) with offsetof(sk,u.obj), which may be (and normally are,
        -:  639:on 64 bit platforms at least) different, the latter taking padding into account.
        -:  640:
        -:  641:Removed ridiculous costly calls to expressionLength, perhaps using 3/4 of all
        -:  642:CPU time when repeatedly matching large data structures!
        -:  643:
        -:  644:   19 April 2010
        -:  645:Used gprof to find functions to optimize: opaf() (has become op() and af()), splits()
        -:  646:
        -:  647:   8 April 2010
        -:  648:The 'its'-member that has been missing since version 3.50 is back again.
        -:  649:
        -:  650:   6 April 2010
        -:  651:Pattern match like a b c:% c did not work as expected
        -:  652:(should be same as a b c:%? c). Solved. Same goes for @(abc:% c).
        -:  653:
        -:  654:   30 March 2010
        -:  655:Added built-in function rmv$ that removes a file.
        -:  656:
        -:  657:   26 March 2010
        -:  658:Changed code to make Bracmat compile and run in a 64-bit environment where
        -:  659:sizeof(int) == 4 and sizeof(long) == 8.
        -:  660:It is assumed that the platform is 64-bit if LONG_MAX > 2147483647L
        -:  661:In contrast to 32 bit platforms, the functions x2d and d2x handle
        -:  662:numbers up to FFFFFFFFFFFFFFFFF hexadecimal or 18446744073709551615 decimal
        -:  663:if compiled on 64-bit platforms.
        -:  664:Another noteworthy difference is that the 64-bit version finds bigger prime
        -:  665:numbers. Try 123465864564581765^1/2 Answer: 5^1/2*24693172912916353^1/2,
        -:  666:so 24693172912916353 is prime.
        -:  667:
        -:  668:   12 March 2010
        -:  669:errorStream is not kept open if it is not stderr or strout, so that other
        -:  670:processes also can write to the errorFile, if necessary. This also ensures
        -:  671:that the message is written an saved before the program ... uhm ... crashes.
        -:  672:
        -:  673:   10 March 2010
        -:  674:If run with command line options, bracmat's return value is the numerical
        -:  675:value of the last expression evaluated. If the last evaluated expression
        -:  676:is not atomic or not a string that can be scanned as an integer number
        -:  677:using strtol, the exit code is 0.
        -:  678:Built-in exit codes:
        -:  679:-1  out of memory
        -:  680:116 invalid function syntax
        -:  681:117 string match attempted with non-atomic argument
        -:  682:
        -:  683:   9 March 2010
        -:  684:New built-in function arg$. If Bracmat is started with any arguments (argc > 1)
        -:  685:every argument is evaluated from left to right, unless arguments are consumed
        -:  686:by calls to arg$. For example,
        -:  687:    bracmat get$myprog -i c:\documents\input.txt -o d:\html\index.html
        -:  688:would evaluate
        -:  689:    get$myprog
        -:  690:    -i
        -:  691:    c:\documents\input.txt
        -:  692:    -o
        -:  693:    d:\html\index.html
        -:  694:in that order. Evaluating the last four arguments is not very meaningful,
        -:  695:however: the backslashes are interpreted as escapes, which they are not.
        -:  696:Moreover, the colon and the dot are interpreted as operators. However, the
        -:  697:bracmat program "myprog" can call the function arg$ four times and in that way
        -:  698:empty the queue of arguments. arg$ returns an atom containing an exact copy of
        -:  699:the next program argument. Using string matching the arguments can be parsed,
        -:  700:if necessary.
        -:  701:Precautions must be taken if the path or name of the bracmat program contains
        -:  702:characters that can be mistakenly interpreted. E.g. (in Windows)
        -:  703:    bracmat "get$@\"c:Program Files\myprog.bra\"" -i c:\documents\input.txt -o d:\html\index.html
        -:  704:In *N*X the apostrophes surrounding the first argument must be replaced by
        -:  705:quotes.
        -:  706:A second form is arg$N, where 0 <= N < argc. arg$0 will normally return the
        -:  707:command name "bracmat" or a path leading to "bracmat".
        -:  708:
        -:  709:   23 February 2010
        -:  710:upp$ and low$ now handle UTF-8. upp$ is a bit tricky, as some characters
        -:  711:occupy more bytes when uppercased. A simple in-place replacement is tried
        -:  712:first, and is fine in 99% of all cases. If an overrun is imminent, more space
        -:  713:is allocated.
        -:  714:
        -:  715:   22 February 2010
        -:  716:sim$(s1,s2) accepts UTF-8. 8-bit Latin-1 is also ok.
        -:  717:chr$ fails if argument is > 255
        -:  718:
        -:  719:   21 February 2010
        -:  720:~<> are now effective on patterns headed by $ or ' operator
        -:  721:b:>(str$a)
        -:  722:b:~<>(str$A)
        -:  723:
        -:  724:   20 February 2010
        -:  725:~<> uses case insensitive compare on unicode
        -:  726:
        -:  727:   19 February 2010
        -:  728:x2d$   converts hexadecimal number to decimal
        -:  729:d2x$   converts decimal number to hexadecimal
        -:  730:Both routines are restricted to decimal numbers 0 ... 4294967295 (hex 0 ... ffffffff)
        -:  731:Failure if not all characters can be scanned.
        -:  732:
        -:  733:   12 February 2010 Simplified changeCase()
        -:  734:   10 February 2010
        -:  735:abc:?NN & @(!NN:!NN ?x)
        -:  736:!x evaluated to "abc", not to ""
        -:  737:
        -:  738:   2 February 2010
        -:  739:Input scanning stopped at 0x80, as in the utf-8 sequence e2 80 93 (8211 EN DASH )
        -:  740:
        -:  741:   27 January 2010
        -:  742:~@ matches non-atomic matter, both in stringmatch and now also in match.
        -:  743:
        -:  744:   26 January 2010
        -:  745:@ and % flags are not turned off if combined with < and/or >.
        -:  746:(Previously, they were seen as "superfluous" if in combination with non-empty object.)
        -:  747:Handy if you want to skip white space:
        -:  748:
        -:  749:@("  \r\n\t  xyz\r\n  ":?a (>@" " ?:?y) ~>%" " ?)
        -:  750:
        -:  751:Changed KILOKNOPEN back to 10000
        -:  752:
        -:  753:   16 September 2009
        -:  754:Changed KILOKNOPEN to 100000 (was 10000)
        -:  755:
        -:  756:   3 July 2009
        -:  757:
        -:  758:Setting #define CODEPAGE850 0 removes all reminiscenses of DOS-codepages.
        -:  759:
        -:  760:Unicode (UTF-8) support
        -:  761:chu$number returns a sequence of 1-6 bytes. The highest allowed value of the number is 2147483647 (7FFFFFFF hex)
        -:  762:            Notice that RFC 3629 restricts UTF-8 to 4 bytes and that the highest allowed code point 10FFFF hex.
        -:  763:utf$string returns the code point of the character represented by the UTF-8 sequence of bytes.
        -:  764:            If the string is too short or too long, or if the sequence is an invalid UTF-8 string, the function fails.
        -:  765:            It is safe to use utf$ in a pattern:
        -:  766:            @(!txt:(?%c & utf$!c) ?)
        -:  767:            If txt starts with an valid UTF-8 sequence, bracmat backtracks until c matches the UTF-8 sequence.
        -:  768:            If txt starts with a sequence that is not UTF-8, bracmat stops backtracking when that fact has been
        -:  769:            established.
        -:  770:
        -:  771:   30 June 2009
        -:  772:bracmat now evaluates all parameters given to it, from left to right.
        -:  773:
        -:  774:command line:bracmat a=1 b=14 out$(!a+!b)
        -:  775:output:15
        -:  776:
        -:  777:Previously, only the first parameter was evaluated.
        -:  778:As always, if no parameter is specified, bracmat enters interactive mode.
        -:  779:
        -:  780:   11 February 2009
        -:  781:Corrected error in flt$. All powers of ten were analysed to 1,
        -:  782:for example flt$(100,2) -> 1,00*10E0
        -:  783:
        -:  784:   13 November 2008
        -:  785:stop string also works when writing.
        -:  786:fil$("file.txt",w)
        -:  787:fil$(,STR," \n\r\t")
        -:  788:fil$(,,,"Workers go to strike/for higher wages
        -:  789:and for more kindergartens.")
        -:  790:fil$("file.txt",r)
        -:  791:fil$(outfile,w)
        -:  792:fil$("infile.txt",STR)
        -:  793:fil$(outfile,STR," \n\r\t")
        -:  794:fil$(,,,"Workers go to strike for higher wages")
        -:  795:
        -:  796:Stop string can also be specified when reading or writing
        -:  797:fil$(,,"/","Workers go to strike/for higher wages")
        -:  798:fil$("infile.txt",,".!?,;")
        -:  799:
        -:  800:An empty stop string means: write all of the string.
        -:  801:(Or read to end of file, if file mode is reading).
        -:  802:
        -:  803:   10 September 2008
        -:  804:x^(y*(a+b))+-1*x^(a*y+b*y) -> 0 Before, the exponents were regarded as
        -:  805:different. If, during comparison, a subtree of lhs has pattern ?*(?+?) and
        -:  806:the corresponding subtree of the rhs ?+?, the lhs subtree is expanded to
        -:  807:a sum (defactorised) and the comparison is done on the transformed lhs and
        -:  808:the rhs. Notice that the most expensive exponent survives:
        -:  809:x^(y*(a+b))+x^(a*y+b*y): 2*x^(y*(a+b))
        -:  810:
        -:  811:0^-1 succeeded and gave 0, now it fails. (0/7^-1 already failed)
        -:  812:
        -:  813:Strings starting with a zero and followed by another figure are not numbers
        -:  814:00/7, 098
        -:  815:
        -:  816:Input ()k went in endless loop, because the k was interpreted as an operator.
        -:  817:Now it says "malformed input".
        -:  818:
        -:  819:   11 February 2008
        -:  820:whl' now returns function_ok instead of function_fail. Although the
        -:  821:loop exits when the rhs fails and there therefore is nothing meaningful to
        -:  822:"return", it led to ugly code when a whl' loop always had to be negated
        -:  823:
        -:  824:    ... & ~(whl'(...)) & ...
        -:  825:
        -:  826:or put into the lhs of an OR
        -:  827:
        -:  828:    & ( whl'(...) |  ) &
        -:  829:
        -:  830:til' is commented out. It has no future.
        -:  831:
        -:  832:   28 January 2008
        -:  833:evalmacro did not unset the ready-bit on an inserted expression consisting of
        -:  834:a variable with exclamation mark. It does now.
        -:  835:
        -:  836:   27 January 2008
        -:  837:Introduction of flag [ for acquiring or requiring the current position during
        -:  838:a (string)match. Examples:
        -:  839:    a b c:? ([-1:[?endpos)
        -:  840:will assign the length of the subject, 3, to variable endpos.
        -:  841:    a b c d e:? [!endpos ?extramaterial
        -:  842:will assign d e to extramaterial.
        -:  843:Works in match and stringmatch alike, with some exceptions:
        -:  844:@(:[0) succeeds, but (:[0) fails. Reason: in the first case, the subject
        -:  845:is the nil element, but in the second case, the lhs is just an atom,
        -:  846:although a funny one. In a certain context, this atom plays the role
        -:  847:of nil element, but not in other contexts.
        -:  848:
        -:  849:Found out that stringmatch had a measurable side effect on the subject
        -:  850:
        -:  851:subject=abcdef
        -:  852:@(!subject:? (d & !subject:abcd) ?
        -:  853:
        -:  854:This would succeed, because the string had been temporarily cut off after
        -:  855:the 'd'.
        -:  856:Now match and string match are much more alike and the problem is solved.
        -:  857:
        -:  858:Introduction of two built-in functions: whl and til. whl repeatedly evaluates
        -:  859:its argument until it fails. whl always returns failure. til repeatedly
        -:  860:evaluates its argument until it succeeds and returns the result of the last
        -:  861:evaluation.
        -:  862:There are no plans to make if...else and switch equivalents in Bracmat.
        -:  863:It may be that whl and/or til are retracted later. They seem a bit superfluous.
        -:  864:
        -:  865:   13 January 2008
        -:  866:`~a:?b will now assign `~a to b
        -:  867:@(`~a:?b) will assign a to b. !a will succeed
        -:  868:As before, this will assign something failing to a variable:
        -:  869:dummy ~a:dummy ?m
        -:  870:!m fails
        -:  871:~!m gives ~a
        -:  872:
        -:  873:   3 January 2008
        -:  874:Better implementation of the evaluation of !(=a).
        -:  875:It is now possible to construct and run a loop as a datastructure with
        -:  876:a closed loop of pointers. Performance-wise nothing is gained, however.
        -:  877:  (loop= !i+1:<10000000:?i&!(=))
        -:  878:& '$loop:(=?(loop.)) {Make closed datastructure}
        -:  879:& ~!loop {loop 10.000.000 times}
        -:  880:& :?(loop.) {Open the datastructure.(Otherwise you'll have a memory leak when
        -:  881:             'loop' goes out of scope.)}
        -:  882:
        -:  883:Several functions have been factorised. evalueer() has been restructured.
        -:  884:
        -:  885:   2 January 2008
        -:  886:I've decided that a:(~@(a:a)) means about the same as a:(~@:(a:a)), i.e. it
        -:  887:fails because a is not not an atom. For the same reason a:(~@(a:b)) fails.
        -:  888:~@(a:a) in an evaluation context such as x&~@(a:a) succeeds. It merely means
        -:  889:a:a
        -:  890:
        -:  891:Use #define STRINGMATCH_CAN_BE_NEGATED 1 to allow ~@(<subject>:<pattern>)
        -:  892:as a stringmatch that has its result negated after evaluation.
        -:  893:
        -:  894:Use #define STRINGMATCH_CAN_BE_NEGATED 0 to interpret ~@(<subject>:<pattern>)
        -:  895:as the opposite of stringmatch, i.e. a normal match, the same as
        -:  896:(<subject>:<pattern>) with the additional condition that <subject> is not an
        -:  897:atom. Notice, however, that ~@#(abc:? b ?) succeeds, as the ~ negates #, not @
        -:  898:(priority /#<>@)
        -:  899:
        -:  900:Succeeding tests:
        -:  901:a b:(~@(? b:a %))
        -:  902:~@(a b:a ?)
        -:  903:~@(a:a)
        -:  904:12/34:@(?x:#?a (~#%@:?y) #?b)&!y:"/"
        -:  905:
        -:  906:Failing tests:
        -:  907:a:(~@(a:a))
        -:  908:~@(a:b)
        -:  909:12/34:@(#?a (~#%@:?y) #?b:?x)&!y:"/"
        -:  910:    (This fails because the pattern
        -:  911:        #?a (~#%@:?y) #?b
        -:  912:    is in the match context 12/34:<rhs>, not in a stringmatch context.
        -:  913:    Remember, the first @ says that subject is an atom, which it is in the
        -:  914:    match context, but not in a stringmatch context.)
        -:  915:@(12/34:@(#?a (~#%@:?y) #?b:?x)&!y:"/")
        -:  916:    (This fails because 12/34 is not an atom in a stringmatch context.)
        -:  917:
        -:  918:   29 December 2008
        -:  919:Compilation with Norcroft RISC OS ARM C vsn 3.00 [Jul 12 1989]
        -:  920:This resulted in some formal corrections (signed vs unsigned int,
        -:  921:int vs long, too many arguments for format in Printf,
        -:  922:#if _BRACMATEMBEDDED changed to #if defined _BRACMATEMBEDDED)
        -:  923:
        -:  924:The changes of 20071217 were undone, because the solution did not work for
        -:  925:    ~(&~@(a:a))
        -:  926:New solution:
        -:  927:In lex(), undo setting of
        -:  928:    success == FALSE
        -:  929:on : node if ~@ flags are attached to this operator.
        -:  930:This is a special case. In ~@(a:b) the ~ operator must
        -:  931:not negate the @ but the result of the string match.
        -:  932:
        -:  933:I am not convinced that this is the right decision. Perhaps we simply
        -:  934:should not allow other flags than @ on : if we want it to be interpreted
        -:  935:as a string match operation.
        -:  936:
        -:  937:   17 December 2007
        -:  938:~@(a:a) didn't fail and ~@(a:b) didn't succeed. Now they do.
        -:  939:
        -:  940:   9 October 2007
        -:  941:Removed test print from getObjectDef.
        -:  942:
        -:  943:   18 September 2007
        -:  944:    a b "" ""
        -:  945:evaluates to
        -:  946:    a b ()
        -:  947:instead of
        -:  948:    a b
        -:  949:Changed function handleLUCHT to correct this.
        -:  950:
        -:  951:   7 July 2007
        -:  952:Differentiation: Originally, to indicate that a variable x depends on another
        -:  953:variable p, one wrote x=p, or x=s and s=p. If one wrote (x=), then y\Dx
        -:  954:resulted in stack overflow. The appropriate way to indicate dependeny is
        -:  955:dep=(x.p) (....)
        -:  956:
        -:  957:The range function has been abolished. Originally the idea was that Bracmat
        -:  958:not only should handle numbers and symbols, but also ranges. Thus, 2^>3 would
        -:  959:give >16 and -5*>2 would give <-10. This had to be given up as ranges become
        -:  960:more and more complicated to express. (>4*~>3 = ?)
        -:  961:
        -:  962:Code implementing a string table (COMPILE==1) has been removed
        -:  963:COMPILE works not faster, but slower (about 10%) and uses more nodes.
        -:  964:
        -:  965:The unfinished attempt at implementing objects that can be saved and re-read
        -:  966:(serialization) has been given up (OBJECTS==1) Flag: [
        -:  967:
        -:  968:VAX-specific code removed.
        -:  969:
        -:  970:   5 July 2007:
        -:  971:There were problems with stringmatches:
        -:  972:@(aaab:((|a) aa) b)
        -:  973:This failed because the match
        -:  974:    aa:aa
        -:  975:prematurely ended the match with failure.
        -:  976:The cause was that this match ONCED the whole match
        -:  977:    aa:(|a) aa
        -:  978:
        -:  979:This partly undoes a change made in 200704
        -:  980:
        -:  981:new$hash:?h
        -:  982:(h..ISO)$
        -:  983:(h..insert)$(a.b)
        -:  984:
        -:  985:This made a division by zero, because (h..ISO) had rehashed the table
        -:  986:to a table with zero size. (hashes are born with non-zero size)
        -:  987:The computation of the loadfactor went wrong.
        -:  988:
        -:  989:    4 April 2007:
        -:  990:Tail recursion optimisation in complexiteit.
        -:  991:
        -:  992:Solved bug in handling of strings with characters > 0x80 in expressions like
        -:  993:    a å
        -:  994:
        -:  995:Solved bug in handling of e^(i*pi)
        -:  996:
        -:  997:Solved bug in handling of i:-i
        -:  998:
        -:  999:Solved bug in handling of -1*i^1/3
        -: 1000:
        -: 1001:lst$ now lists ALL names. Previously, names starting with character above 0x7f
        -: 1002:were hidden. Som hidden functions that were called from f0, f4 or f5 are
        -: 1003:now declared inside these functions and therefore hidden.
        -: 1004:
        -: 1005:get$ and fil$ first try to open a file interpreting the file name as a path
        -: 1006:relative to the current working directory. If that fails, and if the program
        -: 1007:is started with a fully qualified path+file name, this path is prepended to the
        -: 1008:name of the file to be opened. If opening the file also fails with the new
        -: 1009:path, get$ and fil$ fail. This functionality requires that
        -: 1010:1) the file mode is "reading"
        -: 1011:2) the file name does not contain an absolute path
        -: 1012:3) the program knows its path
        -: 1013:If the program does not know its path, it may help to start the program with
        -: 1014:a fully qualified path on the command line. This instruction can be put in
        -: 1015:a shell script or batch file.
        -: 1016:This improvement is especially helpful for opening the "help"-file.
        -: 1017:
        -: 1018:In string matching the expression
        -: 1019:    @(abcd:?u (?:%@ %@) (?z & ~))
        -: 1020:now makes sure that the pattern (?:%@ %@) never is presented with more than two
        -: 1021:characters. Before, the @ flag did not really work with string matching and the
        -: 1022:: operator extinguished the cut condition that arises in its rhs.
        -: 1023:This works now within a reasonable time:
        -: 1024:(do=
        -: 1025:  get$(help,STR):?S
        -: 1026:& @( !S
        -: 1027:   :   ?
        -: 1028:       ( ?:(%@:~" ":~",") %@ %@ %@ %@ %@ %@ %@ %@ %@ %@ %@ %@ %@ %@ %@ %@ %@ %@ %@ %@ %@ %@:?x
        -: 1029:       & '(? ()$x ?):(=?x)
        -: 1030:       )
        -: 1031:       !x
        -: 1032:   )
        -: 1033:& !x);
        -: 1034:!do
        -: 1035:
        -: 1036:
        -: 1037:In a string, characters that also have a meaning as an operator can be escaped:
        -: 1038:nsc\'ere
        -: 1039:is the same as
        -: 1040:"nsc'ere"
        -: 1041:
        -: 1042:The names of cat$'s local variables are now taken from the list of names of
        -: 1043:predefined functions. Consequently, cat$ does not list its own local variables.
        -: 1044:(Previously, listing of these names was circumvented by the rule that names
        -: 1045:starting with high-bit-set characters are kept hidden.)
        -: 1046:
        -: 1047:Defunct ego$ and goe$ are abolished.
        -: 1048:
        -: 1049:   22 February 2007:
        -: 1050:    Major change in match() that speeds up matching. Found also an error in the
        -: 1051:    handling of an alternating pattern with an alternating pattern in the lhs
        -: 1052:    and a FENCE flag in the leftmost node.
        -: 1053:    Similar changes in stringmatch() must yet be made.
        -: 1054:
        -: 1055:   20 February 2007:
        -: 1056:    Changed int and unsigned long to size_t in two places to stop warnings.
        -: 1057:
        -: 1058:
        -: 1059:   18 January 2007:
        -: 1060:    Added _CONSOLE to test for Windows API
        -: 1061:    @(:? ?) failed. Cause: Unmotivied test for subjectstring not being empty.
        -: 1062:
        -: 1063:    20060704 caseinsensitivehash fixed
        -: 1064:
        -: 1065:   23 June 2006
        -: 1066:caseinsensitivehash uses lowerEquivalent without converting array index to
        -: 1067:unsigned int!
        -: 1068:
        -: 1069:   12 October 2005:
        -: 1070:    Corrected error in flt$. During rounding, the variable m could become
        -: 1071:    > 10. Consequently, the exponent must be increased by one and m must
        -: 1072:    be divided by 10 in those cases.
        -: 1073:
        -: 1074:   5 September 2005:
        -: 1075:    Changed C++-style comments to old fashioned C-style comments.
        -: 1076:    Removed enum {NoIndication,AnInteger,NotAFraction,NotANumber,AFraction,ANumber};
        -: 1077:
        -: 1078:   5 april 2005:
        -: 1079:    flg$<flags><atom> now returns ((=<flags>).<atom>)
        -: 1080:    This protects the flags from evaluation.
        -: 1081:
        -: 1082:   17 november 2004:
        -: 1083:    clk$ returns 0 if clock() returns -1
        -: 1084:    bez$ returns (<nodes>.<max nodes>.<max ref>)
        -: 1085:    epoc version: delete key emits ascii 8 (back space). Now, ascii(8) moves
        -: 1086:    the input pointer one position back, deleting the previous entered
        -: 1087:    character. (see mygetc)
        -: 1088:
        -: 1089:   25 sep 2004: strrev rewritten for Epoc
        -: 1090:
        -: 1091:   6 June 2004:
        -: 1092:1) Started to make late binding in string matching
        -: 1093:2) Corrected errors in assignment to and listing of objects with late bound values
        -: 1094:
        -: 1095:   20040830
        -: 1096:This fails:
        -: 1097:(obj=x=)&dbg'@("abc":?(obj.x) "c") & out$!(obj.x);
        -: 1098:
        -: 1099:This works:
        -: 1100:dbg'@("abc":?x "c") & out$!x;
        -: 1101:*/
        -: 1102:/*
        -: 1103:NOTES
        -: 1104:=====
        -: 1105:
        -: 1106:2002.12.15
        -: 1107:----------
        -: 1108:This is the open source version of Bracmat.
        -: 1109:
        -: 1110:Originally, Bracmat was written in Basic for the Amstrad computer. Its sole
        -: 1111:purpose was to derive a simple expression for the curvature of a model
        -: 1112:space-time, starting from the components of the metric. The only operations
        -: 1113:the program was capable to perform were multiplications, exponentiations,
        -: 1114:logarithms, and partial derivatives. The expressions were a mix of numbers
        -: 1115:and symbolic variables, like "a+2*b". Thus, "a+a" was simplified to "2*a".
        -: 1116:
        -: 1117:The second version of Bracmat, about 1988, was developed in Ansi C and run
        -: 1118:on an Acorn Archimedes. Great care was taken to make the program portable to
        -: 1119:other hardware, such as Atari, VAX and even the PC. The PC architecture, with
        -: 1120:its limited memory, its 16 bit architecture and its limitation on the size of
        -: 1121:the program stack, posed some severe limitations on the program. Therefore
        -: 1122:great care was taken to limit the use of the stack to a minimum. This has
        -: 1123:lead to some rather large functions (to save stack-consuming function calls).
        -: 1124:
        -: 1125:The C version became a true programnming language, with program variables,
        -: 1126:logical operators and function calls. The syntax, however, was not changed.
        -: 1127:For example, instead of using "if...then...else...", I decided to write
        -: 1128:something like "...&...|...", using lazy evaluation of the infix binary
        -: 1129:logical operators "&" (AND) and "|" (OR) for program control.
        -: 1130:
        -: 1131:The logical operators, of course, should test for operands being "true" or
        -: 1132:"false". The main provider of interesting truth values became the pattern
        -: 1133:matching operator ":", which tests whether the pattern (the rhs-operand)
        -: 1134:matches the subject (the lhs-operand). The single outstanding feature of
        -: 1135:Bracmat is, in fact, its pattern recognition, which works on tree structures,
        -: 1136:not on strings of characters.
        -: 1137:
        -: 1138:Bracmat was also extended with a few operators that makes this programming
        -: 1139:language interesting in the field of computational linguistics, namely the
        -: 1140:blank " ", the comma "," and the full stop ".". (The interpunction symbols
        -: 1141:"?", "!" and ";" were already 'taken' to serve other purposes.)
        -: 1142:
        -: 1143:You may find the source code difficult to read at some places. You are best
        -: 1144:off if you understand English and Dutch (and perhaps Danish). Only if the
        -: 1145:program arises enough interest I will invest the effort to streamline the
        -: 1146:source text and make it more understandable for the general programmer.
        -: 1147:*/
        -: 1148:
        -: 1149:/*
        -: 1150:TODO list:
        -: 1151:20010103: Make > and < work on non-atomic stuff
        -: 1152:20010904: Issue warning if 'arg' is declared as a local variable
        -: 1153:*/
        -: 1154:/* 20001213, There is a need to improve documentation of fil$ */
        -: 1155:/* 20001213, rename a file ren$(oldname.newname) */
        -: 1156:/* >Bracmat 16-11-91 */
        -: 1157:/* 20010309 evalueer on LUCHT and KOMMA strings is now iterative on the
        -: 1158:   right descending (deep) branch, not recursive.
        -: 1159:   (It is now possible to read long lists, e.g. dictionairies, without causing
        -: 1160:   stack overflow when evaluating the list.)
        -: 1161:   20010821 a () () was evaluated to a (). Removed last ().
        -: 1162:   20010903 (a.) () was evaluated to a
        -: 1163:*/
        -: 1164:#define DEBUGBRACMAT 0 /* implement dbg'(expression), see DBGSRC macro */
        -: 1165:#define REFCOUNTSTRESSTEST 0
        -: 1166:#define DOSUMCHECK 0
        -: 1167:#define CHECKALLOCBOUNDS 0 /* only if NDEBUG is false */
        -: 1168:#define PVNAME 0 /* allocate strings of variable names separately from variable structure. */
        -: 1169:#define STRINGMATCH_CAN_BE_NEGATED 0 /* ~@(a:a) */
        -: 1170:#define CODEPAGE850 0
        -: 1171:#define MAXSTACK 0 /* 1: show max stack depth (eval function only)*/
        -: 1172:#define CUTOFFSUGGEST 1
        -: 1173:#define READMARKUPFAMILY 1 /* read SGML, HTML and XML files. (include xml.c in your project!) */
        -: 1174:
        -: 1175:/* 
        -: 1176:About reference counting.
        -: 1177:Most nodes can be shared by no more than 1024 referers. Copies must be made as needed.
        -: 1178:Objects (nodes with = ('WORDT' in Dutch) are objects and cane be shared by almost 2^40 referers.
        -: 1179:
        -: 1180:small refcounter       large refcounter              comment
        -: 1181:(10 bits, all nodes)   (30 bits, only objects)
        -: 1182:0                      0                             not shared, no test of large refcounter needed.
        -: 1183:1                      0                             shared with one, so totalling two
        -: 1184:2                      0                             shared with two
        -: 1185:..                     ..
        -: 1186:1022                   0
        -: 1187:1023                   0                             totalling 1024, *** max for normal nodes ***
        -: 1188:1                      1                             totalling 1025
        -: 1189:2                      1
        -: 1190:..                     ..
        -: 1191:m                      1
        -: 1192:..                     ..                            totalling 1024+(1-1)*1023+m
        -: 1193:1023                   1                             totalling 1024+1*1023
        -: 1194:..                     ..
        -: 1195:m                      n                             totalling 1024+(n-1)*1023+m or 1+n*1023+m
        -: 1196:1023                   2^30-1                        totalling 1024+(2^30-2)*1023+1023=1 098 437 885 953
        -: 1197:                                                         (or   1+2^30*1023)
        -: 1198:*/
        -: 1199:
        -: 1200:#if DEBUGBRACMAT
        -: 1201:#define DBGSRC(code)    if(debug){code}
        -: 1202:#else
        -: 1203:#define DBGSRC(code)
        -: 1204:#endif
        -: 1205:
        -: 1206:#if MAXSTACK
        -: 1207:static int maxstack = 0;
        -: 1208:static int stack = 0;
        -: 1209:#define ASTACK {++stack;if(stack > maxstack) maxstack = stack;}{
        -: 1210:#define ZSTACK }{--stack;}
        -: 1211:#else
        -: 1212:#define ASTACK
        -: 1213:#define ZSTACK
        -: 1214:#endif
        -: 1215:
        -: 1216:#include <assert.h>
        -: 1217:
        -: 1218:/*19980208
        -: 1219:Bug in match!!
        -: 1220:Removed 19971207
        -: 1221:*/
        -: 1222:/*
        -: 1223:sub must also accept . as separator between args
        -: 1224:*/
        -: 1225:/* wis: 18 Maart 1997, tail recursion optimization; delete deep structures*/
        -: 1226:/* bezig met modernisering getallen */
        -: 1227:/* 16 mei 1993: constante "-i" ingevoerd om evenwicht te brengen in gedrag
        -: 1228:   van complexe getallen en hun complex geconjugeerde. */
        -: 1229:/* Nog nodig: -n*i^iets -> n*-i^iets
        -: 1230:              n*i*a+m*-i*a  -> (n-m)*i*a
        -: 1231:   Goed doortesten !
        -: 1232:*/
        -: 1233:
        -: 1234:
        -: 1235:/* 24 april 1992: UNOPS uitgebreid met MINUS */
        -: 1236:/* 26 april 1992: fct aangepast voor (a+b)^-n */
        -: 1237:/* 24 maart 1993: function syntax veranderd:
        -: 1238:   met FUNC defined oude stijl: foo = fun$(loc'(x,y,z),!arg);
        -: 1239:   zonder FUNC define:          foo = x,y,z.!arg */
        -: 1240:
        -: 1241:/* 30 juli 1993: structure:
        -: 1242:   het is nu mogelijk om aan een expressie als naam=Bart een andere waarde
        -: 1243:   toe te kennen. In feite wordt de rechter operand van de = operator
        -: 1244:   stomweg vervangen door de nieuwe waarde, waardoor circulaire data-
        -: 1245:   structuren mogelijk worden! BJO 4 Jan 1996
        -: 1246:
        -: 1247:   voorbeeld:
        -: 1248:
        -: 1249:   {?} x==(name=Bart).(age=40)
        -: 1250:   {?} !x
        -: 1251:   {!} =(name=Bart).(age=40)
        -: 1252:   {?} !!x
        -: 1253:   {!} Bart.40
        -: 1254:   {?} !x:(=?naam.?leeftijd)
        -: 1255:   {?} Bart Jongejan:?!naam
        -: 1256:   {?} !!x
        -: 1257:   {!} Bart Jongejan.40
        -: 1258:   {?} x..age=veertig                          BJO 4 Jan 1996
        -: 1259:   {?} !!x
        -: 1260:   {!} Bart Jongejan.veertig
        -: 1261:
        -: 1262:   x..name.first=Bart vervangt Jan door Bart in
        -: 1263:
        -: 1264:   x==(name=(first=Jan).(family=Abbens)).(age=33)
        -: 1265:
        -: 1266:   Merk op dat de = operator z'n speciale betekenis in patterns kwijt is
        -: 1267:   ~=(% %) moet dus voortaan geschreven worden als ((% %) & `~|?)
        -: 1268:*/
        -: 1269:
        -: 1270:#if 0 && defined __GNUC__ && !defined sparc && !defined __hpux && !defined __hpux__
        -: 1271:/* TODO test must be changed to a positive list. Bart 20030704 */
        -: 1272:#define ARM /*1*/ /* assume it's an Acorn */
        -: 1273:#define os_swix os_swi /* different naming */
        -: 1274:typedef struct {
        -: 1275: int r[10];
        -: 1276:}os_regset;
        -: 1277:#else
        -: 1278:/*#define ARM 0*/ /* assume it isn't an Acorn */
        -: 1279:#endif
        -: 1280:
        -: 1281:
        -: 1282:#if (defined __TURBOC__ && !defined __WIN32__) || (defined ARM && !defined __SYMBIAN32__)
        -: 1283:#define O_S 1 /* 1 = with operating system interface swi$ (RISC_OS or TURBO-C), 0 = without  */
        -: 1284:#else
        -: 1285:#define O_S 0
        -: 1286:#endif
        -: 1287:
        -: 1288:/* aanwijzingen voor het compileren
        -: 1289:   (met een ANSI-C compiler of iets wat daar dichtbij in de buurt komt)
        -: 1290:
        -: 1291:Archimedes ANSI-C release 3:
        -: 1292:*up
        -: 1293:*del. :0.$.c.clog
        -: 1294:*spool :0.$.c.clog
        -: 1295:*cc bracmat
        -: 1296:*spool
        -: 1297:
        -: 1298:Met RISC_OS functies:
        -: 1299:
        -: 1300:cc bracmat
        -: 1301:
        -: 1302:file cc (in directory c):
        -: 1303:
        -: 1304:| >cc
        -: 1305:up
        -: 1306:delete $.c.clog
        -: 1307:spool $.c.clog
        -: 1308:cc -c %0 -IRAM:$.RISC_OSLib
        -: 1309:if Sys$ReturnCode = 0 then run c.li %0 else spool
        -: 1310:
        -: 1311:file li (in directory c):
        -: 1312:
        -: 1313:| >li
        -: 1314:link -o %0 o.%0 RAM:$.RISC_OSLib.o.RISC_OSLib RAM:$.Clib.o.Stubs
        -: 1315:||G
        -: 1316:spool
        -: 1317:if Sys$ReturnCode = 0 then squeeze %0 else echo |G
        -: 1318:
        -: 1319:Microsoft QUICKC (MS-DOS) (compact en large model kunnen allebei)
        -: 1320:qcl /Ox /AC /F D000 bracmat.c
        -: 1321:Microsoft optimizing compiler V5.1
        -: 1322:cl /Ox /AC /F D000 bracmat.c
        -: 1323:
        -: 1324:Borland TURBOC (MS-DOS) V2.0
        -: 1325:tcc -w -f- -r- -mc -K- bracmat
        -: 1326:
        -: 1327:Atari : definieer -DATARI i.v.m. BIGENDIAN en extern int _stksize = -1;
        -: 1328:               en -DW32   doch alleen als (int)==(long)
        -: 1329:*/
        -: 1330:
        -: 1331:/* optionele #defines voor debuggen en aanpassing aan machine */
        -: 1332:
        -: 1333:#define TELMAX  1 /* maximaal aantal gealloceerde nodes laten zien */
        -: 1334:#define TELLING 0 /* idem,uitgebreid met huidige allocatie, per groep van
        -: 1335:                       4,8,12 en >12 bytes */
        -: 1336:#if TELLING
        -: 1337:#if TELMAX == 0
        -: 1338:#undef TELMAX
        -: 1339:#define TELMAX 1
        -: 1340:#endif
        -: 1341:#ifndef TELMAX
        -: 1342:#define TELMAX 1
        -: 1343:#endif
        -: 1344:#endif
        -: 1345:
        -: 1346:/*#define reslt hreslt  om in resultaat ALLE haakjes te laten zien*/
        -: 1347:#define INTSCMP 0   /* linke manier om strings te vergelijken */
        -: 1348:#define ICPY 0      /* woord voor woord copieren, i.p.v. byte voor byte */
        -: 1349:
        -: 1350:/* hieronder zijn geen optionele #defines meer */
        -: 1351:#if defined __BYTE_ORDER && defined __LITTLE_ENDIAN /* gcc on linux defines these */
        -: 1352:#if __BYTE_ORDER == __LITTLE_ENDIAN
        -: 1353:#define BIGENDIAN 0
        -: 1354:#else
        -: 1355:#define BIGENDIAN 1
        -: 1356:#endif
        -: 1357:#endif
        -: 1358:
        -: 1359:#ifndef BIGENDIAN
        -: 1360:
        -: 1361:#if defined mc68000 || defined MC68000 || defined mc68010 || defined mc68020 || defined mc68030 || defined ATARI || defined sparc || defined __hpux || defined __hpux__
        -: 1362:#define BIGENDIAN 1
        -: 1363:#endif
        -: 1364:
        -: 1365:#endif
        -: 1366:
        -: 1367:#ifndef BIGENDIAN
        -: 1368:#define BIGENDIAN     0
        -: 1369:#endif
        -: 1370:
        -: 1371:#if defined BRACMATEMBEDDED
        -: 1372:#define _BRACMATEMBEDDED 1
        -: 1373:#else
        -: 1374:#define _BRACMATEMBEDDED 0
        -: 1375:#endif
        -: 1376:
        -: 1377:#if (defined _Windows || defined _MT /*multithreaded, VC6.0*/)&& (!defined _CONSOLE /*18 January 2007*/ && !defined __CONSOLE__ || defined NOTCONSOLE || _BRACMATEMBEDDED)
        -: 1378:/* _CONSOLE defined by Visual C++ and __CONSOLE__ seems always to be defined in C++Builder */
        -: 1379:#define MICROSOFT_WINDOWS_API 1
        -: 1380:#else
        -: 1381:#define MICROSOFT_WINDOWS_API 0
        -: 1382:#endif
        -: 1383:
        -: 1384:#if MICROSOFT_WINDOWS_API && defined POLL /*Bart 20030410: Often no need for polling in multithreaded apps.*/
        -: 1385:#define JMP 1 /* 1: listen to WM_QUIT message. 0: Do not listen to WM_QUIT message. */
        -: 1386:#else
        -: 1387:#define JMP 0
        -: 1388:#endif
        -: 1389:
        -: 1390:#if _BRACMATEMBEDDED
        -: 1391:#include "bracmat.h"
        -: 1392:#endif
        -: 1393:
        -: 1394:
        -: 1395:#if defined sun && !defined __GNUC__
        -: 1396:#include <unistd.h> /* SEEK_SET, SEEK_CUR */
        -: 1397:#define ALERT 7
        -: 1398:#define strtoul(a,b,c) strtol(a,b,c)
        -: 1399:#else
        -: 1400:#include <stddef.h>
        -: 1401:#endif
        -: 1402:
        -: 1403:#include <stdlib.h>
        -: 1404:
        -: 1405:#ifndef ALERT
        -: 1406:#define ALERT '\a'
        -: 1407:#endif
        -: 1408:
        -: 1409:#include <limits.h>
        -: 1410:
        -: 1411:#if defined _WIN64 || defined _WIN32
        -: 1412:typedef unsigned __int32 UINT32_T; /* pre VS2010 has no int32_t */
        -: 1413:#endif
        -: 1414:
        -: 1415:#if defined _WIN64
        -: 1416:/*Microsoft*/
        -: 1417:#define WORD32  0
        -: 1418:#define _4      1
        -: 1419:#define _5_6    1
        -: 1420:#define LONG long long
        -: 1421:#define STRTOUL _strtoui64
        -: 1422:#define STRTOL _strtoi64
        -: 1423:#define FSEEK _fseeki64
        -: 1424:#define FTELL _ftelli64
        -: 1425:#else
        -: 1426:#if !defined NO_C_INTERFACE && !defined _WIN32
        -: 1427:#if UINT_MAX == 4294967295
        -: 1428:typedef unsigned int UINT32_T;
        -: 1429:#elif ULONG_MAX == 4294967295
        -: 1430:typedef unsigned long UINT32_T;
        -: 1431:#endif
        -: 1432:#endif
        -: 1433:#if LONG_MAX <= 2147483647L
        -: 1434:#define WORD32  1
        -: 1435:#define _4      1
        -: 1436:#define _5_6    1
        -: 1437:#else
        -: 1438:#define WORD32  0
        -: 1439:#define _4      1
        -: 1440:#define _5_6    1
        -: 1441:#endif
        -: 1442:#define LONG long
        -: 1443:#define STRTOUL strtoul
        -: 1444:#define STRTOL strtol
        -: 1445:#define FSEEK fseek
        -: 1446:#define FTELL ftell
        -: 1447:#endif
        -: 1448:
        -: 1449:
        -: 1450:#if defined __TURBOC__ || defined __MSDOS__ || defined _WIN32 || defined __GNUC__
        -: 1451:#define DELAY_DUE_TO_INPUT
        -: 1452:#endif
        -: 1453:
        -: 1454:#include <time.h>
        -: 1455:#ifndef CLOCKS_PER_SEC
        -: 1456:#ifdef CLK_TCK  /* pre-ANSI-C */
        -: 1457:#define CLOCKS_PER_SEC CLK_TCK
        -: 1458:#else
        -: 1459:#if defined sun
        -: 1460:#define CLOCKS_PER_SEC 1000000 /* ??? */
        -: 1461:#endif
        -: 1462:#endif
        -: 1463:#endif
        -: 1464:
        -: 1465:#define LOGWORDLENGTH 2
        -: 1466:/* vlaggen in knoop */
        -: 1467:#define NOT              1      /* ~ */
        -: 1468:     /* zo houden ivm vermenging logische en bit operatoren && || | ^ & */
        -: 1469:#define SUCCESS         (1<< 1)
        -: 1470:#define READY           (1<< 2)
        -: 1471:#define POSITION        (1<< 3) /* [ */
        -: 1472:#define INDIRECT        (1<< 4) /* ! */
        -: 1473:#define DOUBLY_INDIRECT (1<< 5) /* !! */
        -: 1474:#define FENCE           (1<< 6) /* `   (within same byte as ATOM and NOT) */
        -: 1475:#define ATOM            (1<< 7) /* @ */
        -: 1476:#define NONIDENT        (1<< 8) /* % */
        -: 1477:#define GREATER_THAN    (1<< 9) /* > */
        -: 1478:#define SMALLER_THAN    (1<<10) /* < */
        -: 1479:#define NUMBER          (1<<11) /* # */
        -: 1480:#define BREUK           (1<<12) /* / */
        -: 1481:#define UNIFY           (1<<13) /* ? */
        -: 1482:#define IDENT           (1<<14)
        -: 1483:#define IMPLIEDFENCE    (1<<15) /* 20070222 */
        -: 1484:
        -: 1485:#define VISIBLE_FLAGS_WEAK      (INDIRECT|DOUBLY_INDIRECT|FENCE|UNIFY)
        -: 1486:#define VISIBLE_FLAGS_NON_COMP  (INDIRECT|DOUBLY_INDIRECT|ATOM|NONIDENT|NUMBER|BREUK|UNIFY) /* allows < > ~< and ~> as flags on numbers */
        -: 1487:#define VISIBLE_FLAGS_POS0      (INDIRECT|DOUBLY_INDIRECT|NONIDENT|QBREUK|UNIFY|QGETAL)
        -: 1488:#define VISIBLE_FLAGS_POS       (INDIRECT|DOUBLY_INDIRECT|NONIDENT|QBREUK|UNIFY|QGETAL|NOT|GREATER_THAN|SMALLER_THAN)
        -: 1489:#define VISIBLE_FLAGS           (INDIRECT|DOUBLY_INDIRECT|ATOM|NONIDENT|NUMBER|BREUK|UNIFY|NOT|GREATER_THAN|SMALLER_THAN|FENCE|POSITION)
        -: 1490:
        -: 1491:#define HAS_VISIBLE_FLAGS_OR_MINUS(psk) ((psk)->ops & (VISIBLE_FLAGS|MINUS))
        -: 1492:#define RATIONAAL(psk)      (((psk)->ops & (QGETAL|IS_OPERATOR|VISIBLE_FLAGS)) == QGETAL)
        -: 1493:#define RATIONAAL_COMP(psk) (((psk)->ops & (QGETAL|IS_OPERATOR|VISIBLE_FLAGS_NON_COMP)) == QGETAL)
        -: 1494:#define RATIONAAL_COMP_NOT_NUL(psk) (((psk)->ops & (QGETAL|QNUL|IS_OPERATOR|VISIBLE_FLAGS_NON_COMP)) == QGETAL)
        -: 1495:#define RATIONAAL_WEAK(psk) (((psk)->ops & (QGETAL|IS_OPERATOR|INDIRECT|DOUBLY_INDIRECT|FENCE|UNIFY)) == QGETAL)/* allows < > ~< and ~> as flags on numbers */
        -: 1496:#define       LESS(psk)    (((psk)->v.fl & (VISIBLE_FLAGS_POS)) == (QGETAL|SMALLER_THAN))
        -: 1497:#define LESS_EQUAL(psk)    (((psk)->v.fl & (VISIBLE_FLAGS_POS)) == (QGETAL|NOT|GREATER_THAN))
        -: 1498:#define MORE_EQUAL(psk)    (((psk)->v.fl & (VISIBLE_FLAGS_POS)) == (QGETAL|NOT|SMALLER_THAN))
        -: 1499:#define       MORE(psk)    (((psk)->v.fl & (VISIBLE_FLAGS_POS)) == (QGETAL|GREATER_THAN))
        -: 1500:#define    UNEQUAL(psk)    (((psk)->v.fl & (VISIBLE_FLAGS_POS)) == (QGETAL|NOT))
        -: 1501:#define LESSORMORE(psk)    (((psk)->v.fl & (VISIBLE_FLAGS_POS)) == (QGETAL|SMALLER_THAN|GREATER_THAN)) /*20111102*/
        -: 1502:#define      EQUAL(psk)    (((psk)->v.fl & (VISIBLE_FLAGS_POS)) == QGETAL)
        -: 1503:#define NOTLESSORMORE(psk) (((psk)->v.fl & (VISIBLE_FLAGS_POS)) == (QGETAL|NOT|SMALLER_THAN|GREATER_THAN))
        -: 1504:
        -: 1505:#define INTEGER(kn)               (((kn)->ops & (QGETAL|QBREUK|IS_OPERATOR|VISIBLE_FLAGS))                      == QGETAL)
        -: 1506:#define INTEGER_COMP(kn)          (((kn)->ops & (QGETAL|QBREUK|IS_OPERATOR|VISIBLE_FLAGS_NON_COMP))             == QGETAL)
        -: 1507:
        -: 1508:#define INTEGER_NIET_NEG(kn)      (((kn)->ops & (QGETAL|MINUS|QBREUK|IS_OPERATOR|VISIBLE_FLAGS))                == QGETAL)
        -: 1509:#define INTEGER_NIET_NEG_COMP(kn) (((kn)->ops & (QGETAL|MINUS|QBREUK|IS_OPERATOR|VISIBLE_FLAGS_NON_COMP))       == QGETAL)
        -: 1510:
        -: 1511:#define INTEGER_POS(kn)           (((kn)->ops & (QGETAL|MINUS|QNUL|QBREUK|IS_OPERATOR|VISIBLE_FLAGS))           == QGETAL)
        -: 1512:#define INTEGER_POS_COMP(kn)      (((kn)->ops & (QGETAL|MINUS|QNUL|QBREUK|IS_OPERATOR|VISIBLE_FLAGS_NON_COMP))  == QGETAL)
        -: 1513:
        -: 1514:#define INTEGER_NIET_NUL_COMP(kn) (((kn)->ops & (QGETAL|QNUL|QBREUK|IS_OPERATOR|VISIBLE_FLAGS_NON_COMP))        == QGETAL)
        -: 1515:#define HAS_MINUS_SIGN(kn)         (((kn)->ops & (MINUS|IS_OPERATOR)) == MINUS)
        -: 1516:
        -: 1517:#define RAT_NUL(kn) (((kn)->v.fl & (QNUL|IS_OPERATOR|VISIBLE_FLAGS)) == QNUL)
        -: 1518:#define RAT_NUL_COMP(kn) (((kn)->v.fl & (QNUL|IS_OPERATOR|VISIBLE_FLAGS_NON_COMP)) == QNUL)
        -: 1519:#define RAT_NEG(kn) (((kn)->ops & (QGETAL|MINUS|IS_OPERATOR|VISIBLE_FLAGS)) \
[...]
        -:16850:#else
        -:16851:                        ((typedObjectknoop*)(pkn))->refcount = 0;
        -:16852:                        UNSETCREATEDWITHNEW((typedObjectknoop*)pkn);
        -:16853:                        UNSETBUILTIN((typedObjectknoop*)pkn);
        -:16854:#endif
        1:16855:                        pkn->LEFT = subboomcopie(old->LEFT);
        1:16856:                        old->RIGHT = Head(old->RIGHT);
        1:16857:                        pkn->RIGHT = subboomcopie(old->RIGHT);
        1:16858:                        wis(old);
        -:16859:                        }
      757:16860:                    pkn->v.fl &= (~OPERATOR & ~READY);
      757:16861:                    pkn->ops |= dummy_op;
      757:16862:                    pkn->v.fl |= SUCCESS;
      757:16863:                    if(lkn.v.fl & INDIRECT)
        -:16864:                        {/* (a=b=127)&(.):(_)&!(a_b) */
        1:16865:                        pkn = evalvar(pkn);
        -:16866:                        }
      757:16867:                    break;
        -:16868:                }
        -:16869:            }
        -:16870:        else
        -:16871:            {
        -:16872:            /*assert(!shared(pkn));*/ /* 20120916 evalvar now expects not shared arg. */
        -:16873:            /* An unevaluated leaf can only be an atom with ! or !!,
        -:16874:            so we don't need to test for this condition.*/
   670503:16875:            pkn = evalvar(pkn);
        -:16876:            /* After evaluation of a variable, the loop continues.
        -:16877:            Together with how & and | (EN and OF) are treated, this ensures that
        -:16878:            a loop can run indefinitely, without using stack space. */
        -:16879:            }
        -:16880:        }
        -:16881:#if JMP
        -:16882:    PeekMsg();
        -:16883:#endif
        -:16884:    ZSTACK
  2316969:16885:    return pkn;
        -:16886:    }
        -:16887:
        1:16888:int startProc(
        -:16889:#if _BRACMATEMBEDDED
        -:16890:    startStruct * init
        -:16891:#else
        -:16892:    void
        -:16893:#endif
        -:16894:    )
        -:16895:    {
        -:16896:    int tel;
        -:16897:    int err; /* 20100802, evaluation of version string */
        -:16898:    static int called = 0;
        -:16899:    /*printf("startProc ");*/
        1:16900:    if(called)
        -:16901:        {
        -:16902:        /*printf("already called\n");*/
    #####:16903:        return 2;
        -:16904:        }
        -:16905:    /*printf("call\n");*/
        1:16906:    called = 1;
        -:16907:#if _BRACMATEMBEDDED
        -:16908:    if(init)
        -:16909:        {
        -:16910:        if(init->WinIn)
        -:16911:            {
        -:16912:            WinIn = init->WinIn;
        -:16913:            }
        -:16914:        if(init->WinOut)
        -:16915:            {
        -:16916:            WinOut = init->WinOut;
        -:16917:            }
        -:16918:        if(init->WinFlush)
        -:16919:            {
        -:16920:            WinFlush = init->WinFlush;
        -:16921:            }
        -:16922:        }
        -:16923:#endif
        1:16924:    for(tel = 0;tel<256;variabelen[tel++] = NULL)
        -:16925:        ;
        1:16926:    if(!init_ruimte())
    #####:16927:        return 0;
        1:16928:    init_opcode();
        1:16929:    anker = NULL;
        1:16930:    fpi = stdin;
        1:16931:    fpo = stdout;
        -:16932:
        1:16933:    argk.flgs = READY | SUCCESS;
        1:16934:    argk.u.lobj = O('a','r','g');
        -:16935:
        1:16936:    sjt.flgs = READY | SUCCESS;/*20100910*/
        1:16937:    sjt.u.lobj = O('s','j','t');/*20100910*/
        -:16938:
        1:16939:    selfkn.flgs = READY | SUCCESS;
        1:16940:    selfkn.u.lobj = O('i','t','s');
        -:16941:
        1:16942:    Selfkn.flgs = READY | SUCCESS;
        1:16943:    Selfkn.u.lobj = O('I','t','s');
        -:16944:
        1:16945:    nilk.flgs = READY | SUCCESS | IDENT;
        1:16946:    nilk.u.lobj = 0L;
        -:16947:
        1:16948:    nulk.flgs = READY | SUCCESS | IDENT | QGETAL | QNUL;
        1:16949:    nulk.u.lobj = 0L;
        1:16950:    nulk.u.obj = '0';
        -:16951:
        1:16952:    eenk.u.lobj = 0L;
        1:16953:    eenk.u.obj = '1';
        1:16954:    eenk.flgs = READY | SUCCESS | IDENT | QGETAL;
        1:16955:    *(&(eenk.u.obj)+1) = 0;
        -:16956:
        1:16957:    mintweek.u.lobj = 0L;
        1:16958:    mintweek.u.obj = '2';
        1:16959:    mintweek.flgs = READY | SUCCESS | QGETAL | MINUS;
        1:16960:    *(&(mintweek.u.obj)+1) = 0;
        -:16961:
        1:16962:    mineenk.u.lobj = 0L;
        1:16963:    mineenk.u.obj = '1';
        1:16964:    mineenk.flgs = READY | SUCCESS | QGETAL | MINUS;
        1:16965:    *(&(mineenk.u.obj)+1) = 0;
        -:16966:
        1:16967:    tweek.u.lobj = 0L;
        1:16968:    tweek.u.obj = '2';
        1:16969:    tweek.flgs = READY | SUCCESS | QGETAL;
        1:16970:    *(&(tweek.u.obj)+1) = 0;
        -:16971:
        1:16972:    vierk.u.lobj = 0L;
        1:16973:    vierk.u.obj = '4';
        1:16974:    vierk.flgs = READY | SUCCESS | QGETAL;
        1:16975:    *(&(vierk.u.obj)+1) = 0;
        -:16976:
        1:16977:    minvierk.u.lobj = 0L;
        1:16978:    minvierk.u.obj = '4';
        1:16979:    minvierk.flgs = READY | SUCCESS | QGETAL | MINUS;
        1:16980:    *(&(minvierk.u.obj)+1) = 0;
        -:16981:
        1:16982:    m0 = opb(m0,"?*(%+%)^~/#>1*?" , NULL);
        1:16983:    m1 = opb(m1,"?*(%+%)*?" , NULL);
        1:16984:    f0 = opb(f0,"(g,k,pow"
        -:16985:                ".(pow"
        -:16986:                  "=b,c,d,l,s,f"
        -:16987:                  ".!arg:(%?b+%?c)^?d"
        -:16988:                  "&1:?f"
        -:16989:                  "&(s"
        -:16990:                   "=!d:1&0"
        -:16991:                   "|(!f*!d*(1+!l:?l)^-1:?f)"
        -:16992:                    "*!b^!l"
        -:16993:                    "*pow$(!c^(-1+!d:?d))"
        -:16994:                   "+!s"
        -:16995:                   ")"
        -:16996:                  "&!b^!d+!c^!d+!s"
        -:16997:                  "|!arg"
        -:16998:                  ")"
        -:16999:                  "&!arg:?g*((%+%)^~/#>1:?arg)*?k"
        -:17000:                  "&!g*pow$!arg*!k)",NULL);
        1:17001:    f1 = opb(f1,
        -:17002:        "((\177g,\177h,\177i).!arg:?\177g*(%?\177h+%?\177i)*",
        -:17003:        "?arg&!\177g*!\177h*!arg+!\177g*!\177i*!arg)",NULL);
        1:17004:    f4 = opb(f4,  "l,a,b,c,e,f"
        -:17005:                ".(a"
        -:17006:                 "=j,g,h,i"
        -:17007:                  ".!arg:?l^(?j+?g*!l\016?h*?i+?arg)"
        -:17008:                   "&!l^(!j+!arg)*!h^(!g*!i)"
        -:17009:                 ")"
        -:17010:                "&(e"
        -:17011:                 "=j,g,I"
        -:17012:                 ".!arg:?j+#?g*((i|-i):?I)*pi+?arg"
        -:17013:                   "&1:?l"
        -:17014:                   "&!j+(mod$(1+!g,2)+-1)*!I*pi+!arg"
        -:17015:                 ")"
        -:17016:                "&(f"
        -:17017:                 "=j,i"
        -:17018:                  ".!arg:?j+#?l*((i|-i):?I)*pi+?arg"
        -:17019:                   "&!I^(2*!l):?l"
        -:17020:                   "&!j+!arg"
        -:17021:                 ")"
        -:17022:                "&(b"
        -:17023:                 "="
        -:17024:                  "(!l:(<-1|>1)&e"
        -:17025:                  "|(-1|1/2|-1/2)&f"
        -:17026:                  ")"
        -:17027:                  ":?l"
        -:17028:                 ")"
        -:17029:                "&(c"
        -:17030:                 "="
        -:17031:                  ".1+!arg:?arg"
        -:17032:                   "&1:?l"
        -:17033:                   "&-1+!arg"
        -:17034:                 ")"
        -:17035:                "&(!arg:?l^(?+?*!l\016?*?+?)&a$!arg"
        -:17036:                 "|!arg"
        -:17037:                  ":e^((?+#?l*(i|-i)*pi+?&`!b"
        -:17038:                      "|?"
        -:17039:                       "*(pi|i|-i)"
        -:17040:                       "*?"
        -:17041:                       "*(?+?*(pi|i|-i)*?+?:%+%)"
        -:17042:                       "*?"
        -:17043:                        "&c:?l"
        -:17044:                      ")"
        -:17045:                     ":?arg"
        -:17046:                     ")"
        -:17047:                   "&e^!l$!arg*!l"
        -:17048:                 ")",NULL);
        1:17049:    f5 = opb(f5,
        -:17050:         "l,d"
        -:17051:         ".(d"
        -:17052:          "=j,g,h"
        -:17053:           ".!arg:?l\016(?j*!l^?g*?h)&!g+!l\016(!j*!h)"
        -:17054:          ")"
        -:17055:          "&!arg:?l\016(?*!l^?*?)"
        -:17056:          "&d$!arg", NULL);
        -:17057:
        1:17058:    anker = startboom_w(anker ,
        -:17059:        "(cat=flt,sin,tay,fct,cos,out,sgn.!arg:((?flt,(?sin,?tay)|?sin&:?tay)|?flt&:?sin:"
        -:17060:        "?tay)&(fct=.!arg:%?cos ?arg&!cos:((?out.?)|?out)&'(? ($out|($out.?)"
        -:17061:        ") ?):(=?sgn)&(!flt:!sgn&!(glf$(=~.!sin:!sgn))&!cos|) fct$!arg|)&(:!flt:!sin&mem$!tay|(:!flt&mem$:?flt"
        -:17062:        "|)&fct$(mem$!tay))),",
        -:17063:
        -:17064:        /* 20110823
        -:17065:        "(cat=flt,sin,tay,fct,cos,out,sgn.!arg:((?flt,(?sin,?tay)|?sin&:?tay)|?flt&:?sin:"
        -:17066:        "?tay)&(fct=.!arg:%?cos ?arg&!cos:((?out.?)|?out)&'(? (`=$out|($out.?)"
        -:17067:        ") ?):?sgn&(!flt:!sgn&~$(!sin:!sgn)&!cos|) fct$!arg|)&(:!flt:!sin|(:!flt&mem$:?flt"
        -:17068:        "|)&fct)$(mem$!tay)),",
        -:17069:        */
        -:17070:        "(out=(.put$!arg:?arg&put$\212&!arg)),"
        -:17071:        "(flt=((e,d,m,s,f).!arg:(?arg,~<0:?d)&!arg:0|(-1*!arg:>0:?arg&-1|1):?s&"
        -:17072:        "10\016!arg:?e+(10\016?m|0&1:?m)&(!m+1/2*1/10^!d:~<10&1+!e:?e&!m*1/10"
        -:17073:        ":?m|)&@(div$(!m+1/2*(1/10^!d:?d),!d):"
        -:17074:        "`%?f ?m)&str$(!s*!f (!d:~1&\254|) !m \252\261\260\305 !e))),",
        -:17075:
        -:17076:        "(tay=((f,tot,x,fac,cnt,res,R).",
        -:17077:        "(R=!cnt:!tot&!res|!res+(sub$(!x\017!f:?f.!x.0))*((!fac*(!cnt+1:?cnt))"
        -:17078:        ":?fac)^-1*!x^!cnt:?res&!R)&",
        -:17079:        "!arg:(?f,?x,?tot)&(fac=1)&(cnt=0)&((sub$(!f.!x.0)):?res)&!R)),",
        -:17080:
        -:17081:        /*"(ego=(r.sub$(sub$(!arg.(sin.?r).'sin$!r).(cos.?r).'cos$!r))),",
        -:17082:
        -:17083:        "(goe=((h,s).sub$(!arg.'(e^?h).",
        -:17084:        "'(-1*(sgn$(-1+i*!h+1:?h):?s)*i*(sin.-1+!s*!h+1:?s)+(cos.!s))))),",*/
        -:17085:
        -:17086:        "(sin=(.i*(-1/2*e^(i*!arg)+1/2*e^(-i*!arg)))),",
        -:17087:
        -:17088:        "(cos=(.1/2*(e^(i*!arg)+e^(-i*!arg)))),",
        -:17089:
        -:17090:        "(sgn=(.!arg:?#%arg*%+?&sgn$!arg|!arg:<0&-1|1)),",
        -:17091:        "(abs=(.sgn$!arg*!arg)),",
        -:17092:        "(sub=\177e,\177x,\177v,\177F.(\177F=\177l,\177r.!arg:!\177x&!\177v|"
        -:17093:        "!arg:%?\177l_%?\177r&(\177F$!\177l)_(\177F$!\177r)|!arg)&!arg:(("
        -:17094:        "?\177e.?\177x.?\177v)|out$(str$((=sub$(expr.var.rep)) !arg))&get'&~`)"
        -:17095:        "&\177F$!\177e),",
        -:17096:        fct,
        -:17097:        NULL);
        -:17098:
        -:17099:
        -:17100:#if JMP
        -:17101:    if(setjmp(jumper) != 0)
        -:17102:        return;
        -:17103:#endif
        1:17104:    anker = eval(anker);
        1:17105:    stringEval("(v=\"Bracmat version " VERSION ", build " BUILD " (" DATUM ")\")",NULL,&err);
        1:17106:    return 1;
        -:17107:}
        -:17108:
        1:17109:void endProc(void)
        -:17110:    {
        -:17111:    int err;
        -:17112:    static int called = 0;
        1:17113:    if(called)
        1:17114:        return;
        1:17115:    called = 1;
        -:17116:/*  stringEval("cat$:? CloseDown ? & CloseDown$ | out$\"No CloseDown function provided, exiting all the same.\"",NULL,&err);*/
        1:17117:    stringEval("cat$:? CloseDown ? & CloseDown$ | ",NULL,&err);
        1:17118:    if(err)
    #####:17119:        errorprintf("Error executing CloseDown\n");
        -:17120:    }
        -:17121:
        -:17122:/* main - the text-mode front end for bracmat */
        -:17123:
        -:17124:
        -:17125:#if _BRACMATEMBEDDED
        -:17126:#else
        -:17127:
        -:17128:#include <stddef.h>
        -:17129:
        1:17130:int mainlus(int argc,char *argv[])
        -:17131:    {
        -:17132:    int err;
        -:17133:    char * mainloop;
        -:17134:    const char * ret;
        1:17135:    if(argc > 1)
        -:17136:        { /* to get here, e.g.: ./bracmat out$hello */
        1:17137:        ARGC = argc;
        1:17138:        ARGV = argv;
        1:17139:        mainloop = "arg$&whl'(get$(arg$,MEM):?\"?...@#$*~%!\")&!\"?...@#$*~%!\"";
        1:17140:        stringEval(mainloop,&ret,&err);
        1:17141:        return (int)STRTOL(ret,0,10);
        -:17142:        /*
        -:17143:        int i;
        -:17144:        for(i = 1;i < argc;++i) / *20090630* /
        -:17145:            {
        -:17146:            stringEval(argv[i],NULL,&err);
        -:17147:            }
        -:17148:            */
        -:17149:        }
        -:17150:    else
        -:17151:        {
    #####:17152:        mainloop =
        -:17153:        "(w=\"11. BECAUSE THE PROGRAM IS LICENSED FREE OF CHARGE, THERE IS NO WARRANTY\\n"
        -:17154:        "FOR THE PROGRAM, TO THE EXTENT PERMITTED BY APPLICABLE LAW.  EXCEPT WHEN\\n"
        -:17155:        "OTHERWISE STATED IN WRITING THE COPYRIGHT HOLDERS AND/OR OTHER PARTIES\\n"
        -:17156:        "PROVIDE THE PROGRAM \\\"AS IS\\\" WITHOUT WARRANTY OF ANY KIND, EITHER EXPRESSED\\n"
        -:17157:        "OR IMPLIED, INCLUDING, BUT NOT LIMITED TO, THE IMPLIED WARRANTIES OF\\n"
        -:17158:        "MERCHANTABILITY AND FITNESS FOR A PARTICULAR PURPOSE.  THE ENTIRE RISK AS\\n"
        -:17159:        "TO THE QUALITY AND PERFORMANCE OF THE PROGRAM IS WITH YOU.  SHOULD THE\\n"
        -:17160:        "PROGRAM PROVE DEFECTIVE, YOU ASSUME THE COST OF ALL NECESSARY SERVICING,\\n"
        -:17161:        "REPAIR OR CORRECTION.\\n\")&"
        -:17162:        "(c=\"12. IN NO EVENT UNLESS REQUIRED BY APPLICABLE LAW OR AGREED TO IN WRITING\\n"
        -:17163:        "WILL ANY COPYRIGHT HOLDER, OR ANY OTHER PARTY WHO MAY MODIFY AND/OR\\n"
        -:17164:        "REDISTRIBUTE THE PROGRAM AS PERMITTED ABOVE, BE LIABLE TO YOU FOR DAMAGES,\\n"
        -:17165:        "INCLUDING ANY GENERAL, SPECIAL, INCIDENTAL OR CONSEQUENTIAL DAMAGES ARISING\\n"
        -:17166:        "OUT OF THE USE OR INABILITY TO USE THE PROGRAM (INCLUDING BUT NOT LIMITED\\n"
        -:17167:        "TO LOSS OF DATA OR DATA BEING RENDERED INACCURATE OR LOSSES SUSTAINED BY\\n"
        -:17168:        "YOU OR THIRD PARTIES OR A FAILURE OF THE PROGRAM TO OPERATE WITH ANY OTHER\\n"
        -:17169:        "PROGRAMS), EVEN IF SUCH HOLDER OR OTHER PARTY HAS BEEN ADVISED OF THE\\n"
        -:17170:        "POSSIBILITY OF SUCH DAMAGES.\\n\")&"
        -:17171:        "out$!v&"
        -:17172:        "out$\"Copyright (C) 2002 Bart Jongejan\\n"
        -:17173:        "Bracmat comes with ABSOLUTELY NO WARRANTY; for details type `!w'.\\n"
        -:17174:        "This is free software, and you are welcome to redistribute it\\n"
        -:17175:        "under certain conditions; type `!c' for details.\\n\\n"
        -:17176:        "\\n\\n{?} get$help { tutorial }\\n{?} )        { stop }\"&"
        -:17177:        "(main=put$\"{?} \"&clk$():?SEC&((get':?!(=):(|?&clk$+-1*!SEC:?SEC&"
        -:17178:        "put$\"{!} \"&put$!&put$(\"\\n    S  \" str$(div$(!SEC,1) \",\" (div$(mod$("
        -:17179:        "!SEC*100,100),1):?SEC&!SEC:<10&0|) !SEC) sec))|put$\"\\n    F\")|"
        -:17180:        "put$\"\\n    I\")&"
        -:17181:
        -:17182:
        -:17183:
        -:17184:
        -:17185:#if TELMAX
        -:17186:
        -:17187:        "out$str$(\"  \" bez')&"
        -:17188:#else
        -:17189:        "out$&"
        -:17190:#endif
        -:17191:
        -:17192:        "!main)&!main";
    #####:17193:        stringEval(mainloop,NULL,&err);
        -:17194:        }
    #####:17195:    return 0;
        -:17196:    }
        -:17197:
        1:17198:int main(int argc,char *argv[])
        -:17199:    {
        -:17200:    int ret; /*20100310 numerical result of mainlus becomes exit code.
        -:17201:             If out of integer range or not numerical: 0*/
        1:17202:    char * p = argv[0] + strlen(argv[0]);
        -:17203:#if 0
        -:17204:#ifdef _WIN64 /* Microsoft 64 bit */
        -:17205:    printf("_WIN64\n");
        -:17206:    printf("sizeof(char *) %lld\n",sizeof(char *));
        -:17207:    printf("sizeof(LONG) %lld\n",sizeof(LONG));
        -:17208:    printf("sizeof(size_t) %lld\n",sizeof(size_t));
        -:17209:    printf("WORD32 %d\n",WORD32);
        -:17210:    printf("RADIX %lld\n",(LONG)RADIX);
        -:17211:    printf("RADIX2 %lld\n",(LONG)RADIX2);
        -:17212:    printf("TEN_LOG_RADIX %lld\n",(LONG)TEN_LOG_RADIX);
        -:17213:    printf("HEADROOM %lld\n",(LONG)HEADROOM);
        -:17214:#else /* 32 bit and gcc 64 bit */
        -:17215:    printf("!_WIN64\n");
        -:17216:    printf("sizeof(char *) %ld\n",sizeof(char *));
        -:17217:    printf("sizeof(LONG) %ld\n",sizeof(LONG));
        -:17218:    printf("sizeof(size_t) %ld\n",sizeof(size_t));
        -:17219:    printf("WORD32 %d\n",WORD32);
        -:17220:    printf("RADIX %ld\n",(LONG)RADIX);
        -:17221:    printf("RADIX2 %ld\n",(LONG)RADIX2);
        -:17222:    printf("TEN_LOG_RADIX %ld\n",(LONG)TEN_LOG_RADIX);
        -:17223:    printf("HEADROOM %ld\n",(LONG)HEADROOM);
        -:17224:#endif
        -:17225:#endif
        -:17226:#ifndef NDEBUG
        -:17227:        {
        -:17228:        LONG radix,ten_log_radix;
        -:17229:        assert(HEADROOM*RADIX2 < LONG_MAX);
        -:17230:        for(radix = 1,ten_log_radix = 1;ten_log_radix <= TEN_LOG_RADIX;radix *= 10,++ten_log_radix)
        -:17231:            ;
        -:17232:        assert(RADIX == radix);
        -:17233:        }
        -:17234:#endif
        -:17235:    assert(sizeof(tFlags) == sizeof(unsigned int));
        7:17236:    while(--p >= argv[0])
        6:17237:        if(*p == '\\' || *p == '/')
        -:17238:            {
        1:17239:            ++p;
        1:17240:            targetPath = (char *)malloc(p - argv[0] + 1);
        1:17241:            if(targetPath)
        -:17242:                {
        1:17243:                strncpy(targetPath,argv[0],p - argv[0]);
        1:17244:                targetPath[p - argv[0]] = '\0';
        -:17245:                }
        1:17246:            break;
        -:17247:            }
        -:17248:/*  Printf("targetPath=%s\n",targetPath);*/
        -:17249:
        1:17250:    errorStream = stderr;
        1:17251:    if(!startProc())
    #####:17252:        return -1;
        1:17253:    ret = mainlus(argc,argv);
        1:17254:    endProc();/* to get here, eg: {?} main=out$bye! */
        1:17255:    if(targetPath)
        1:17256:        free(targetPath);
        1:17257:    return ret;
        -:17258:    }
        -:17259:
        -:17260:#endif /*#if !_BRACMATEMBEDDED*/
        -:17261:
