        -:    0:Source:bracmat.c
        -:    0:Graph:bracmat.gcno
        -:    0:Data:bracmat.gcda
        -:    0:Runs:1
        -:    0:Programs:1
        -:    1:/*
        -:    2:    Bracmat. Programming language with pattern matching on tree structures.
        -:    3:    Copyright (C) 2002  Bart Jongejan
        -:    4:
        -:    5:    This program is free software; you can redistribute it and/or modify
        -:    6:    it under the terms of the GNU General Public License as published by
        -:    7:    the Free Software Foundation; either version 2 of the License, or
        -:    8:    (at your option) any later version.
        -:    9:
        -:   10:    This program is distributed in the hope that it will be useful,
        -:   11:    but WITHOUT ANY WARRANTY; without even the implied warranty of
        -:   12:    MERCHANTABILITY or FITNESS FOR A PARTICULAR PURPOSE.  See the
        -:   13:    GNU General Public License for more details.
        -:   14:
        -:   15:    You should have received a copy of the GNU General Public License
        -:   16:    along with this program; if not, write to the Free Software
        -:   17:    Foundation, Inc., 59 Temple Place, Suite 330, Boston, MA  02111-1307  USA
        -:   18:*/
        -:   19:/*
        -:   20:email: bartj@hum.ku.dk
        -:   21:*/
        -:   22:/*
        -:   23:COMPILATION
        -:   24:-----------
        -:   25:It is assumed that the hardware is litte-endian, (which has become the most
        -:   26:common these days).
        -:   27:
        -:   28:If you can compile successfully but cannot run the program succesfully,
        -:   29:try putting -DBIGENDIAN on the command line of the compiler.
        -:   30:This works of course only if the machine's hardware is big-endian.
        -:   31:
        -:   32:The program only utilizes standard libraries.
        -:   33:
        -:   34:Until 2012, the source code consisted of a single file, bracmat.c.
        -:   35:Because XML is becoming more popular, a separate source file, xml.c
        -:   36:implements reading XML files.
        -:   37:
        -:   38:On *N?X, just compile with
        -:   39:
        -:   40:    gcc -std=c99 -pedantic -Wall -O3 -static -DNDEBUG -o bracmat bracmat.c xml.c
        -:   41:
        -:   42:
        -:   43:The options are not necessary to successfully compile the program just
        -:   44:
        -:   45:    gcc *.c
        -:   46:
        -:   47:also works and produces the executable a.out.
        -:   48:
        -:   49:Profiling:
        -:   50:
        -:   51:    gcc -Wall -c -pg -DNDEBUG bracmat.c xml.c
        -:   52:    gcc -Wall -pg bracmat.o xml.o
        -:   53:    ./a.out 'get$"valid.bra";!r'
        -:   54:    gprof a.out
        -:   55:
        -:   56:Test coverage:
        -:   57:(see http://gcc.gnu.org/onlinedocs/gcc/Invoking-Gcov.html#Invoking-Gcov)
        -:   58:
        -:   59:    gcc -fprofile-arcs -ftest-coverage -DNDEBUG bracmat.c xml.c
        -:   60:    ./a.out
        -:   61:    gcov bracmat.c
        -:   62:    gcov xml.c
        -:   63:
        -:   64:*/
        -:   65:
        -:   66:#define DATUM "5 December 2012"
        -:   67:#define VERSION "6"
        -:   68:#define BUILD "147"
        -:   69:/*
        -:   70:     5 December 2012
        -:   71:Compiled with Borland C++ 5.02, alternative typedef for UINT32, found unused
        -:   72:global var hekje1.
        -:   73:
        -:   74:     4 December 2012
        -:   75:Commented out unreachable code in evalmacro
        -:   76:
        -:   77:     2 December 2012
        -:   78:Made type 'int' explicit in line 5223
        -:   79: 
        -:   80:     1 December 2012
        -:   81:Solved bug with late binding that turned up when evaluating 
        -:   82:(cof==h) & @(gj:?!cof) & !cof
        -:   83:
        -:   84:    28 November 2012
        -:   85:Made input stop on EOF even if input is stdin.
        -:   86:
        -:   87:    23 November 2012
        -:   88:During testing of corner cases, found code that never executed in find() and
        -:   89:code that was missing in doPosition.
        -:   90:
        -:   91:    16 November 2012
        -:   92:Found and solved bug in Naamwoord. Case:
        -:   93:(abcd=bopt=cyt*dip) & (cyt=dip=egsae) & foo:?!!(abcd.bopt)
        -:   94:Removed rudimentary argument char ** punmatched from some functions.
        -:   95:Removed old, forgotten attempt at working with < > and ~ on subject
        -:   96:(lhs of : operator) in compare(). These flags are only useful in the pattern
        -:   97:
        -:   98:    15 November 2012
        -:   99:Added a comment to input with backslash followed by control character,
        -:  100:which is unsyntactical. Fused numberNode into _qdenominator.
        -:  101:Fused fireBuiltInFunc into wis.
        -:  102:
        -:  103:    1 November 2012
        -:  104:Function someopt() conditionally excluded with 
        -:  105:  #if !defined NO_LOW_LEVEL_FILE_HANDLING
        -:  106:
        -:  107:    21 October 2012
        -:  108:Made sure that put$ cannot write to a file that is still open in get$.
        -:  109:
        -:  110:    17 October 2012
        -:  111:In evalvar, the assumption that shared = false is false.
        -:  112:
        -:  113:    15 October 2012
        -:  114:Added 8 byte peek and poke (pee, pok) (perhaps not on all 32 bit platforms).
        -:  115:Default is now 1 byte.
        -:  116:
        -:  117:    14 October 2012
        -:  118:flg$(=~exp):(=?f.?o)  !f now fails, as it should.
        -:  119:Relaxed requirement that parameters be separated with comma for function sim.
        -:  120:new$(hash,1000) gives a hint at the initial size of the hash table.
        -:  121:Default is 97.
        -:  122:
        -:  123:    12 October 2012
        -:  124:Found some places in plus_samenvoegen_of_sorteren that were never reached,
        -:  125:commented these.
        -:  126:
        -:  127:    23 September 2012
        -:  128:Discovered buffer overflow when compiled under fresh installation of Xubuntu 
        -:  129:gcc (Ubuntu/Linaro 4.6.3-1ubuntu5) 4.6.3 with optimization -O1 and higher.
        -:  130:Cause: strcpy in some places got the address of a single byte as destination
        -:  131:and coredumped when that single-byte buffer was overrun, not knowing that
        -:  132:there was, in fact, allocated memory to house the fulle source. See definition
        -:  133:of POBJ.
        -:  134:
        -:  135:    22 September 2012
        -:  136:Discovered that built in objects too easily were copied. The new function is
        -:  137:for that. Worse, the copies were not initialized with a call to New. Also,
        -:  138:new$hash returned ((=).New)'. Now it returns the object node. Changed the rhs
        -:  139:of this node to the node that is the argument of the original call to new, so:
        -:  140:  =hash
        -:  141:
        -:  142:    20 September 2012
        -:  143:Reference counting should now be faster, bigger and better.
        -:  144:Before, reference counting went to 2^30+1024. Now it goes to 2^30*1023+1
        -:  145:Test added to valid.bra.
        -:  146:
        -:  147:    19 September 2012
        -:  148:Made major changes in Naamwoord, Naamwoord_w and doPosition to make two levels
        -:  149:of indirection work also in the case that an object is at the first level.
        -:  150:Handling of two levels of indirection is improved generally.
        -:  151:
        -:  152:    16 September 2012
        -:  153:Using gcov, found some places that are unreachable in merge(), substdiff() and
        -:  154:evalvar(). Simplified substdiff. Function evalvar now expects that the argument
        -:  155:is not shared. Deleted code that was never reached.
        -:  156:
        -:  157:    12 September 2012
        -:  158:Updated u2l and l2u with data from UnicodeData.txt 2011-11-08
        -:  159:(using script uni.bra)
        -:  160:
        -:  161:    22 August 2012
        -:  162:Bug removed. The expression
        -:  163:    ( (=A B)
        -:  164:    : ?G1
        -:  165:    : (=(A&X:?(G1.)) B)
        -:  166:    )
        -:  167:would not match the 'B' in the pattern with anything valid, because the 
        -:  168:assignment X:?(G1.) had deleted the original subject. Now the subject is
        -:  169:temporarily reference-incremented, so the 'B' still matches the old value of
        -:  170:G1. The expression as a whole evaluates to X. Notice that this bug did not
        -:  171:affect the very similar
        -:  172:    ( (G2==A B)
        -:  173:    & !G2
        -:  174:    : (=(A&X:?(G2.)) B)
        -:  175:    )
        -:  176:Reason: here, the subject is not the object that G1 is bound to, but a copy.
        -:  177:And that is so because the object that G1 is bound to is headed by an
        -:  178:unevaluated = (being part of the rhs of an = operator). The expression !G2,
        -:  179:however, must be evaluated, so it cannot be identical to G2's value.
        -:  180:Consequently, the reassignment of G2 does not affect the subject of the
        -:  181:pattern match operation, which is (=A B) at all times.
        -:  182:
        -:  183:     4 August 2012
        -:  184:Removed function "?"$<expr>. The same effect is obtained by <expr>:?!(=)
        -:  185:
        -:  186:    31 July 2012
        -:  187:Made code gcc -pedantic proof. There are two string constants with a length
        -:  188:greater than 509, which ISO C89 compilers are required to support. Therefore
        -:  189:the option -std=c99 is added.
        -:  190:The LL suffix is replaced by L for non-Microsoft compilers.
        -:  191:
        -:  192:     8 July 2012
        -:  193:Added explanation and two small improvements to nextprime()
        -:  194:
        -:  195:     2 July 2012
        -:  196:
        -:  197:Since build 115 (9 February 2012), the version should have read '6',
        -:  198:not '5'. (This was the date when bracmat wás brought to GitHub.)
        -:  199:Changes in bmalloc that makes it possible to compile with -O3.
        -:  200:Changed 'unsigned char' to 'char' in a lot of places to make some
        -:  201:warnings go away when compiled with gcc.
        -:  202:
        -:  203:    22 June 2012
        -:  204:
        -:  205:Correction in scompare(). The expression @(1b:~<1 b) did not evaluate 
        -:  206:successfully, which it should. Did a clean-up of this function.
        -:  207:
        -:  208:    4 June 2012
        -:  209:
        -:  210:Introduced READMARKUPFAMILY macro to turn xml-stuff on (1) or off (0)
        -:  211:
        -:  212:    2 June 2012
        -:  213:
        -:  214:xml.c supports reading from stdio (no rewind). Example of use:
        -:  215:type pr-xml-utf-8.xml | bracmat "put$(get$(,ML),\"pr-xml-utf-8.bra\",NEW)&"
        -:  216:
        -:  217:    1 June 2012
        -:  218:
        -:  219:Did some finishing, no essential code changes.
        -:  220:
        -:  221:    1 May 2012
        -:  222:
        -:  223:Added list of HTML entities. These are decoded to unicode codepoints and
        -:  224:encoded as utf-8 if an option HT is added.
        -:  225:
        -:  226:get$("filename.html",HT,ML,TRM)
        -:  227:
        -:  228:   29 April 2012
        -:  229:
        -:  230:Restructured the (ancient) input function and renamed some identifiers to
        -:  231:English equivalents.
        -:  232:Added a source file, xml.c, that reads SGML, HTML and XML files.
        -:  233:Syntax:
        -:  234:
        -:  235:get$(filename,ML)
        -:  236:get$(filename,ML,TRM)
        -:  237:get$(string,MEM,ML)
        -:  238:get$(string,MEM,ML,TRM)
        -:  239:
        -:  240:An option HT is made, but does not work yet. Purpose: translate HTML entities.
        -:  241:
        -:  242:   13 April 2012
        -:  243:
        -:  244:The characters @ and % in front of a string now only turn off escaping with the
        -:  245:\ character inside the string if the string is surrounded by " characters.
        -:  246:Reason: the \L operator was not recognised if its lhs contained a % or @.
        -:  247:
        -:  248:   23 February 2012
        -:  249:
        -:  250:When Bracmat reads a file that is not well-formed, it asks fo a file name where
        -:  251:it can write what it has understood. This did not work. Now it does.
        -:  252:
        -:  253:    9 February 2012
        -:  254:
        -:  255:Corrected error in doPosition that was introduced with the latest
        -:  256:optimizations.
        -:  257:
        -:  258:    4 February 2012
        -:  259:
        -:  260:Discovered that "greater than" relation implemented in the vgl function
        -:  261:wasn't transitive:
        -:  262:(1a.)+(10.)      -> (10.)+(1a.)
        -:  263:(1a.)+(10.)+(2.) -> (1a.)+(2.)+(10.)
        -:  264:Thus the order of (10.) and (1a.) depends on other terms.
        -:  265:Now the rule is: 
        -:  266:1) any number is smaller than any non-number
        -:  267:2) numbers are compared numerically
        -:  268:3) non-numbers are compared with strcmp
        -:  269:
        -:  270:    25 January 2012
        -:  271:
        -:  272:Improved handling of negative positions (positions counted from the end)
        -:  273:in lists, sums and products.
        -:  274:
        -:  275:    24 January 2012
        -:  276:
        -:  277:doPosition is buggy
        -:  278:    a (c,d): ? [-1
        -:  279:
        -:  280:expressionLength  counts the wrong way. It must look at the top level operator 
        -:  281:in the pattern containing the [ and count 1 + the number of this operator 
        -:  282:until the end of the list. 0 if [ is last in the pattern.
        -:  283:
        -:  284:    20 January 2012
        -:  285:
        -:  286:The previous change moved the scanning pointer to the point in the subject
        -:  287:where the rhs pattern starts. The current change moves the end of the
        -:  288:subject as far as necessary to the right to allow a full match of the rhs
        -:  289:pattern with last characters of the subject. Of course, this is only possible
        -:  290:if the final zero byte has not been reached. The calling instance of
        -:  291:stringmatch defines the end of the subject for the called instance. The called
        -:  292:instance can propose to move the end. In this way, scanning can move much
        -:  293:faster if a patterns contains some fixed strings. Speed-up does not work for
        -:  294:alternations of fixed srings. Speed-up only works for the first pattern
        -:  295:in a series of patterns connected by :
        -:  296:
        -:  297:    7 January 2012
        -:  298:
        -:  299:If an non-initial part of a stringpattern is a string, then the scanning
        -:  300:pointer jumps to the first (or next) occurrence in the subject string after
        -:  301:the first mismatch.
        -:  302:
        -:  303:This changes the behaviour of some patterns, such as in
        -:  304:@(abXk:(|? b|`) X ?id)
        -:  305:Before, the match failed, because the 'b' in the pattern did not match the
        -:  306:'a' in the subject. Now, nowing that the first X occurs in the third position,
        -:  307:the pattern matcher not even tries to match 'a' and 'b' and so the expression
        -:  308:succeeds. In many cases the (|? b|`) pattern works as before, though:
        -:  309:@(abXk:(|? b|`) (X|Y) ?id)
        -:  310:@(abXk:(|? b|`) () X ?id)    dangerous! Does not work in @(ab:(|? b|`) ())
        -:  311:@(abXk:(|? b|`) !(=X) ?id)
        -:  312:X:?x
        -:  313:@(abXk:(|? b|`) !x ?id)
        -:  314:
        -:  315:It is not advisable to use this pattern anymore. It is too much dependent on
        -:  316:pattern matching not being optimized.
        -:  317:
        -:  318:    6 January 2012
        -:  319:
        -:  320:Compiled 64 bit version with VS 2008. Had to use _WIN64 and some #defines,
        -:  321:because longs are 32 bit under VS 2008, whereas longs under gcc are 64 bits.
        -:  322:Also used the 64 bit versions of ftell and fseek in the VS 2008 case.
        -:  323:
        -:  324:I have these preprocessor defines
        -:  325:NDEBUG;__CONSOLE__;__WIN32__;WIN32;_CONSOLE;_CRT_SECURE_NO_WARNINGS
        -:  326:
        -:  327:(Some of these are automatically set in the 32 bit version).
        -:  328:For 64 bit
        -:  329:
        -:  330:Impression is that the 32 bit version should be used unless you have to deal
        -:  331:with enormous data (memory, file) or huge numbers (because numerical
        -:  332:computations are faster and bigger numbers can be factorized quickly using
        -:  333:exponentiation with a fractional exponent).
        -:  334:Otherwise, the 64 bit version is significantly slower and has almost three
        -:  335:times less stack depth.
        -:  336:
        -:  337:    2 January 2012
        -:  338:
        -:  339:Made stringmatch 'greedy' to an extend that does not change the program's
        -:  340:behaviour. (That is: all tests in valid.bra go through). Many string
        -:  341:comparisons now continue past the cutoff position deviding the subject in a
        -:  342:lhs and a rhs, pushing the division point to the position where the lhs
        -:  343:patterns succeeds. Previously this point repeatedly was moved one byte until
        -:  344:the lhs pattern either succeeded or definitely failed. The optimization is
        -:  345:turned off for alternating patterns and for all but the first pattern in a
        -:  346:chain of patterns connected by : operators.
        -:  347:
        -:  348:The normal (non-string) match is not optimized. It is questionable whether that
        -:  349:would be worthwhile. Not many patterns require repeated elongation of the part
        -:  350:of the subject left of the division point.
        -:  351:
        -:  352:However, CUTOFFSUGGEST is set to 0. The overhead does seem to outweigh the
        -:  353:optimization!
        -:  354:
        -:  355:
        -:  356:    21 December 2011
        -:  357:
        -:  358:The last changes had introduced a bug: the [ and ` flags were not (always) printed.
        -:  359:
        -:  360:    16 December 2011
        -:  361:
        -:  362:Repaired two bugs in doPosition. The first bug made the FENCE flag disappear
        -:  363:from the result if the program was built in debug mode in VS2008, which made
        -:  364:the program run as expected, the other bug was that the FENCE flag was
        -:  365:returned if the first bug was removed.
        -:  366:
        -:  367:    14 December 2011
        -:  368:
        -:  369:Updated unicode case conversions with data found in the most recent 
        -:  370:http://unicode.org/Public/UNIDATA/UnicodeData.txt (17-Aug-2010)
        -:  371:
        -:  372:    7 December 2011
        -:  373:
        -:  374:Introduced lambda. Syntax similar to macro.
        -:  375:
        -:  376:                (λx.x)y
        -:  377:translates to
        -:  378:                /('(x.$x))$y
        -:  379:
        -:  380:    1 December 2011
        -:  381:
        -:  382:Rewrote evalmacro to only copy data where necessary.
        -:  383:Bracmat now tests ok with valid.bra and with REFCOUNTSTRESSTEST set to 1
        -:  384:
        -:  385:    30 November 2011
        -:  386:
        -:  387:Found and solved bugs in merge() that only became visible with
        -:  388:REFCOUNTSTRESSTEST set to 1.
        -:  389:
        -:  390:    22 November 2011
        -:  391:
        -:  392:Rewrote evalmacro to only copy cells where necessary.
        -:  393:
        -:  394:    7 November 2011
        -:  395:
        -:  396:A result of a macro evaluation nested inside an macro was not visited by the
        -:  397:macro evaluator because the heading = operator had its READY flag set.
        -:  398:
        -:  399:    3 November 2011
        -:  400:
        -:  401:Nicified find and getmember calls, collapsing the last three arguments into
        -:  402:one objectStuff struct.
        -:  403:
        -:  404:    2 November 2011
        -:  405:
        -:  406:Made better sense of [<> (equivalent to [~) and [~<> (equivalent to [).
        -:  407:Introduced [% prefix. The expression reigned by [% in a pattern is evaluated.
        -:  408:The success or failure of the expression is the result of the match.
        -:  409:This functionality is similar to patterns that are function calls: in both
        -:  410:cases the current subject is stored in a local variable sjt. In contrast to
        -:  411:the function call, the expression's evaluated value is not itself matched 
        -:  412:against the subject.
        -:  413:Contrary to other uses of the % prefix, [% CAN match a nul object.
        -:  414:
        -:  415:    1 November 2011
        -:  416:
        -:  417:Changed signature of find, getmember, naamwoord and naamwoord_w. Before, these
        -:  418:functions returned TRUE or FALSE, while the binding was returned in a
        -:  419:pointer-to-a-pointer. The program is a bit quicker (approx. 5%).
        -:  420:
        -:  421:    30 October 2011
        -:  422:
        -:  423:The expression    a^(b*d+c*d)
        -:  424:                * (a^(b*f+c*f)+a^(e*b+e*c))
        -:  425:              + -1*(a^((b+c)*(d+e))+a^((b+c)*(d+f)))
        -:  426:did not evaluate to 0. Solved.
        -:  427:
        -:  428:    25 October 2011
        -:  429:
        -:  430:After a change in handling the pattern ?^? (20100806) the function fct didn't
        -:  431:work anymore. The function has been completely reimplemented.
        -:  432:Also changed sub so it cannot go in infinite regress.
        -:  433:
        -:  434:    12 September 2011
        -:  435:
        -:  436:Now you can do:
        -:  437:    (=)=5
        -:  438:This extension mirrors
        -:  439:    5:?(=)
        -:  440:This rather useless extension restores consistency. 
        -:  441:
        -:  442:    2 September 2011
        -:  443:
        -:  444:Corrected error in evalmacro. Inserted operator nodes where deemed to fail
        -:  445:when evaluated later on.
        -:  446:
        -:  447:   31 August 2011
        -:  448:
        -:  449:The escape operator ()$ in patterns can now be used to test for flags on the
        -:  450:subject. A special case is when the rhs is an empty atom with no flags. This
        -:  451:pattern only matches subjects with no flags. In all other cases, if one or
        -:  452:more flags are present in the rhs, the subject must have these flags as well,
        -:  453:and possibly even more.
        -:  454:
        -:  455:If the rhs is an atomic node with a non-empty string, the rhs can only match
        -:  456:atomic subjects with the same string. (But possibly with flags that are not
        -:  457:specified in the rhs.)
        -:  458:
        -:  459:   29 August 2011
        -:  460:
        -:  461:The use of $ as "escape operator" is now taken one step further. One can now
        -:  462:use $ to escape any operator in a pattern, so that the otherwise problematic
        -:  463:operators = | & : ' $ _ can be pacified and parsed.
        -:  464:
        -:  465:   23 August 2011
        -:  466:Inside macros the $ can be used as escape operator to insert a $ with empty
        -:  467:lhs in the evaluated macro. Also, the _ operator is from now on left untouched
        -:  468:in a macro unless escaped. This made it necessary to adapt a few bracmat
        -:  469:scripts, e.g. the cat$ function in this file.
        -:  470:
        -:  471:   19 August 2011
        -:  472:
        -:  473:You can now do this: '($(=$x))
        -:  474:Previously, you had to do this in two steps: flabber=$x & '($flabber)
        -:  475:You also can do this: '('($(=$b))) which evaluates to ='$b
        -:  476:
        -:  477:   26 July 2011
        -:  478:There was a problem with the ! and !! flags in connection with the flg 
        -:  479:function. In flg$(=!a):(=?X.?Z) the assignment to X wouldn't succeed, because
        -:  480:in the result (=!.a) of the evaluation of flg$(=!a), the element ! had the
        -:  481:READY flag set. Now the '!' has the READY flag unset, while the 'a' has it set.
        -:  482:
        -:  483:   29 June 2011
        -:  484:Changed a few ints to long to get rid of type casts.
        -:  485:
        -:  486:   21 June 2011
        -:  487:Converted this source code to UTF-8.
        -:  488:
        -:  489:    5 May 2011
        -:  490:The expression ((==.lst$its).)' tried to list an object that was gone.
        -:  491:Now it works. The listed object is =.lst$its
        -:  492:Notice how recursion can be implemented with a 'lambda method' that has access
        -:  493:to itself ('its'):
        -:  494:
        -:  495:( (==a b.!arg:?a_?b&((its.)$!b)_((its.)$!a)|!arg) . ) ' (x y^g (z,8.L))
        -:  496:
        -:  497:This recursively swaps lhs and rhs of all operators in the argument
        -:  498:
        -:  499:    2 April 2011
        -:  500:An expression like (x=!x)&!x now results in an endless loop, not a stack
        -:  501:overflow as before.
        -:  502:
        -:  503:    31 March 2011
        -:  504:Stackoverflow occurred if an uninitialised variable was assigned to the
        -:  505:variable itself - directly or indirectly. The problem has been solved for
        -:  506:cases like
        -:  507:
        -:  508:    !y a:?x a
        -:  509:
        -:  510:where the atom !y has the READY flag set when the assignment is attempted.
        -:  511:
        -:  512:The problem can be solved completely, but at a price, namely if
        -:  513:
        -:  514:    (=!y):(=?x)
        -:  515:    
        -:  516:is made to fail. I consider this price as too high for now.
        -:  517:
        -:  518:    16 March 2011
        -:  519:Arithmetic more complex than adding is now done with much higher radix.
        -:  520:For small numbers compuations are a little bit slower, because of conversions
        -:  521:to and from character strings. For large numbers, timings are magnitudes
        -:  522:better. Multiplication of two 200000 digits numbers is about 100 times faster.
        -:  523:Computation of the first 1000 decimals of pi is about 20 times faster.
        -:  524:
        -:  525:For 32 bit systems, a radix of 10000 is chosen. For 64 bit systems
        -:  526:a radix of 100000000 is found to be appropriate.
        -:  527:
        -:  528:    27 February 2011
        -:  529:Removed a lot of dead wood and renamed a few variables to English.
        -:  530:
        -:  531:    21 February 2011
        -:  532:Rewrite of bmalloc, bfree and initialization of memory. Memory now expands
        -:  533:dynamically: when a there are no more free memory blocks of 1,2 or 3 (4, 5, 6)
        -:  534:words available, a new pool of memory blocks for the depleted size is created,
        -:  535:doubling the number of blocks in the already allocated pools for that size.
        -:  536:Removed a bug that caused (a=7)&!(a*1) to fail.
        -:  537:
        -:  538:    11 January 2011
        -:  539:The @ is again removed from non-nil atoms. Reason: the @ flag is used on a 
        -:  540:non-nil atom to indicate that backslashes in the atomstring must be
        -:  541:interpreted litterally, i.e. @"d:\bracmat" is equivalent to "d:\\bracmat"
        -:  542:
        -:  543:This change has no consequence for the stringmatch functionality 
        -:  544:introduced 20101122.
        -:  545:
        -:  546:     6 January 2011
        -:  547:Conditionally (NP) defined opbnowis()
        -:  548:Extra parentheses in line 6932
        -:  549:
        -:  550:    25 November 2010
        -:  551:Solved bug in merge().
        -:  552:
        -:  553:    22 November 2010
        -:  554:In stringmatch, the % can be used to force characterwise matching if the
        -:  555:pattern is a number. For that reason, the % and @ are no longer removed from
        -:  556:non-nil atoms as superfluous.
        -:  557:One has to take care with minusses: the patterns %"-20/5" and %-20/5 are
        -:  558:different. In %"-20/5", the % is superfluous and the pattern matches
        -:  559:characterwise. In %-20/5, the pattern matches 20/5 and the minus is ignored!
        -:  560:
        -:  561:    19 November 2010
        -:  562:Some tests to check that the position flag is followed by an integer number
        -:  563:and that the flag % doesn't occur.
        -:  564:Made sure that mod$ and div$ fail if second argument is zero.
        -:  565:
        -:  566:    15 November 2010
        -:  567:Evaluation of sums and products is now iterative instead of recursive.
        -:  568:Also, two sums or products are neatly merged instead of appended and thereafter
        -:  569:bubble sorted. Result: much faster processing of very large sums and products
        -:  570:and no danger of stack overflow.
        -:  571:For short sums, the implementation has become a little bit slower, because
        -:  572:I reverted to older, but simpler code that makes more allocations and
        -:  573:deallocations.
        -:  574:
        -:  575:    8 November 2010
        -:  576:Made some minor changes such as int -> size_t.
        -:  577:Most radical change is introduction of function Entry2 which is like Entry,
        -:  578:only with lower level of indirection. Entry2 replaces Entry in three places.
        -:  579:
        -:  580:    3 November 2010
        -:  581:Improved percolation of filter flags < > # / @ %
        -:  582:
        -:  583:    1 November 2010
        -:  584:The built-in function now returns IMPLIEDFENCE if the subject string in
        -:  585:a stringmatch is too long or if it cannot be grown to a valid UTF-8
        -:  586:multibyte sequence. Previously, the FENCE flag was set, but this had
        -:  587:the side effect that utf$ couldn't easily be used as the lhs of a match.
        -:  588:
        -:  589:Change to flt$ : flt$(0,...) now returns 0 instead of failing. Replaced
        -:  590:get$(...,MEM,VAP): ... with @(...:...).
        -:  591:
        -:  592:    27 October 2010
        -:  593:In bmalloc, all bytes are set to 0, not just the last one.
        -:  594:Reason: if all elements of size X are in use, bmalloc may return
        -:  595:a bigger sized element, of which the last four bytes will not be
        -:  596:used at all. Instead, some earlier bytes must be set to 0.
        -:  597:
        -:  598:    22 October 2010
        -:  599:Trailing closing parentheses were accepted on equal footing with '\0' bytes.
        -:  600:
        -:  601:   18 October 2010
        -:  602:The function expandProduct turned off the READY flag on all processed output,
        -:  603:even if the result was atomic and therefore ready.
        -:  604:Consequence: (1+i)*(1+-i) was evaluated to non-ready value 2, which could
        -:  605:not successfully be used in further computations.
        -:  606:
        -:  607:   10 September 2010
        -:  608:A function call in match context not only receives a function argument in
        -:  609:"arg", but also the current subject in "sjt" (from sujet or subject)
        -:  610:Example:
        -:  611:like=.out$!sjt&sim$(!arg,!sjt):>9/10&?|den$sim$(!sjt,):~<(den$sim$(!arg,0))&`~
        -:  612:@("Dogs and Cats are my enemies":? (like$mus:?animal) ?)&out$!animal
        -:  613:@("Dogs and Cats are my enemies":? (like$cat:?animal) ?)&out$!animal
        -:  614:
        -:  615:The return value from a failing function call in match context is not compared
        -:  616:to the subject.
        -:  617:
        -:  618:By returning `~ a function can indicate that further attempts with lenghtened
        -:  619:subjects with the same start position will fail.
        -:  620:
        -:  621:   6 August 2010
        -:  622:Previously, a pattern with an exponential only matched a subject with an
        -:  623:exponential. Now, the exponent in the pattern allowing, an exponent 1 is
        -:  624:assumed.
        -:  625:
        -:  626:   2 August 2010
        -:  627:Made variable v. So now
        -:  628:    bracmat put$!v
        -:  629:says:
        -:  630:    Bracmat version 4, build 72 (2 August 2010)
        -:  631:
        -:  632:   23 July 2010
        -:  633:a*b+u*(x+y) was not evaluated correctly in the previous version.
        -:  634:Now it works again.
        -:  635:
        -:  636:   30 June 2010
        -:  637:Improved error handling if BRACMATEMBEDDED is defined.
        -:  638:
        -:  639:   22 June 2010
        -:  640:If Bracmat is running embedded (e.g. as "native code" in a Java environment)
        -:  641:it may be desirable to make bracmat safer. Here are some defines that shut off
        -:  642:selected parts of Bracmat:
        -:  643:#define NO_C_INTERFACE no memory (de)allocation, peek and poke and C-function pointer API
        -:  644:#define NO_FILE_RENAME no file renaming
        -:  645:#define NO_FILE_REMOVE no file removal
        -:  646:#define NO_SYSTEM_CALL no system() call
        -:  647:#define NO_LOW_LEVEL_FILE_HANDLING
        -:  648:                       no file handling other than get$ put$ and lst$
        -:  649:#define NO_FOPEN       no calls to fopen(). (But you can still get$ put$ and lst$ to memory!)
        -:  650:#define NO_EXIT_ON_NON_SEVERE_ERRORS
        -:  651:
        -:  652:   11 June 2010
        -:  653:Had to conditionally introduce call to unlink() instead of remove() in case of Symbian (Epoc 5).
        -:  654:
        -:  655:   26 May 2010
        -:  656:Replaced sizeof(tflags) with offsetof(sk,u.obj), which may be (and normally are,
        -:  657:on 64 bit platforms at least) different, the latter taking padding into account.
        -:  658:
        -:  659:Removed ridiculous costly calls to expressionLength, perhaps using 3/4 of all
        -:  660:CPU time when repeatedly matching large data structures!
        -:  661:
        -:  662:   19 April 2010
        -:  663:Used gprof to find functions to optimize: opaf() (has become op() and af()), splits()
        -:  664:
        -:  665:   8 April 2010
        -:  666:The 'its'-member that has been missing since version 3.50 is back again.
        -:  667:
        -:  668:   6 April 2010
        -:  669:Pattern match like a b c:% c did not work as expected
        -:  670:(should be same as a b c:%? c). Solved. Same goes for @(abc:% c).
        -:  671:
        -:  672:   30 March 2010
        -:  673:Added built-in function rmv$ that removes a file.
        -:  674:
        -:  675:   26 March 2010
        -:  676:Changed code to make Bracmat compile and run in a 64-bit environment where
        -:  677:sizeof(int) == 4 and sizeof(long) == 8.
        -:  678:It is assumed that the platform is 64-bit if LONG_MAX > 2147483647L
        -:  679:In contrast to 32 bit platforms, the functions x2d and d2x handle
        -:  680:numbers up to FFFFFFFFFFFFFFFFF hexadecimal or 18446744073709551615 decimal
        -:  681:if compiled on 64-bit platforms.
        -:  682:Another noteworthy difference is that the 64-bit version finds bigger prime
        -:  683:numbers. Try 123465864564581765^1/2 Answer: 5^1/2*24693172912916353^1/2,
        -:  684:so 24693172912916353 is prime.
        -:  685:
        -:  686:   12 March 2010
        -:  687:errorStream is not kept open if it is not stderr or strout, so that other
        -:  688:processes also can write to the errorFile, if necessary. This also ensures
        -:  689:that the message is written an saved before the program ... uhm ... crashes.
        -:  690:
        -:  691:   10 March 2010
        -:  692:If run with command line options, bracmat's return value is the numerical
        -:  693:value of the last expression evaluated. If the last evaluated expression
        -:  694:is not atomic or not a string that can be scanned as an integer number
        -:  695:using strtol, the exit code is 0.
        -:  696:Built-in exit codes:
        -:  697:-1  out of memory
        -:  698:116 invalid function syntax
        -:  699:117 string match attempted with non-atomic argument
        -:  700:
        -:  701:   9 March 2010
        -:  702:New built-in function arg$. If Bracmat is started with any arguments (argc > 1)
        -:  703:every argument is evaluated from left to right, unless arguments are consumed
        -:  704:by calls to arg$. For example,
        -:  705:    bracmat get$myprog -i c:\documents\input.txt -o d:\html\index.html
        -:  706:would evaluate
        -:  707:    get$myprog
        -:  708:    -i
        -:  709:    c:\documents\input.txt
        -:  710:    -o
        -:  711:    d:\html\index.html
        -:  712:in that order. Evaluating the last four arguments is not very meaningful,
        -:  713:however: the backslashes are interpreted as escapes, which they are not.
        -:  714:Moreover, the colon and the dot are interpreted as operators. However, the
        -:  715:bracmat program "myprog" can call the function arg$ four times and in that way
        -:  716:empty the queue of arguments. arg$ returns an atom containing an exact copy of
        -:  717:the next program argument. Using string matching the arguments can be parsed,
        -:  718:if necessary.
        -:  719:Precautions must be taken if the path or name of the bracmat program contains
        -:  720:characters that can be mistakenly interpreted. E.g. (in Windows)
        -:  721:    bracmat "get$@\"c:Program Files\myprog.bra\"" -i c:\documents\input.txt -o d:\html\index.html
        -:  722:In *N*X the apostrophes surrounding the first argument must be replaced by
        -:  723:quotes.
        -:  724:A second form is arg$N, where 0 <= N < argc. arg$0 will normally return the
        -:  725:command name "bracmat" or a path leading to "bracmat".
        -:  726:
        -:  727:   23 February 2010
        -:  728:upp$ and low$ now handle UTF-8. upp$ is a bit tricky, as some characters
        -:  729:occupy more bytes when uppercased. A simple in-place replacement is tried
        -:  730:first, and is fine in 99% of all cases. If an overrun is imminent, more space
        -:  731:is allocated.
        -:  732:
        -:  733:   22 February 2010
        -:  734:sim$(s1,s2) accepts UTF-8. 8-bit Latin-1 is also ok.
        -:  735:chr$ fails if argument is > 255
        -:  736:
        -:  737:   21 February 2010
        -:  738:~<> are now effective on patterns headed by $ or ' operator
        -:  739:b:>(str$a)
        -:  740:b:~<>(str$A)
        -:  741:
        -:  742:   20 February 2010
        -:  743:~<> uses case insensitive compare on unicode
        -:  744:
        -:  745:   19 February 2010
        -:  746:x2d$   converts hexadecimal number to decimal
        -:  747:d2x$   converts decimal number to hexadecimal
        -:  748:Both routines are restricted to decimal numbers 0 ... 4294967295 (hex 0 ... ffffffff)
        -:  749:Failure if not all characters can be scanned.
        -:  750:
        -:  751:   12 February 2010 Simplified changeCase()
        -:  752:   10 February 2010
        -:  753:abc:?NN & @(!NN:!NN ?x)
        -:  754:!x evaluated to "abc", not to ""
        -:  755:
        -:  756:   2 February 2010
        -:  757:Input scanning stopped at 0x80, as in the utf-8 sequence e2 80 93 (8211 EN DASH )
        -:  758:
        -:  759:   27 January 2010
        -:  760:~@ matches non-atomic matter, both in stringmatch and now also in match.
        -:  761:
        -:  762:   26 January 2010
        -:  763:@ and % flags are not turned off if combined with < and/or >.
        -:  764:(Previously, they were seen as "superfluous" if in combination with non-empty object.)
        -:  765:Handy if you want to skip white space:
        -:  766:
        -:  767:@("  \r\n\t  xyz\r\n  ":?a (>@" " ?:?y) ~>%" " ?)
        -:  768:
        -:  769:Changed KILOKNOPEN back to 10000
        -:  770:
        -:  771:   16 September 2009
        -:  772:Changed KILOKNOPEN to 100000 (was 10000)
        -:  773:
        -:  774:   3 July 2009
        -:  775:
        -:  776:Setting #define CODEPAGE850 0 removes all reminiscenses of DOS-codepages.
        -:  777:
        -:  778:Unicode (UTF-8) support
        -:  779:chu$number returns a sequence of 1-6 bytes. The highest allowed value of the number is 2147483647 (7FFFFFFF hex)
        -:  780:            Notice that RFC 3629 restricts UTF-8 to 4 bytes and that the highest allowed code point 10FFFF hex.
        -:  781:utf$string returns the code point of the character represented by the UTF-8 sequence of bytes.
        -:  782:            If the string is too short or too long, or if the sequence is an invalid UTF-8 string, the function fails.
        -:  783:            It is safe to use utf$ in a pattern:
        -:  784:            @(!txt:(?%c & utf$!c) ?)
        -:  785:            If txt starts with an valid UTF-8 sequence, bracmat backtracks until c matches the UTF-8 sequence.
        -:  786:            If txt starts with a sequence that is not UTF-8, bracmat stops backtracking when that fact has been
        -:  787:            established.
        -:  788:
        -:  789:   30 June 2009
        -:  790:bracmat now evaluates all parameters given to it, from left to right.
        -:  791:
        -:  792:command line:bracmat a=1 b=14 out$(!a+!b)
        -:  793:output:15
        -:  794:
        -:  795:Previously, only the first parameter was evaluated.
        -:  796:As always, if no parameter is specified, bracmat enters interactive mode.
        -:  797:
        -:  798:   11 February 2009
        -:  799:Corrected error in flt$. All powers of ten were analysed to 1,
        -:  800:for example flt$(100,2) -> 1,00*10E0
        -:  801:
        -:  802:   13 November 2008
        -:  803:stop string also works when writing.
        -:  804:fil$("file.txt",w)
        -:  805:fil$(,STR," \n\r\t")
        -:  806:fil$(,,,"Workers go to strike/for higher wages
        -:  807:and for more kindergartens.")
        -:  808:fil$("file.txt",r)
        -:  809:fil$(outfile,w)
        -:  810:fil$("infile.txt",STR)
        -:  811:fil$(outfile,STR," \n\r\t")
        -:  812:fil$(,,,"Workers go to strike for higher wages")
        -:  813:
        -:  814:Stop string can also be specified when reading or writing
        -:  815:fil$(,,"/","Workers go to strike/for higher wages")
        -:  816:fil$("infile.txt",,".!?,;")
        -:  817:
        -:  818:An empty stop string means: write all of the string.
        -:  819:(Or read to end of file, if file mode is reading).
        -:  820:
        -:  821:   10 September 2008
        -:  822:x^(y*(a+b))+-1*x^(a*y+b*y) -> 0 Before, the exponents were regarded as
        -:  823:different. If, during comparison, a subtree of lhs has pattern ?*(?+?) and
        -:  824:the corresponding subtree of the rhs ?+?, the lhs subtree is expanded to
        -:  825:a sum (defactorised) and the comparison is done on the transformed lhs and
        -:  826:the rhs. Notice that the most expensive exponent survives:
        -:  827:x^(y*(a+b))+x^(a*y+b*y): 2*x^(y*(a+b))
        -:  828:
        -:  829:0^-1 succeeded and gave 0, now it fails. (0/7^-1 already failed)
        -:  830:
        -:  831:Strings starting with a zero and followed by another figure are not numbers
        -:  832:00/7, 098
        -:  833:
        -:  834:Input ()k went in endless loop, because the k was interpreted as an operator.
        -:  835:Now it says "malformed input".
        -:  836:
        -:  837:   11 February 2008
        -:  838:whl' now returns function_ok instead of function_fail. Although the
        -:  839:loop exits when the rhs fails and there therefore is nothing meaningful to
        -:  840:"return", it led to ugly code when a whl' loop always had to be negated
        -:  841:
        -:  842:    ... & ~(whl'(...)) & ...
        -:  843:
        -:  844:or put into the lhs of an OR
        -:  845:
        -:  846:    & ( whl'(...) |  ) &
        -:  847:
        -:  848:til' is commented out. It has no future.
        -:  849:
        -:  850:   28 January 2008
        -:  851:evalmacro did not unset the ready-bit on an inserted expression consisting of
        -:  852:a variable with exclamation mark. It does now.
        -:  853:
        -:  854:   27 January 2008
        -:  855:Introduction of flag [ for acquiring or requiring the current position during
        -:  856:a (string)match. Examples:
        -:  857:    a b c:? ([-1:[?endpos)
        -:  858:will assign the length of the subject, 3, to variable endpos.
        -:  859:    a b c d e:? [!endpos ?extramaterial
        -:  860:will assign d e to extramaterial.
        -:  861:Works in match and stringmatch alike, with some exceptions:
        -:  862:@(:[0) succeeds, but (:[0) fails. Reason: in the first case, the subject
        -:  863:is the nil element, but in the second case, the lhs is just an atom,
        -:  864:although a funny one. In a certain context, this atom plays the role
        -:  865:of nil element, but not in other contexts.
        -:  866:
        -:  867:Found out that stringmatch had a measurable side effect on the subject
        -:  868:
        -:  869:subject=abcdef
        -:  870:@(!subject:? (d & !subject:abcd) ?
        -:  871:
        -:  872:This would succeed, because the string had been temporarily cut off after
        -:  873:the 'd'.
        -:  874:Now match and string match are much more alike and the problem is solved.
        -:  875:
        -:  876:Introduction of two built-in functions: whl and til. whl repeatedly evaluates
        -:  877:its argument until it fails. whl always returns failure. til repeatedly
        -:  878:evaluates its argument until it succeeds and returns the result of the last
        -:  879:evaluation.
        -:  880:There are no plans to make if...else and switch equivalents in Bracmat.
        -:  881:It may be that whl and/or til are retracted later. They seem a bit superfluous.
        -:  882:
        -:  883:   13 January 2008
        -:  884:`~a:?b will now assign `~a to b
        -:  885:@(`~a:?b) will assign a to b. !a will succeed
        -:  886:As before, this will assign something failing to a variable:
        -:  887:dummy ~a:dummy ?m
        -:  888:!m fails
        -:  889:~!m gives ~a
        -:  890:
        -:  891:   3 January 2008
        -:  892:Better implementation of the evaluation of !(=a).
        -:  893:It is now possible to construct and run a loop as a datastructure with
        -:  894:a closed loop of pointers. Performance-wise nothing is gained, however.
        -:  895:  (loop= !i+1:<10000000:?i&!(=))
        -:  896:& '$loop:(=?(loop.)) {Make closed datastructure}
        -:  897:& ~!loop {loop 10.000.000 times}
        -:  898:& :?(loop.) {Open the datastructure.(Otherwise you'll have a memory leak when
        -:  899:             'loop' goes out of scope.)}
        -:  900:
        -:  901:Several functions have been factorised. evalueer() has been restructured.
        -:  902:
        -:  903:   2 January 2008
        -:  904:I've decided that a:(~@(a:a)) means about the same as a:(~@:(a:a)), i.e. it
        -:  905:fails because a is not not an atom. For the same reason a:(~@(a:b)) fails.
        -:  906:~@(a:a) in an evaluation context such as x&~@(a:a) succeeds. It merely means
        -:  907:a:a
        -:  908:
        -:  909:Use #define STRINGMATCH_CAN_BE_NEGATED 1 to allow ~@(<subject>:<pattern>)
        -:  910:as a stringmatch that has its result negated after evaluation.
        -:  911:
        -:  912:Use #define STRINGMATCH_CAN_BE_NEGATED 0 to interpret ~@(<subject>:<pattern>)
        -:  913:as the opposite of stringmatch, i.e. a normal match, the same as
        -:  914:(<subject>:<pattern>) with the additional condition that <subject> is not an
        -:  915:atom. Notice, however, that ~@#(abc:? b ?) succeeds, as the ~ negates #, not @
        -:  916:(priority /#<>@)
        -:  917:
        -:  918:Succeeding tests:
        -:  919:a b:(~@(? b:a %))
        -:  920:~@(a b:a ?)
        -:  921:~@(a:a)
        -:  922:12/34:@(?x:#?a (~#%@:?y) #?b)&!y:"/"
        -:  923:
        -:  924:Failing tests:
        -:  925:a:(~@(a:a))
        -:  926:~@(a:b)
        -:  927:12/34:@(#?a (~#%@:?y) #?b:?x)&!y:"/"
        -:  928:    (This fails because the pattern
        -:  929:        #?a (~#%@:?y) #?b
        -:  930:    is in the match context 12/34:<rhs>, not in a stringmatch context.
        -:  931:    Remember, the first @ says that subject is an atom, which it is in the
        -:  932:    match context, but not in a stringmatch context.)
        -:  933:@(12/34:@(#?a (~#%@:?y) #?b:?x)&!y:"/")
        -:  934:    (This fails because 12/34 is not an atom in a stringmatch context.)
        -:  935:
        -:  936:   29 December 2008
        -:  937:Compilation with Norcroft RISC OS ARM C vsn 3.00 [Jul 12 1989]
        -:  938:This resulted in some formal corrections (signed vs unsigned int,
        -:  939:int vs long, too many arguments for format in Printf,
        -:  940:#if _BRACMATEMBEDDED changed to #if defined _BRACMATEMBEDDED)
        -:  941:
        -:  942:The changes of 20071217 were undone, because the solution did not work for
        -:  943:    ~(&~@(a:a))
        -:  944:New solution:
        -:  945:In lex(), undo setting of
        -:  946:    success == FALSE
        -:  947:on : node if ~@ flags are attached to this operator.
        -:  948:This is a special case. In ~@(a:b) the ~ operator must
        -:  949:not negate the @ but the result of the string match.
        -:  950:
        -:  951:I am not convinced that this is the right decision. Perhaps we simply
        -:  952:should not allow other flags than @ on : if we want it to be interpreted
        -:  953:as a string match operation.
        -:  954:
        -:  955:   17 December 2007
        -:  956:~@(a:a) didn't fail and ~@(a:b) didn't succeed. Now they do.
        -:  957:
        -:  958:   9 October 2007
        -:  959:Removed test print from getObjectDef.
        -:  960:
        -:  961:   18 September 2007
        -:  962:    a b "" ""
        -:  963:evaluates to
        -:  964:    a b ()
        -:  965:instead of
        -:  966:    a b
        -:  967:Changed function handleLUCHT to correct this.
        -:  968:
        -:  969:   7 July 2007
        -:  970:Differentiation: Originally, to indicate that a variable x depends on another
        -:  971:variable p, one wrote x=p, or x=s and s=p. If one wrote (x=), then y\Dx
        -:  972:resulted in stack overflow. The appropriate way to indicate dependeny is
        -:  973:dep=(x.p) (....)
        -:  974:
        -:  975:The range function has been abolished. Originally the idea was that Bracmat
        -:  976:not only should handle numbers and symbols, but also ranges. Thus, 2^>3 would
        -:  977:give >16 and -5*>2 would give <-10. This had to be given up as ranges become
        -:  978:more and more complicated to express. (>4*~>3 = ?)
        -:  979:
        -:  980:Code implementing a string table (COMPILE==1) has been removed
        -:  981:COMPILE works not faster, but slower (about 10%) and uses more nodes.
        -:  982:
        -:  983:The unfinished attempt at implementing objects that can be saved and re-read
        -:  984:(serialization) has been given up (OBJECTS==1) Flag: [
        -:  985:
        -:  986:VAX-specific code removed.
        -:  987:
        -:  988:   5 July 2007:
        -:  989:There were problems with stringmatches:
        -:  990:@(aaab:((|a) aa) b)
        -:  991:This failed because the match
        -:  992:    aa:aa
        -:  993:prematurely ended the match with failure.
        -:  994:The cause was that this match ONCED the whole match
        -:  995:    aa:(|a) aa
        -:  996:
        -:  997:This partly undoes a change made in 200704
        -:  998:
        -:  999:new$hash:?h
        -: 1000:(h..ISO)$
        -: 1001:(h..insert)$(a.b)
        -: 1002:
        -: 1003:This made a division by zero, because (h..ISO) had rehashed the table
        -: 1004:to a table with zero size. (hashes are born with non-zero size)
        -: 1005:The computation of the loadfactor went wrong.
        -: 1006:
        -: 1007:    4 April 2007:
        -: 1008:Tail recursion optimisation in complexiteit.
        -: 1009:
        -: 1010:Solved bug in handling of strings with characters > 0x80 in expressions like
        -: 1011:    a å
        -: 1012:
        -: 1013:Solved bug in handling of e^(i*pi)
        -: 1014:
        -: 1015:Solved bug in handling of i:-i
        -: 1016:
        -: 1017:Solved bug in handling of -1*i^1/3
        -: 1018:
        -: 1019:lst$ now lists ALL names. Previously, names starting with character above 0x7f
        -: 1020:were hidden. Som hidden functions that were called from f0, f4 or f5 are
        -: 1021:now declared inside these functions and therefore hidden.
        -: 1022:
        -: 1023:get$ and fil$ first try to open a file interpreting the file name as a path
        -: 1024:relative to the current working directory. If that fails, and if the program
        -: 1025:is started with a fully qualified path+file name, this path is prepended to the
        -: 1026:name of the file to be opened. If opening the file also fails with the new
        -: 1027:path, get$ and fil$ fail. This functionality requires that
        -: 1028:1) the file mode is "reading"
        -: 1029:2) the file name does not contain an absolute path
        -: 1030:3) the program knows its path
        -: 1031:If the program does not know its path, it may help to start the program with
        -: 1032:a fully qualified path on the command line. This instruction can be put in
        -: 1033:a shell script or batch file.
        -: 1034:This improvement is especially helpful for opening the "help"-file.
        -: 1035:
        -: 1036:In string matching the expression
        -: 1037:    @(abcd:?u (?:%@ %@) (?z & ~))
        -: 1038:now makes sure that the pattern (?:%@ %@) never is presented with more than two
        -: 1039:characters. Before, the @ flag did not really work with string matching and the
        -: 1040:: operator extinguished the cut condition that arises in its rhs.
        -: 1041:This works now within a reasonable time:
        -: 1042:(do=
        -: 1043:  get$(help,STR):?S
        -: 1044:& @( !S
        -: 1045:   :   ?
        -: 1046:       ( ?:(%@:~" ":~",") %@ %@ %@ %@ %@ %@ %@ %@ %@ %@ %@ %@ %@ %@ %@ %@ %@ %@ %@ %@ %@ %@:?x
        -: 1047:       & '(? ()$x ?):(=?x)
        -: 1048:       )
        -: 1049:       !x
        -: 1050:   )
        -: 1051:& !x);
        -: 1052:!do
        -: 1053:
        -: 1054:
        -: 1055:In a string, characters that also have a meaning as an operator can be escaped:
        -: 1056:nsc\'ere
        -: 1057:is the same as
        -: 1058:"nsc'ere"
        -: 1059:
        -: 1060:The names of cat$'s local variables are now taken from the list of names of
        -: 1061:predefined functions. Consequently, cat$ does not list its own local variables.
        -: 1062:(Previously, listing of these names was circumvented by the rule that names
        -: 1063:starting with high-bit-set characters are kept hidden.)
        -: 1064:
        -: 1065:Defunct ego$ and goe$ are abolished.
        -: 1066:
        -: 1067:   22 February 2007:
        -: 1068:    Major change in match() that speeds up matching. Found also an error in the
        -: 1069:    handling of an alternating pattern with an alternating pattern in the lhs
        -: 1070:    and a FENCE flag in the leftmost node.
        -: 1071:    Similar changes in stringmatch() must yet be made.
        -: 1072:
        -: 1073:   20 February 2007:
        -: 1074:    Changed int and unsigned long to size_t in two places to stop warnings.
        -: 1075:
        -: 1076:
        -: 1077:   18 January 2007:
        -: 1078:    Added _CONSOLE to test for Windows API
        -: 1079:    @(:? ?) failed. Cause: Unmotivied test for subjectstring not being empty.
        -: 1080:
        -: 1081:    20060704 caseinsensitivehash fixed
        -: 1082:
        -: 1083:   23 June 2006
        -: 1084:caseinsensitivehash uses lowerEquivalent without converting array index to
        -: 1085:unsigned int!
        -: 1086:
        -: 1087:   12 October 2005:
        -: 1088:    Corrected error in flt$. During rounding, the variable m could become
        -: 1089:    > 10. Consequently, the exponent must be increased by one and m must
        -: 1090:    be divided by 10 in those cases.
        -: 1091:
        -: 1092:   5 September 2005:
        -: 1093:    Changed C++-style comments to old fashioned C-style comments.
        -: 1094:    Removed enum {NoIndication,AnInteger,NotAFraction,NotANumber,AFraction,ANumber};
        -: 1095:
        -: 1096:   5 april 2005:
        -: 1097:    flg$<flags><atom> now returns ((=<flags>).<atom>)
        -: 1098:    This protects the flags from evaluation.
        -: 1099:
        -: 1100:   17 november 2004:
        -: 1101:    clk$ returns 0 if clock() returns -1
        -: 1102:    bez$ returns (<nodes>.<max nodes>.<max ref>)
        -: 1103:    epoc version: delete key emits ascii 8 (back space). Now, ascii(8) moves
        -: 1104:    the input pointer one position back, deleting the previous entered
        -: 1105:    character. (see mygetc)
        -: 1106:
        -: 1107:   25 sep 2004: strrev rewritten for Epoc
        -: 1108:
        -: 1109:   6 June 2004:
        -: 1110:1) Started to make late binding in string matching
        -: 1111:2) Corrected errors in assignment to and listing of objects with late bound values
        -: 1112:
        -: 1113:   20040830
        -: 1114:This fails:
        -: 1115:(obj=x=)&dbg'@("abc":?(obj.x) "c") & out$!(obj.x);
        -: 1116:
        -: 1117:This works:
        -: 1118:dbg'@("abc":?x "c") & out$!x;
        -: 1119:*/
        -: 1120:/*
        -: 1121:NOTES
        -: 1122:=====
        -: 1123:
        -: 1124:2002.12.15
        -: 1125:----------
        -: 1126:This is the open source version of Bracmat.
        -: 1127:
        -: 1128:Originally, Bracmat was written in Basic for the Amstrad computer. Its sole
        -: 1129:purpose was to derive a simple expression for the curvature of a model
        -: 1130:space-time, starting from the components of the metric. The only operations
        -: 1131:the program was capable to perform were multiplications, exponentiations,
        -: 1132:logarithms, and partial derivatives. The expressions were a mix of numbers
        -: 1133:and symbolic variables, like "a+2*b". Thus, "a+a" was simplified to "2*a".
        -: 1134:
        -: 1135:The second version of Bracmat, about 1988, was developed in Ansi C and run
        -: 1136:on an Acorn Archimedes. Great care was taken to make the program portable to
        -: 1137:other hardware, such as Atari, VAX and even the PC. The PC architecture, with
        -: 1138:its limited memory, its 16 bit architecture and its limitation on the size of
        -: 1139:the program stack, posed some severe limitations on the program. Therefore
        -: 1140:great care was taken to limit the use of the stack to a minimum. This has
        -: 1141:lead to some rather large functions (to save stack-consuming function calls).
        -: 1142:
        -: 1143:The C version became a true programnming language, with program variables,
        -: 1144:logical operators and function calls. The syntax, however, was not changed.
        -: 1145:For example, instead of using "if...then...else...", I decided to write
        -: 1146:something like "...&...|...", using lazy evaluation of the infix binary
        -: 1147:logical operators "&" (AND) and "|" (OR) for program control.
        -: 1148:
        -: 1149:The logical operators, of course, should test for operands being "true" or
        -: 1150:"false". The main provider of interesting truth values became the pattern
        -: 1151:matching operator ":", which tests whether the pattern (the rhs-operand)
        -: 1152:matches the subject (the lhs-operand). The single outstanding feature of
        -: 1153:Bracmat is, in fact, its pattern recognition, which works on tree structures,
        -: 1154:not on strings of characters.
        -: 1155:
        -: 1156:Bracmat was also extended with a few operators that makes this programming
        -: 1157:language interesting in the field of computational linguistics, namely the
        -: 1158:blank " ", the comma "," and the full stop ".". (The interpunction symbols
        -: 1159:"?", "!" and ";" were already 'taken' to serve other purposes.)
        -: 1160:
        -: 1161:You may find the source code difficult to read at some places. You are best
        -: 1162:off if you understand English and Dutch (and perhaps Danish). Only if the
        -: 1163:program arises enough interest I will invest the effort to streamline the
        -: 1164:source text and make it more understandable for the general programmer.
        -: 1165:*/
        -: 1166:
        -: 1167:/*
        -: 1168:TODO list:
        -: 1169:20010103: Make > and < work on non-atomic stuff
        -: 1170:20010904: Issue warning if 'arg' is declared as a local variable
        -: 1171:*/
        -: 1172:/* 20001213, There is a need to improve documentation of fil$ */
        -: 1173:/* 20001213, rename a file ren$(oldname.newname) */
        -: 1174:/* >Bracmat 16-11-91 */
        -: 1175:/* 20010309 evalueer on LUCHT and KOMMA strings is now iterative on the
        -: 1176:   right descending (deep) branch, not recursive.
        -: 1177:   (It is now possible to read long lists, e.g. dictionairies, without causing
        -: 1178:   stack overflow when evaluating the list.)
        -: 1179:   20010821 a () () was evaluated to a (). Removed last ().
        -: 1180:   20010903 (a.) () was evaluated to a
        -: 1181:*/
        -: 1182:#define DEBUGBRACMAT 0 /* implement dbg'(expression), see DBGSRC macro */
        -: 1183:#define REFCOUNTSTRESSTEST 0
        -: 1184:#define DOSUMCHECK 0
        -: 1185:#define CHECKALLOCBOUNDS 0 /* only if NDEBUG is false */
        -: 1186:#define PVNAME 0 /* allocate strings of variable names separately from variable structure. */
        -: 1187:#define STRINGMATCH_CAN_BE_NEGATED 0 /* ~@(a:a) */
        -: 1188:#define CODEPAGE850 0
        -: 1189:#define MAXSTACK 0 /* 1: show max stack depth (eval function only)*/
        -: 1190:#define CUTOFFSUGGEST 1
        -: 1191:#define READMARKUPFAMILY 1 /* read SGML, HTML and XML files. (include xml.c in your project!) */
        -: 1192:
        -: 1193:/* 
        -: 1194:About reference counting.
        -: 1195:Most nodes can be shared by no more than 1024 referers. Copies must be made as needed.
        -: 1196:Objects (nodes with = ('WORDT' in Dutch) are objects and cane be shared by almost 2^40 referers.
        -: 1197:
        -: 1198:small refcounter       large refcounter              comment
        -: 1199:(10 bits, all nodes)   (30 bits, only objects)
        -: 1200:0                      0                             not shared, no test of large refcounter needed.
        -: 1201:1                      0                             shared with one, so totalling two
        -: 1202:2                      0                             shared with two
        -: 1203:..                     ..
        -: 1204:1022                   0
        -: 1205:1023                   0                             totalling 1024, *** max for normal nodes ***
        -: 1206:1                      1                             totalling 1025
        -: 1207:2                      1
        -: 1208:..                     ..
        -: 1209:m                      1
        -: 1210:..                     ..                            totalling 1024+(1-1)*1023+m
        -: 1211:1023                   1                             totalling 1024+1*1023
        -: 1212:..                     ..
        -: 1213:m                      n                             totalling 1024+(n-1)*1023+m or 1+n*1023+m
        -: 1214:1023                   2^30-1                        totalling 1024+(2^30-2)*1023+1023=1 098 437 885 953
        -: 1215:                                                         (or   1+2^30*1023)
        -: 1216:*/
        -: 1217:
        -: 1218:#if DEBUGBRACMAT
        -: 1219:#define DBGSRC(code)    if(debug){code}
        -: 1220:#else
        -: 1221:#define DBGSRC(code)
        -: 1222:#endif
        -: 1223:
        -: 1224:#if MAXSTACK
        -: 1225:static int maxstack = 0;
        -: 1226:static int stack = 0;
        -: 1227:#define ASTACK {++stack;if(stack > maxstack) maxstack = stack;}{
        -: 1228:#define ZSTACK }{--stack;}
        -: 1229:#else
        -: 1230:#define ASTACK
        -: 1231:#define ZSTACK
        -: 1232:#endif
        -: 1233:
        -: 1234:#include <assert.h>
        -: 1235:
        -: 1236:/*19980208
        -: 1237:Bug in match!!
        -: 1238:Removed 19971207
        -: 1239:*/
        -: 1240:/*
        -: 1241:sub must also accept . as separator between args
        -: 1242:*/
        -: 1243:/* wis: 18 Maart 1997, tail recursion optimization; delete deep structures*/
        -: 1244:/* bezig met modernisering getallen */
        -: 1245:/* 16 mei 1993: constante "-i" ingevoerd om evenwicht te brengen in gedrag
        -: 1246:   van complexe getallen en hun complex geconjugeerde. */
        -: 1247:/* Nog nodig: -n*i^iets -> n*-i^iets
        -: 1248:              n*i*a+m*-i*a  -> (n-m)*i*a
        -: 1249:   Goed doortesten !
        -: 1250:*/
        -: 1251:
        -: 1252:
        -: 1253:/* 24 april 1992: UNOPS uitgebreid met MINUS */
        -: 1254:/* 26 april 1992: fct aangepast voor (a+b)^-n */
        -: 1255:/* 24 maart 1993: function syntax veranderd:
        -: 1256:   met FUNC defined oude stijl: foo = fun$(loc'(x,y,z),!arg);
        -: 1257:   zonder FUNC define:          foo = x,y,z.!arg */
        -: 1258:
        -: 1259:/* 30 juli 1993: structure:
        -: 1260:   het is nu mogelijk om aan een expressie als naam=Bart een andere waarde
        -: 1261:   toe te kennen. In feite wordt de rechter operand van de = operator
        -: 1262:   stomweg vervangen door de nieuwe waarde, waardoor circulaire data-
        -: 1263:   structuren mogelijk worden! BJO 4 Jan 1996
        -: 1264:
        -: 1265:   voorbeeld:
        -: 1266:
        -: 1267:   {?} x==(name=Bart).(age=40)
        -: 1268:   {?} !x
        -: 1269:   {!} =(name=Bart).(age=40)
        -: 1270:   {?} !!x
        -: 1271:   {!} Bart.40
        -: 1272:   {?} !x:(=?naam.?leeftijd)
        -: 1273:   {?} Bart Jongejan:?!naam
        -: 1274:   {?} !!x
        -: 1275:   {!} Bart Jongejan.40
        -: 1276:   {?} x..age=veertig                          BJO 4 Jan 1996
        -: 1277:   {?} !!x
        -: 1278:   {!} Bart Jongejan.veertig
        -: 1279:
        -: 1280:   x..name.first=Bart vervangt Jan door Bart in
        -: 1281:
        -: 1282:   x==(name=(first=Jan).(family=Abbens)).(age=33)
        -: 1283:
        -: 1284:   Merk op dat de = operator z'n speciale betekenis in patterns kwijt is
        -: 1285:   ~=(% %) moet dus voortaan geschreven worden als ((% %) & `~|?)
        -: 1286:*/
        -: 1287:
        -: 1288:#if 0 && defined __GNUC__ && !defined sparc && !defined __hpux && !defined __hpux__
        -: 1289:/* TODO test must be changed to a positive list. Bart 20030704 */
        -: 1290:#define ARM /*1*/ /* assume it's an Acorn */
        -: 1291:#define os_swix os_swi /* different naming */
        -: 1292:typedef struct {
        -: 1293: int r[10];
        -: 1294:}os_regset;
        -: 1295:#else
        -: 1296:/*#define ARM 0*/ /* assume it isn't an Acorn */
        -: 1297:#endif
        -: 1298:
        -: 1299:
        -: 1300:#if (defined __TURBOC__ && !defined __WIN32__) || (defined ARM && !defined __SYMBIAN32__)
        -: 1301:#define O_S 1 /* 1 = with operating system interface swi$ (RISC_OS or TURBO-C), 0 = without  */
        -: 1302:#else
        -: 1303:#define O_S 0
        -: 1304:#endif
        -: 1305:
        -: 1306:/* aanwijzingen voor het compileren
        -: 1307:   (met een ANSI-C compiler of iets wat daar dichtbij in de buurt komt)
        -: 1308:
        -: 1309:Archimedes ANSI-C release 3:
        -: 1310:*up
        -: 1311:*del. :0.$.c.clog
        -: 1312:*spool :0.$.c.clog
        -: 1313:*cc bracmat
        -: 1314:*spool
        -: 1315:
        -: 1316:Met RISC_OS functies:
        -: 1317:
        -: 1318:cc bracmat
        -: 1319:
        -: 1320:file cc (in directory c):
        -: 1321:
        -: 1322:| >cc
        -: 1323:up
        -: 1324:delete $.c.clog
        -: 1325:spool $.c.clog
        -: 1326:cc -c %0 -IRAM:$.RISC_OSLib
        -: 1327:if Sys$ReturnCode = 0 then run c.li %0 else spool
        -: 1328:
        -: 1329:file li (in directory c):
        -: 1330:
        -: 1331:| >li
        -: 1332:link -o %0 o.%0 RAM:$.RISC_OSLib.o.RISC_OSLib RAM:$.Clib.o.Stubs
        -: 1333:||G
        -: 1334:spool
        -: 1335:if Sys$ReturnCode = 0 then squeeze %0 else echo |G
        -: 1336:
        -: 1337:Microsoft QUICKC (MS-DOS) (compact en large model kunnen allebei)
        -: 1338:qcl /Ox /AC /F D000 bracmat.c
        -: 1339:Microsoft optimizing compiler V5.1
        -: 1340:cl /Ox /AC /F D000 bracmat.c
        -: 1341:
        -: 1342:Borland TURBOC (MS-DOS) V2.0
        -: 1343:tcc -w -f- -r- -mc -K- bracmat
        -: 1344:
        -: 1345:Atari : definieer -DATARI i.v.m. BIGENDIAN en extern int _stksize = -1;
        -: 1346:               en -DW32   doch alleen als (int)==(long)
        -: 1347:*/
        -: 1348:
        -: 1349:/* optionele #defines voor debuggen en aanpassing aan machine */
        -: 1350:
        -: 1351:#define TELMAX  1 /* maximaal aantal gealloceerde nodes laten zien */
        -: 1352:#define TELLING 0 /* idem,uitgebreid met huidige allocatie, per groep van
        -: 1353:                       4,8,12 en >12 bytes */
        -: 1354:#if TELLING
        -: 1355:#if TELMAX == 0
        -: 1356:#undef TELMAX
        -: 1357:#define TELMAX 1
        -: 1358:#endif
        -: 1359:#ifndef TELMAX
        -: 1360:#define TELMAX 1
        -: 1361:#endif
        -: 1362:#endif
        -: 1363:
        -: 1364:/*#define reslt hreslt  om in resultaat ALLE haakjes te laten zien*/
        -: 1365:#define INTSCMP 0   /* linke manier om strings te vergelijken */
        -: 1366:#define ICPY 0      /* woord voor woord copieren, i.p.v. byte voor byte */
        -: 1367:
        -: 1368:/* hieronder zijn geen optionele #defines meer */
        -: 1369:#if defined __BYTE_ORDER && defined __LITTLE_ENDIAN /* gcc on linux defines these */
        -: 1370:#if __BYTE_ORDER == __LITTLE_ENDIAN
        -: 1371:#define BIGENDIAN 0
        -: 1372:#else
        -: 1373:#define BIGENDIAN 1
        -: 1374:#endif
        -: 1375:#endif
        -: 1376:
        -: 1377:#ifndef BIGENDIAN
        -: 1378:
        -: 1379:#if defined mc68000 || defined MC68000 || defined mc68010 || defined mc68020 || defined mc68030 || defined ATARI || defined sparc || defined __hpux || defined __hpux__
        -: 1380:#define BIGENDIAN 1
        -: 1381:#endif
        -: 1382:
        -: 1383:#endif
        -: 1384:
        -: 1385:#ifndef BIGENDIAN
        -: 1386:#define BIGENDIAN     0
        -: 1387:#endif
        -: 1388:
        -: 1389:#if defined BRACMATEMBEDDED
        -: 1390:#define _BRACMATEMBEDDED 1
        -: 1391:#else
        -: 1392:#define _BRACMATEMBEDDED 0
        -: 1393:#endif
        -: 1394:
        -: 1395:#if (defined _Windows || defined _MT /*multithreaded, VC6.0*/)&& (!defined _CONSOLE /*18 January 2007*/ && !defined __CONSOLE__ || defined NOTCONSOLE || _BRACMATEMBEDDED)
        -: 1396:/* _CONSOLE defined by Visual C++ and __CONSOLE__ seems always to be defined in C++Builder */
        -: 1397:#define MICROSOFT_WINDOWS_API 1
        -: 1398:#else
        -: 1399:#define MICROSOFT_WINDOWS_API 0
        -: 1400:#endif
        -: 1401:
        -: 1402:#if MICROSOFT_WINDOWS_API && defined POLL /*Bart 20030410: Often no need for polling in multithreaded apps.*/
        -: 1403:#define JMP 1 /* 1: listen to WM_QUIT message. 0: Do not listen to WM_QUIT message. */
        -: 1404:#else
        -: 1405:#define JMP 0
        -: 1406:#endif
        -: 1407:
        -: 1408:#if _BRACMATEMBEDDED
        -: 1409:#include "bracmat.h"
        -: 1410:#endif
        -: 1411:
        -: 1412:
        -: 1413:#if defined sun && !defined __GNUC__
        -: 1414:#include <unistd.h> /* SEEK_SET, SEEK_CUR */
        -: 1415:#define ALERT 7
        -: 1416:#define strtoul(a,b,c) strtol(a,b,c)
        -: 1417:#else
        -: 1418:#include <stddef.h>
        -: 1419:#endif
        -: 1420:
        -: 1421:#include <stdlib.h>
        -: 1422:
        -: 1423:#ifndef ALERT
        -: 1424:#define ALERT '\a'
        -: 1425:#endif
        -: 1426:
        -: 1427:#include <limits.h>
        -: 1428:
        -: 1429:#if defined _WIN64 || defined _WIN32
        -: 1430:#ifdef __BORLANDC__
        -: 1431:typedef unsigned int UINT32_T;
        -: 1432:#else
        -: 1433:typedef unsigned __int32 UINT32_T; /* pre VS2010 has no int32_t */
        -: 1434:#endif
        -: 1435:#endif
        -: 1436:
        -: 1437:#if defined _WIN64
        -: 1438:/*Microsoft*/
        -: 1439:#define WORD32  0
        -: 1440:#define _4      1
        -: 1441:#define _5_6    1
        -: 1442:#define LONG long long
        -: 1443:#define STRTOUL _strtoui64
        -: 1444:#define STRTOL _strtoi64
        -: 1445:#define FSEEK _fseeki64
        -: 1446:#define FTELL _ftelli64
        -: 1447:#else
        -: 1448:#if !defined NO_C_INTERFACE && !defined _WIN32
        -: 1449:#if UINT_MAX == 4294967295
        -: 1450:typedef unsigned int UINT32_T;
        -: 1451:#elif ULONG_MAX == 4294967295
        -: 1452:typedef unsigned long UINT32_T;
        -: 1453:#endif
        -: 1454:#endif
        -: 1455:#if LONG_MAX <= 2147483647L
        -: 1456:#define WORD32  1
        -: 1457:#define _4      1
        -: 1458:#define _5_6    1
        -: 1459:#else
        -: 1460:#define WORD32  0
        -: 1461:#define _4      1
        -: 1462:#define _5_6    1
        -: 1463:#endif
        -: 1464:#define LONG long
        -: 1465:#define STRTOUL strtoul
        -: 1466:#define STRTOL strtol
        -: 1467:#define FSEEK fseek
        -: 1468:#define FTELL ftell
        -: 1469:#endif
        -: 1470:
        -: 1471:
        -: 1472:#if defined __TURBOC__ || defined __MSDOS__ || defined _WIN32 || defined __GNUC__
        -: 1473:#define DELAY_DUE_TO_INPUT
        -: 1474:#endif
        -: 1475:
        -: 1476:#include <time.h>
        -: 1477:#ifndef CLOCKS_PER_SEC
        -: 1478:#ifdef CLK_TCK  /* pre-ANSI-C */
        -: 1479:#define CLOCKS_PER_SEC CLK_TCK
        -: 1480:#else
        -: 1481:#if defined sun
        -: 1482:#define CLOCKS_PER_SEC 1000000 /* ??? */
        -: 1483:#endif
        -: 1484:#endif
        -: 1485:#endif
        -: 1486:
        -: 1487:#define LOGWORDLENGTH 2
        -: 1488:/* vlaggen in knoop */
        -: 1489:#define NOT              1      /* ~ */
        -: 1490:     /* zo houden ivm vermenging logische en bit operatoren && || | ^ & */
        -: 1491:#define SUCCESS         (1<< 1)
        -: 1492:#define READY           (1<< 2)
        -: 1493:#define POSITION        (1<< 3) /* [ */
        -: 1494:#define INDIRECT        (1<< 4) /* ! */
        -: 1495:#define DOUBLY_INDIRECT (1<< 5) /* !! */
        -: 1496:#define FENCE           (1<< 6) /* `   (within same byte as ATOM and NOT) */
        -: 1497:#define ATOM            (1<< 7) /* @ */
        -: 1498:#define NONIDENT        (1<< 8) /* % */
        -: 1499:#define GREATER_THAN    (1<< 9) /* > */
        -: 1500:#define SMALLER_THAN    (1<<10) /* < */
        -: 1501:#define NUMBER          (1<<11) /* # */
        -: 1502:#define BREUK           (1<<12) /* / */
        -: 1503:#define UNIFY           (1<<13) /* ? */
        -: 1504:#define IDENT           (1<<14)
        -: 1505:#define IMPLIEDFENCE    (1<<15) /* 20070222 */
        -: 1506:
        -: 1507:#define VISIBLE_FLAGS_WEAK      (INDIRECT|DOUBLY_INDIRECT|FENCE|UNIFY)
        -: 1508:#define VISIBLE_FLAGS_NON_COMP  (INDIRECT|DOUBLY_INDIRECT|ATOM|NONIDENT|NUMBER|BREUK|UNIFY) /* allows < > ~< and ~> as flags on numbers */
        -: 1509:#define VISIBLE_FLAGS_POS0      (INDIRECT|DOUBLY_INDIRECT|NONIDENT|QBREUK|UNIFY|QGETAL)
        -: 1510:#define VISIBLE_FLAGS_POS       (INDIRECT|DOUBLY_INDIRECT|NONIDENT|QBREUK|UNIFY|QGETAL|NOT|GREATER_THAN|SMALLER_THAN)
        -: 1511:#define VISIBLE_FLAGS           (INDIRECT|DOUBLY_INDIRECT|ATOM|NONIDENT|NUMBER|BREUK|UNIFY|NOT|GREATER_THAN|SMALLER_THAN|FENCE|POSITION)
        -: 1512:
        -: 1513:#define HAS_VISIBLE_FLAGS_OR_MINUS(psk) ((psk)->ops & (VISIBLE_FLAGS|MINUS))
        -: 1514:#define RATIONAAL(psk)      (((psk)->ops & (QGETAL|IS_OPERATOR|VISIBLE_FLAGS)) == QGETAL)
        -: 1515:#define RATIONAAL_COMP(psk) (((psk)->ops & (QGETAL|IS_OPERATOR|VISIBLE_FLAGS_NON_COMP)) == QGETAL)
        -: 1516:#define RATIONAAL_COMP_NOT_NUL(psk) (((psk)->ops & (QGETAL|QNUL|IS_OPERATOR|VISIBLE_FLAGS_NON_COMP)) == QGETAL)
        -: 1517:#define RATIONAAL_WEAK(psk) (((psk)->ops & (QGETAL|IS_OPERATOR|INDIRECT|DOUBLY_INDIRECT|FENCE|UNIFY)) == QGETAL)/* allows < > ~< and ~> as flags on numbers */
        -: 1518:#define       LESS(psk)    (((psk)->v.fl & (VISIBLE_FLAGS_POS)) == (QGETAL|SMALLER_THAN))
        -: 1519:#define LESS_EQUAL(psk)    (((psk)->v.fl & (VISIBLE_FLAGS_POS)) == (QGETAL|NOT|GREATER_THAN))
        -: 1520:#define MORE_EQUAL(psk)    (((psk)->v.fl & (VISIBLE_FLAGS_POS)) == (QGETAL|NOT|SMALLER_THAN))
        -: 1521:#define       MORE(psk)    (((psk)->v.fl & (VISIBLE_FLAGS_POS)) == (QGETAL|GREATER_THAN))
        -: 1522:#define    UNEQUAL(psk)    (((psk)->v.fl & (VISIBLE_FLAGS_POS)) == (QGETAL|NOT))
        -: 1523:#define LESSORMORE(psk)    (((psk)->v.fl & (VISIBLE_FLAGS_POS)) == (QGETAL|SMALLER_THAN|GREATER_THAN)) /*20111102*/
        -: 1524:#define      EQUAL(psk)    (((psk)->v.fl & (VISIBLE_FLAGS_POS)) == QGETAL)
        -: 1525:#define NOTLESSORMORE(psk) (((psk)->v.fl & (VISIBLE_FLAGS_POS)) == (QGETAL|NOT|SMALLER_THAN|GREATER_THAN))
        -: 1526:
        -: 1527:#define INTEGER(kn)               (((kn)->ops & (QGETAL|QBREUK|IS_OPERATOR|VISIBLE_FLAGS))                      == QGETAL)
        -: 1528:#define INTEGER_COMP(kn)          (((kn)->ops & (QGETAL|QBREUK|IS_OPERATOR|VISIBLE_FLAGS_NON_COMP))             == QGETAL)
        -: 1529:
        -: 1530:#define INTEGER_NIET_NEG(kn)      (((kn)->ops & (QGETAL|MINUS|QBREUK|IS_OPERATOR|VISIBLE_FLAGS))                == QGETAL)
        -: 1531:#define INTEGER_NIET_NEG_COMP(kn) (((kn)->ops & (QGETAL|MINUS|QBREUK|IS_OPERATOR|VISIBLE_FLAGS_NON_COMP))       == QGETAL)
        -: 1532:
[...]
        -:16896:#else
        -:16897:                        ((typedObjectknoop*)(pkn))->refcount = 0;
        -:16898:                        UNSETCREATEDWITHNEW((typedObjectknoop*)pkn);
        -:16899:                        UNSETBUILTIN((typedObjectknoop*)pkn);
        -:16900:#endif
        1:16901:                        pkn->LEFT = subboomcopie(old->LEFT);
        1:16902:                        old->RIGHT = Head(old->RIGHT);
        1:16903:                        pkn->RIGHT = subboomcopie(old->RIGHT);
        1:16904:                        wis(old);
        -:16905:                        }
      757:16906:                    pkn->v.fl &= (~OPERATOR & ~READY);
      757:16907:                    pkn->ops |= dummy_op;
      757:16908:                    pkn->v.fl |= SUCCESS;
      757:16909:                    if(lkn.v.fl & INDIRECT)
        -:16910:                        {/* (a=b=127)&(.):(_)&!(a_b) */
        1:16911:                        pkn = evalvar(pkn);
        -:16912:                        }
      757:16913:                    break;
        -:16914:                }
        -:16915:            }
        -:16916:        else
        -:16917:            {
        -:16918:            /*assert(!shared(pkn));*/ /* 20120916 evalvar now expects not shared arg. */
        -:16919:            /* An unevaluated leaf can only be an atom with ! or !!,
        -:16920:            so we don't need to test for this condition.*/
   689335:16921:            pkn = evalvar(pkn);
        -:16922:            /* After evaluation of a variable, the loop continues.
        -:16923:            Together with how & and | (EN and OF) are treated, this ensures that
        -:16924:            a loop can run indefinitely, without using stack space. */
        -:16925:            }
        -:16926:        }
        -:16927:#if JMP
        -:16928:    PeekMsg();
        -:16929:#endif
        -:16930:    ZSTACK
  2377015:16931:    return pkn;
        -:16932:    }
        -:16933:
        1:16934:int startProc(
        -:16935:#if _BRACMATEMBEDDED
        -:16936:    startStruct * init
        -:16937:#else
        -:16938:    void
        -:16939:#endif
        -:16940:    )
        -:16941:    {
        -:16942:    int tel;
        -:16943:    int err; /* 20100802, evaluation of version string */
        -:16944:    static int called = 0;
        -:16945:    /*printf("startProc ");*/
        1:16946:    if(called)
        -:16947:        {
        -:16948:        /*printf("already called\n");*/
    #####:16949:        return 2;
        -:16950:        }
        -:16951:    /*printf("call\n");*/
        1:16952:    called = 1;
        -:16953:#if _BRACMATEMBEDDED
        -:16954:    if(init)
        -:16955:        {
        -:16956:        if(init->WinIn)
        -:16957:            {
        -:16958:            WinIn = init->WinIn;
        -:16959:            }
        -:16960:        if(init->WinOut)
        -:16961:            {
        -:16962:            WinOut = init->WinOut;
        -:16963:            }
        -:16964:        if(init->WinFlush)
        -:16965:            {
        -:16966:            WinFlush = init->WinFlush;
        -:16967:            }
        -:16968:        }
        -:16969:#endif
        1:16970:    for(tel = 0;tel<256;variabelen[tel++] = NULL)
        -:16971:        ;
        1:16972:    if(!init_ruimte())
    #####:16973:        return 0;
        1:16974:    init_opcode();
        1:16975:    anker = NULL;
        1:16976:    fpi = stdin;
        1:16977:    fpo = stdout;
        -:16978:
        1:16979:    argk.flgs = READY | SUCCESS;
        1:16980:    argk.u.lobj = O('a','r','g');
        -:16981:
        1:16982:    sjt.flgs = READY | SUCCESS;/*20100910*/
        1:16983:    sjt.u.lobj = O('s','j','t');/*20100910*/
        -:16984:
        1:16985:    selfkn.flgs = READY | SUCCESS;
        1:16986:    selfkn.u.lobj = O('i','t','s');
        -:16987:
        1:16988:    Selfkn.flgs = READY | SUCCESS;
        1:16989:    Selfkn.u.lobj = O('I','t','s');
        -:16990:
        1:16991:    nilk.flgs = READY | SUCCESS | IDENT;
        1:16992:    nilk.u.lobj = 0L;
        -:16993:
        1:16994:    nulk.flgs = READY | SUCCESS | IDENT | QGETAL | QNUL;
        1:16995:    nulk.u.lobj = 0L;
        1:16996:    nulk.u.obj = '0';
        -:16997:
        1:16998:    eenk.u.lobj = 0L;
        1:16999:    eenk.u.obj = '1';
        1:17000:    eenk.flgs = READY | SUCCESS | IDENT | QGETAL;
        1:17001:    *(&(eenk.u.obj)+1) = 0;
        -:17002:
        1:17003:    mintweek.u.lobj = 0L;
        1:17004:    mintweek.u.obj = '2';
        1:17005:    mintweek.flgs = READY | SUCCESS | QGETAL | MINUS;
        1:17006:    *(&(mintweek.u.obj)+1) = 0;
        -:17007:
        1:17008:    mineenk.u.lobj = 0L;
        1:17009:    mineenk.u.obj = '1';
        1:17010:    mineenk.flgs = READY | SUCCESS | QGETAL | MINUS;
        1:17011:    *(&(mineenk.u.obj)+1) = 0;
        -:17012:
        1:17013:    tweek.u.lobj = 0L;
        1:17014:    tweek.u.obj = '2';
        1:17015:    tweek.flgs = READY | SUCCESS | QGETAL;
        1:17016:    *(&(tweek.u.obj)+1) = 0;
        -:17017:
        1:17018:    vierk.u.lobj = 0L;
        1:17019:    vierk.u.obj = '4';
        1:17020:    vierk.flgs = READY | SUCCESS | QGETAL;
        1:17021:    *(&(vierk.u.obj)+1) = 0;
        -:17022:
        1:17023:    minvierk.u.lobj = 0L;
        1:17024:    minvierk.u.obj = '4';
        1:17025:    minvierk.flgs = READY | SUCCESS | QGETAL | MINUS;
        1:17026:    *(&(minvierk.u.obj)+1) = 0;
        -:17027:
        1:17028:    m0 = opb(m0,"?*(%+%)^~/#>1*?" , NULL);
        1:17029:    m1 = opb(m1,"?*(%+%)*?" , NULL);
        1:17030:    f0 = opb(f0,"(g,k,pow"
        -:17031:                ".(pow"
        -:17032:                  "=b,c,d,l,s,f"
        -:17033:                  ".!arg:(%?b+%?c)^?d"
        -:17034:                  "&1:?f"
        -:17035:                  "&(s"
        -:17036:                   "=!d:1&0"
        -:17037:                   "|(!f*!d*(1+!l:?l)^-1:?f)"
        -:17038:                    "*!b^!l"
        -:17039:                    "*pow$(!c^(-1+!d:?d))"
        -:17040:                   "+!s"
        -:17041:                   ")"
        -:17042:                  "&!b^!d+!c^!d+!s"
        -:17043:                  "|!arg"
        -:17044:                  ")"
        -:17045:                  "&!arg:?g*((%+%)^~/#>1:?arg)*?k"
        -:17046:                  "&!g*pow$!arg*!k)",NULL);
        1:17047:    f1 = opb(f1,
        -:17048:        "((\177g,\177h,\177i).!arg:?\177g*(%?\177h+%?\177i)*",
        -:17049:        "?arg&!\177g*!\177h*!arg+!\177g*!\177i*!arg)",NULL);
        1:17050:    f4 = opb(f4,  "l,a,b,c,e,f"
        -:17051:                ".(a"
        -:17052:                 "=j,g,h,i"
        -:17053:                  ".!arg:?l^(?j+?g*!l\016?h*?i+?arg)"
        -:17054:                   "&!l^(!j+!arg)*!h^(!g*!i)"
        -:17055:                 ")"
        -:17056:                "&(e"
        -:17057:                 "=j,g,I"
        -:17058:                 ".!arg:?j+#?g*((i|-i):?I)*pi+?arg"
        -:17059:                   "&1:?l"
        -:17060:                   "&!j+(mod$(1+!g,2)+-1)*!I*pi+!arg"
        -:17061:                 ")"
        -:17062:                "&(f"
        -:17063:                 "=j,i"
        -:17064:                  ".!arg:?j+#?l*((i|-i):?I)*pi+?arg"
        -:17065:                   "&!I^(2*!l):?l"
        -:17066:                   "&!j+!arg"
        -:17067:                 ")"
        -:17068:                "&(b"
        -:17069:                 "="
        -:17070:                  "(!l:(<-1|>1)&e"
        -:17071:                  "|(-1|1/2|-1/2)&f"
        -:17072:                  ")"
        -:17073:                  ":?l"
        -:17074:                 ")"
        -:17075:                "&(c"
        -:17076:                 "="
        -:17077:                  ".1+!arg:?arg"
        -:17078:                   "&1:?l"
        -:17079:                   "&-1+!arg"
        -:17080:                 ")"
        -:17081:                "&(!arg:?l^(?+?*!l\016?*?+?)&a$!arg"
        -:17082:                 "|!arg"
        -:17083:                  ":e^((?+#?l*(i|-i)*pi+?&`!b"
        -:17084:                      "|?"
        -:17085:                       "*(pi|i|-i)"
        -:17086:                       "*?"
        -:17087:                       "*(?+?*(pi|i|-i)*?+?:%+%)"
        -:17088:                       "*?"
        -:17089:                        "&c:?l"
        -:17090:                      ")"
        -:17091:                     ":?arg"
        -:17092:                     ")"
        -:17093:                   "&e^!l$!arg*!l"
        -:17094:                 ")",NULL);
        1:17095:    f5 = opb(f5,
        -:17096:         "l,d"
        -:17097:         ".(d"
        -:17098:          "=j,g,h"
        -:17099:           ".!arg:?l\016(?j*!l^?g*?h)&!g+!l\016(!j*!h)"
        -:17100:          ")"
        -:17101:          "&!arg:?l\016(?*!l^?*?)"
        -:17102:          "&d$!arg", NULL);
        -:17103:
        1:17104:    anker = startboom_w(anker ,
        -:17105:        "(cat=flt,sin,tay,fct,cos,out,sgn.!arg:((?flt,(?sin,?tay)|?sin&:?tay)|?flt&:?sin:"
        -:17106:        "?tay)&(fct=.!arg:%?cos ?arg&!cos:((?out.?)|?out)&'(? ($out|($out.?)"
        -:17107:        ") ?):(=?sgn)&(!flt:!sgn&!(glf$(=~.!sin:!sgn))&!cos|) fct$!arg|)&(:!flt:!sin&mem$!tay|(:!flt&mem$:?flt"
        -:17108:        "|)&fct$(mem$!tay))),",
        -:17109:
        -:17110:        /* 20110823
        -:17111:        "(cat=flt,sin,tay,fct,cos,out,sgn.!arg:((?flt,(?sin,?tay)|?sin&:?tay)|?flt&:?sin:"
        -:17112:        "?tay)&(fct=.!arg:%?cos ?arg&!cos:((?out.?)|?out)&'(? (`=$out|($out.?)"
        -:17113:        ") ?):?sgn&(!flt:!sgn&~$(!sin:!sgn)&!cos|) fct$!arg|)&(:!flt:!sin|(:!flt&mem$:?flt"
        -:17114:        "|)&fct)$(mem$!tay)),",
        -:17115:        */
        -:17116:        "(out=(.put$!arg:?arg&put$\212&!arg)),"
        -:17117:        "(flt=((e,d,m,s,f).!arg:(?arg,~<0:?d)&!arg:0|(-1*!arg:>0:?arg&-1|1):?s&"
        -:17118:        "10\016!arg:?e+(10\016?m|0&1:?m)&(!m+1/2*1/10^!d:~<10&1+!e:?e&!m*1/10"
        -:17119:        ":?m|)&@(div$(!m+1/2*(1/10^!d:?d),!d):"
        -:17120:        "`%?f ?m)&str$(!s*!f (!d:~1&\254|) !m \252\261\260\305 !e))),",
        -:17121:
        -:17122:        "(tay=((f,tot,x,fac,cnt,res,R).",
        -:17123:        "(R=!cnt:!tot&!res|!res+(sub$(!x\017!f:?f.!x.0))*((!fac*(!cnt+1:?cnt))"
        -:17124:        ":?fac)^-1*!x^!cnt:?res&!R)&",
        -:17125:        "!arg:(?f,?x,?tot)&(fac=1)&(cnt=0)&((sub$(!f.!x.0)):?res)&!R)),",
        -:17126:
        -:17127:        /*"(ego=(r.sub$(sub$(!arg.(sin.?r).'sin$!r).(cos.?r).'cos$!r))),",
        -:17128:
        -:17129:        "(goe=((h,s).sub$(!arg.'(e^?h).",
        -:17130:        "'(-1*(sgn$(-1+i*!h+1:?h):?s)*i*(sin.-1+!s*!h+1:?s)+(cos.!s))))),",*/
        -:17131:
        -:17132:        "(sin=(.i*(-1/2*e^(i*!arg)+1/2*e^(-i*!arg)))),",
        -:17133:
        -:17134:        "(cos=(.1/2*(e^(i*!arg)+e^(-i*!arg)))),",
        -:17135:
        -:17136:        "(sgn=(.!arg:?#%arg*%+?&sgn$!arg|!arg:<0&-1|1)),",
        -:17137:        "(abs=(.sgn$!arg*!arg)),",
        -:17138:        "(sub=\177e,\177x,\177v,\177F.(\177F=\177l,\177r.!arg:!\177x&!\177v|"
        -:17139:        "!arg:%?\177l_%?\177r&(\177F$!\177l)_(\177F$!\177r)|!arg)&!arg:(("
        -:17140:        "?\177e.?\177x.?\177v)|out$(str$((=sub$(expr.var.rep)) !arg))&get'&~`)"
        -:17141:        "&\177F$!\177e),",
        -:17142:        fct,
        -:17143:        NULL);
        -:17144:
        -:17145:
        -:17146:#if JMP
        -:17147:    if(setjmp(jumper) != 0)
        -:17148:        return;
        -:17149:#endif
        1:17150:    anker = eval(anker);
        1:17151:    stringEval("(v=\"Bracmat version " VERSION ", build " BUILD " (" DATUM ")\")",NULL,&err);
        1:17152:    return 1;
        -:17153:}
        -:17154:
        1:17155:void endProc(void)
        -:17156:    {
        -:17157:    int err;
        -:17158:    static int called = 0;
        1:17159:    if(called)
        1:17160:        return;
        1:17161:    called = 1;
        -:17162:/*  stringEval("cat$:? CloseDown ? & CloseDown$ | out$\"No CloseDown function provided, exiting all the same.\"",NULL,&err);*/
        1:17163:    stringEval("cat$:? CloseDown ? & CloseDown$ | ",NULL,&err);
        1:17164:    if(err)
    #####:17165:        errorprintf("Error executing CloseDown\n");
        -:17166:    }
        -:17167:
        -:17168:/* main - the text-mode front end for bracmat */
        -:17169:
        -:17170:
        -:17171:#if _BRACMATEMBEDDED
        -:17172:#else
        -:17173:
        -:17174:#include <stddef.h>
        -:17175:
        1:17176:int mainlus(int argc,char *argv[])
        -:17177:    {
        -:17178:    int err;
        -:17179:    char * mainloop;
        -:17180:    const char * ret;
        1:17181:    if(argc > 1)
        -:17182:        { /* to get here, e.g.: ./bracmat out$hello */
        1:17183:        ARGC = argc;
        1:17184:        ARGV = argv;
        1:17185:        mainloop = "arg$&whl'(get$(arg$,MEM):?\"?...@#$*~%!\")&!\"?...@#$*~%!\"";
        1:17186:        stringEval(mainloop,&ret,&err);
        1:17187:        return (int)STRTOL(ret,0,10);
        -:17188:        /*
        -:17189:        int i;
        -:17190:        for(i = 1;i < argc;++i) / *20090630* /
        -:17191:            {
        -:17192:            stringEval(argv[i],NULL,&err);
        -:17193:            }
        -:17194:            */
        -:17195:        }
        -:17196:    else
        -:17197:        {
    #####:17198:        mainloop =
        -:17199:        "(w=\"11. BECAUSE THE PROGRAM IS LICENSED FREE OF CHARGE, THERE IS NO WARRANTY\\n"
        -:17200:        "FOR THE PROGRAM, TO THE EXTENT PERMITTED BY APPLICABLE LAW.  EXCEPT WHEN\\n"
        -:17201:        "OTHERWISE STATED IN WRITING THE COPYRIGHT HOLDERS AND/OR OTHER PARTIES\\n"
        -:17202:        "PROVIDE THE PROGRAM \\\"AS IS\\\" WITHOUT WARRANTY OF ANY KIND, EITHER EXPRESSED\\n"
        -:17203:        "OR IMPLIED, INCLUDING, BUT NOT LIMITED TO, THE IMPLIED WARRANTIES OF\\n"
        -:17204:        "MERCHANTABILITY AND FITNESS FOR A PARTICULAR PURPOSE.  THE ENTIRE RISK AS\\n"
        -:17205:        "TO THE QUALITY AND PERFORMANCE OF THE PROGRAM IS WITH YOU.  SHOULD THE\\n"
        -:17206:        "PROGRAM PROVE DEFECTIVE, YOU ASSUME THE COST OF ALL NECESSARY SERVICING,\\n"
        -:17207:        "REPAIR OR CORRECTION.\\n\")&"
        -:17208:        "(c=\"12. IN NO EVENT UNLESS REQUIRED BY APPLICABLE LAW OR AGREED TO IN WRITING\\n"
        -:17209:        "WILL ANY COPYRIGHT HOLDER, OR ANY OTHER PARTY WHO MAY MODIFY AND/OR\\n"
        -:17210:        "REDISTRIBUTE THE PROGRAM AS PERMITTED ABOVE, BE LIABLE TO YOU FOR DAMAGES,\\n"
        -:17211:        "INCLUDING ANY GENERAL, SPECIAL, INCIDENTAL OR CONSEQUENTIAL DAMAGES ARISING\\n"
        -:17212:        "OUT OF THE USE OR INABILITY TO USE THE PROGRAM (INCLUDING BUT NOT LIMITED\\n"
        -:17213:        "TO LOSS OF DATA OR DATA BEING RENDERED INACCURATE OR LOSSES SUSTAINED BY\\n"
        -:17214:        "YOU OR THIRD PARTIES OR A FAILURE OF THE PROGRAM TO OPERATE WITH ANY OTHER\\n"
        -:17215:        "PROGRAMS), EVEN IF SUCH HOLDER OR OTHER PARTY HAS BEEN ADVISED OF THE\\n"
        -:17216:        "POSSIBILITY OF SUCH DAMAGES.\\n\")&"
        -:17217:        "out$!v&"
        -:17218:        "out$\"Copyright (C) 2002 Bart Jongejan\\n"
        -:17219:        "Bracmat comes with ABSOLUTELY NO WARRANTY; for details type `!w'.\\n"
        -:17220:        "This is free software, and you are welcome to redistribute it\\n"
        -:17221:        "under certain conditions; type `!c' for details.\\n\\n"
        -:17222:        "\\n\\n{?} get$help { tutorial }\\n{?} )        { stop }\"&"
        -:17223:        "(main=put$\"{?} \"&clk$():?SEC&((get':?!(=):(|?&clk$+-1*!SEC:?SEC&"
        -:17224:        "put$\"{!} \"&put$!&put$(\"\\n    S  \" str$(div$(!SEC,1) \",\" (div$(mod$("
        -:17225:        "!SEC*100,100),1):?SEC&!SEC:<10&0|) !SEC) sec))|put$\"\\n    F\")|"
        -:17226:        "put$\"\\n    I\")&"
        -:17227:
        -:17228:
        -:17229:
        -:17230:
        -:17231:#if TELMAX
        -:17232:
        -:17233:        "out$str$(\"  \" bez')&"
        -:17234:#else
        -:17235:        "out$&"
        -:17236:#endif
        -:17237:
        -:17238:        "!main)&!main";
    #####:17239:        stringEval(mainloop,NULL,&err);
        -:17240:        }
    #####:17241:    return 0;
        -:17242:    }
        -:17243:
        1:17244:int main(int argc,char *argv[])
        -:17245:    {
        -:17246:    int ret; /*20100310 numerical result of mainlus becomes exit code.
        -:17247:             If out of integer range or not numerical: 0*/
        1:17248:    char * p = argv[0] + strlen(argv[0]);
        -:17249:#if 0
        -:17250:#ifdef _WIN64 /* Microsoft 64 bit */
        -:17251:    printf("_WIN64\n");
        -:17252:    printf("sizeof(char *) %lld\n",sizeof(char *));
        -:17253:    printf("sizeof(LONG) %lld\n",sizeof(LONG));
        -:17254:    printf("sizeof(size_t) %lld\n",sizeof(size_t));
        -:17255:    printf("WORD32 %d\n",WORD32);
        -:17256:    printf("RADIX %lld\n",(LONG)RADIX);
        -:17257:    printf("RADIX2 %lld\n",(LONG)RADIX2);
        -:17258:    printf("TEN_LOG_RADIX %lld\n",(LONG)TEN_LOG_RADIX);
        -:17259:    printf("HEADROOM %lld\n",(LONG)HEADROOM);
        -:17260:#else /* 32 bit and gcc 64 bit */
        -:17261:    printf("!_WIN64\n");
        -:17262:    printf("sizeof(char *) %ld\n",sizeof(char *));
        -:17263:    printf("sizeof(LONG) %ld\n",sizeof(LONG));
        -:17264:    printf("sizeof(size_t) %ld\n",sizeof(size_t));
        -:17265:    printf("WORD32 %d\n",WORD32);
        -:17266:    printf("RADIX %ld\n",(LONG)RADIX);
        -:17267:    printf("RADIX2 %ld\n",(LONG)RADIX2);
        -:17268:    printf("TEN_LOG_RADIX %ld\n",(LONG)TEN_LOG_RADIX);
        -:17269:    printf("HEADROOM %ld\n",(LONG)HEADROOM);
        -:17270:#endif
        -:17271:#endif
        -:17272:#ifndef NDEBUG
        -:17273:        {
        -:17274:        LONG radix,ten_log_radix;
        -:17275:        assert(HEADROOM*RADIX2 < LONG_MAX);
        -:17276:        for(radix = 1,ten_log_radix = 1;ten_log_radix <= TEN_LOG_RADIX;radix *= 10,++ten_log_radix)
        -:17277:            ;
        -:17278:        assert(RADIX == radix);
        -:17279:        }
        -:17280:#endif
        -:17281:    assert(sizeof(tFlags) == sizeof(unsigned int));
        7:17282:    while(--p >= argv[0])
        6:17283:        if(*p == '\\' || *p == '/')
        -:17284:            {
        1:17285:            ++p;
        1:17286:            targetPath = (char *)malloc(p - argv[0] + 1);
        1:17287:            if(targetPath)
        -:17288:                {
        1:17289:                strncpy(targetPath,argv[0],p - argv[0]);
        1:17290:                targetPath[p - argv[0]] = '\0';
        -:17291:                }
        1:17292:            break;
        -:17293:            }
        -:17294:/*  Printf("targetPath=%s\n",targetPath);*/
        -:17295:
        1:17296:    errorStream = stderr;
        1:17297:    if(!startProc())
    #####:17298:        return -1;
        1:17299:    ret = mainlus(argc,argv);
        1:17300:    endProc();/* to get here, eg: {?} main=out$bye! */
        1:17301:    if(targetPath)
        1:17302:        free(targetPath);
        1:17303:    return ret;
        -:17304:    }
        -:17305:
        -:17306:#endif /*#if !_BRACMATEMBEDDED*/
        -:17307:
