        -:    0:Source:bracmat.c
        -:    0:Graph:bracmat.gcno
        -:    0:Data:bracmat.gcda
        -:    0:Runs:1
        -:    0:Programs:1
        -:    1:/*
        -:    2:    Bracmat. Programming language with pattern matching on tree structures.
        -:    3:    Copyright (C) 2002  Bart Jongejan
        -:    4:
        -:    5:    This program is free software; you can redistribute it and/or modify
        -:    6:    it under the terms of the GNU General Public License as published by
        -:    7:    the Free Software Foundation; either version 2 of the License, or
        -:    8:    (at your option) any later version.
        -:    9:
        -:   10:    This program is distributed in the hope that it will be useful,
        -:   11:    but WITHOUT ANY WARRANTY; without even the implied warranty of
        -:   12:    MERCHANTABILITY or FITNESS FOR A PARTICULAR PURPOSE.  See the
        -:   13:    GNU General Public License for more details.
        -:   14:
        -:   15:    You should have received a copy of the GNU General Public License
        -:   16:    along with this program; if not, write to the Free Software
        -:   17:    Foundation, Inc., 59 Temple Place, Suite 330, Boston, MA  02111-1307  USA
        -:   18:*/
        -:   19:/*
        -:   20:email: bartj@hum.ku.dk
        -:   21:*/
        -:   22:/*
        -:   23:COMPILATION
        -:   24:-----------
        -:   25:It is assumed that the hardware is litte-endian, (which has become the most
        -:   26:common these days).
        -:   27:
        -:   28:If you can compile successfully but cannot run the program succesfully,
        -:   29:try putting -DBIGENDIAN on the command line of the compiler.
        -:   30:This works of course only if the machine's hardware is big-endian.
        -:   31:
        -:   32:The program only utilizes standard libraries.
        -:   33:
        -:   34:Until 2012, the source code consisted of a single file, bracmat.c.
        -:   35:Because XML is becoming more popular, a separate source file, xml.c
        -:   36:implements reading XML files.
        -:   37:
        -:   38:On *N?X, just compile with
        -:   39:
        -:   40:    gcc -std=c99 -pedantic -Wall -O3 -static -DNDEBUG -o bracmat bracmat.c xml.c
        -:   41:
        -:   42:
        -:   43:The options are not necessary to successfully compile the program just
        -:   44:
        -:   45:    gcc *.c
        -:   46:
        -:   47:also works and produces the executable a.out.
        -:   48:
        -:   49:Profiling:
        -:   50:
        -:   51:    gcc -Wall -c -pg -DNDEBUG bracmat.c xml.c
        -:   52:    gcc -Wall -pg bracmat.o xml.o
        -:   53:    ./a.out 'get$"valid.bra";!r'
        -:   54:    gprof a.out
        -:   55:
        -:   56:Test coverage:
        -:   57:(see http://gcc.gnu.org/onlinedocs/gcc/Invoking-Gcov.html#Invoking-Gcov)
        -:   58:
        -:   59:    gcc -fprofile-arcs -ftest-coverage -DNDEBUG bracmat.c xml.c
        -:   60:    ./a.out
        -:   61:    gcov bracmat.c
        -:   62:    gcov xml.c
        -:   63:
        -:   64:*/
        -:   65:
        -:   66:#define DATUM "16 November 2012"
        -:   67:#define VERSION "6"
        -:   68:#define BUILD "142"
        -:   69:/*  16 November 2012
        -:   70:Found and solved bug in Naamwoord. Case:
        -:   71:(abcd=bopt=cyt*dip) & (cyt=dip=egsae) & foo:?!!(abcd.bopt)
        -:   72:
        -:   73:    15 November 2012
        -:   74:Added a comment to input with backslash followed by control character,
        -:   75:which is unsyntactical. Fused numberNode into _qdenominator.
        -:   76:Fused fireBuiltInFunc into wis.
        -:   77:
        -:   78:    1 November 2012
        -:   79:Function someopt() conditionally excluded with 
        -:   80:  #if !defined NO_LOW_LEVEL_FILE_HANDLING
        -:   81:
        -:   82:    21 October 2012
        -:   83:Made sure that put$ cannot write to a file that is still open in get$.
        -:   84:
        -:   85:    17 October 2012
        -:   86:In evalvar, the assumption that shared = false is false.
        -:   87:
        -:   88:    15 October 2012
        -:   89:Added 8 byte peek and poke (pee, pok) (perhaps not on all 32 bit platforms).
        -:   90:Default is now 1 byte.
        -:   91:
        -:   92:    14 October 2012
        -:   93:flg$(=~exp):(=?f.?o)  !f now fails, as it should.
        -:   94:Relaxed requirement that parameters be separated with comma for function sim.
        -:   95:new$(hash,1000) gives a hint at the initial size of the hash table.
        -:   96:Default is 97.
        -:   97:
        -:   98:    12 October 2012
        -:   99:Found some places in plus_samenvoegen_of_sorteren that were never reached,
        -:  100:commented these.
        -:  101:
        -:  102:    23 September 2012
        -:  103:Discovered buffer overflow when compiled under fresh installation of Xubuntu 
        -:  104:gcc (Ubuntu/Linaro 4.6.3-1ubuntu5) 4.6.3 with optimization -O1 and higher.
        -:  105:Cause: strcpy in some places got the address of a single byte as destination
        -:  106:and coredumped when that single-byte buffer was overrun, not knowing that
        -:  107:there was, in fact, allocated memory to house the fulle source. See definition
        -:  108:of POBJ.
        -:  109:
        -:  110:    22 September 2012
        -:  111:Discovered that built in objects too easily were copied. The new function is
        -:  112:for that. Worse, the copies were not initialized with a call to New. Also,
        -:  113:new$hash returned ((=).New)'. Now it returns the object node. Changed the rhs
        -:  114:of this node to the node that is the argument of the original call to new, so:
        -:  115:  =hash
        -:  116:
        -:  117:    20 September 2012
        -:  118:Reference counting should now be faster, bigger and better.
        -:  119:Before, reference counting went to 2^30+1024. Now it goes to 2^30*1023+1
        -:  120:Test added to valid.bra.
        -:  121:
        -:  122:    19 September 2012
        -:  123:Made major changes in Naamwoord, Naamwoord_w and doPosition to make two levels
        -:  124:of indirection work also in the case that an object is at the first level.
        -:  125:Handling of two levels of indirection is improved generally.
        -:  126:
        -:  127:    16 September 2012
        -:  128:Using gcov, found some places that are unreachable in merge(), substdiff() and
        -:  129:evalvar(). Simplified substdiff. Function evalvar now expects that the argument
        -:  130:is not shared. Deleted code that was never reached.
        -:  131:
        -:  132:    12 September 2012
        -:  133:Updated u2l and l2u with data from UnicodeData.txt 2011-11-08
        -:  134:(using script uni.bra)
        -:  135:
        -:  136:    22 August 2012
        -:  137:Bug removed. The expression
        -:  138:    ( (=A B)
        -:  139:    : ?G1
        -:  140:    : (=(A&X:?(G1.)) B)
        -:  141:    )
        -:  142:would not match the 'B' in the pattern with anything valid, because the 
        -:  143:assignment X:?(G1.) had deleted the original subject. Now the subject is
        -:  144:temporarily reference-incremented, so the 'B' still matches the old value of
        -:  145:G1. The expression as a whole evaluates to X. Notice that this bug did not
        -:  146:affect the very similar
        -:  147:    ( (G2==A B)
        -:  148:    & !G2
        -:  149:    : (=(A&X:?(G2.)) B)
        -:  150:    )
        -:  151:Reason: here, the subject is not the object that G1 is bound to, but a copy.
        -:  152:And that is so because the object that G1 is bound to is headed by an
        -:  153:unevaluated = (being part of the rhs of an = operator). The expression !G2,
        -:  154:however, must be evaluated, so it cannot be identical to G2's value.
        -:  155:Consequently, the reassignment of G2 does not affect the subject of the
        -:  156:pattern match operation, which is (=A B) at all times.
        -:  157:
        -:  158:     4 August 2012
        -:  159:Removed function "?"$<expr>. The same effect is obtained by <expr>:?!(=)
        -:  160:
        -:  161:    31 July 2012
        -:  162:Made code gcc -pedantic proof. There are two string constants with a length
        -:  163:greater than 509, which ISO C89 compilers are required to support. Therefore
        -:  164:the option -std=c99 is added.
        -:  165:The LL suffix is replaced by L for non-Microsoft compilers.
        -:  166:
        -:  167:     8 July 2012
        -:  168:Added explanation and two small improvements to nextprime()
        -:  169:
        -:  170:     2 July 2012
        -:  171:
        -:  172:Since build 115 (9 February 2012), the version should have read '6',
        -:  173:not '5'. (This was the date when bracmat wás brought to GitHub.)
        -:  174:Changes in bmalloc that makes it possible to compile with -O3.
        -:  175:Changed 'unsigned char' to 'char' in a lot of places to make some
        -:  176:warnings go away when compiled with gcc.
        -:  177:
        -:  178:    22 June 2012
        -:  179:
        -:  180:Correction in scompare(). The expression @(1b:~<1 b) did not evaluate 
        -:  181:successfully, which it should. Did a clean-up of this function.
        -:  182:
        -:  183:    4 June 2012
        -:  184:
        -:  185:Introduced READMARKUPFAMILY macro to turn xml-stuff on (1) or off (0)
        -:  186:
        -:  187:    2 June 2012
        -:  188:
        -:  189:xml.c supports reading from stdio (no rewind). Example of use:
        -:  190:type pr-xml-utf-8.xml | bracmat "put$(get$(,ML),\"pr-xml-utf-8.bra\",NEW)&"
        -:  191:
        -:  192:    1 June 2012
        -:  193:
        -:  194:Did some finishing, no essential code changes.
        -:  195:
        -:  196:    1 May 2012
        -:  197:
        -:  198:Added list of HTML entities. These are decoded to unicode codepoints and
        -:  199:encoded as utf-8 if an option HT is added.
        -:  200:
        -:  201:get$("filename.html",HT,ML,TRM)
        -:  202:
        -:  203:   29 April 2012
        -:  204:
        -:  205:Restructured the (ancient) input function and renamed some identifiers to
        -:  206:English equivalents.
        -:  207:Added a source file, xml.c, that reads SGML, HTML and XML files.
        -:  208:Syntax:
        -:  209:
        -:  210:get$(filename,ML)
        -:  211:get$(filename,ML,TRM)
        -:  212:get$(string,MEM,ML)
        -:  213:get$(string,MEM,ML,TRM)
        -:  214:
        -:  215:An option HT is made, but does not work yet. Purpose: translate HTML entities.
        -:  216:
        -:  217:   13 April 2012
        -:  218:
        -:  219:The characters @ and % in front of a string now only turn off escaping with the
        -:  220:\ character inside the string if the string is surrounded by " characters.
        -:  221:Reason: the \L operator was not recognised if its lhs contained a % or @.
        -:  222:
        -:  223:   23 February 2012
        -:  224:
        -:  225:When Bracmat reads a file that is not well-formed, it asks fo a file name where
        -:  226:it can write what it has understood. This did not work. Now it does.
        -:  227:
        -:  228:    9 February 2012
        -:  229:
        -:  230:Corrected error in doPosition that was introduced with the latest
        -:  231:optimizations.
        -:  232:
        -:  233:    4 February 2012
        -:  234:
        -:  235:Discovered that "greater than" relation implemented in the vgl function
        -:  236:wasn't transitive:
        -:  237:(1a.)+(10.)      -> (10.)+(1a.)
        -:  238:(1a.)+(10.)+(2.) -> (1a.)+(2.)+(10.)
        -:  239:Thus the order of (10.) and (1a.) depends on other terms.
        -:  240:Now the rule is: 
        -:  241:1) any number is smaller than any non-number
        -:  242:2) numbers are compared numerically
        -:  243:3) non-numbers are compared with strcmp
        -:  244:
        -:  245:    25 January 2012
        -:  246:
        -:  247:Improved handling of negative positions (positions counted from the end)
        -:  248:in lists, sums and products.
        -:  249:
        -:  250:    24 January 2012
        -:  251:
        -:  252:doPosition is buggy
        -:  253:    a (c,d): ? [-1
        -:  254:
        -:  255:expressionLength  counts the wrong way. It must look at the top level operator 
        -:  256:in the pattern containing the [ and count 1 + the number of this operator 
        -:  257:until the end of the list. 0 if [ is last in the pattern.
        -:  258:
        -:  259:    20 January 2012
        -:  260:
        -:  261:The previous change moved the scanning pointer to the point in the subject
        -:  262:where the rhs pattern starts. The current change moves the end of the
        -:  263:subject as far as necessary to the right to allow a full match of the rhs
        -:  264:pattern with last characters of the subject. Of course, this is only possible
        -:  265:if the final zero byte has not been reached. The calling instance of
        -:  266:stringmatch defines the end of the subject for the called instance. The called
        -:  267:instance can propose to move the end. In this way, scanning can move much
        -:  268:faster if a patterns contains some fixed strings. Speed-up does not work for
        -:  269:alternations of fixed srings. Speed-up only works for the first pattern
        -:  270:in a series of patterns connected by :
        -:  271:
        -:  272:    7 January 2012
        -:  273:
        -:  274:If an non-initial part of a stringpattern is a string, then the scanning
        -:  275:pointer jumps to the first (or next) occurrence in the subject string after
        -:  276:the first mismatch.
        -:  277:
        -:  278:This changes the behaviour of some patterns, such as in
        -:  279:@(abXk:(|? b|`) X ?id)
        -:  280:Before, the match failed, because the 'b' in the pattern did not match the
        -:  281:'a' in the subject. Now, nowing that the first X occurs in the third position,
        -:  282:the pattern matcher not even tries to match 'a' and 'b' and so the expression
        -:  283:succeeds. In many cases the (|? b|`) pattern works as before, though:
        -:  284:@(abXk:(|? b|`) (X|Y) ?id)
        -:  285:@(abXk:(|? b|`) () X ?id)    dangerous! Does not work in @(ab:(|? b|`) ())
        -:  286:@(abXk:(|? b|`) !(=X) ?id)
        -:  287:X:?x
        -:  288:@(abXk:(|? b|`) !x ?id)
        -:  289:
        -:  290:It is not advisable to use this pattern anymore. It is too much dependent on
        -:  291:pattern matching not being optimized.
        -:  292:
        -:  293:    6 January 2012
        -:  294:
        -:  295:Compiled 64 bit version with VS 2008. Had to use _WIN64 and some #defines,
        -:  296:because longs are 32 bit under VS 2008, whereas longs under gcc are 64 bits.
        -:  297:Also used the 64 bit versions of ftell and fseek in the VS 2008 case.
        -:  298:
        -:  299:I have these preprocessor defines
        -:  300:NDEBUG;__CONSOLE__;__WIN32__;WIN32;_CONSOLE;_CRT_SECURE_NO_WARNINGS
        -:  301:
        -:  302:(Some of these are automatically set in the 32 bit version).
        -:  303:For 64 bit
        -:  304:
        -:  305:Impression is that the 32 bit version should be used unless you have to deal
        -:  306:with enormous data (memory, file) or huge numbers (because numerical
        -:  307:computations are faster and bigger numbers can be factorized quickly using
        -:  308:exponentiation with a fractional exponent).
        -:  309:Otherwise, the 64 bit version is significantly slower and has almost three
        -:  310:times less stack depth.
        -:  311:
        -:  312:    2 January 2012
        -:  313:
        -:  314:Made stringmatch 'greedy' to an extend that does not change the program's
        -:  315:behaviour. (That is: all tests in valid.bra go through). Many string
        -:  316:comparisons now continue past the cutoff position deviding the subject in a
        -:  317:lhs and a rhs, pushing the division point to the position where the lhs
        -:  318:patterns succeeds. Previously this point repeatedly was moved one byte until
        -:  319:the lhs pattern either succeeded or definitely failed. The optimization is
        -:  320:turned off for alternating patterns and for all but the first pattern in a
        -:  321:chain of patterns connected by : operators.
        -:  322:
        -:  323:The normal (non-string) match is not optimized. It is questionable whether that
        -:  324:would be worthwhile. Not many patterns require repeated elongation of the part
        -:  325:of the subject left of the division point.
        -:  326:
        -:  327:However, CUTOFFSUGGEST is set to 0. The overhead does seem to outweigh the
        -:  328:optimization!
        -:  329:
        -:  330:
        -:  331:    21 December 2011
        -:  332:
        -:  333:The last changes had introduced a bug: the [ and ` flags were not (always) printed.
        -:  334:
        -:  335:    16 December 2011
        -:  336:
        -:  337:Repaired two bugs in doPosition. The first bug made the FENCE flag disappear
        -:  338:from the result if the program was built in debug mode in VS2008, which made
        -:  339:the program run as expected, the other bug was that the FENCE flag was
        -:  340:returned if the first bug was removed.
        -:  341:
        -:  342:    14 December 2011
        -:  343:
        -:  344:Updated unicode case conversions with data found in the most recent 
        -:  345:http://unicode.org/Public/UNIDATA/UnicodeData.txt (17-Aug-2010)
        -:  346:
        -:  347:    7 December 2011
        -:  348:
        -:  349:Introduced lambda. Syntax similar to macro.
        -:  350:
        -:  351:                (λx.x)y
        -:  352:translates to
        -:  353:                /('(x.$x))$y
        -:  354:
        -:  355:    1 December 2011
        -:  356:
        -:  357:Rewrote evalmacro to only copy data where necessary.
        -:  358:Bracmat now tests ok with valid.bra and with REFCOUNTSTRESSTEST set to 1
        -:  359:
        -:  360:    30 November 2011
        -:  361:
        -:  362:Found and solved bugs in merge() that only became visible with
        -:  363:REFCOUNTSTRESSTEST set to 1.
        -:  364:
        -:  365:    22 November 2011
        -:  366:
        -:  367:Rewrote evalmacro to only copy cells where necessary.
        -:  368:
        -:  369:    7 November 2011
        -:  370:
        -:  371:A result of a macro evaluation nested inside an macro was not visited by the
        -:  372:macro evaluator because the heading = operator had its READY flag set.
        -:  373:
        -:  374:    3 November 2011
        -:  375:
        -:  376:Nicified find and getmember calls, collapsing the last three arguments into
        -:  377:one objectStuff struct.
        -:  378:
        -:  379:    2 November 2011
        -:  380:
        -:  381:Made better sense of [<> (equivalent to [~) and [~<> (equivalent to [).
        -:  382:Introduced [% prefix. The expression reigned by [% in a pattern is evaluated.
        -:  383:The success or failure of the expression is the result of the match.
        -:  384:This functionality is similar to patterns that are function calls: in both
        -:  385:cases the current subject is stored in a local variable sjt. In contrast to
        -:  386:the function call, the expression's evaluated value is not itself matched 
        -:  387:against the subject.
        -:  388:Contrary to other uses of the % prefix, [% CAN match a nul object.
        -:  389:
        -:  390:    1 November 2011
        -:  391:
        -:  392:Changed signature of find, getmember, naamwoord and naamwoord_w. Before, these
        -:  393:functions returned TRUE or FALSE, while the binding was returned in a
        -:  394:pointer-to-a-pointer. The program is a bit quicker (approx. 5%).
        -:  395:
        -:  396:    30 October 2011
        -:  397:
        -:  398:The expression    a^(b*d+c*d)
        -:  399:                * (a^(b*f+c*f)+a^(e*b+e*c))
        -:  400:              + -1*(a^((b+c)*(d+e))+a^((b+c)*(d+f)))
        -:  401:did not evaluate to 0. Solved.
        -:  402:
        -:  403:    25 October 2011
        -:  404:
        -:  405:After a change in handling the pattern ?^? (20100806) the function fct didn't
        -:  406:work anymore. The function has been completely reimplemented.
        -:  407:Also changed sub so it cannot go in infinite regress.
        -:  408:
        -:  409:    12 September 2011
        -:  410:
        -:  411:Now you can do:
        -:  412:    (=)=5
        -:  413:This extension mirrors
        -:  414:    5:?(=)
        -:  415:This rather useless extension restores consistency. 
        -:  416:
        -:  417:    2 September 2011
        -:  418:
        -:  419:Corrected error in evalmacro. Inserted operator nodes where deemed to fail
        -:  420:when evaluated later on.
        -:  421:
        -:  422:   31 August 2011
        -:  423:
        -:  424:The escape operator ()$ in patterns can now be used to test for flags on the
        -:  425:subject. A special case is when the rhs is an empty atom with no flags. This
        -:  426:pattern only matches subjects with no flags. In all other cases, if one or
        -:  427:more flags are present in the rhs, the subject must have these flags as well,
        -:  428:and possibly even more.
        -:  429:
        -:  430:If the rhs is an atomic node with a non-empty string, the rhs can only match
        -:  431:atomic subjects with the same string. (But possibly with flags that are not
        -:  432:specified in the rhs.)
        -:  433:
        -:  434:   29 August 2011
        -:  435:
        -:  436:The use of $ as "escape operator" is now taken one step further. One can now
        -:  437:use $ to escape any operator in a pattern, so that the otherwise problematic
        -:  438:operators = | & : ' $ _ can be pacified and parsed.
        -:  439:
        -:  440:   23 August 2011
        -:  441:Inside macros the $ can be used as escape operator to insert a $ with empty
        -:  442:lhs in the evaluated macro. Also, the _ operator is from now on left untouched
        -:  443:in a macro unless escaped. This made it necessary to adapt a few bracmat
        -:  444:scripts, e.g. the cat$ function in this file.
        -:  445:
        -:  446:   19 August 2011
        -:  447:
        -:  448:You can now do this: '($(=$x))
        -:  449:Previously, you had to do this in two steps: flabber=$x & '($flabber)
        -:  450:You also can do this: '('($(=$b))) which evaluates to ='$b
        -:  451:
        -:  452:   26 July 2011
        -:  453:There was a problem with the ! and !! flags in connection with the flg 
        -:  454:function. In flg$(=!a):(=?X.?Z) the assignment to X wouldn't succeed, because
        -:  455:in the result (=!.a) of the evaluation of flg$(=!a), the element ! had the
        -:  456:READY flag set. Now the '!' has the READY flag unset, while the 'a' has it set.
        -:  457:
        -:  458:   29 June 2011
        -:  459:Changed a few ints to long to get rid of type casts.
        -:  460:
        -:  461:   21 June 2011
        -:  462:Converted this source code to UTF-8.
        -:  463:
        -:  464:    5 May 2011
        -:  465:The expression ((==.lst$its).)' tried to list an object that was gone.
        -:  466:Now it works. The listed object is =.lst$its
        -:  467:Notice how recursion can be implemented with a 'lambda method' that has access
        -:  468:to itself ('its'):
        -:  469:
        -:  470:( (==a b.!arg:?a_?b&((its.)$!b)_((its.)$!a)|!arg) . ) ' (x y^g (z,8.L))
        -:  471:
        -:  472:This recursively swaps lhs and rhs of all operators in the argument
        -:  473:
        -:  474:    2 April 2011
        -:  475:An expression like (x=!x)&!x now results in an endless loop, not a stack
        -:  476:overflow as before.
        -:  477:
        -:  478:    31 March 2011
        -:  479:Stackoverflow occurred if an uninitialised variable was assigned to the
        -:  480:variable itself - directly or indirectly. The problem has been solved for
        -:  481:cases like
        -:  482:
        -:  483:    !y a:?x a
        -:  484:
        -:  485:where the atom !y has the READY flag set when the assignment is attempted.
        -:  486:
        -:  487:The problem can be solved completely, but at a price, namely if
        -:  488:
        -:  489:    (=!y):(=?x)
        -:  490:    
        -:  491:is made to fail. I consider this price as too high for now.
        -:  492:
        -:  493:    16 March 2011
        -:  494:Arithmetic more complex than adding is now done with much higher radix.
        -:  495:For small numbers compuations are a little bit slower, because of conversions
        -:  496:to and from character strings. For large numbers, timings are magnitudes
        -:  497:better. Multiplication of two 200000 digits numbers is about 100 times faster.
        -:  498:Computation of the first 1000 decimals of pi is about 20 times faster.
        -:  499:
        -:  500:For 32 bit systems, a radix of 10000 is chosen. For 64 bit systems
        -:  501:a radix of 100000000 is found to be appropriate.
        -:  502:
        -:  503:    27 February 2011
        -:  504:Removed a lot of dead wood and renamed a few variables to English.
        -:  505:
        -:  506:    21 February 2011
        -:  507:Rewrite of bmalloc, bfree and initialization of memory. Memory now expands
        -:  508:dynamically: when a there are no more free memory blocks of 1,2 or 3 (4, 5, 6)
        -:  509:words available, a new pool of memory blocks for the depleted size is created,
        -:  510:doubling the number of blocks in the already allocated pools for that size.
        -:  511:Removed a bug that caused (a=7)&!(a*1) to fail.
        -:  512:
        -:  513:    11 January 2011
        -:  514:The @ is again removed from non-nil atoms. Reason: the @ flag is used on a 
        -:  515:non-nil atom to indicate that backslashes in the atomstring must be
        -:  516:interpreted litterally, i.e. @"d:\bracmat" is equivalent to "d:\\bracmat"
        -:  517:
        -:  518:This change has no consequence for the stringmatch functionality 
        -:  519:introduced 20101122.
        -:  520:
        -:  521:     6 January 2011
        -:  522:Conditionally (NP) defined opbnowis()
        -:  523:Extra parentheses in line 6932
        -:  524:
        -:  525:    25 November 2010
        -:  526:Solved bug in merge().
        -:  527:
        -:  528:    22 November 2010
        -:  529:In stringmatch, the % can be used to force characterwise matching if the
        -:  530:pattern is a number. For that reason, the % and @ are no longer removed from
        -:  531:non-nil atoms as superfluous.
        -:  532:One has to take care with minusses: the patterns %"-20/5" and %-20/5 are
        -:  533:different. In %"-20/5", the % is superfluous and the pattern matches
        -:  534:characterwise. In %-20/5, the pattern matches 20/5 and the minus is ignored!
        -:  535:
        -:  536:    19 November 2010
        -:  537:Some tests to check that the position flag is followed by an integer number
        -:  538:and that the flag % doesn't occur.
        -:  539:Made sure that mod$ and div$ fail if second argument is zero.
        -:  540:
        -:  541:    15 November 2010
        -:  542:Evaluation of sums and products is now iterative instead of recursive.
        -:  543:Also, two sums or products are neatly merged instead of appended and thereafter
        -:  544:bubble sorted. Result: much faster processing of very large sums and products
        -:  545:and no danger of stack overflow.
        -:  546:For short sums, the implementation has become a little bit slower, because
        -:  547:I reverted to older, but simpler code that makes more allocations and
        -:  548:deallocations.
        -:  549:
        -:  550:    8 November 2010
        -:  551:Made some minor changes such as int -> size_t.
        -:  552:Most radical change is introduction of function Entry2 which is like Entry,
        -:  553:only with lower level of indirection. Entry2 replaces Entry in three places.
        -:  554:
        -:  555:    3 November 2010
        -:  556:Improved percolation of filter flags < > # / @ %
        -:  557:
        -:  558:    1 November 2010
        -:  559:The built-in function now returns IMPLIEDFENCE if the subject string in
        -:  560:a stringmatch is too long or if it cannot be grown to a valid UTF-8
        -:  561:multibyte sequence. Previously, the FENCE flag was set, but this had
        -:  562:the side effect that utf$ couldn't easily be used as the lhs of a match.
        -:  563:
        -:  564:Change to flt$ : flt$(0,...) now returns 0 instead of failing. Replaced
        -:  565:get$(...,MEM,VAP): ... with @(...:...).
        -:  566:
        -:  567:    27 October 2010
        -:  568:In bmalloc, all bytes are set to 0, not just the last one.
        -:  569:Reason: if all elements of size X are in use, bmalloc may return
        -:  570:a bigger sized element, of which the last four bytes will not be
        -:  571:used at all. Instead, some earlier bytes must be set to 0.
        -:  572:
        -:  573:    22 October 2010
        -:  574:Trailing closing parentheses were accepted on equal footing with '\0' bytes.
        -:  575:
        -:  576:   18 October 2010
        -:  577:The function expandProduct turned off the READY flag on all processed output,
        -:  578:even if the result was atomic and therefore ready.
        -:  579:Consequence: (1+i)*(1+-i) was evaluated to non-ready value 2, which could
        -:  580:not successfully be used in further computations.
        -:  581:
        -:  582:   10 September 2010
        -:  583:A function call in match context not only receives a function argument in
        -:  584:"arg", but also the current subject in "sjt" (from sujet or subject)
        -:  585:Example:
        -:  586:like=.out$!sjt&sim$(!arg,!sjt):>9/10&?|den$sim$(!sjt,):~<(den$sim$(!arg,0))&`~
        -:  587:@("Dogs and Cats are my enemies":? (like$mus:?animal) ?)&out$!animal
        -:  588:@("Dogs and Cats are my enemies":? (like$cat:?animal) ?)&out$!animal
        -:  589:
        -:  590:The return value from a failing function call in match context is not compared
        -:  591:to the subject.
        -:  592:
        -:  593:By returning `~ a function can indicate that further attempts with lenghtened
        -:  594:subjects with the same start position will fail.
        -:  595:
        -:  596:   6 August 2010
        -:  597:Previously, a pattern with an exponential only matched a subject with an
        -:  598:exponential. Now, the exponent in the pattern allowing, an exponent 1 is
        -:  599:assumed.
        -:  600:
        -:  601:   2 August 2010
        -:  602:Made variable v. So now
        -:  603:    bracmat put$!v
        -:  604:says:
        -:  605:    Bracmat version 4, build 72 (2 August 2010)
        -:  606:
        -:  607:   23 July 2010
        -:  608:a*b+u*(x+y) was not evaluated correctly in the previous version.
        -:  609:Now it works again.
        -:  610:
        -:  611:   30 June 2010
        -:  612:Improved error handling if BRACMATEMBEDDED is defined.
        -:  613:
        -:  614:   22 June 2010
        -:  615:If Bracmat is running embedded (e.g. as "native code" in a Java environment)
        -:  616:it may be desirable to make bracmat safer. Here are some defines that shut off
        -:  617:selected parts of Bracmat:
        -:  618:#define NO_C_INTERFACE no memory (de)allocation, peek and poke and C-function pointer API
        -:  619:#define NO_FILE_RENAME no file renaming
        -:  620:#define NO_FILE_REMOVE no file removal
        -:  621:#define NO_SYSTEM_CALL no system() call
        -:  622:#define NO_LOW_LEVEL_FILE_HANDLING
        -:  623:                       no file handling other than get$ put$ and lst$
        -:  624:#define NO_FOPEN       no calls to fopen(). (But you can still get$ put$ and lst$ to memory!)
        -:  625:#define NO_EXIT_ON_NON_SEVERE_ERRORS
        -:  626:
        -:  627:   11 June 2010
        -:  628:Had to conditionally introduce call to unlink() instead of remove() in case of Symbian (Epoc 5).
        -:  629:
        -:  630:   26 May 2010
        -:  631:Replaced sizeof(tflags) with offsetof(sk,u.obj), which may be (and normally are,
        -:  632:on 64 bit platforms at least) different, the latter taking padding into account.
        -:  633:
        -:  634:Removed ridiculous costly calls to expressionLength, perhaps using 3/4 of all
        -:  635:CPU time when repeatedly matching large data structures!
        -:  636:
        -:  637:   19 April 2010
        -:  638:Used gprof to find functions to optimize: opaf() (has become op() and af()), splits()
        -:  639:
        -:  640:   8 April 2010
        -:  641:The 'its'-member that has been missing since version 3.50 is back again.
        -:  642:
        -:  643:   6 April 2010
        -:  644:Pattern match like a b c:% c did not work as expected
        -:  645:(should be same as a b c:%? c). Solved. Same goes for @(abc:% c).
        -:  646:
        -:  647:   30 March 2010
        -:  648:Added built-in function rmv$ that removes a file.
        -:  649:
        -:  650:   26 March 2010
        -:  651:Changed code to make Bracmat compile and run in a 64-bit environment where
        -:  652:sizeof(int) == 4 and sizeof(long) == 8.
        -:  653:It is assumed that the platform is 64-bit if LONG_MAX > 2147483647L
        -:  654:In contrast to 32 bit platforms, the functions x2d and d2x handle
        -:  655:numbers up to FFFFFFFFFFFFFFFFF hexadecimal or 18446744073709551615 decimal
        -:  656:if compiled on 64-bit platforms.
        -:  657:Another noteworthy difference is that the 64-bit version finds bigger prime
        -:  658:numbers. Try 123465864564581765^1/2 Answer: 5^1/2*24693172912916353^1/2,
        -:  659:so 24693172912916353 is prime.
        -:  660:
        -:  661:   12 March 2010
        -:  662:errorStream is not kept open if it is not stderr or strout, so that other
        -:  663:processes also can write to the errorFile, if necessary. This also ensures
        -:  664:that the message is written an saved before the program ... uhm ... crashes.
        -:  665:
        -:  666:   10 March 2010
        -:  667:If run with command line options, bracmat's return value is the numerical
        -:  668:value of the last expression evaluated. If the last evaluated expression
        -:  669:is not atomic or not a string that can be scanned as an integer number
        -:  670:using strtol, the exit code is 0.
        -:  671:Built-in exit codes:
        -:  672:-1  out of memory
        -:  673:116 invalid function syntax
        -:  674:117 string match attempted with non-atomic argument
        -:  675:
        -:  676:   9 March 2010
        -:  677:New built-in function arg$. If Bracmat is started with any arguments (argc > 1)
        -:  678:every argument is evaluated from left to right, unless arguments are consumed
        -:  679:by calls to arg$. For example,
        -:  680:    bracmat get$myprog -i c:\documents\input.txt -o d:\html\index.html
        -:  681:would evaluate
        -:  682:    get$myprog
        -:  683:    -i
        -:  684:    c:\documents\input.txt
        -:  685:    -o
        -:  686:    d:\html\index.html
        -:  687:in that order. Evaluating the last four arguments is not very meaningful,
        -:  688:however: the backslashes are interpreted as escapes, which they are not.
        -:  689:Moreover, the colon and the dot are interpreted as operators. However, the
        -:  690:bracmat program "myprog" can call the function arg$ four times and in that way
        -:  691:empty the queue of arguments. arg$ returns an atom containing an exact copy of
        -:  692:the next program argument. Using string matching the arguments can be parsed,
        -:  693:if necessary.
        -:  694:Precautions must be taken if the path or name of the bracmat program contains
        -:  695:characters that can be mistakenly interpreted. E.g. (in Windows)
        -:  696:    bracmat "get$@\"c:Program Files\myprog.bra\"" -i c:\documents\input.txt -o d:\html\index.html
        -:  697:In *N*X the apostrophes surrounding the first argument must be replaced by
        -:  698:quotes.
        -:  699:A second form is arg$N, where 0 <= N < argc. arg$0 will normally return the
        -:  700:command name "bracmat" or a path leading to "bracmat".
        -:  701:
        -:  702:   23 February 2010
        -:  703:upp$ and low$ now handle UTF-8. upp$ is a bit tricky, as some characters
        -:  704:occupy more bytes when uppercased. A simple in-place replacement is tried
        -:  705:first, and is fine in 99% of all cases. If an overrun is imminent, more space
        -:  706:is allocated.
        -:  707:
        -:  708:   22 February 2010
        -:  709:sim$(s1,s2) accepts UTF-8. 8-bit Latin-1 is also ok.
        -:  710:chr$ fails if argument is > 255
        -:  711:
        -:  712:   21 February 2010
        -:  713:~<> are now effective on patterns headed by $ or ' operator
        -:  714:b:>(str$a)
        -:  715:b:~<>(str$A)
        -:  716:
        -:  717:   20 February 2010
        -:  718:~<> uses case insensitive compare on unicode
        -:  719:
        -:  720:   19 February 2010
        -:  721:x2d$   converts hexadecimal number to decimal
        -:  722:d2x$   converts decimal number to hexadecimal
        -:  723:Both routines are restricted to decimal numbers 0 ... 4294967295 (hex 0 ... ffffffff)
        -:  724:Failure if not all characters can be scanned.
        -:  725:
        -:  726:   12 February 2010 Simplified changeCase()
        -:  727:   10 February 2010
        -:  728:abc:?NN & @(!NN:!NN ?x)
        -:  729:!x evaluated to "abc", not to ""
        -:  730:
        -:  731:   2 February 2010
        -:  732:Input scanning stopped at 0x80, as in the utf-8 sequence e2 80 93 (8211 EN DASH )
        -:  733:
        -:  734:   27 January 2010
        -:  735:~@ matches non-atomic matter, both in stringmatch and now also in match.
        -:  736:
        -:  737:   26 January 2010
        -:  738:@ and % flags are not turned off if combined with < and/or >.
        -:  739:(Previously, they were seen as "superfluous" if in combination with non-empty object.)
        -:  740:Handy if you want to skip white space:
        -:  741:
        -:  742:@("  \r\n\t  xyz\r\n  ":?a (>@" " ?:?y) ~>%" " ?)
        -:  743:
        -:  744:Changed KILOKNOPEN back to 10000
        -:  745:
        -:  746:   16 September 2009
        -:  747:Changed KILOKNOPEN to 100000 (was 10000)
        -:  748:
        -:  749:   3 July 2009
        -:  750:
        -:  751:Setting #define CODEPAGE850 0 removes all reminiscenses of DOS-codepages.
        -:  752:
        -:  753:Unicode (UTF-8) support
        -:  754:chu$number returns a sequence of 1-6 bytes. The highest allowed value of the number is 2147483647 (7FFFFFFF hex)
        -:  755:            Notice that RFC 3629 restricts UTF-8 to 4 bytes and that the highest allowed code point 10FFFF hex.
        -:  756:utf$string returns the code point of the character represented by the UTF-8 sequence of bytes.
        -:  757:            If the string is too short or too long, or if the sequence is an invalid UTF-8 string, the function fails.
        -:  758:            It is safe to use utf$ in a pattern:
        -:  759:            @(!txt:(?%c & utf$!c) ?)
        -:  760:            If txt starts with an valid UTF-8 sequence, bracmat backtracks until c matches the UTF-8 sequence.
        -:  761:            If txt starts with a sequence that is not UTF-8, bracmat stops backtracking when that fact has been
        -:  762:            established.
        -:  763:
        -:  764:   30 June 2009
        -:  765:bracmat now evaluates all parameters given to it, from left to right.
        -:  766:
        -:  767:command line:bracmat a=1 b=14 out$(!a+!b)
        -:  768:output:15
        -:  769:
        -:  770:Previously, only the first parameter was evaluated.
        -:  771:As always, if no parameter is specified, bracmat enters interactive mode.
        -:  772:
        -:  773:   11 February 2009
        -:  774:Corrected error in flt$. All powers of ten were analysed to 1,
        -:  775:for example flt$(100,2) -> 1,00*10E0
        -:  776:
        -:  777:   13 November 2008
        -:  778:stop string also works when writing.
        -:  779:fil$("file.txt",w)
        -:  780:fil$(,STR," \n\r\t")
        -:  781:fil$(,,,"Workers go to strike/for higher wages
        -:  782:and for more kindergartens.")
        -:  783:fil$("file.txt",r)
        -:  784:fil$(outfile,w)
        -:  785:fil$("infile.txt",STR)
        -:  786:fil$(outfile,STR," \n\r\t")
        -:  787:fil$(,,,"Workers go to strike for higher wages")
        -:  788:
        -:  789:Stop string can also be specified when reading or writing
        -:  790:fil$(,,"/","Workers go to strike/for higher wages")
        -:  791:fil$("infile.txt",,".!?,;")
        -:  792:
        -:  793:An empty stop string means: write all of the string.
        -:  794:(Or read to end of file, if file mode is reading).
        -:  795:
        -:  796:   10 September 2008
        -:  797:x^(y*(a+b))+-1*x^(a*y+b*y) -> 0 Before, the exponents were regarded as
        -:  798:different. If, during comparison, a subtree of lhs has pattern ?*(?+?) and
        -:  799:the corresponding subtree of the rhs ?+?, the lhs subtree is expanded to
        -:  800:a sum (defactorised) and the comparison is done on the transformed lhs and
        -:  801:the rhs. Notice that the most expensive exponent survives:
        -:  802:x^(y*(a+b))+x^(a*y+b*y): 2*x^(y*(a+b))
        -:  803:
        -:  804:0^-1 succeeded and gave 0, now it fails. (0/7^-1 already failed)
        -:  805:
        -:  806:Strings starting with a zero and followed by another figure are not numbers
        -:  807:00/7, 098
        -:  808:
        -:  809:Input ()k went in endless loop, because the k was interpreted as an operator.
        -:  810:Now it says "malformed input".
        -:  811:
        -:  812:   11 February 2008
        -:  813:whl' now returns function_ok instead of function_fail. Although the
        -:  814:loop exits when the rhs fails and there therefore is nothing meaningful to
        -:  815:"return", it led to ugly code when a whl' loop always had to be negated
        -:  816:
        -:  817:    ... & ~(whl'(...)) & ...
        -:  818:
        -:  819:or put into the lhs of an OR
        -:  820:
        -:  821:    & ( whl'(...) |  ) &
        -:  822:
        -:  823:til' is commented out. It has no future.
        -:  824:
        -:  825:   28 January 2008
        -:  826:evalmacro did not unset the ready-bit on an inserted expression consisting of
        -:  827:a variable with exclamation mark. It does now.
        -:  828:
        -:  829:   27 January 2008
        -:  830:Introduction of flag [ for acquiring or requiring the current position during
        -:  831:a (string)match. Examples:
        -:  832:    a b c:? ([-1:[?endpos)
        -:  833:will assign the length of the subject, 3, to variable endpos.
        -:  834:    a b c d e:? [!endpos ?extramaterial
        -:  835:will assign d e to extramaterial.
        -:  836:Works in match and stringmatch alike, with some exceptions:
        -:  837:@(:[0) succeeds, but (:[0) fails. Reason: in the first case, the subject
        -:  838:is the nil element, but in the second case, the lhs is just an atom,
        -:  839:although a funny one. In a certain context, this atom plays the role
        -:  840:of nil element, but not in other contexts.
        -:  841:
        -:  842:Found out that stringmatch had a measurable side effect on the subject
        -:  843:
        -:  844:subject=abcdef
        -:  845:@(!subject:? (d & !subject:abcd) ?
        -:  846:
        -:  847:This would succeed, because the string had been temporarily cut off after
        -:  848:the 'd'.
        -:  849:Now match and string match are much more alike and the problem is solved.
        -:  850:
        -:  851:Introduction of two built-in functions: whl and til. whl repeatedly evaluates
        -:  852:its argument until it fails. whl always returns failure. til repeatedly
        -:  853:evaluates its argument until it succeeds and returns the result of the last
        -:  854:evaluation.
        -:  855:There are no plans to make if...else and switch equivalents in Bracmat.
        -:  856:It may be that whl and/or til are retracted later. They seem a bit superfluous.
        -:  857:
        -:  858:   13 January 2008
        -:  859:`~a:?b will now assign `~a to b
        -:  860:@(`~a:?b) will assign a to b. !a will succeed
        -:  861:As before, this will assign something failing to a variable:
        -:  862:dummy ~a:dummy ?m
        -:  863:!m fails
        -:  864:~!m gives ~a
        -:  865:
        -:  866:   3 January 2008
        -:  867:Better implementation of the evaluation of !(=a).
        -:  868:It is now possible to construct and run a loop as a datastructure with
        -:  869:a closed loop of pointers. Performance-wise nothing is gained, however.
        -:  870:  (loop= !i+1:<10000000:?i&!(=))
        -:  871:& '$loop:(=?(loop.)) {Make closed datastructure}
        -:  872:& ~!loop {loop 10.000.000 times}
        -:  873:& :?(loop.) {Open the datastructure.(Otherwise you'll have a memory leak when
        -:  874:             'loop' goes out of scope.)}
        -:  875:
        -:  876:Several functions have been factorised. evalueer() has been restructured.
        -:  877:
        -:  878:   2 January 2008
        -:  879:I've decided that a:(~@(a:a)) means about the same as a:(~@:(a:a)), i.e. it
        -:  880:fails because a is not not an atom. For the same reason a:(~@(a:b)) fails.
        -:  881:~@(a:a) in an evaluation context such as x&~@(a:a) succeeds. It merely means
        -:  882:a:a
        -:  883:
        -:  884:Use #define STRINGMATCH_CAN_BE_NEGATED 1 to allow ~@(<subject>:<pattern>)
        -:  885:as a stringmatch that has its result negated after evaluation.
        -:  886:
        -:  887:Use #define STRINGMATCH_CAN_BE_NEGATED 0 to interpret ~@(<subject>:<pattern>)
        -:  888:as the opposite of stringmatch, i.e. a normal match, the same as
        -:  889:(<subject>:<pattern>) with the additional condition that <subject> is not an
        -:  890:atom. Notice, however, that ~@#(abc:? b ?) succeeds, as the ~ negates #, not @
        -:  891:(priority /#<>@)
        -:  892:
        -:  893:Succeeding tests:
        -:  894:a b:(~@(? b:a %))
        -:  895:~@(a b:a ?)
        -:  896:~@(a:a)
        -:  897:12/34:@(?x:#?a (~#%@:?y) #?b)&!y:"/"
        -:  898:
        -:  899:Failing tests:
        -:  900:a:(~@(a:a))
        -:  901:~@(a:b)
        -:  902:12/34:@(#?a (~#%@:?y) #?b:?x)&!y:"/"
        -:  903:    (This fails because the pattern
        -:  904:        #?a (~#%@:?y) #?b
        -:  905:    is in the match context 12/34:<rhs>, not in a stringmatch context.
        -:  906:    Remember, the first @ says that subject is an atom, which it is in the
        -:  907:    match context, but not in a stringmatch context.)
        -:  908:@(12/34:@(#?a (~#%@:?y) #?b:?x)&!y:"/")
        -:  909:    (This fails because 12/34 is not an atom in a stringmatch context.)
        -:  910:
        -:  911:   29 December 2008
        -:  912:Compilation with Norcroft RISC OS ARM C vsn 3.00 [Jul 12 1989]
        -:  913:This resulted in some formal corrections (signed vs unsigned int,
        -:  914:int vs long, too many arguments for format in Printf,
        -:  915:#if _BRACMATEMBEDDED changed to #if defined _BRACMATEMBEDDED)
        -:  916:
        -:  917:The changes of 20071217 were undone, because the solution did not work for
        -:  918:    ~(&~@(a:a))
        -:  919:New solution:
        -:  920:In lex(), undo setting of
        -:  921:    success == FALSE
        -:  922:on : node if ~@ flags are attached to this operator.
        -:  923:This is a special case. In ~@(a:b) the ~ operator must
        -:  924:not negate the @ but the result of the string match.
        -:  925:
        -:  926:I am not convinced that this is the right decision. Perhaps we simply
        -:  927:should not allow other flags than @ on : if we want it to be interpreted
        -:  928:as a string match operation.
        -:  929:
        -:  930:   17 December 2007
        -:  931:~@(a:a) didn't fail and ~@(a:b) didn't succeed. Now they do.
        -:  932:
        -:  933:   9 October 2007
        -:  934:Removed test print from getObjectDef.
        -:  935:
        -:  936:   18 September 2007
        -:  937:    a b "" ""
        -:  938:evaluates to
        -:  939:    a b ()
        -:  940:instead of
        -:  941:    a b
        -:  942:Changed function handleLUCHT to correct this.
        -:  943:
        -:  944:   7 July 2007
        -:  945:Differentiation: Originally, to indicate that a variable x depends on another
        -:  946:variable p, one wrote x=p, or x=s and s=p. If one wrote (x=), then y\Dx
        -:  947:resulted in stack overflow. The appropriate way to indicate dependeny is
        -:  948:dep=(x.p) (....)
        -:  949:
        -:  950:The range function has been abolished. Originally the idea was that Bracmat
        -:  951:not only should handle numbers and symbols, but also ranges. Thus, 2^>3 would
        -:  952:give >16 and -5*>2 would give <-10. This had to be given up as ranges become
        -:  953:more and more complicated to express. (>4*~>3 = ?)
        -:  954:
        -:  955:Code implementing a string table (COMPILE==1) has been removed
        -:  956:COMPILE works not faster, but slower (about 10%) and uses more nodes.
        -:  957:
        -:  958:The unfinished attempt at implementing objects that can be saved and re-read
        -:  959:(serialization) has been given up (OBJECTS==1) Flag: [
        -:  960:
        -:  961:VAX-specific code removed.
        -:  962:
        -:  963:   5 July 2007:
        -:  964:There were problems with stringmatches:
        -:  965:@(aaab:((|a) aa) b)
        -:  966:This failed because the match
        -:  967:    aa:aa
        -:  968:prematurely ended the match with failure.
        -:  969:The cause was that this match ONCED the whole match
        -:  970:    aa:(|a) aa
        -:  971:
        -:  972:This partly undoes a change made in 200704
        -:  973:
        -:  974:new$hash:?h
        -:  975:(h..ISO)$
        -:  976:(h..insert)$(a.b)
        -:  977:
        -:  978:This made a division by zero, because (h..ISO) had rehashed the table
        -:  979:to a table with zero size. (hashes are born with non-zero size)
        -:  980:The computation of the loadfactor went wrong.
        -:  981:
        -:  982:    4 April 2007:
        -:  983:Tail recursion optimisation in complexiteit.
        -:  984:
        -:  985:Solved bug in handling of strings with characters > 0x80 in expressions like
        -:  986:    a å
        -:  987:
        -:  988:Solved bug in handling of e^(i*pi)
        -:  989:
        -:  990:Solved bug in handling of i:-i
        -:  991:
        -:  992:Solved bug in handling of -1*i^1/3
        -:  993:
        -:  994:lst$ now lists ALL names. Previously, names starting with character above 0x7f
        -:  995:were hidden. Som hidden functions that were called from f0, f4 or f5 are
        -:  996:now declared inside these functions and therefore hidden.
        -:  997:
        -:  998:get$ and fil$ first try to open a file interpreting the file name as a path
        -:  999:relative to the current working directory. If that fails, and if the program
        -: 1000:is started with a fully qualified path+file name, this path is prepended to the
        -: 1001:name of the file to be opened. If opening the file also fails with the new
        -: 1002:path, get$ and fil$ fail. This functionality requires that
        -: 1003:1) the file mode is "reading"
        -: 1004:2) the file name does not contain an absolute path
        -: 1005:3) the program knows its path
        -: 1006:If the program does not know its path, it may help to start the program with
        -: 1007:a fully qualified path on the command line. This instruction can be put in
        -: 1008:a shell script or batch file.
        -: 1009:This improvement is especially helpful for opening the "help"-file.
        -: 1010:
        -: 1011:In string matching the expression
        -: 1012:    @(abcd:?u (?:%@ %@) (?z & ~))
        -: 1013:now makes sure that the pattern (?:%@ %@) never is presented with more than two
        -: 1014:characters. Before, the @ flag did not really work with string matching and the
        -: 1015:: operator extinguished the cut condition that arises in its rhs.
        -: 1016:This works now within a reasonable time:
        -: 1017:(do=
        -: 1018:  get$(help,STR):?S
        -: 1019:& @( !S
        -: 1020:   :   ?
        -: 1021:       ( ?:(%@:~" ":~",") %@ %@ %@ %@ %@ %@ %@ %@ %@ %@ %@ %@ %@ %@ %@ %@ %@ %@ %@ %@ %@ %@:?x
        -: 1022:       & '(? ()$x ?):(=?x)
        -: 1023:       )
        -: 1024:       !x
        -: 1025:   )
        -: 1026:& !x);
        -: 1027:!do
        -: 1028:
        -: 1029:
        -: 1030:In a string, characters that also have a meaning as an operator can be escaped:
        -: 1031:nsc\'ere
        -: 1032:is the same as
        -: 1033:"nsc'ere"
        -: 1034:
        -: 1035:The names of cat$'s local variables are now taken from the list of names of
        -: 1036:predefined functions. Consequently, cat$ does not list its own local variables.
        -: 1037:(Previously, listing of these names was circumvented by the rule that names
        -: 1038:starting with high-bit-set characters are kept hidden.)
        -: 1039:
        -: 1040:Defunct ego$ and goe$ are abolished.
        -: 1041:
        -: 1042:   22 February 2007:
        -: 1043:    Major change in match() that speeds up matching. Found also an error in the
        -: 1044:    handling of an alternating pattern with an alternating pattern in the lhs
        -: 1045:    and a FENCE flag in the leftmost node.
        -: 1046:    Similar changes in stringmatch() must yet be made.
        -: 1047:
        -: 1048:   20 February 2007:
        -: 1049:    Changed int and unsigned long to size_t in two places to stop warnings.
        -: 1050:
        -: 1051:
        -: 1052:   18 January 2007:
        -: 1053:    Added _CONSOLE to test for Windows API
        -: 1054:    @(:? ?) failed. Cause: Unmotivied test for subjectstring not being empty.
        -: 1055:
        -: 1056:    20060704 caseinsensitivehash fixed
        -: 1057:
        -: 1058:   23 June 2006
        -: 1059:caseinsensitivehash uses lowerEquivalent without converting array index to
        -: 1060:unsigned int!
        -: 1061:
        -: 1062:   12 October 2005:
        -: 1063:    Corrected error in flt$. During rounding, the variable m could become
        -: 1064:    > 10. Consequently, the exponent must be increased by one and m must
        -: 1065:    be divided by 10 in those cases.
        -: 1066:
        -: 1067:   5 September 2005:
        -: 1068:    Changed C++-style comments to old fashioned C-style comments.
        -: 1069:    Removed enum {NoIndication,AnInteger,NotAFraction,NotANumber,AFraction,ANumber};
        -: 1070:
        -: 1071:   5 april 2005:
        -: 1072:    flg$<flags><atom> now returns ((=<flags>).<atom>)
        -: 1073:    This protects the flags from evaluation.
        -: 1074:
        -: 1075:   17 november 2004:
        -: 1076:    clk$ returns 0 if clock() returns -1
        -: 1077:    bez$ returns (<nodes>.<max nodes>.<max ref>)
        -: 1078:    epoc version: delete key emits ascii 8 (back space). Now, ascii(8) moves
        -: 1079:    the input pointer one position back, deleting the previous entered
        -: 1080:    character. (see mygetc)
        -: 1081:
        -: 1082:   25 sep 2004: strrev rewritten for Epoc
        -: 1083:
        -: 1084:   6 June 2004:
        -: 1085:1) Started to make late binding in string matching
        -: 1086:2) Corrected errors in assignment to and listing of objects with late bound values
        -: 1087:
        -: 1088:   20040830
        -: 1089:This fails:
        -: 1090:(obj=x=)&dbg'@("abc":?(obj.x) "c") & out$!(obj.x);
        -: 1091:
        -: 1092:This works:
        -: 1093:dbg'@("abc":?x "c") & out$!x;
        -: 1094:*/
        -: 1095:/*
        -: 1096:NOTES
        -: 1097:=====
        -: 1098:
        -: 1099:2002.12.15
        -: 1100:----------
        -: 1101:This is the open source version of Bracmat.
        -: 1102:
        -: 1103:Originally, Bracmat was written in Basic for the Amstrad computer. Its sole
        -: 1104:purpose was to derive a simple expression for the curvature of a model
        -: 1105:space-time, starting from the components of the metric. The only operations
        -: 1106:the program was capable to perform were multiplications, exponentiations,
        -: 1107:logarithms, and partial derivatives. The expressions were a mix of numbers
        -: 1108:and symbolic variables, like "a+2*b". Thus, "a+a" was simplified to "2*a".
        -: 1109:
        -: 1110:The second version of Bracmat, about 1988, was developed in Ansi C and run
        -: 1111:on an Acorn Archimedes. Great care was taken to make the program portable to
        -: 1112:other hardware, such as Atari, VAX and even the PC. The PC architecture, with
        -: 1113:its limited memory, its 16 bit architecture and its limitation on the size of
        -: 1114:the program stack, posed some severe limitations on the program. Therefore
        -: 1115:great care was taken to limit the use of the stack to a minimum. This has
        -: 1116:lead to some rather large functions (to save stack-consuming function calls).
        -: 1117:
        -: 1118:The C version became a true programnming language, with program variables,
        -: 1119:logical operators and function calls. The syntax, however, was not changed.
        -: 1120:For example, instead of using "if...then...else...", I decided to write
        -: 1121:something like "...&...|...", using lazy evaluation of the infix binary
        -: 1122:logical operators "&" (AND) and "|" (OR) for program control.
        -: 1123:
        -: 1124:The logical operators, of course, should test for operands being "true" or
        -: 1125:"false". The main provider of interesting truth values became the pattern
        -: 1126:matching operator ":", which tests whether the pattern (the rhs-operand)
        -: 1127:matches the subject (the lhs-operand). The single outstanding feature of
        -: 1128:Bracmat is, in fact, its pattern recognition, which works on tree structures,
        -: 1129:not on strings of characters.
        -: 1130:
        -: 1131:Bracmat was also extended with a few operators that makes this programming
        -: 1132:language interesting in the field of computational linguistics, namely the
        -: 1133:blank " ", the comma "," and the full stop ".". (The interpunction symbols
        -: 1134:"?", "!" and ";" were already 'taken' to serve other purposes.)
        -: 1135:
        -: 1136:You may find the source code difficult to read at some places. You are best
        -: 1137:off if you understand English and Dutch (and perhaps Danish). Only if the
        -: 1138:program arises enough interest I will invest the effort to streamline the
        -: 1139:source text and make it more understandable for the general programmer.
        -: 1140:*/
        -: 1141:
        -: 1142:/*
        -: 1143:TODO list:
        -: 1144:20010103: Make > and < work on non-atomic stuff
        -: 1145:20010904: Issue warning if 'arg' is declared as a local variable
        -: 1146:*/
        -: 1147:/* 20001213, There is a need to improve documentation of fil$ */
        -: 1148:/* 20001213, rename a file ren$(oldname.newname) */
        -: 1149:/* >Bracmat 16-11-91 */
        -: 1150:/* 20010309 evalueer on LUCHT and KOMMA strings is now iterative on the
        -: 1151:   right descending (deep) branch, not recursive.
        -: 1152:   (It is now possible to read long lists, e.g. dictionairies, without causing
        -: 1153:   stack overflow when evaluating the list.)
        -: 1154:   20010821 a () () was evaluated to a (). Removed last ().
        -: 1155:   20010903 (a.) () was evaluated to a
        -: 1156:*/
        -: 1157:#define DEBUGBRACMAT 0 /* implement dbg'(expression), see DBGSRC macro */
        -: 1158:#define REFCOUNTSTRESSTEST 0
        -: 1159:#define DOSUMCHECK 0
        -: 1160:#define CHECKALLOCBOUNDS 0 /* only if NDEBUG is false */
        -: 1161:#define PVNAME 0 /* allocate strings of variable names separately from variable structure. */
        -: 1162:#define STRINGMATCH_CAN_BE_NEGATED 0 /* ~@(a:a) */
        -: 1163:#define CODEPAGE850 0
        -: 1164:#define MAXSTACK 0 /* 1: show max stack depth (eval function only)*/
        -: 1165:#define CUTOFFSUGGEST 1
        -: 1166:#define READMARKUPFAMILY 1 /* read SGML, HTML and XML files. (include xml.c in your project!) */
        -: 1167:
        -: 1168:/* 
        -: 1169:About reference counting.
        -: 1170:Most nodes can be shared by no more than 1024 referers. Copies must be made as needed.
        -: 1171:Objects (nodes with = ('WORDT' in Dutch) are objects and cane be shared by almost 2^40 referers.
        -: 1172:
        -: 1173:small refcounter       large refcounter              comment
        -: 1174:(10 bits, all nodes)   (30 bits, only objects)
        -: 1175:0                      0                             not shared, no test of large refcounter needed.
        -: 1176:1                      0                             shared with one, so totalling two
        -: 1177:2                      0                             shared with two
        -: 1178:..                     ..
        -: 1179:1022                   0
        -: 1180:1023                   0                             totalling 1024, *** max for normal nodes ***
        -: 1181:1                      1                             totalling 1025
        -: 1182:2                      1
        -: 1183:..                     ..
        -: 1184:m                      1
        -: 1185:..                     ..                            totalling 1024+(1-1)*1023+m
        -: 1186:1023                   1                             totalling 1024+1*1023
        -: 1187:..                     ..
        -: 1188:m                      n                             totalling 1024+(n-1)*1023+m or 1+n*1023+m
        -: 1189:1023                   2^30-1                        totalling 1024+(2^30-2)*1023+1023=1 098 437 885 953
        -: 1190:                                                         (or   1+2^30*1023)
        -: 1191:*/
        -: 1192:
        -: 1193:#if DEBUGBRACMAT
        -: 1194:#define DBGSRC(code)    if(debug){code}
        -: 1195:#else
        -: 1196:#define DBGSRC(code)
        -: 1197:#endif
        -: 1198:
        -: 1199:#if MAXSTACK
        -: 1200:static int maxstack = 0;
        -: 1201:static int stack = 0;
        -: 1202:#define ASTACK {++stack;if(stack > maxstack) maxstack = stack;}{
        -: 1203:#define ZSTACK }{--stack;}
        -: 1204:#else
        -: 1205:#define ASTACK
        -: 1206:#define ZSTACK
        -: 1207:#endif
        -: 1208:
        -: 1209:#include <assert.h>
        -: 1210:
        -: 1211:/*19980208
        -: 1212:Bug in match!!
        -: 1213:Removed 19971207
        -: 1214:*/
        -: 1215:/*
        -: 1216:sub must also accept . as separator between args
        -: 1217:*/
        -: 1218:/* wis: 18 Maart 1997, tail recursion optimization; delete deep structures*/
        -: 1219:/* bezig met modernisering getallen */
        -: 1220:/* 16 mei 1993: constante "-i" ingevoerd om evenwicht te brengen in gedrag
        -: 1221:   van complexe getallen en hun complex geconjugeerde. */
        -: 1222:/* Nog nodig: -n*i^iets -> n*-i^iets
        -: 1223:              n*i*a+m*-i*a  -> (n-m)*i*a
        -: 1224:   Goed doortesten !
        -: 1225:*/
        -: 1226:
        -: 1227:
        -: 1228:/* 24 april 1992: UNOPS uitgebreid met MINUS */
        -: 1229:/* 26 april 1992: fct aangepast voor (a+b)^-n */
        -: 1230:/* 24 maart 1993: function syntax veranderd:
        -: 1231:   met FUNC defined oude stijl: foo = fun$(loc'(x,y,z),!arg);
        -: 1232:   zonder FUNC define:          foo = x,y,z.!arg */
        -: 1233:
        -: 1234:/* 30 juli 1993: structure:
        -: 1235:   het is nu mogelijk om aan een expressie als naam=Bart een andere waarde
        -: 1236:   toe te kennen. In feite wordt de rechter operand van de = operator
        -: 1237:   stomweg vervangen door de nieuwe waarde, waardoor circulaire data-
        -: 1238:   structuren mogelijk worden! BJO 4 Jan 1996
        -: 1239:
        -: 1240:   voorbeeld:
        -: 1241:
        -: 1242:   {?} x==(name=Bart).(age=40)
        -: 1243:   {?} !x
        -: 1244:   {!} =(name=Bart).(age=40)
        -: 1245:   {?} !!x
        -: 1246:   {!} Bart.40
        -: 1247:   {?} !x:(=?naam.?leeftijd)
        -: 1248:   {?} Bart Jongejan:?!naam
        -: 1249:   {?} !!x
        -: 1250:   {!} Bart Jongejan.40
        -: 1251:   {?} x..age=veertig                          BJO 4 Jan 1996
        -: 1252:   {?} !!x
        -: 1253:   {!} Bart Jongejan.veertig
        -: 1254:
        -: 1255:   x..name.first=Bart vervangt Jan door Bart in
        -: 1256:
        -: 1257:   x==(name=(first=Jan).(family=Abbens)).(age=33)
        -: 1258:
        -: 1259:   Merk op dat de = operator z'n speciale betekenis in patterns kwijt is
        -: 1260:   ~=(% %) moet dus voortaan geschreven worden als ((% %) & `~|?)
        -: 1261:*/
        -: 1262:
        -: 1263:#if 0 && defined __GNUC__ && !defined sparc && !defined __hpux && !defined __hpux__
        -: 1264:/* TODO test must be changed to a positive list. Bart 20030704 */
        -: 1265:#define ARM /*1*/ /* assume it's an Acorn */
        -: 1266:#define os_swix os_swi /* different naming */
        -: 1267:typedef struct {
        -: 1268: int r[10];
        -: 1269:}os_regset;
        -: 1270:#else
        -: 1271:/*#define ARM 0*/ /* assume it isn't an Acorn */
        -: 1272:#endif
        -: 1273:
        -: 1274:
        -: 1275:#if (defined __TURBOC__ && !defined __WIN32__) || (defined ARM && !defined __SYMBIAN32__)
        -: 1276:#define O_S 1 /* 1 = with operating system interface swi$ (RISC_OS or TURBO-C), 0 = without  */
        -: 1277:#else
        -: 1278:#define O_S 0
        -: 1279:#endif
        -: 1280:
        -: 1281:/* aanwijzingen voor het compileren
        -: 1282:   (met een ANSI-C compiler of iets wat daar dichtbij in de buurt komt)
        -: 1283:
        -: 1284:Archimedes ANSI-C release 3:
        -: 1285:*up
        -: 1286:*del. :0.$.c.clog
        -: 1287:*spool :0.$.c.clog
        -: 1288:*cc bracmat
        -: 1289:*spool
        -: 1290:
        -: 1291:Met RISC_OS functies:
        -: 1292:
        -: 1293:cc bracmat
        -: 1294:
        -: 1295:file cc (in directory c):
        -: 1296:
        -: 1297:| >cc
        -: 1298:up
        -: 1299:delete $.c.clog
        -: 1300:spool $.c.clog
        -: 1301:cc -c %0 -IRAM:$.RISC_OSLib
        -: 1302:if Sys$ReturnCode = 0 then run c.li %0 else spool
        -: 1303:
        -: 1304:file li (in directory c):
        -: 1305:
        -: 1306:| >li
        -: 1307:link -o %0 o.%0 RAM:$.RISC_OSLib.o.RISC_OSLib RAM:$.Clib.o.Stubs
        -: 1308:||G
        -: 1309:spool
        -: 1310:if Sys$ReturnCode = 0 then squeeze %0 else echo |G
        -: 1311:
        -: 1312:Microsoft QUICKC (MS-DOS) (compact en large model kunnen allebei)
        -: 1313:qcl /Ox /AC /F D000 bracmat.c
        -: 1314:Microsoft optimizing compiler V5.1
        -: 1315:cl /Ox /AC /F D000 bracmat.c
        -: 1316:
        -: 1317:Borland TURBOC (MS-DOS) V2.0
        -: 1318:tcc -w -f- -r- -mc -K- bracmat
        -: 1319:
        -: 1320:Atari : definieer -DATARI i.v.m. BIGENDIAN en extern int _stksize = -1;
        -: 1321:               en -DW32   doch alleen als (int)==(long)
        -: 1322:*/
        -: 1323:
        -: 1324:/* optionele #defines voor debuggen en aanpassing aan machine */
        -: 1325:
        -: 1326:#define TELMAX  1 /* maximaal aantal gealloceerde nodes laten zien */
        -: 1327:#define TELLING 0 /* idem,uitgebreid met huidige allocatie, per groep van
        -: 1328:                       4,8,12 en >12 bytes */
        -: 1329:#if TELLING
        -: 1330:#if TELMAX == 0
        -: 1331:#undef TELMAX
        -: 1332:#define TELMAX 1
        -: 1333:#endif
        -: 1334:#ifndef TELMAX
        -: 1335:#define TELMAX 1
        -: 1336:#endif
        -: 1337:#endif
        -: 1338:
        -: 1339:/*#define reslt hreslt  om in resultaat ALLE haakjes te laten zien*/
        -: 1340:#define INTSCMP 0   /* linke manier om strings te vergelijken */
        -: 1341:#define ICPY 0      /* woord voor woord copieren, i.p.v. byte voor byte */
        -: 1342:
        -: 1343:/* hieronder zijn geen optionele #defines meer */
        -: 1344:#if defined __BYTE_ORDER && defined __LITTLE_ENDIAN /* gcc on linux defines these */
        -: 1345:#if __BYTE_ORDER == __LITTLE_ENDIAN
        -: 1346:#define BIGENDIAN 0
        -: 1347:#else
        -: 1348:#define BIGENDIAN 1
        -: 1349:#endif
        -: 1350:#endif
        -: 1351:
        -: 1352:#ifndef BIGENDIAN
        -: 1353:
        -: 1354:#if defined mc68000 || defined MC68000 || defined mc68010 || defined mc68020 || defined mc68030 || defined ATARI || defined sparc || defined __hpux || defined __hpux__
        -: 1355:#define BIGENDIAN 1
        -: 1356:#endif
        -: 1357:
        -: 1358:#endif
        -: 1359:
        -: 1360:#ifndef BIGENDIAN
        -: 1361:#define BIGENDIAN     0
        -: 1362:#endif
        -: 1363:
        -: 1364:#if defined BRACMATEMBEDDED
        -: 1365:#define _BRACMATEMBEDDED 1
        -: 1366:#else
        -: 1367:#define _BRACMATEMBEDDED 0
        -: 1368:#endif
        -: 1369:
        -: 1370:#if (defined _Windows || defined _MT /*multithreaded, VC6.0*/)&& (!defined _CONSOLE /*18 January 2007*/ && !defined __CONSOLE__ || defined NOTCONSOLE || _BRACMATEMBEDDED)
        -: 1371:/* _CONSOLE defined by Visual C++ and __CONSOLE__ seems always to be defined in C++Builder */
        -: 1372:#define MICROSOFT_WINDOWS_API 1
        -: 1373:#else
        -: 1374:#define MICROSOFT_WINDOWS_API 0
        -: 1375:#endif
        -: 1376:
        -: 1377:#if MICROSOFT_WINDOWS_API && defined POLL /*Bart 20030410: Often no need for polling in multithreaded apps.*/
        -: 1378:#define JMP 1 /* 1: listen to WM_QUIT message. 0: Do not listen to WM_QUIT message. */
        -: 1379:#else
        -: 1380:#define JMP 0
        -: 1381:#endif
        -: 1382:
        -: 1383:#if _BRACMATEMBEDDED
        -: 1384:#include "bracmat.h"
        -: 1385:#endif
        -: 1386:
        -: 1387:
        -: 1388:#if defined sun && !defined __GNUC__
        -: 1389:#include <unistd.h> /* SEEK_SET, SEEK_CUR */
        -: 1390:#define ALERT 7
        -: 1391:#define strtoul(a,b,c) strtol(a,b,c)
        -: 1392:#else
        -: 1393:#include <stddef.h>
        -: 1394:#endif
        -: 1395:
        -: 1396:#include <stdlib.h>
        -: 1397:
        -: 1398:#ifndef ALERT
        -: 1399:#define ALERT '\a'
        -: 1400:#endif
        -: 1401:
        -: 1402:#include <limits.h>
        -: 1403:
        -: 1404:#if defined _WIN64 || defined _WIN32
        -: 1405:typedef unsigned __int32 UINT32_T; /* pre VS2010 has no int32_t */
        -: 1406:#endif
        -: 1407:
        -: 1408:#if defined _WIN64
        -: 1409:/*Microsoft*/
        -: 1410:#define WORD32  0
        -: 1411:#define _4      1
        -: 1412:#define _5_6    1
        -: 1413:#define LONG long long
        -: 1414:#define STRTOUL _strtoui64
        -: 1415:#define STRTOL _strtoi64
        -: 1416:#define FSEEK _fseeki64
        -: 1417:#define FTELL _ftelli64
        -: 1418:#else
        -: 1419:#if !defined NO_C_INTERFACE && !defined _WIN32
        -: 1420:#if UINT_MAX == 4294967295
        -: 1421:typedef unsigned int UINT32_T;
        -: 1422:#elif ULONG_MAX == 4294967295
        -: 1423:typedef unsigned long UINT32_T;
        -: 1424:#endif
        -: 1425:#endif
        -: 1426:#if LONG_MAX <= 2147483647L
        -: 1427:#define WORD32  1
        -: 1428:#define _4      1
        -: 1429:#define _5_6    1
        -: 1430:#else
        -: 1431:#define WORD32  0
        -: 1432:#define _4      1
        -: 1433:#define _5_6    1
        -: 1434:#endif
        -: 1435:#define LONG long
        -: 1436:#define STRTOUL strtoul
        -: 1437:#define STRTOL strtol
        -: 1438:#define FSEEK fseek
        -: 1439:#define FTELL ftell
        -: 1440:#endif
        -: 1441:
        -: 1442:
        -: 1443:#if defined __TURBOC__ || defined __MSDOS__ || defined _WIN32 || defined __GNUC__
        -: 1444:#define DELAY_DUE_TO_INPUT
        -: 1445:#endif
        -: 1446:
        -: 1447:#include <time.h>
        -: 1448:#ifndef CLOCKS_PER_SEC
        -: 1449:#ifdef CLK_TCK  /* pre-ANSI-C */
        -: 1450:#define CLOCKS_PER_SEC CLK_TCK
        -: 1451:#else
        -: 1452:#if defined sun
        -: 1453:#define CLOCKS_PER_SEC 1000000 /* ??? */
        -: 1454:#endif
        -: 1455:#endif
        -: 1456:#endif
        -: 1457:
        -: 1458:#define LOGWORDLENGTH 2
        -: 1459:/* vlaggen in knoop */
        -: 1460:#define NOT              1      /* ~ */
        -: 1461:     /* zo houden ivm vermenging logische en bit operatoren && || | ^ & */
        -: 1462:#define SUCCESS         (1<< 1)
        -: 1463:#define READY           (1<< 2)
        -: 1464:#define POSITION        (1<< 3) /* [ */
        -: 1465:#define INDIRECT        (1<< 4) /* ! */
        -: 1466:#define DOUBLY_INDIRECT (1<< 5) /* !! */
        -: 1467:#define FENCE           (1<< 6) /* `   (within same byte as ATOM and NOT) */
        -: 1468:#define ATOM            (1<< 7) /* @ */
        -: 1469:#define NONIDENT        (1<< 8) /* % */
        -: 1470:#define GREATER_THAN    (1<< 9) /* > */
        -: 1471:#define SMALLER_THAN    (1<<10) /* < */
        -: 1472:#define NUMBER          (1<<11) /* # */
        -: 1473:#define BREUK           (1<<12) /* / */
        -: 1474:#define UNIFY           (1<<13) /* ? */
        -: 1475:#define IDENT           (1<<14)
        -: 1476:#define IMPLIEDFENCE    (1<<15) /* 20070222 */
        -: 1477:
        -: 1478:#define VISIBLE_FLAGS_WEAK      (INDIRECT|DOUBLY_INDIRECT|FENCE|UNIFY)
        -: 1479:#define VISIBLE_FLAGS_NON_COMP  (INDIRECT|DOUBLY_INDIRECT|ATOM|NONIDENT|NUMBER|BREUK|UNIFY) /* allows < > ~< and ~> as flags on numbers */
        -: 1480:#define VISIBLE_FLAGS_POS0      (INDIRECT|DOUBLY_INDIRECT|NONIDENT|QBREUK|UNIFY|QGETAL)
        -: 1481:#define VISIBLE_FLAGS_POS       (INDIRECT|DOUBLY_INDIRECT|NONIDENT|QBREUK|UNIFY|QGETAL|NOT|GREATER_THAN|SMALLER_THAN)
        -: 1482:#define VISIBLE_FLAGS           (INDIRECT|DOUBLY_INDIRECT|ATOM|NONIDENT|NUMBER|BREUK|UNIFY|NOT|GREATER_THAN|SMALLER_THAN|FENCE|POSITION)
        -: 1483:
        -: 1484:#define HAS_VISIBLE_FLAGS_OR_MINUS(psk) ((psk)->ops & (VISIBLE_FLAGS|MINUS))
        -: 1485:#define RATIONAAL(psk)      (((psk)->ops & (QGETAL|IS_OPERATOR|VISIBLE_FLAGS)) == QGETAL)
        -: 1486:#define RATIONAAL_COMP(psk) (((psk)->ops & (QGETAL|IS_OPERATOR|VISIBLE_FLAGS_NON_COMP)) == QGETAL)
        -: 1487:#define RATIONAAL_COMP_NOT_NUL(psk) (((psk)->ops & (QGETAL|QNUL|IS_OPERATOR|VISIBLE_FLAGS_NON_COMP)) == QGETAL)
        -: 1488:#define RATIONAAL_WEAK(psk) (((psk)->ops & (QGETAL|IS_OPERATOR|INDIRECT|DOUBLY_INDIRECT|FENCE|UNIFY)) == QGETAL)/* allows < > ~< and ~> as flags on numbers */
        -: 1489:#define       LESS(psk)    (((psk)->v.fl & (VISIBLE_FLAGS_POS)) == (QGETAL|SMALLER_THAN))
        -: 1490:#define LESS_EQUAL(psk)    (((psk)->v.fl & (VISIBLE_FLAGS_POS)) == (QGETAL|NOT|GREATER_THAN))
        -: 1491:#define MORE_EQUAL(psk)    (((psk)->v.fl & (VISIBLE_FLAGS_POS)) == (QGETAL|NOT|SMALLER_THAN))
        -: 1492:#define       MORE(psk)    (((psk)->v.fl & (VISIBLE_FLAGS_POS)) == (QGETAL|GREATER_THAN))
        -: 1493:#define    UNEQUAL(psk)    (((psk)->v.fl & (VISIBLE_FLAGS_POS)) == (QGETAL|NOT))
        -: 1494:#define LESSORMORE(psk)    (((psk)->v.fl & (VISIBLE_FLAGS_POS)) == (QGETAL|SMALLER_THAN|GREATER_THAN)) /*20111102*/
        -: 1495:#define      EQUAL(psk)    (((psk)->v.fl & (VISIBLE_FLAGS_POS)) == QGETAL)
        -: 1496:#define NOTLESSORMORE(psk) (((psk)->v.fl & (VISIBLE_FLAGS_POS)) == (QGETAL|NOT|SMALLER_THAN|GREATER_THAN))
        -: 1497:
        -: 1498:#define INTEGER(kn)               (((kn)->ops & (QGETAL|QBREUK|IS_OPERATOR|VISIBLE_FLAGS))                      == QGETAL)
        -: 1499:#define INTEGER_COMP(kn)          (((kn)->ops & (QGETAL|QBREUK|IS_OPERATOR|VISIBLE_FLAGS_NON_COMP))             == QGETAL)
        -: 1500:
        -: 1501:#define INTEGER_NIET_NEG(kn)      (((kn)->ops & (QGETAL|MINUS|QBREUK|IS_OPERATOR|VISIBLE_FLAGS))                == QGETAL)
        -: 1502:#define INTEGER_NIET_NEG_COMP(kn) (((kn)->ops & (QGETAL|MINUS|QBREUK|IS_OPERATOR|VISIBLE_FLAGS_NON_COMP))       == QGETAL)
        -: 1503:
        -: 1504:#define INTEGER_POS(kn)           (((kn)->ops & (QGETAL|MINUS|QNUL|QBREUK|IS_OPERATOR|VISIBLE_FLAGS))           == QGETAL)
        -: 1505:#define INTEGER_POS_COMP(kn)      (((kn)->ops & (QGETAL|MINUS|QNUL|QBREUK|IS_OPERATOR|VISIBLE_FLAGS_NON_COMP))  == QGETAL)
        -: 1506:
        -: 1507:#define INTEGER_NIET_NUL_COMP(kn) (((kn)->ops & (QGETAL|QNUL|QBREUK|IS_OPERATOR|VISIBLE_FLAGS_NON_COMP))        == QGETAL)
        -: 1508:#define HAS_MINUS_SIGN(kn)         (((kn)->ops & (MINUS|IS_OPERATOR)) == MINUS)
        -: 1509:
        -: 1510:#define RAT_NUL(kn) (((kn)->v.fl & (QNUL|IS_OPERATOR|VISIBLE_FLAGS)) == QNUL)
        -: 1511:#define RAT_NUL_COMP(kn) (((kn)->v.fl & (QNUL|IS_OPERATOR|VISIBLE_FLAGS_NON_COMP)) == QNUL)
        -: 1512:#define RAT_NEG(kn) (((kn)->ops & (QGETAL|MINUS|IS_OPERATOR|VISIBLE_FLAGS)) \
        -: 1513:                                == (QGETAL|MINUS))
        -: 1514:#define RAT_NEG_COMP(kn) (((kn)->ops & (QGETAL|MINUS|IS_OPERATOR|VISIBLE_FLAGS_NON_COMP)) \
        -: 1515:                                == (QGETAL|MINUS))
        -: 1516:
        -: 1517:#define RAT_RAT(kn) (((kn)->ops & (QGETAL|QBREUK|IS_OPERATOR|VISIBLE_FLAGS))\
        -: 1518:                                == (QGETAL|QBREUK))
        -: 1519:
[...]
        -:16909:#else
        -:16910:                        ((typedObjectknoop*)(pkn))->refcount = 0;
        -:16911:                        UNSETCREATEDWITHNEW((typedObjectknoop*)pkn);
        -:16912:                        UNSETBUILTIN((typedObjectknoop*)pkn);
        -:16913:#endif
        1:16914:                        pkn->LEFT = subboomcopie(old->LEFT);
        1:16915:                        old->RIGHT = Head(old->RIGHT);
        1:16916:                        pkn->RIGHT = subboomcopie(old->RIGHT);
        1:16917:                        wis(old);
        -:16918:                        }
      757:16919:                    pkn->v.fl &= (~OPERATOR & ~READY);
      757:16920:                    pkn->ops |= dummy_op;
      757:16921:                    pkn->v.fl |= SUCCESS;
      757:16922:                    if(lkn.v.fl & INDIRECT)
        -:16923:                        {/* (a=b=127)&(.):(_)&!(a_b) */
        1:16924:                        pkn = evalvar(pkn);
        -:16925:                        }
      757:16926:                    break;
        -:16927:                }
        -:16928:            }
        -:16929:        else
        -:16930:            {
        -:16931:            /*assert(!shared(pkn));*/ /* 20120916 evalvar now expects not shared arg. */
        -:16932:            /* An unevaluated leaf can only be an atom with ! or !!,
        -:16933:            so we don't need to test for this condition.*/
   642550:16934:            pkn = evalvar(pkn);
        -:16935:            /* After evaluation of a variable, the loop continues.
        -:16936:            Together with how & and | (EN and OF) are treated, this ensures that
        -:16937:            a loop can run indefinitely, without using stack space. */
        -:16938:            }
        -:16939:        }
        -:16940:#if JMP
        -:16941:    PeekMsg();
        -:16942:#endif
        -:16943:    ZSTACK
  2172026:16944:    return pkn;
        -:16945:    }
        -:16946:
        1:16947:int startProc(
        -:16948:#if _BRACMATEMBEDDED
        -:16949:    startStruct * init
        -:16950:#else
        -:16951:    void
        -:16952:#endif
        -:16953:    )
        -:16954:    {
        -:16955:    int tel;
        -:16956:    int err; /* 20100802, evaluation of version string */
        -:16957:    static int called = 0;
        -:16958:    /*printf("startProc ");*/
        1:16959:    if(called)
        -:16960:        {
        -:16961:        /*printf("already called\n");*/
    #####:16962:        return 2;
        -:16963:        }
        -:16964:    /*printf("call\n");*/
        1:16965:    called = 1;
        -:16966:#if _BRACMATEMBEDDED
        -:16967:    if(init)
        -:16968:        {
        -:16969:        if(init->WinIn)
        -:16970:            {
        -:16971:            WinIn = init->WinIn;
        -:16972:            }
        -:16973:        if(init->WinOut)
        -:16974:            {
        -:16975:            WinOut = init->WinOut;
        -:16976:            }
        -:16977:        if(init->WinFlush)
        -:16978:            {
        -:16979:            WinFlush = init->WinFlush;
        -:16980:            }
        -:16981:        }
        -:16982:#endif
        1:16983:    for(tel = 0;tel<256;variabelen[tel++] = NULL)
        -:16984:        ;
        1:16985:    if(!init_ruimte())
    #####:16986:        return 0;
        1:16987:    init_opcode();
        1:16988:    anker = NULL;
        1:16989:    fpi = stdin;
        1:16990:    fpo = stdout;
        -:16991:
        1:16992:    argk.flgs = READY | SUCCESS;
        1:16993:    argk.u.lobj = O('a','r','g');
        -:16994:
        1:16995:    sjt.flgs = READY | SUCCESS;/*20100910*/
        1:16996:    sjt.u.lobj = O('s','j','t');/*20100910*/
        -:16997:
        1:16998:    selfkn.flgs = READY | SUCCESS;
        1:16999:    selfkn.u.lobj = O('i','t','s');
        -:17000:
        1:17001:    Selfkn.flgs = READY | SUCCESS;
        1:17002:    Selfkn.u.lobj = O('I','t','s');
        -:17003:
        1:17004:    nilk.flgs = READY | SUCCESS | IDENT;
        1:17005:    nilk.u.lobj = 0L;
        -:17006:
        1:17007:    nulk.flgs = READY | SUCCESS | IDENT | QGETAL | QNUL;
        1:17008:    nulk.u.lobj = 0L;
        1:17009:    nulk.u.obj = '0';
        -:17010:
        1:17011:    eenk.u.lobj = 0L;
        1:17012:    eenk.u.obj = '1';
        1:17013:    eenk.flgs = READY | SUCCESS | IDENT | QGETAL;
        1:17014:    *(&(eenk.u.obj)+1) = 0;
        -:17015:
        1:17016:    mintweek.u.lobj = 0L;
        1:17017:    mintweek.u.obj = '2';
        1:17018:    mintweek.flgs = READY | SUCCESS | QGETAL | MINUS;
        1:17019:    *(&(mintweek.u.obj)+1) = 0;
        -:17020:
        1:17021:    mineenk.u.lobj = 0L;
        1:17022:    mineenk.u.obj = '1';
        1:17023:    mineenk.flgs = READY | SUCCESS | QGETAL | MINUS;
        1:17024:    *(&(mineenk.u.obj)+1) = 0;
        -:17025:
        1:17026:    tweek.u.lobj = 0L;
        1:17027:    tweek.u.obj = '2';
        1:17028:    tweek.flgs = READY | SUCCESS | QGETAL;
        1:17029:    *(&(tweek.u.obj)+1) = 0;
        -:17030:
        1:17031:    vierk.u.lobj = 0L;
        1:17032:    vierk.u.obj = '4';
        1:17033:    vierk.flgs = READY | SUCCESS | QGETAL;
        1:17034:    *(&(vierk.u.obj)+1) = 0;
        -:17035:
        1:17036:    minvierk.u.lobj = 0L;
        1:17037:    minvierk.u.obj = '4';
        1:17038:    minvierk.flgs = READY | SUCCESS | QGETAL | MINUS;
        1:17039:    *(&(minvierk.u.obj)+1) = 0;
        -:17040:
        1:17041:    m0 = opb(m0,"?*(%+%)^~/#>1*?" , NULL);
        1:17042:    m1 = opb(m1,"?*(%+%)*?" , NULL);
        1:17043:    f0 = opb(f0,"(g,k,pow"
        -:17044:                ".(pow"
        -:17045:                  "=b,c,d,l,s,f"
        -:17046:                  ".!arg:(%?b+%?c)^?d"
        -:17047:                  "&1:?f"
        -:17048:                  "&(s"
        -:17049:                   "=!d:1&0"
        -:17050:                   "|(!f*!d*(1+!l:?l)^-1:?f)"
        -:17051:                    "*!b^!l"
        -:17052:                    "*pow$(!c^(-1+!d:?d))"
        -:17053:                   "+!s"
        -:17054:                   ")"
        -:17055:                  "&!b^!d+!c^!d+!s"
        -:17056:                  "|!arg"
        -:17057:                  ")"
        -:17058:                  "&!arg:?g*((%+%)^~/#>1:?arg)*?k"
        -:17059:                  "&!g*pow$!arg*!k)",NULL);
        1:17060:    f1 = opb(f1,
        -:17061:        "((\177g,\177h,\177i).!arg:?\177g*(%?\177h+%?\177i)*",
        -:17062:        "?arg&!\177g*!\177h*!arg+!\177g*!\177i*!arg)",NULL);
        1:17063:    f4 = opb(f4,  "l,a,b,c,e,f"
        -:17064:                ".(a"
        -:17065:                 "=j,g,h,i"
        -:17066:                  ".!arg:?l^(?j+?g*!l\016?h*?i+?arg)"
        -:17067:                   "&!l^(!j+!arg)*!h^(!g*!i)"
        -:17068:                 ")"
        -:17069:                "&(e"
        -:17070:                 "=j,g,I"
        -:17071:                 ".!arg:?j+#?g*((i|-i):?I)*pi+?arg"
        -:17072:                   "&1:?l"
        -:17073:                   "&!j+(mod$(1+!g,2)+-1)*!I*pi+!arg"
        -:17074:                 ")"
        -:17075:                "&(f"
        -:17076:                 "=j,i"
        -:17077:                  ".!arg:?j+#?l*((i|-i):?I)*pi+?arg"
        -:17078:                   "&!I^(2*!l):?l"
        -:17079:                   "&!j+!arg"
        -:17080:                 ")"
        -:17081:                "&(b"
        -:17082:                 "="
        -:17083:                  "(!l:(<-1|>1)&e"
        -:17084:                  "|(-1|1/2|-1/2)&f"
        -:17085:                  ")"
        -:17086:                  ":?l"
        -:17087:                 ")"
        -:17088:                "&(c"
        -:17089:                 "="
        -:17090:                  ".1+!arg:?arg"
        -:17091:                   "&1:?l"
        -:17092:                   "&-1+!arg"
        -:17093:                 ")"
        -:17094:                "&(!arg:?l^(?+?*!l\016?*?+?)&a$!arg"
        -:17095:                 "|!arg"
        -:17096:                  ":e^((?+#?l*(i|-i)*pi+?&`!b"
        -:17097:                      "|?"
        -:17098:                       "*(pi|i|-i)"
        -:17099:                       "*?"
        -:17100:                       "*(?+?*(pi|i|-i)*?+?:%+%)"
        -:17101:                       "*?"
        -:17102:                        "&c:?l"
        -:17103:                      ")"
        -:17104:                     ":?arg"
        -:17105:                     ")"
        -:17106:                   "&e^!l$!arg*!l"
        -:17107:                 ")",NULL);
        1:17108:    f5 = opb(f5,
        -:17109:         "l,d"
        -:17110:         ".(d"
        -:17111:          "=j,g,h"
        -:17112:           ".!arg:?l\016(?j*!l^?g*?h)&!g+!l\016(!j*!h)"
        -:17113:          ")"
        -:17114:          "&!arg:?l\016(?*!l^?*?)"
        -:17115:          "&d$!arg", NULL);
        -:17116:
        1:17117:    anker = startboom_w(anker ,
        -:17118:        "(cat=flt,sin,tay,fct,cos,out,sgn.!arg:((?flt,(?sin,?tay)|?sin&:?tay)|?flt&:?sin:"
        -:17119:        "?tay)&(fct=.!arg:%?cos ?arg&!cos:((?out.?)|?out)&'(? ($out|($out.?)"
        -:17120:        ") ?):(=?sgn)&(!flt:!sgn&!(glf$(=~.!sin:!sgn))&!cos|) fct$!arg|)&(:!flt:!sin&mem$!tay|(:!flt&mem$:?flt"
        -:17121:        "|)&fct$(mem$!tay))),",
        -:17122:
        -:17123:        /* 20110823
        -:17124:        "(cat=flt,sin,tay,fct,cos,out,sgn.!arg:((?flt,(?sin,?tay)|?sin&:?tay)|?flt&:?sin:"
        -:17125:        "?tay)&(fct=.!arg:%?cos ?arg&!cos:((?out.?)|?out)&'(? (`=$out|($out.?)"
        -:17126:        ") ?):?sgn&(!flt:!sgn&~$(!sin:!sgn)&!cos|) fct$!arg|)&(:!flt:!sin|(:!flt&mem$:?flt"
        -:17127:        "|)&fct)$(mem$!tay)),",
        -:17128:        */
        -:17129:        "(out=(.put$!arg:?arg&put$\212&!arg)),"
        -:17130:        "(flt=((e,d,m,s,f).!arg:(?arg,~<0:?d)&!arg:0|(-1*!arg:>0:?arg&-1|1):?s&"
        -:17131:        "10\016!arg:?e+(10\016?m|0&1:?m)&(!m+1/2*1/10^!d:~<10&1+!e:?e&!m*1/10"
        -:17132:        ":?m|)&@(div$(!m+1/2*(1/10^!d:?d),!d):"
        -:17133:        "`%?f ?m)&str$(!s*!f (!d:~1&\254|) !m \252\261\260\305 !e))),",
        -:17134:
        -:17135:        "(tay=((f,tot,x,fac,cnt,res,R).",
        -:17136:        "(R=!cnt:!tot&!res|!res+(sub$(!x\017!f:?f.!x.0))*((!fac*(!cnt+1:?cnt))"
        -:17137:        ":?fac)^-1*!x^!cnt:?res&!R)&",
        -:17138:        "!arg:(?f,?x,?tot)&(fac=1)&(cnt=0)&((sub$(!f.!x.0)):?res)&!R)),",
        -:17139:
        -:17140:        /*"(ego=(r.sub$(sub$(!arg.(sin.?r).'sin$!r).(cos.?r).'cos$!r))),",
        -:17141:
        -:17142:        "(goe=((h,s).sub$(!arg.'(e^?h).",
        -:17143:        "'(-1*(sgn$(-1+i*!h+1:?h):?s)*i*(sin.-1+!s*!h+1:?s)+(cos.!s))))),",*/
        -:17144:
        -:17145:        "(sin=(.i*(-1/2*e^(i*!arg)+1/2*e^(-i*!arg)))),",
        -:17146:
        -:17147:        "(cos=(.1/2*(e^(i*!arg)+e^(-i*!arg)))),",
        -:17148:
        -:17149:        "(sgn=(.!arg:?#%arg*%+?&sgn$!arg|!arg:<0&-1|1)),",
        -:17150:        "(abs=(.sgn$!arg*!arg)),",
        -:17151:        "(sub=\177e,\177x,\177v,\177F.(\177F=\177l,\177r.!arg:!\177x&!\177v|"
        -:17152:        "!arg:%?\177l_%?\177r&(\177F$!\177l)_(\177F$!\177r)|!arg)&!arg:(("
        -:17153:        "?\177e.?\177x.?\177v)|out$(str$((=sub$(expr.var.rep)) !arg))&get'&~`)"
        -:17154:        "&\177F$!\177e),",
        -:17155:        fct,
        -:17156:        NULL);
        -:17157:
        -:17158:
        -:17159:#if JMP
        -:17160:    if(setjmp(jumper) != 0)
        -:17161:        return;
        -:17162:#endif
        1:17163:    anker = eval(anker);
        1:17164:    stringEval("(v=\"Bracmat version " VERSION ", build " BUILD " (" DATUM ")\")",NULL,&err);
        1:17165:    return 1;
        -:17166:}
        -:17167:
        1:17168:void endProc(void)
        -:17169:    {
        -:17170:    int err;
        -:17171:    static int called = 0;
        1:17172:    if(called)
        1:17173:        return;
        1:17174:    called = 1;
        -:17175:/*  stringEval("cat$:? CloseDown ? & CloseDown$ | out$\"No CloseDown function provided, exiting all the same.\"",NULL,&err);*/
        1:17176:    stringEval("cat$:? CloseDown ? & CloseDown$ | ",NULL,&err);
        1:17177:    if(err)
    #####:17178:        errorprintf("Error executing CloseDown\n");
        -:17179:    }
        -:17180:
        -:17181:/* main - the text-mode front end for bracmat */
        -:17182:
        -:17183:
        -:17184:#if _BRACMATEMBEDDED
        -:17185:#else
        -:17186:
        -:17187:#include <stddef.h>
        -:17188:
        1:17189:int mainlus(int argc,char *argv[])
        -:17190:    {
        -:17191:    int err;
        -:17192:    char * mainloop;
        -:17193:    const char * ret;
        1:17194:    if(argc > 1)
        -:17195:        { /* to get here, e.g.: ./bracmat out$hello */
        1:17196:        ARGC = argc;
        1:17197:        ARGV = argv;
        1:17198:        mainloop = "arg$&whl'(get$(arg$,MEM):?\"?...@#$*~%!\")&!\"?...@#$*~%!\"";
        1:17199:        stringEval(mainloop,&ret,&err);
        1:17200:        return (int)STRTOL(ret,0,10);
        -:17201:        /*
        -:17202:        int i;
        -:17203:        for(i = 1;i < argc;++i) / *20090630* /
        -:17204:            {
        -:17205:            stringEval(argv[i],NULL,&err);
        -:17206:            }
        -:17207:            */
        -:17208:        }
        -:17209:    else
        -:17210:        {
    #####:17211:        mainloop =
        -:17212:        "(w=\"11. BECAUSE THE PROGRAM IS LICENSED FREE OF CHARGE, THERE IS NO WARRANTY\\n"
        -:17213:        "FOR THE PROGRAM, TO THE EXTENT PERMITTED BY APPLICABLE LAW.  EXCEPT WHEN\\n"
        -:17214:        "OTHERWISE STATED IN WRITING THE COPYRIGHT HOLDERS AND/OR OTHER PARTIES\\n"
        -:17215:        "PROVIDE THE PROGRAM \\\"AS IS\\\" WITHOUT WARRANTY OF ANY KIND, EITHER EXPRESSED\\n"
        -:17216:        "OR IMPLIED, INCLUDING, BUT NOT LIMITED TO, THE IMPLIED WARRANTIES OF\\n"
        -:17217:        "MERCHANTABILITY AND FITNESS FOR A PARTICULAR PURPOSE.  THE ENTIRE RISK AS\\n"
        -:17218:        "TO THE QUALITY AND PERFORMANCE OF THE PROGRAM IS WITH YOU.  SHOULD THE\\n"
        -:17219:        "PROGRAM PROVE DEFECTIVE, YOU ASSUME THE COST OF ALL NECESSARY SERVICING,\\n"
        -:17220:        "REPAIR OR CORRECTION.\\n\")&"
        -:17221:        "(c=\"12. IN NO EVENT UNLESS REQUIRED BY APPLICABLE LAW OR AGREED TO IN WRITING\\n"
        -:17222:        "WILL ANY COPYRIGHT HOLDER, OR ANY OTHER PARTY WHO MAY MODIFY AND/OR\\n"
        -:17223:        "REDISTRIBUTE THE PROGRAM AS PERMITTED ABOVE, BE LIABLE TO YOU FOR DAMAGES,\\n"
        -:17224:        "INCLUDING ANY GENERAL, SPECIAL, INCIDENTAL OR CONSEQUENTIAL DAMAGES ARISING\\n"
        -:17225:        "OUT OF THE USE OR INABILITY TO USE THE PROGRAM (INCLUDING BUT NOT LIMITED\\n"
        -:17226:        "TO LOSS OF DATA OR DATA BEING RENDERED INACCURATE OR LOSSES SUSTAINED BY\\n"
        -:17227:        "YOU OR THIRD PARTIES OR A FAILURE OF THE PROGRAM TO OPERATE WITH ANY OTHER\\n"
        -:17228:        "PROGRAMS), EVEN IF SUCH HOLDER OR OTHER PARTY HAS BEEN ADVISED OF THE\\n"
        -:17229:        "POSSIBILITY OF SUCH DAMAGES.\\n\")&"
        -:17230:        "out$!v&"
        -:17231:        "out$\"Copyright (C) 2002 Bart Jongejan\\n"
        -:17232:        "Bracmat comes with ABSOLUTELY NO WARRANTY; for details type `!w'.\\n"
        -:17233:        "This is free software, and you are welcome to redistribute it\\n"
        -:17234:        "under certain conditions; type `!c' for details.\\n\\n"
        -:17235:        "\\n\\n{?} get$help { tutorial }\\n{?} )        { stop }\"&"
        -:17236:        "(main=put$\"{?} \"&clk$():?SEC&((get':?!(=):(|?&clk$+-1*!SEC:?SEC&"
        -:17237:        "put$\"{!} \"&put$!&put$(\"\\n    S  \" str$(div$(!SEC,1) \",\" (div$(mod$("
        -:17238:        "!SEC*100,100),1):?SEC&!SEC:<10&0|) !SEC) sec))|put$\"\\n    F\")|"
        -:17239:        "put$\"\\n    I\")&"
        -:17240:
        -:17241:
        -:17242:
        -:17243:
        -:17244:#if TELMAX
        -:17245:
        -:17246:        "out$str$(\"  \" bez')&"
        -:17247:#else
        -:17248:        "out$&"
        -:17249:#endif
        -:17250:
        -:17251:        "!main)&!main";
    #####:17252:        stringEval(mainloop,NULL,&err);
        -:17253:        }
    #####:17254:    return 0;
        -:17255:    }
        -:17256:
        1:17257:int main(int argc,char *argv[])
        -:17258:    {
        -:17259:    int ret; /*20100310 numerical result of mainlus becomes exit code.
        -:17260:             If out of integer range or not numerical: 0*/
        1:17261:    char * p = argv[0] + strlen(argv[0]);
        -:17262:#if 0
        -:17263:#ifdef _WIN64 /* Microsoft 64 bit */
        -:17264:    printf("_WIN64\n");
        -:17265:    printf("sizeof(char *) %lld\n",sizeof(char *));
        -:17266:    printf("sizeof(LONG) %lld\n",sizeof(LONG));
        -:17267:    printf("sizeof(size_t) %lld\n",sizeof(size_t));
        -:17268:    printf("WORD32 %d\n",WORD32);
        -:17269:    printf("RADIX %lld\n",(LONG)RADIX);
        -:17270:    printf("RADIX2 %lld\n",(LONG)RADIX2);
        -:17271:    printf("TEN_LOG_RADIX %lld\n",(LONG)TEN_LOG_RADIX);
        -:17272:    printf("HEADROOM %lld\n",(LONG)HEADROOM);
        -:17273:#else /* 32 bit and gcc 64 bit */
        -:17274:    printf("!_WIN64\n");
        -:17275:    printf("sizeof(char *) %ld\n",sizeof(char *));
        -:17276:    printf("sizeof(LONG) %ld\n",sizeof(LONG));
        -:17277:    printf("sizeof(size_t) %ld\n",sizeof(size_t));
        -:17278:    printf("WORD32 %d\n",WORD32);
        -:17279:    printf("RADIX %ld\n",(LONG)RADIX);
        -:17280:    printf("RADIX2 %ld\n",(LONG)RADIX2);
        -:17281:    printf("TEN_LOG_RADIX %ld\n",(LONG)TEN_LOG_RADIX);
        -:17282:    printf("HEADROOM %ld\n",(LONG)HEADROOM);
        -:17283:#endif
        -:17284:#endif
        -:17285:#ifndef NDEBUG
        -:17286:        {
        -:17287:        LONG radix,ten_log_radix;
        -:17288:        assert(HEADROOM*RADIX2 < LONG_MAX);
        -:17289:        for(radix = 1,ten_log_radix = 1;ten_log_radix <= TEN_LOG_RADIX;radix *= 10,++ten_log_radix)
        -:17290:            ;
        -:17291:        assert(RADIX == radix);
        -:17292:        }
        -:17293:#endif
        -:17294:    assert(sizeof(tFlags) == sizeof(unsigned int));
        7:17295:    while(--p >= argv[0])
        6:17296:        if(*p == '\\' || *p == '/')
        -:17297:            {
        1:17298:            ++p;
        1:17299:            targetPath = (char *)malloc(p - argv[0] + 1);
        1:17300:            if(targetPath)
        -:17301:                {
        1:17302:                strncpy(targetPath,argv[0],p - argv[0]);
        1:17303:                targetPath[p - argv[0]] = '\0';
        -:17304:                }
        1:17305:            break;
        -:17306:            }
        -:17307:/*  Printf("targetPath=%s\n",targetPath);*/
        -:17308:
        1:17309:    errorStream = stderr;
        1:17310:    if(!startProc())
    #####:17311:        return -1;
        1:17312:    ret = mainlus(argc,argv);
        1:17313:    endProc();/* to get here, eg: {?} main=out$bye! */
        1:17314:    if(targetPath)
        1:17315:        free(targetPath);
        1:17316:    return ret;
        -:17317:    }
        -:17318:
        -:17319:#endif /*#if !_BRACMATEMBEDDED*/
        -:17320:
