        -:    0:Source:bracmat.c
        -:    0:Graph:bracmat.gcno
        -:    0:Data:bracmat.gcda
        -:    0:Runs:1
        -:    0:Programs:1
        -:    1:/*
        -:    2:    Bracmat. Programming language with pattern matching on tree structures.
        -:    3:    Copyright (C) 2002  Bart Jongejan
        -:    4:
        -:    5:    This program is free software; you can redistribute it and/or modify
        -:    6:    it under the terms of the GNU General Public License as published by
        -:    7:    the Free Software Foundation; either version 2 of the License, or
        -:    8:    (at your option) any later version.
        -:    9:
        -:   10:    This program is distributed in the hope that it will be useful,
        -:   11:    but WITHOUT ANY WARRANTY; without even the implied warranty of
        -:   12:    MERCHANTABILITY or FITNESS FOR A PARTICULAR PURPOSE.  See the
        -:   13:    GNU General Public License for more details.
        -:   14:
        -:   15:    You should have received a copy of the GNU General Public License
        -:   16:    along with this program; if not, write to the Free Software
        -:   17:    Foundation, Inc., 59 Temple Place, Suite 330, Boston, MA  02111-1307  USA
        -:   18:*/
        -:   19:/*
        -:   20:email: bartj@hum.ku.dk
        -:   21:*/
        -:   22:/*
        -:   23:COMPILATION
        -:   24:-----------
        -:   25:It is assumed that the hardware is litte-endian, (which has become the most
        -:   26:common these days).
        -:   27:
        -:   28:If you can compile successfully but cannot run the program succesfully,
        -:   29:try putting -DBIGENDIAN on the command line of the compiler.
        -:   30:This works of course only if the machine's hardware is big-endian.
        -:   31:
        -:   32:The program only utilizes standard libraries.
        -:   33:
        -:   34:Until 2012, the source code consisted of a single file, bracmat.c.
        -:   35:Because XML is becoming more popular, a separate source file, xml.c
        -:   36:implements reading XML files.
        -:   37:
        -:   38:On *N?X, just compile with
        -:   39:
        -:   40:    gcc -std=c99 -pedantic -Wall -O3 -static -DNDEBUG -o bracmat bracmat.c xml.c
        -:   41:
        -:   42:
        -:   43:The options are not necessary to successfully compile the program just
        -:   44:
        -:   45:    gcc *.c
        -:   46:
        -:   47:also works and produces the executable a.out.
        -:   48:
        -:   49:Profiling:
        -:   50:
        -:   51:    gcc -Wall -c -pg -DNDEBUG bracmat.c xml.c
        -:   52:    gcc -Wall -pg bracmat.o xml.o
        -:   53:    ./a.out 'get$"valid.bra";!r'
        -:   54:    gprof a.out
        -:   55:
        -:   56:Test coverage:
        -:   57:(see http://gcc.gnu.org/onlinedocs/gcc/Invoking-Gcov.html#Invoking-Gcov)
        -:   58:
        -:   59:    gcc -fprofile-arcs -ftest-coverage -DNDEBUG bracmat.c xml.c
        -:   60:    ./a.out
        -:   61:    gcov bracmat.c
        -:   62:    gcov xml.c
        -:   63:
        -:   64:*/
        -:   65:
        -:   66:#define DATUM "2 December 2012"
        -:   67:#define VERSION "6"
        -:   68:#define BUILD "146"
        -:   69:/*
        -:   70:     2 December
        -:   71:Made type 'int' explicit in line 5223
        -:   72: 
        -:   73:     1 December
        -:   74:Solved bug with late binding that turned up when evaluating 
        -:   75:(cof==h) & @(gj:?!cof) & !cof
        -:   76:
        -:   77:    28 November
        -:   78:Made input stop on EOF even if input is stdin.
        -:   79:
        -:   80:    23 November 2012
        -:   81:During testing of corner cases, found code that never executed in find() and
        -:   82:code that was missing in doPosition.
        -:   83:
        -:   84:    16 November 2012
        -:   85:Found and solved bug in Naamwoord. Case:
        -:   86:(abcd=bopt=cyt*dip) & (cyt=dip=egsae) & foo:?!!(abcd.bopt)
        -:   87:Removed rudimentary argument char ** punmatched from some functions.
        -:   88:Removed old, forgotten attempt at working with < > and ~ on subject
        -:   89:(lhs of : operator) in compare(). These flags are only useful in the pattern
        -:   90:
        -:   91:    15 November 2012
        -:   92:Added a comment to input with backslash followed by control character,
        -:   93:which is unsyntactical. Fused numberNode into _qdenominator.
        -:   94:Fused fireBuiltInFunc into wis.
        -:   95:
        -:   96:    1 November 2012
        -:   97:Function someopt() conditionally excluded with 
        -:   98:  #if !defined NO_LOW_LEVEL_FILE_HANDLING
        -:   99:
        -:  100:    21 October 2012
        -:  101:Made sure that put$ cannot write to a file that is still open in get$.
        -:  102:
        -:  103:    17 October 2012
        -:  104:In evalvar, the assumption that shared = false is false.
        -:  105:
        -:  106:    15 October 2012
        -:  107:Added 8 byte peek and poke (pee, pok) (perhaps not on all 32 bit platforms).
        -:  108:Default is now 1 byte.
        -:  109:
        -:  110:    14 October 2012
        -:  111:flg$(=~exp):(=?f.?o)  !f now fails, as it should.
        -:  112:Relaxed requirement that parameters be separated with comma for function sim.
        -:  113:new$(hash,1000) gives a hint at the initial size of the hash table.
        -:  114:Default is 97.
        -:  115:
        -:  116:    12 October 2012
        -:  117:Found some places in plus_samenvoegen_of_sorteren that were never reached,
        -:  118:commented these.
        -:  119:
        -:  120:    23 September 2012
        -:  121:Discovered buffer overflow when compiled under fresh installation of Xubuntu 
        -:  122:gcc (Ubuntu/Linaro 4.6.3-1ubuntu5) 4.6.3 with optimization -O1 and higher.
        -:  123:Cause: strcpy in some places got the address of a single byte as destination
        -:  124:and coredumped when that single-byte buffer was overrun, not knowing that
        -:  125:there was, in fact, allocated memory to house the fulle source. See definition
        -:  126:of POBJ.
        -:  127:
        -:  128:    22 September 2012
        -:  129:Discovered that built in objects too easily were copied. The new function is
        -:  130:for that. Worse, the copies were not initialized with a call to New. Also,
        -:  131:new$hash returned ((=).New)'. Now it returns the object node. Changed the rhs
        -:  132:of this node to the node that is the argument of the original call to new, so:
        -:  133:  =hash
        -:  134:
        -:  135:    20 September 2012
        -:  136:Reference counting should now be faster, bigger and better.
        -:  137:Before, reference counting went to 2^30+1024. Now it goes to 2^30*1023+1
        -:  138:Test added to valid.bra.
        -:  139:
        -:  140:    19 September 2012
        -:  141:Made major changes in Naamwoord, Naamwoord_w and doPosition to make two levels
        -:  142:of indirection work also in the case that an object is at the first level.
        -:  143:Handling of two levels of indirection is improved generally.
        -:  144:
        -:  145:    16 September 2012
        -:  146:Using gcov, found some places that are unreachable in merge(), substdiff() and
        -:  147:evalvar(). Simplified substdiff. Function evalvar now expects that the argument
        -:  148:is not shared. Deleted code that was never reached.
        -:  149:
        -:  150:    12 September 2012
        -:  151:Updated u2l and l2u with data from UnicodeData.txt 2011-11-08
        -:  152:(using script uni.bra)
        -:  153:
        -:  154:    22 August 2012
        -:  155:Bug removed. The expression
        -:  156:    ( (=A B)
        -:  157:    : ?G1
        -:  158:    : (=(A&X:?(G1.)) B)
        -:  159:    )
        -:  160:would not match the 'B' in the pattern with anything valid, because the 
        -:  161:assignment X:?(G1.) had deleted the original subject. Now the subject is
        -:  162:temporarily reference-incremented, so the 'B' still matches the old value of
        -:  163:G1. The expression as a whole evaluates to X. Notice that this bug did not
        -:  164:affect the very similar
        -:  165:    ( (G2==A B)
        -:  166:    & !G2
        -:  167:    : (=(A&X:?(G2.)) B)
        -:  168:    )
        -:  169:Reason: here, the subject is not the object that G1 is bound to, but a copy.
        -:  170:And that is so because the object that G1 is bound to is headed by an
        -:  171:unevaluated = (being part of the rhs of an = operator). The expression !G2,
        -:  172:however, must be evaluated, so it cannot be identical to G2's value.
        -:  173:Consequently, the reassignment of G2 does not affect the subject of the
        -:  174:pattern match operation, which is (=A B) at all times.
        -:  175:
        -:  176:     4 August 2012
        -:  177:Removed function "?"$<expr>. The same effect is obtained by <expr>:?!(=)
        -:  178:
        -:  179:    31 July 2012
        -:  180:Made code gcc -pedantic proof. There are two string constants with a length
        -:  181:greater than 509, which ISO C89 compilers are required to support. Therefore
        -:  182:the option -std=c99 is added.
        -:  183:The LL suffix is replaced by L for non-Microsoft compilers.
        -:  184:
        -:  185:     8 July 2012
        -:  186:Added explanation and two small improvements to nextprime()
        -:  187:
        -:  188:     2 July 2012
        -:  189:
        -:  190:Since build 115 (9 February 2012), the version should have read '6',
        -:  191:not '5'. (This was the date when bracmat wás brought to GitHub.)
        -:  192:Changes in bmalloc that makes it possible to compile with -O3.
        -:  193:Changed 'unsigned char' to 'char' in a lot of places to make some
        -:  194:warnings go away when compiled with gcc.
        -:  195:
        -:  196:    22 June 2012
        -:  197:
        -:  198:Correction in scompare(). The expression @(1b:~<1 b) did not evaluate 
        -:  199:successfully, which it should. Did a clean-up of this function.
        -:  200:
        -:  201:    4 June 2012
        -:  202:
        -:  203:Introduced READMARKUPFAMILY macro to turn xml-stuff on (1) or off (0)
        -:  204:
        -:  205:    2 June 2012
        -:  206:
        -:  207:xml.c supports reading from stdio (no rewind). Example of use:
        -:  208:type pr-xml-utf-8.xml | bracmat "put$(get$(,ML),\"pr-xml-utf-8.bra\",NEW)&"
        -:  209:
        -:  210:    1 June 2012
        -:  211:
        -:  212:Did some finishing, no essential code changes.
        -:  213:
        -:  214:    1 May 2012
        -:  215:
        -:  216:Added list of HTML entities. These are decoded to unicode codepoints and
        -:  217:encoded as utf-8 if an option HT is added.
        -:  218:
        -:  219:get$("filename.html",HT,ML,TRM)
        -:  220:
        -:  221:   29 April 2012
        -:  222:
        -:  223:Restructured the (ancient) input function and renamed some identifiers to
        -:  224:English equivalents.
        -:  225:Added a source file, xml.c, that reads SGML, HTML and XML files.
        -:  226:Syntax:
        -:  227:
        -:  228:get$(filename,ML)
        -:  229:get$(filename,ML,TRM)
        -:  230:get$(string,MEM,ML)
        -:  231:get$(string,MEM,ML,TRM)
        -:  232:
        -:  233:An option HT is made, but does not work yet. Purpose: translate HTML entities.
        -:  234:
        -:  235:   13 April 2012
        -:  236:
        -:  237:The characters @ and % in front of a string now only turn off escaping with the
        -:  238:\ character inside the string if the string is surrounded by " characters.
        -:  239:Reason: the \L operator was not recognised if its lhs contained a % or @.
        -:  240:
        -:  241:   23 February 2012
        -:  242:
        -:  243:When Bracmat reads a file that is not well-formed, it asks fo a file name where
        -:  244:it can write what it has understood. This did not work. Now it does.
        -:  245:
        -:  246:    9 February 2012
        -:  247:
        -:  248:Corrected error in doPosition that was introduced with the latest
        -:  249:optimizations.
        -:  250:
        -:  251:    4 February 2012
        -:  252:
        -:  253:Discovered that "greater than" relation implemented in the vgl function
        -:  254:wasn't transitive:
        -:  255:(1a.)+(10.)      -> (10.)+(1a.)
        -:  256:(1a.)+(10.)+(2.) -> (1a.)+(2.)+(10.)
        -:  257:Thus the order of (10.) and (1a.) depends on other terms.
        -:  258:Now the rule is: 
        -:  259:1) any number is smaller than any non-number
        -:  260:2) numbers are compared numerically
        -:  261:3) non-numbers are compared with strcmp
        -:  262:
        -:  263:    25 January 2012
        -:  264:
        -:  265:Improved handling of negative positions (positions counted from the end)
        -:  266:in lists, sums and products.
        -:  267:
        -:  268:    24 January 2012
        -:  269:
        -:  270:doPosition is buggy
        -:  271:    a (c,d): ? [-1
        -:  272:
        -:  273:expressionLength  counts the wrong way. It must look at the top level operator 
        -:  274:in the pattern containing the [ and count 1 + the number of this operator 
        -:  275:until the end of the list. 0 if [ is last in the pattern.
        -:  276:
        -:  277:    20 January 2012
        -:  278:
        -:  279:The previous change moved the scanning pointer to the point in the subject
        -:  280:where the rhs pattern starts. The current change moves the end of the
        -:  281:subject as far as necessary to the right to allow a full match of the rhs
        -:  282:pattern with last characters of the subject. Of course, this is only possible
        -:  283:if the final zero byte has not been reached. The calling instance of
        -:  284:stringmatch defines the end of the subject for the called instance. The called
        -:  285:instance can propose to move the end. In this way, scanning can move much
        -:  286:faster if a patterns contains some fixed strings. Speed-up does not work for
        -:  287:alternations of fixed srings. Speed-up only works for the first pattern
        -:  288:in a series of patterns connected by :
        -:  289:
        -:  290:    7 January 2012
        -:  291:
        -:  292:If an non-initial part of a stringpattern is a string, then the scanning
        -:  293:pointer jumps to the first (or next) occurrence in the subject string after
        -:  294:the first mismatch.
        -:  295:
        -:  296:This changes the behaviour of some patterns, such as in
        -:  297:@(abXk:(|? b|`) X ?id)
        -:  298:Before, the match failed, because the 'b' in the pattern did not match the
        -:  299:'a' in the subject. Now, nowing that the first X occurs in the third position,
        -:  300:the pattern matcher not even tries to match 'a' and 'b' and so the expression
        -:  301:succeeds. In many cases the (|? b|`) pattern works as before, though:
        -:  302:@(abXk:(|? b|`) (X|Y) ?id)
        -:  303:@(abXk:(|? b|`) () X ?id)    dangerous! Does not work in @(ab:(|? b|`) ())
        -:  304:@(abXk:(|? b|`) !(=X) ?id)
        -:  305:X:?x
        -:  306:@(abXk:(|? b|`) !x ?id)
        -:  307:
        -:  308:It is not advisable to use this pattern anymore. It is too much dependent on
        -:  309:pattern matching not being optimized.
        -:  310:
        -:  311:    6 January 2012
        -:  312:
        -:  313:Compiled 64 bit version with VS 2008. Had to use _WIN64 and some #defines,
        -:  314:because longs are 32 bit under VS 2008, whereas longs under gcc are 64 bits.
        -:  315:Also used the 64 bit versions of ftell and fseek in the VS 2008 case.
        -:  316:
        -:  317:I have these preprocessor defines
        -:  318:NDEBUG;__CONSOLE__;__WIN32__;WIN32;_CONSOLE;_CRT_SECURE_NO_WARNINGS
        -:  319:
        -:  320:(Some of these are automatically set in the 32 bit version).
        -:  321:For 64 bit
        -:  322:
        -:  323:Impression is that the 32 bit version should be used unless you have to deal
        -:  324:with enormous data (memory, file) or huge numbers (because numerical
        -:  325:computations are faster and bigger numbers can be factorized quickly using
        -:  326:exponentiation with a fractional exponent).
        -:  327:Otherwise, the 64 bit version is significantly slower and has almost three
        -:  328:times less stack depth.
        -:  329:
        -:  330:    2 January 2012
        -:  331:
        -:  332:Made stringmatch 'greedy' to an extend that does not change the program's
        -:  333:behaviour. (That is: all tests in valid.bra go through). Many string
        -:  334:comparisons now continue past the cutoff position deviding the subject in a
        -:  335:lhs and a rhs, pushing the division point to the position where the lhs
        -:  336:patterns succeeds. Previously this point repeatedly was moved one byte until
        -:  337:the lhs pattern either succeeded or definitely failed. The optimization is
        -:  338:turned off for alternating patterns and for all but the first pattern in a
        -:  339:chain of patterns connected by : operators.
        -:  340:
        -:  341:The normal (non-string) match is not optimized. It is questionable whether that
        -:  342:would be worthwhile. Not many patterns require repeated elongation of the part
        -:  343:of the subject left of the division point.
        -:  344:
        -:  345:However, CUTOFFSUGGEST is set to 0. The overhead does seem to outweigh the
        -:  346:optimization!
        -:  347:
        -:  348:
        -:  349:    21 December 2011
        -:  350:
        -:  351:The last changes had introduced a bug: the [ and ` flags were not (always) printed.
        -:  352:
        -:  353:    16 December 2011
        -:  354:
        -:  355:Repaired two bugs in doPosition. The first bug made the FENCE flag disappear
        -:  356:from the result if the program was built in debug mode in VS2008, which made
        -:  357:the program run as expected, the other bug was that the FENCE flag was
        -:  358:returned if the first bug was removed.
        -:  359:
        -:  360:    14 December 2011
        -:  361:
        -:  362:Updated unicode case conversions with data found in the most recent 
        -:  363:http://unicode.org/Public/UNIDATA/UnicodeData.txt (17-Aug-2010)
        -:  364:
        -:  365:    7 December 2011
        -:  366:
        -:  367:Introduced lambda. Syntax similar to macro.
        -:  368:
        -:  369:                (λx.x)y
        -:  370:translates to
        -:  371:                /('(x.$x))$y
        -:  372:
        -:  373:    1 December 2011
        -:  374:
        -:  375:Rewrote evalmacro to only copy data where necessary.
        -:  376:Bracmat now tests ok with valid.bra and with REFCOUNTSTRESSTEST set to 1
        -:  377:
        -:  378:    30 November 2011
        -:  379:
        -:  380:Found and solved bugs in merge() that only became visible with
        -:  381:REFCOUNTSTRESSTEST set to 1.
        -:  382:
        -:  383:    22 November 2011
        -:  384:
        -:  385:Rewrote evalmacro to only copy cells where necessary.
        -:  386:
        -:  387:    7 November 2011
        -:  388:
        -:  389:A result of a macro evaluation nested inside an macro was not visited by the
        -:  390:macro evaluator because the heading = operator had its READY flag set.
        -:  391:
        -:  392:    3 November 2011
        -:  393:
        -:  394:Nicified find and getmember calls, collapsing the last three arguments into
        -:  395:one objectStuff struct.
        -:  396:
        -:  397:    2 November 2011
        -:  398:
        -:  399:Made better sense of [<> (equivalent to [~) and [~<> (equivalent to [).
        -:  400:Introduced [% prefix. The expression reigned by [% in a pattern is evaluated.
        -:  401:The success or failure of the expression is the result of the match.
        -:  402:This functionality is similar to patterns that are function calls: in both
        -:  403:cases the current subject is stored in a local variable sjt. In contrast to
        -:  404:the function call, the expression's evaluated value is not itself matched 
        -:  405:against the subject.
        -:  406:Contrary to other uses of the % prefix, [% CAN match a nul object.
        -:  407:
        -:  408:    1 November 2011
        -:  409:
        -:  410:Changed signature of find, getmember, naamwoord and naamwoord_w. Before, these
        -:  411:functions returned TRUE or FALSE, while the binding was returned in a
        -:  412:pointer-to-a-pointer. The program is a bit quicker (approx. 5%).
        -:  413:
        -:  414:    30 October 2011
        -:  415:
        -:  416:The expression    a^(b*d+c*d)
        -:  417:                * (a^(b*f+c*f)+a^(e*b+e*c))
        -:  418:              + -1*(a^((b+c)*(d+e))+a^((b+c)*(d+f)))
        -:  419:did not evaluate to 0. Solved.
        -:  420:
        -:  421:    25 October 2011
        -:  422:
        -:  423:After a change in handling the pattern ?^? (20100806) the function fct didn't
        -:  424:work anymore. The function has been completely reimplemented.
        -:  425:Also changed sub so it cannot go in infinite regress.
        -:  426:
        -:  427:    12 September 2011
        -:  428:
        -:  429:Now you can do:
        -:  430:    (=)=5
        -:  431:This extension mirrors
        -:  432:    5:?(=)
        -:  433:This rather useless extension restores consistency. 
        -:  434:
        -:  435:    2 September 2011
        -:  436:
        -:  437:Corrected error in evalmacro. Inserted operator nodes where deemed to fail
        -:  438:when evaluated later on.
        -:  439:
        -:  440:   31 August 2011
        -:  441:
        -:  442:The escape operator ()$ in patterns can now be used to test for flags on the
        -:  443:subject. A special case is when the rhs is an empty atom with no flags. This
        -:  444:pattern only matches subjects with no flags. In all other cases, if one or
        -:  445:more flags are present in the rhs, the subject must have these flags as well,
        -:  446:and possibly even more.
        -:  447:
        -:  448:If the rhs is an atomic node with a non-empty string, the rhs can only match
        -:  449:atomic subjects with the same string. (But possibly with flags that are not
        -:  450:specified in the rhs.)
        -:  451:
        -:  452:   29 August 2011
        -:  453:
        -:  454:The use of $ as "escape operator" is now taken one step further. One can now
        -:  455:use $ to escape any operator in a pattern, so that the otherwise problematic
        -:  456:operators = | & : ' $ _ can be pacified and parsed.
        -:  457:
        -:  458:   23 August 2011
        -:  459:Inside macros the $ can be used as escape operator to insert a $ with empty
        -:  460:lhs in the evaluated macro. Also, the _ operator is from now on left untouched
        -:  461:in a macro unless escaped. This made it necessary to adapt a few bracmat
        -:  462:scripts, e.g. the cat$ function in this file.
        -:  463:
        -:  464:   19 August 2011
        -:  465:
        -:  466:You can now do this: '($(=$x))
        -:  467:Previously, you had to do this in two steps: flabber=$x & '($flabber)
        -:  468:You also can do this: '('($(=$b))) which evaluates to ='$b
        -:  469:
        -:  470:   26 July 2011
        -:  471:There was a problem with the ! and !! flags in connection with the flg 
        -:  472:function. In flg$(=!a):(=?X.?Z) the assignment to X wouldn't succeed, because
        -:  473:in the result (=!.a) of the evaluation of flg$(=!a), the element ! had the
        -:  474:READY flag set. Now the '!' has the READY flag unset, while the 'a' has it set.
        -:  475:
        -:  476:   29 June 2011
        -:  477:Changed a few ints to long to get rid of type casts.
        -:  478:
        -:  479:   21 June 2011
        -:  480:Converted this source code to UTF-8.
        -:  481:
        -:  482:    5 May 2011
        -:  483:The expression ((==.lst$its).)' tried to list an object that was gone.
        -:  484:Now it works. The listed object is =.lst$its
        -:  485:Notice how recursion can be implemented with a 'lambda method' that has access
        -:  486:to itself ('its'):
        -:  487:
        -:  488:( (==a b.!arg:?a_?b&((its.)$!b)_((its.)$!a)|!arg) . ) ' (x y^g (z,8.L))
        -:  489:
        -:  490:This recursively swaps lhs and rhs of all operators in the argument
        -:  491:
        -:  492:    2 April 2011
        -:  493:An expression like (x=!x)&!x now results in an endless loop, not a stack
        -:  494:overflow as before.
        -:  495:
        -:  496:    31 March 2011
        -:  497:Stackoverflow occurred if an uninitialised variable was assigned to the
        -:  498:variable itself - directly or indirectly. The problem has been solved for
        -:  499:cases like
        -:  500:
        -:  501:    !y a:?x a
        -:  502:
        -:  503:where the atom !y has the READY flag set when the assignment is attempted.
        -:  504:
        -:  505:The problem can be solved completely, but at a price, namely if
        -:  506:
        -:  507:    (=!y):(=?x)
        -:  508:    
        -:  509:is made to fail. I consider this price as too high for now.
        -:  510:
        -:  511:    16 March 2011
        -:  512:Arithmetic more complex than adding is now done with much higher radix.
        -:  513:For small numbers compuations are a little bit slower, because of conversions
        -:  514:to and from character strings. For large numbers, timings are magnitudes
        -:  515:better. Multiplication of two 200000 digits numbers is about 100 times faster.
        -:  516:Computation of the first 1000 decimals of pi is about 20 times faster.
        -:  517:
        -:  518:For 32 bit systems, a radix of 10000 is chosen. For 64 bit systems
        -:  519:a radix of 100000000 is found to be appropriate.
        -:  520:
        -:  521:    27 February 2011
        -:  522:Removed a lot of dead wood and renamed a few variables to English.
        -:  523:
        -:  524:    21 February 2011
        -:  525:Rewrite of bmalloc, bfree and initialization of memory. Memory now expands
        -:  526:dynamically: when a there are no more free memory blocks of 1,2 or 3 (4, 5, 6)
        -:  527:words available, a new pool of memory blocks for the depleted size is created,
        -:  528:doubling the number of blocks in the already allocated pools for that size.
        -:  529:Removed a bug that caused (a=7)&!(a*1) to fail.
        -:  530:
        -:  531:    11 January 2011
        -:  532:The @ is again removed from non-nil atoms. Reason: the @ flag is used on a 
        -:  533:non-nil atom to indicate that backslashes in the atomstring must be
        -:  534:interpreted litterally, i.e. @"d:\bracmat" is equivalent to "d:\\bracmat"
        -:  535:
        -:  536:This change has no consequence for the stringmatch functionality 
        -:  537:introduced 20101122.
        -:  538:
        -:  539:     6 January 2011
        -:  540:Conditionally (NP) defined opbnowis()
        -:  541:Extra parentheses in line 6932
        -:  542:
        -:  543:    25 November 2010
        -:  544:Solved bug in merge().
        -:  545:
        -:  546:    22 November 2010
        -:  547:In stringmatch, the % can be used to force characterwise matching if the
        -:  548:pattern is a number. For that reason, the % and @ are no longer removed from
        -:  549:non-nil atoms as superfluous.
        -:  550:One has to take care with minusses: the patterns %"-20/5" and %-20/5 are
        -:  551:different. In %"-20/5", the % is superfluous and the pattern matches
        -:  552:characterwise. In %-20/5, the pattern matches 20/5 and the minus is ignored!
        -:  553:
        -:  554:    19 November 2010
        -:  555:Some tests to check that the position flag is followed by an integer number
        -:  556:and that the flag % doesn't occur.
        -:  557:Made sure that mod$ and div$ fail if second argument is zero.
        -:  558:
        -:  559:    15 November 2010
        -:  560:Evaluation of sums and products is now iterative instead of recursive.
        -:  561:Also, two sums or products are neatly merged instead of appended and thereafter
        -:  562:bubble sorted. Result: much faster processing of very large sums and products
        -:  563:and no danger of stack overflow.
        -:  564:For short sums, the implementation has become a little bit slower, because
        -:  565:I reverted to older, but simpler code that makes more allocations and
        -:  566:deallocations.
        -:  567:
        -:  568:    8 November 2010
        -:  569:Made some minor changes such as int -> size_t.
        -:  570:Most radical change is introduction of function Entry2 which is like Entry,
        -:  571:only with lower level of indirection. Entry2 replaces Entry in three places.
        -:  572:
        -:  573:    3 November 2010
        -:  574:Improved percolation of filter flags < > # / @ %
        -:  575:
        -:  576:    1 November 2010
        -:  577:The built-in function now returns IMPLIEDFENCE if the subject string in
        -:  578:a stringmatch is too long or if it cannot be grown to a valid UTF-8
        -:  579:multibyte sequence. Previously, the FENCE flag was set, but this had
        -:  580:the side effect that utf$ couldn't easily be used as the lhs of a match.
        -:  581:
        -:  582:Change to flt$ : flt$(0,...) now returns 0 instead of failing. Replaced
        -:  583:get$(...,MEM,VAP): ... with @(...:...).
        -:  584:
        -:  585:    27 October 2010
        -:  586:In bmalloc, all bytes are set to 0, not just the last one.
        -:  587:Reason: if all elements of size X are in use, bmalloc may return
        -:  588:a bigger sized element, of which the last four bytes will not be
        -:  589:used at all. Instead, some earlier bytes must be set to 0.
        -:  590:
        -:  591:    22 October 2010
        -:  592:Trailing closing parentheses were accepted on equal footing with '\0' bytes.
        -:  593:
        -:  594:   18 October 2010
        -:  595:The function expandProduct turned off the READY flag on all processed output,
        -:  596:even if the result was atomic and therefore ready.
        -:  597:Consequence: (1+i)*(1+-i) was evaluated to non-ready value 2, which could
        -:  598:not successfully be used in further computations.
        -:  599:
        -:  600:   10 September 2010
        -:  601:A function call in match context not only receives a function argument in
        -:  602:"arg", but also the current subject in "sjt" (from sujet or subject)
        -:  603:Example:
        -:  604:like=.out$!sjt&sim$(!arg,!sjt):>9/10&?|den$sim$(!sjt,):~<(den$sim$(!arg,0))&`~
        -:  605:@("Dogs and Cats are my enemies":? (like$mus:?animal) ?)&out$!animal
        -:  606:@("Dogs and Cats are my enemies":? (like$cat:?animal) ?)&out$!animal
        -:  607:
        -:  608:The return value from a failing function call in match context is not compared
        -:  609:to the subject.
        -:  610:
        -:  611:By returning `~ a function can indicate that further attempts with lenghtened
        -:  612:subjects with the same start position will fail.
        -:  613:
        -:  614:   6 August 2010
        -:  615:Previously, a pattern with an exponential only matched a subject with an
        -:  616:exponential. Now, the exponent in the pattern allowing, an exponent 1 is
        -:  617:assumed.
        -:  618:
        -:  619:   2 August 2010
        -:  620:Made variable v. So now
        -:  621:    bracmat put$!v
        -:  622:says:
        -:  623:    Bracmat version 4, build 72 (2 August 2010)
        -:  624:
        -:  625:   23 July 2010
        -:  626:a*b+u*(x+y) was not evaluated correctly in the previous version.
        -:  627:Now it works again.
        -:  628:
        -:  629:   30 June 2010
        -:  630:Improved error handling if BRACMATEMBEDDED is defined.
        -:  631:
        -:  632:   22 June 2010
        -:  633:If Bracmat is running embedded (e.g. as "native code" in a Java environment)
        -:  634:it may be desirable to make bracmat safer. Here are some defines that shut off
        -:  635:selected parts of Bracmat:
        -:  636:#define NO_C_INTERFACE no memory (de)allocation, peek and poke and C-function pointer API
        -:  637:#define NO_FILE_RENAME no file renaming
        -:  638:#define NO_FILE_REMOVE no file removal
        -:  639:#define NO_SYSTEM_CALL no system() call
        -:  640:#define NO_LOW_LEVEL_FILE_HANDLING
        -:  641:                       no file handling other than get$ put$ and lst$
        -:  642:#define NO_FOPEN       no calls to fopen(). (But you can still get$ put$ and lst$ to memory!)
        -:  643:#define NO_EXIT_ON_NON_SEVERE_ERRORS
        -:  644:
        -:  645:   11 June 2010
        -:  646:Had to conditionally introduce call to unlink() instead of remove() in case of Symbian (Epoc 5).
        -:  647:
        -:  648:   26 May 2010
        -:  649:Replaced sizeof(tflags) with offsetof(sk,u.obj), which may be (and normally are,
        -:  650:on 64 bit platforms at least) different, the latter taking padding into account.
        -:  651:
        -:  652:Removed ridiculous costly calls to expressionLength, perhaps using 3/4 of all
        -:  653:CPU time when repeatedly matching large data structures!
        -:  654:
        -:  655:   19 April 2010
        -:  656:Used gprof to find functions to optimize: opaf() (has become op() and af()), splits()
        -:  657:
        -:  658:   8 April 2010
        -:  659:The 'its'-member that has been missing since version 3.50 is back again.
        -:  660:
        -:  661:   6 April 2010
        -:  662:Pattern match like a b c:% c did not work as expected
        -:  663:(should be same as a b c:%? c). Solved. Same goes for @(abc:% c).
        -:  664:
        -:  665:   30 March 2010
        -:  666:Added built-in function rmv$ that removes a file.
        -:  667:
        -:  668:   26 March 2010
        -:  669:Changed code to make Bracmat compile and run in a 64-bit environment where
        -:  670:sizeof(int) == 4 and sizeof(long) == 8.
        -:  671:It is assumed that the platform is 64-bit if LONG_MAX > 2147483647L
        -:  672:In contrast to 32 bit platforms, the functions x2d and d2x handle
        -:  673:numbers up to FFFFFFFFFFFFFFFFF hexadecimal or 18446744073709551615 decimal
        -:  674:if compiled on 64-bit platforms.
        -:  675:Another noteworthy difference is that the 64-bit version finds bigger prime
        -:  676:numbers. Try 123465864564581765^1/2 Answer: 5^1/2*24693172912916353^1/2,
        -:  677:so 24693172912916353 is prime.
        -:  678:
        -:  679:   12 March 2010
        -:  680:errorStream is not kept open if it is not stderr or strout, so that other
        -:  681:processes also can write to the errorFile, if necessary. This also ensures
        -:  682:that the message is written an saved before the program ... uhm ... crashes.
        -:  683:
        -:  684:   10 March 2010
        -:  685:If run with command line options, bracmat's return value is the numerical
        -:  686:value of the last expression evaluated. If the last evaluated expression
        -:  687:is not atomic or not a string that can be scanned as an integer number
        -:  688:using strtol, the exit code is 0.
        -:  689:Built-in exit codes:
        -:  690:-1  out of memory
        -:  691:116 invalid function syntax
        -:  692:117 string match attempted with non-atomic argument
        -:  693:
        -:  694:   9 March 2010
        -:  695:New built-in function arg$. If Bracmat is started with any arguments (argc > 1)
        -:  696:every argument is evaluated from left to right, unless arguments are consumed
        -:  697:by calls to arg$. For example,
        -:  698:    bracmat get$myprog -i c:\documents\input.txt -o d:\html\index.html
        -:  699:would evaluate
        -:  700:    get$myprog
        -:  701:    -i
        -:  702:    c:\documents\input.txt
        -:  703:    -o
        -:  704:    d:\html\index.html
        -:  705:in that order. Evaluating the last four arguments is not very meaningful,
        -:  706:however: the backslashes are interpreted as escapes, which they are not.
        -:  707:Moreover, the colon and the dot are interpreted as operators. However, the
        -:  708:bracmat program "myprog" can call the function arg$ four times and in that way
        -:  709:empty the queue of arguments. arg$ returns an atom containing an exact copy of
        -:  710:the next program argument. Using string matching the arguments can be parsed,
        -:  711:if necessary.
        -:  712:Precautions must be taken if the path or name of the bracmat program contains
        -:  713:characters that can be mistakenly interpreted. E.g. (in Windows)
        -:  714:    bracmat "get$@\"c:Program Files\myprog.bra\"" -i c:\documents\input.txt -o d:\html\index.html
        -:  715:In *N*X the apostrophes surrounding the first argument must be replaced by
        -:  716:quotes.
        -:  717:A second form is arg$N, where 0 <= N < argc. arg$0 will normally return the
        -:  718:command name "bracmat" or a path leading to "bracmat".
        -:  719:
        -:  720:   23 February 2010
        -:  721:upp$ and low$ now handle UTF-8. upp$ is a bit tricky, as some characters
        -:  722:occupy more bytes when uppercased. A simple in-place replacement is tried
        -:  723:first, and is fine in 99% of all cases. If an overrun is imminent, more space
        -:  724:is allocated.
        -:  725:
        -:  726:   22 February 2010
        -:  727:sim$(s1,s2) accepts UTF-8. 8-bit Latin-1 is also ok.
        -:  728:chr$ fails if argument is > 255
        -:  729:
        -:  730:   21 February 2010
        -:  731:~<> are now effective on patterns headed by $ or ' operator
        -:  732:b:>(str$a)
        -:  733:b:~<>(str$A)
        -:  734:
        -:  735:   20 February 2010
        -:  736:~<> uses case insensitive compare on unicode
        -:  737:
        -:  738:   19 February 2010
        -:  739:x2d$   converts hexadecimal number to decimal
        -:  740:d2x$   converts decimal number to hexadecimal
        -:  741:Both routines are restricted to decimal numbers 0 ... 4294967295 (hex 0 ... ffffffff)
        -:  742:Failure if not all characters can be scanned.
        -:  743:
        -:  744:   12 February 2010 Simplified changeCase()
        -:  745:   10 February 2010
        -:  746:abc:?NN & @(!NN:!NN ?x)
        -:  747:!x evaluated to "abc", not to ""
        -:  748:
        -:  749:   2 February 2010
        -:  750:Input scanning stopped at 0x80, as in the utf-8 sequence e2 80 93 (8211 EN DASH )
        -:  751:
        -:  752:   27 January 2010
        -:  753:~@ matches non-atomic matter, both in stringmatch and now also in match.
        -:  754:
        -:  755:   26 January 2010
        -:  756:@ and % flags are not turned off if combined with < and/or >.
        -:  757:(Previously, they were seen as "superfluous" if in combination with non-empty object.)
        -:  758:Handy if you want to skip white space:
        -:  759:
        -:  760:@("  \r\n\t  xyz\r\n  ":?a (>@" " ?:?y) ~>%" " ?)
        -:  761:
        -:  762:Changed KILOKNOPEN back to 10000
        -:  763:
        -:  764:   16 September 2009
        -:  765:Changed KILOKNOPEN to 100000 (was 10000)
        -:  766:
        -:  767:   3 July 2009
        -:  768:
        -:  769:Setting #define CODEPAGE850 0 removes all reminiscenses of DOS-codepages.
        -:  770:
        -:  771:Unicode (UTF-8) support
        -:  772:chu$number returns a sequence of 1-6 bytes. The highest allowed value of the number is 2147483647 (7FFFFFFF hex)
        -:  773:            Notice that RFC 3629 restricts UTF-8 to 4 bytes and that the highest allowed code point 10FFFF hex.
        -:  774:utf$string returns the code point of the character represented by the UTF-8 sequence of bytes.
        -:  775:            If the string is too short or too long, or if the sequence is an invalid UTF-8 string, the function fails.
        -:  776:            It is safe to use utf$ in a pattern:
        -:  777:            @(!txt:(?%c & utf$!c) ?)
        -:  778:            If txt starts with an valid UTF-8 sequence, bracmat backtracks until c matches the UTF-8 sequence.
        -:  779:            If txt starts with a sequence that is not UTF-8, bracmat stops backtracking when that fact has been
        -:  780:            established.
        -:  781:
        -:  782:   30 June 2009
        -:  783:bracmat now evaluates all parameters given to it, from left to right.
        -:  784:
        -:  785:command line:bracmat a=1 b=14 out$(!a+!b)
        -:  786:output:15
        -:  787:
        -:  788:Previously, only the first parameter was evaluated.
        -:  789:As always, if no parameter is specified, bracmat enters interactive mode.
        -:  790:
        -:  791:   11 February 2009
        -:  792:Corrected error in flt$. All powers of ten were analysed to 1,
        -:  793:for example flt$(100,2) -> 1,00*10E0
        -:  794:
        -:  795:   13 November 2008
        -:  796:stop string also works when writing.
        -:  797:fil$("file.txt",w)
        -:  798:fil$(,STR," \n\r\t")
        -:  799:fil$(,,,"Workers go to strike/for higher wages
        -:  800:and for more kindergartens.")
        -:  801:fil$("file.txt",r)
        -:  802:fil$(outfile,w)
        -:  803:fil$("infile.txt",STR)
        -:  804:fil$(outfile,STR," \n\r\t")
        -:  805:fil$(,,,"Workers go to strike for higher wages")
        -:  806:
        -:  807:Stop string can also be specified when reading or writing
        -:  808:fil$(,,"/","Workers go to strike/for higher wages")
        -:  809:fil$("infile.txt",,".!?,;")
        -:  810:
        -:  811:An empty stop string means: write all of the string.
        -:  812:(Or read to end of file, if file mode is reading).
        -:  813:
        -:  814:   10 September 2008
        -:  815:x^(y*(a+b))+-1*x^(a*y+b*y) -> 0 Before, the exponents were regarded as
        -:  816:different. If, during comparison, a subtree of lhs has pattern ?*(?+?) and
        -:  817:the corresponding subtree of the rhs ?+?, the lhs subtree is expanded to
        -:  818:a sum (defactorised) and the comparison is done on the transformed lhs and
        -:  819:the rhs. Notice that the most expensive exponent survives:
        -:  820:x^(y*(a+b))+x^(a*y+b*y): 2*x^(y*(a+b))
        -:  821:
        -:  822:0^-1 succeeded and gave 0, now it fails. (0/7^-1 already failed)
        -:  823:
        -:  824:Strings starting with a zero and followed by another figure are not numbers
        -:  825:00/7, 098
        -:  826:
        -:  827:Input ()k went in endless loop, because the k was interpreted as an operator.
        -:  828:Now it says "malformed input".
        -:  829:
        -:  830:   11 February 2008
        -:  831:whl' now returns function_ok instead of function_fail. Although the
        -:  832:loop exits when the rhs fails and there therefore is nothing meaningful to
        -:  833:"return", it led to ugly code when a whl' loop always had to be negated
        -:  834:
        -:  835:    ... & ~(whl'(...)) & ...
        -:  836:
        -:  837:or put into the lhs of an OR
        -:  838:
        -:  839:    & ( whl'(...) |  ) &
        -:  840:
        -:  841:til' is commented out. It has no future.
        -:  842:
        -:  843:   28 January 2008
        -:  844:evalmacro did not unset the ready-bit on an inserted expression consisting of
        -:  845:a variable with exclamation mark. It does now.
        -:  846:
        -:  847:   27 January 2008
        -:  848:Introduction of flag [ for acquiring or requiring the current position during
        -:  849:a (string)match. Examples:
        -:  850:    a b c:? ([-1:[?endpos)
        -:  851:will assign the length of the subject, 3, to variable endpos.
        -:  852:    a b c d e:? [!endpos ?extramaterial
        -:  853:will assign d e to extramaterial.
        -:  854:Works in match and stringmatch alike, with some exceptions:
        -:  855:@(:[0) succeeds, but (:[0) fails. Reason: in the first case, the subject
        -:  856:is the nil element, but in the second case, the lhs is just an atom,
        -:  857:although a funny one. In a certain context, this atom plays the role
        -:  858:of nil element, but not in other contexts.
        -:  859:
        -:  860:Found out that stringmatch had a measurable side effect on the subject
        -:  861:
        -:  862:subject=abcdef
        -:  863:@(!subject:? (d & !subject:abcd) ?
        -:  864:
        -:  865:This would succeed, because the string had been temporarily cut off after
        -:  866:the 'd'.
        -:  867:Now match and string match are much more alike and the problem is solved.
        -:  868:
        -:  869:Introduction of two built-in functions: whl and til. whl repeatedly evaluates
        -:  870:its argument until it fails. whl always returns failure. til repeatedly
        -:  871:evaluates its argument until it succeeds and returns the result of the last
        -:  872:evaluation.
        -:  873:There are no plans to make if...else and switch equivalents in Bracmat.
        -:  874:It may be that whl and/or til are retracted later. They seem a bit superfluous.
        -:  875:
        -:  876:   13 January 2008
        -:  877:`~a:?b will now assign `~a to b
        -:  878:@(`~a:?b) will assign a to b. !a will succeed
        -:  879:As before, this will assign something failing to a variable:
        -:  880:dummy ~a:dummy ?m
        -:  881:!m fails
        -:  882:~!m gives ~a
        -:  883:
        -:  884:   3 January 2008
        -:  885:Better implementation of the evaluation of !(=a).
        -:  886:It is now possible to construct and run a loop as a datastructure with
        -:  887:a closed loop of pointers. Performance-wise nothing is gained, however.
        -:  888:  (loop= !i+1:<10000000:?i&!(=))
        -:  889:& '$loop:(=?(loop.)) {Make closed datastructure}
        -:  890:& ~!loop {loop 10.000.000 times}
        -:  891:& :?(loop.) {Open the datastructure.(Otherwise you'll have a memory leak when
        -:  892:             'loop' goes out of scope.)}
        -:  893:
        -:  894:Several functions have been factorised. evalueer() has been restructured.
        -:  895:
        -:  896:   2 January 2008
        -:  897:I've decided that a:(~@(a:a)) means about the same as a:(~@:(a:a)), i.e. it
        -:  898:fails because a is not not an atom. For the same reason a:(~@(a:b)) fails.
        -:  899:~@(a:a) in an evaluation context such as x&~@(a:a) succeeds. It merely means
        -:  900:a:a
        -:  901:
        -:  902:Use #define STRINGMATCH_CAN_BE_NEGATED 1 to allow ~@(<subject>:<pattern>)
        -:  903:as a stringmatch that has its result negated after evaluation.
        -:  904:
        -:  905:Use #define STRINGMATCH_CAN_BE_NEGATED 0 to interpret ~@(<subject>:<pattern>)
        -:  906:as the opposite of stringmatch, i.e. a normal match, the same as
        -:  907:(<subject>:<pattern>) with the additional condition that <subject> is not an
        -:  908:atom. Notice, however, that ~@#(abc:? b ?) succeeds, as the ~ negates #, not @
        -:  909:(priority /#<>@)
        -:  910:
        -:  911:Succeeding tests:
        -:  912:a b:(~@(? b:a %))
        -:  913:~@(a b:a ?)
        -:  914:~@(a:a)
        -:  915:12/34:@(?x:#?a (~#%@:?y) #?b)&!y:"/"
        -:  916:
        -:  917:Failing tests:
        -:  918:a:(~@(a:a))
        -:  919:~@(a:b)
        -:  920:12/34:@(#?a (~#%@:?y) #?b:?x)&!y:"/"
        -:  921:    (This fails because the pattern
        -:  922:        #?a (~#%@:?y) #?b
        -:  923:    is in the match context 12/34:<rhs>, not in a stringmatch context.
        -:  924:    Remember, the first @ says that subject is an atom, which it is in the
        -:  925:    match context, but not in a stringmatch context.)
        -:  926:@(12/34:@(#?a (~#%@:?y) #?b:?x)&!y:"/")
        -:  927:    (This fails because 12/34 is not an atom in a stringmatch context.)
        -:  928:
        -:  929:   29 December 2008
        -:  930:Compilation with Norcroft RISC OS ARM C vsn 3.00 [Jul 12 1989]
        -:  931:This resulted in some formal corrections (signed vs unsigned int,
        -:  932:int vs long, too many arguments for format in Printf,
        -:  933:#if _BRACMATEMBEDDED changed to #if defined _BRACMATEMBEDDED)
        -:  934:
        -:  935:The changes of 20071217 were undone, because the solution did not work for
        -:  936:    ~(&~@(a:a))
        -:  937:New solution:
        -:  938:In lex(), undo setting of
        -:  939:    success == FALSE
        -:  940:on : node if ~@ flags are attached to this operator.
        -:  941:This is a special case. In ~@(a:b) the ~ operator must
        -:  942:not negate the @ but the result of the string match.
        -:  943:
        -:  944:I am not convinced that this is the right decision. Perhaps we simply
        -:  945:should not allow other flags than @ on : if we want it to be interpreted
        -:  946:as a string match operation.
        -:  947:
        -:  948:   17 December 2007
        -:  949:~@(a:a) didn't fail and ~@(a:b) didn't succeed. Now they do.
        -:  950:
        -:  951:   9 October 2007
        -:  952:Removed test print from getObjectDef.
        -:  953:
        -:  954:   18 September 2007
        -:  955:    a b "" ""
        -:  956:evaluates to
        -:  957:    a b ()
        -:  958:instead of
        -:  959:    a b
        -:  960:Changed function handleLUCHT to correct this.
        -:  961:
        -:  962:   7 July 2007
        -:  963:Differentiation: Originally, to indicate that a variable x depends on another
        -:  964:variable p, one wrote x=p, or x=s and s=p. If one wrote (x=), then y\Dx
        -:  965:resulted in stack overflow. The appropriate way to indicate dependeny is
        -:  966:dep=(x.p) (....)
        -:  967:
        -:  968:The range function has been abolished. Originally the idea was that Bracmat
        -:  969:not only should handle numbers and symbols, but also ranges. Thus, 2^>3 would
        -:  970:give >16 and -5*>2 would give <-10. This had to be given up as ranges become
        -:  971:more and more complicated to express. (>4*~>3 = ?)
        -:  972:
        -:  973:Code implementing a string table (COMPILE==1) has been removed
        -:  974:COMPILE works not faster, but slower (about 10%) and uses more nodes.
        -:  975:
        -:  976:The unfinished attempt at implementing objects that can be saved and re-read
        -:  977:(serialization) has been given up (OBJECTS==1) Flag: [
        -:  978:
        -:  979:VAX-specific code removed.
        -:  980:
        -:  981:   5 July 2007:
        -:  982:There were problems with stringmatches:
        -:  983:@(aaab:((|a) aa) b)
        -:  984:This failed because the match
        -:  985:    aa:aa
        -:  986:prematurely ended the match with failure.
        -:  987:The cause was that this match ONCED the whole match
        -:  988:    aa:(|a) aa
        -:  989:
        -:  990:This partly undoes a change made in 200704
        -:  991:
        -:  992:new$hash:?h
        -:  993:(h..ISO)$
        -:  994:(h..insert)$(a.b)
        -:  995:
        -:  996:This made a division by zero, because (h..ISO) had rehashed the table
        -:  997:to a table with zero size. (hashes are born with non-zero size)
        -:  998:The computation of the loadfactor went wrong.
        -:  999:
        -: 1000:    4 April 2007:
        -: 1001:Tail recursion optimisation in complexiteit.
        -: 1002:
        -: 1003:Solved bug in handling of strings with characters > 0x80 in expressions like
        -: 1004:    a å
        -: 1005:
        -: 1006:Solved bug in handling of e^(i*pi)
        -: 1007:
        -: 1008:Solved bug in handling of i:-i
        -: 1009:
        -: 1010:Solved bug in handling of -1*i^1/3
        -: 1011:
        -: 1012:lst$ now lists ALL names. Previously, names starting with character above 0x7f
        -: 1013:were hidden. Som hidden functions that were called from f0, f4 or f5 are
        -: 1014:now declared inside these functions and therefore hidden.
        -: 1015:
        -: 1016:get$ and fil$ first try to open a file interpreting the file name as a path
        -: 1017:relative to the current working directory. If that fails, and if the program
        -: 1018:is started with a fully qualified path+file name, this path is prepended to the
        -: 1019:name of the file to be opened. If opening the file also fails with the new
        -: 1020:path, get$ and fil$ fail. This functionality requires that
        -: 1021:1) the file mode is "reading"
        -: 1022:2) the file name does not contain an absolute path
        -: 1023:3) the program knows its path
        -: 1024:If the program does not know its path, it may help to start the program with
        -: 1025:a fully qualified path on the command line. This instruction can be put in
        -: 1026:a shell script or batch file.
        -: 1027:This improvement is especially helpful for opening the "help"-file.
        -: 1028:
        -: 1029:In string matching the expression
        -: 1030:    @(abcd:?u (?:%@ %@) (?z & ~))
        -: 1031:now makes sure that the pattern (?:%@ %@) never is presented with more than two
        -: 1032:characters. Before, the @ flag did not really work with string matching and the
        -: 1033:: operator extinguished the cut condition that arises in its rhs.
        -: 1034:This works now within a reasonable time:
        -: 1035:(do=
        -: 1036:  get$(help,STR):?S
        -: 1037:& @( !S
        -: 1038:   :   ?
        -: 1039:       ( ?:(%@:~" ":~",") %@ %@ %@ %@ %@ %@ %@ %@ %@ %@ %@ %@ %@ %@ %@ %@ %@ %@ %@ %@ %@ %@:?x
        -: 1040:       & '(? ()$x ?):(=?x)
        -: 1041:       )
        -: 1042:       !x
        -: 1043:   )
        -: 1044:& !x);
        -: 1045:!do
        -: 1046:
        -: 1047:
        -: 1048:In a string, characters that also have a meaning as an operator can be escaped:
        -: 1049:nsc\'ere
        -: 1050:is the same as
        -: 1051:"nsc'ere"
        -: 1052:
        -: 1053:The names of cat$'s local variables are now taken from the list of names of
        -: 1054:predefined functions. Consequently, cat$ does not list its own local variables.
        -: 1055:(Previously, listing of these names was circumvented by the rule that names
        -: 1056:starting with high-bit-set characters are kept hidden.)
        -: 1057:
        -: 1058:Defunct ego$ and goe$ are abolished.
        -: 1059:
        -: 1060:   22 February 2007:
        -: 1061:    Major change in match() that speeds up matching. Found also an error in the
        -: 1062:    handling of an alternating pattern with an alternating pattern in the lhs
        -: 1063:    and a FENCE flag in the leftmost node.
        -: 1064:    Similar changes in stringmatch() must yet be made.
        -: 1065:
        -: 1066:   20 February 2007:
        -: 1067:    Changed int and unsigned long to size_t in two places to stop warnings.
        -: 1068:
        -: 1069:
        -: 1070:   18 January 2007:
        -: 1071:    Added _CONSOLE to test for Windows API
        -: 1072:    @(:? ?) failed. Cause: Unmotivied test for subjectstring not being empty.
        -: 1073:
        -: 1074:    20060704 caseinsensitivehash fixed
        -: 1075:
        -: 1076:   23 June 2006
        -: 1077:caseinsensitivehash uses lowerEquivalent without converting array index to
        -: 1078:unsigned int!
        -: 1079:
        -: 1080:   12 October 2005:
        -: 1081:    Corrected error in flt$. During rounding, the variable m could become
        -: 1082:    > 10. Consequently, the exponent must be increased by one and m must
        -: 1083:    be divided by 10 in those cases.
        -: 1084:
        -: 1085:   5 September 2005:
        -: 1086:    Changed C++-style comments to old fashioned C-style comments.
        -: 1087:    Removed enum {NoIndication,AnInteger,NotAFraction,NotANumber,AFraction,ANumber};
        -: 1088:
        -: 1089:   5 april 2005:
        -: 1090:    flg$<flags><atom> now returns ((=<flags>).<atom>)
        -: 1091:    This protects the flags from evaluation.
        -: 1092:
        -: 1093:   17 november 2004:
        -: 1094:    clk$ returns 0 if clock() returns -1
        -: 1095:    bez$ returns (<nodes>.<max nodes>.<max ref>)
        -: 1096:    epoc version: delete key emits ascii 8 (back space). Now, ascii(8) moves
        -: 1097:    the input pointer one position back, deleting the previous entered
        -: 1098:    character. (see mygetc)
        -: 1099:
        -: 1100:   25 sep 2004: strrev rewritten for Epoc
        -: 1101:
        -: 1102:   6 June 2004:
        -: 1103:1) Started to make late binding in string matching
        -: 1104:2) Corrected errors in assignment to and listing of objects with late bound values
        -: 1105:
        -: 1106:   20040830
        -: 1107:This fails:
        -: 1108:(obj=x=)&dbg'@("abc":?(obj.x) "c") & out$!(obj.x);
        -: 1109:
        -: 1110:This works:
        -: 1111:dbg'@("abc":?x "c") & out$!x;
        -: 1112:*/
        -: 1113:/*
        -: 1114:NOTES
        -: 1115:=====
        -: 1116:
        -: 1117:2002.12.15
        -: 1118:----------
        -: 1119:This is the open source version of Bracmat.
        -: 1120:
        -: 1121:Originally, Bracmat was written in Basic for the Amstrad computer. Its sole
        -: 1122:purpose was to derive a simple expression for the curvature of a model
        -: 1123:space-time, starting from the components of the metric. The only operations
        -: 1124:the program was capable to perform were multiplications, exponentiations,
        -: 1125:logarithms, and partial derivatives. The expressions were a mix of numbers
        -: 1126:and symbolic variables, like "a+2*b". Thus, "a+a" was simplified to "2*a".
        -: 1127:
        -: 1128:The second version of Bracmat, about 1988, was developed in Ansi C and run
        -: 1129:on an Acorn Archimedes. Great care was taken to make the program portable to
        -: 1130:other hardware, such as Atari, VAX and even the PC. The PC architecture, with
        -: 1131:its limited memory, its 16 bit architecture and its limitation on the size of
        -: 1132:the program stack, posed some severe limitations on the program. Therefore
        -: 1133:great care was taken to limit the use of the stack to a minimum. This has
        -: 1134:lead to some rather large functions (to save stack-consuming function calls).
        -: 1135:
        -: 1136:The C version became a true programnming language, with program variables,
        -: 1137:logical operators and function calls. The syntax, however, was not changed.
        -: 1138:For example, instead of using "if...then...else...", I decided to write
        -: 1139:something like "...&...|...", using lazy evaluation of the infix binary
        -: 1140:logical operators "&" (AND) and "|" (OR) for program control.
        -: 1141:
        -: 1142:The logical operators, of course, should test for operands being "true" or
        -: 1143:"false". The main provider of interesting truth values became the pattern
        -: 1144:matching operator ":", which tests whether the pattern (the rhs-operand)
        -: 1145:matches the subject (the lhs-operand). The single outstanding feature of
        -: 1146:Bracmat is, in fact, its pattern recognition, which works on tree structures,
        -: 1147:not on strings of characters.
        -: 1148:
        -: 1149:Bracmat was also extended with a few operators that makes this programming
        -: 1150:language interesting in the field of computational linguistics, namely the
        -: 1151:blank " ", the comma "," and the full stop ".". (The interpunction symbols
        -: 1152:"?", "!" and ";" were already 'taken' to serve other purposes.)
        -: 1153:
        -: 1154:You may find the source code difficult to read at some places. You are best
        -: 1155:off if you understand English and Dutch (and perhaps Danish). Only if the
        -: 1156:program arises enough interest I will invest the effort to streamline the
        -: 1157:source text and make it more understandable for the general programmer.
        -: 1158:*/
        -: 1159:
        -: 1160:/*
        -: 1161:TODO list:
        -: 1162:20010103: Make > and < work on non-atomic stuff
        -: 1163:20010904: Issue warning if 'arg' is declared as a local variable
        -: 1164:*/
        -: 1165:/* 20001213, There is a need to improve documentation of fil$ */
        -: 1166:/* 20001213, rename a file ren$(oldname.newname) */
        -: 1167:/* >Bracmat 16-11-91 */
        -: 1168:/* 20010309 evalueer on LUCHT and KOMMA strings is now iterative on the
        -: 1169:   right descending (deep) branch, not recursive.
        -: 1170:   (It is now possible to read long lists, e.g. dictionairies, without causing
        -: 1171:   stack overflow when evaluating the list.)
        -: 1172:   20010821 a () () was evaluated to a (). Removed last ().
        -: 1173:   20010903 (a.) () was evaluated to a
        -: 1174:*/
        -: 1175:#define DEBUGBRACMAT 0 /* implement dbg'(expression), see DBGSRC macro */
        -: 1176:#define REFCOUNTSTRESSTEST 0
        -: 1177:#define DOSUMCHECK 0
        -: 1178:#define CHECKALLOCBOUNDS 0 /* only if NDEBUG is false */
        -: 1179:#define PVNAME 0 /* allocate strings of variable names separately from variable structure. */
        -: 1180:#define STRINGMATCH_CAN_BE_NEGATED 0 /* ~@(a:a) */
        -: 1181:#define CODEPAGE850 0
        -: 1182:#define MAXSTACK 0 /* 1: show max stack depth (eval function only)*/
        -: 1183:#define CUTOFFSUGGEST 1
        -: 1184:#define READMARKUPFAMILY 1 /* read SGML, HTML and XML files. (include xml.c in your project!) */
        -: 1185:
        -: 1186:/* 
        -: 1187:About reference counting.
        -: 1188:Most nodes can be shared by no more than 1024 referers. Copies must be made as needed.
        -: 1189:Objects (nodes with = ('WORDT' in Dutch) are objects and cane be shared by almost 2^40 referers.
        -: 1190:
        -: 1191:small refcounter       large refcounter              comment
        -: 1192:(10 bits, all nodes)   (30 bits, only objects)
        -: 1193:0                      0                             not shared, no test of large refcounter needed.
        -: 1194:1                      0                             shared with one, so totalling two
        -: 1195:2                      0                             shared with two
        -: 1196:..                     ..
        -: 1197:1022                   0
        -: 1198:1023                   0                             totalling 1024, *** max for normal nodes ***
        -: 1199:1                      1                             totalling 1025
        -: 1200:2                      1
        -: 1201:..                     ..
        -: 1202:m                      1
        -: 1203:..                     ..                            totalling 1024+(1-1)*1023+m
        -: 1204:1023                   1                             totalling 1024+1*1023
        -: 1205:..                     ..
        -: 1206:m                      n                             totalling 1024+(n-1)*1023+m or 1+n*1023+m
        -: 1207:1023                   2^30-1                        totalling 1024+(2^30-2)*1023+1023=1 098 437 885 953
        -: 1208:                                                         (or   1+2^30*1023)
        -: 1209:*/
        -: 1210:
        -: 1211:#if DEBUGBRACMAT
        -: 1212:#define DBGSRC(code)    if(debug){code}
        -: 1213:#else
        -: 1214:#define DBGSRC(code)
        -: 1215:#endif
        -: 1216:
        -: 1217:#if MAXSTACK
        -: 1218:static int maxstack = 0;
        -: 1219:static int stack = 0;
        -: 1220:#define ASTACK {++stack;if(stack > maxstack) maxstack = stack;}{
        -: 1221:#define ZSTACK }{--stack;}
        -: 1222:#else
        -: 1223:#define ASTACK
        -: 1224:#define ZSTACK
        -: 1225:#endif
        -: 1226:
        -: 1227:#include <assert.h>
        -: 1228:
        -: 1229:/*19980208
        -: 1230:Bug in match!!
        -: 1231:Removed 19971207
        -: 1232:*/
        -: 1233:/*
        -: 1234:sub must also accept . as separator between args
        -: 1235:*/
        -: 1236:/* wis: 18 Maart 1997, tail recursion optimization; delete deep structures*/
        -: 1237:/* bezig met modernisering getallen */
        -: 1238:/* 16 mei 1993: constante "-i" ingevoerd om evenwicht te brengen in gedrag
        -: 1239:   van complexe getallen en hun complex geconjugeerde. */
        -: 1240:/* Nog nodig: -n*i^iets -> n*-i^iets
        -: 1241:              n*i*a+m*-i*a  -> (n-m)*i*a
        -: 1242:   Goed doortesten !
        -: 1243:*/
        -: 1244:
        -: 1245:
        -: 1246:/* 24 april 1992: UNOPS uitgebreid met MINUS */
        -: 1247:/* 26 april 1992: fct aangepast voor (a+b)^-n */
        -: 1248:/* 24 maart 1993: function syntax veranderd:
        -: 1249:   met FUNC defined oude stijl: foo = fun$(loc'(x,y,z),!arg);
        -: 1250:   zonder FUNC define:          foo = x,y,z.!arg */
        -: 1251:
        -: 1252:/* 30 juli 1993: structure:
        -: 1253:   het is nu mogelijk om aan een expressie als naam=Bart een andere waarde
        -: 1254:   toe te kennen. In feite wordt de rechter operand van de = operator
        -: 1255:   stomweg vervangen door de nieuwe waarde, waardoor circulaire data-
        -: 1256:   structuren mogelijk worden! BJO 4 Jan 1996
        -: 1257:
        -: 1258:   voorbeeld:
        -: 1259:
        -: 1260:   {?} x==(name=Bart).(age=40)
        -: 1261:   {?} !x
        -: 1262:   {!} =(name=Bart).(age=40)
        -: 1263:   {?} !!x
        -: 1264:   {!} Bart.40
        -: 1265:   {?} !x:(=?naam.?leeftijd)
        -: 1266:   {?} Bart Jongejan:?!naam
        -: 1267:   {?} !!x
        -: 1268:   {!} Bart Jongejan.40
        -: 1269:   {?} x..age=veertig                          BJO 4 Jan 1996
        -: 1270:   {?} !!x
        -: 1271:   {!} Bart Jongejan.veertig
        -: 1272:
        -: 1273:   x..name.first=Bart vervangt Jan door Bart in
        -: 1274:
        -: 1275:   x==(name=(first=Jan).(family=Abbens)).(age=33)
        -: 1276:
        -: 1277:   Merk op dat de = operator z'n speciale betekenis in patterns kwijt is
        -: 1278:   ~=(% %) moet dus voortaan geschreven worden als ((% %) & `~|?)
        -: 1279:*/
        -: 1280:
        -: 1281:#if 0 && defined __GNUC__ && !defined sparc && !defined __hpux && !defined __hpux__
        -: 1282:/* TODO test must be changed to a positive list. Bart 20030704 */
        -: 1283:#define ARM /*1*/ /* assume it's an Acorn */
        -: 1284:#define os_swix os_swi /* different naming */
        -: 1285:typedef struct {
        -: 1286: int r[10];
        -: 1287:}os_regset;
        -: 1288:#else
        -: 1289:/*#define ARM 0*/ /* assume it isn't an Acorn */
        -: 1290:#endif
        -: 1291:
        -: 1292:
        -: 1293:#if (defined __TURBOC__ && !defined __WIN32__) || (defined ARM && !defined __SYMBIAN32__)
        -: 1294:#define O_S 1 /* 1 = with operating system interface swi$ (RISC_OS or TURBO-C), 0 = without  */
        -: 1295:#else
        -: 1296:#define O_S 0
        -: 1297:#endif
        -: 1298:
        -: 1299:/* aanwijzingen voor het compileren
        -: 1300:   (met een ANSI-C compiler of iets wat daar dichtbij in de buurt komt)
        -: 1301:
        -: 1302:Archimedes ANSI-C release 3:
        -: 1303:*up
        -: 1304:*del. :0.$.c.clog
        -: 1305:*spool :0.$.c.clog
        -: 1306:*cc bracmat
        -: 1307:*spool
        -: 1308:
        -: 1309:Met RISC_OS functies:
        -: 1310:
        -: 1311:cc bracmat
        -: 1312:
        -: 1313:file cc (in directory c):
        -: 1314:
        -: 1315:| >cc
        -: 1316:up
        -: 1317:delete $.c.clog
        -: 1318:spool $.c.clog
        -: 1319:cc -c %0 -IRAM:$.RISC_OSLib
        -: 1320:if Sys$ReturnCode = 0 then run c.li %0 else spool
        -: 1321:
        -: 1322:file li (in directory c):
        -: 1323:
        -: 1324:| >li
        -: 1325:link -o %0 o.%0 RAM:$.RISC_OSLib.o.RISC_OSLib RAM:$.Clib.o.Stubs
        -: 1326:||G
        -: 1327:spool
        -: 1328:if Sys$ReturnCode = 0 then squeeze %0 else echo |G
        -: 1329:
        -: 1330:Microsoft QUICKC (MS-DOS) (compact en large model kunnen allebei)
        -: 1331:qcl /Ox /AC /F D000 bracmat.c
        -: 1332:Microsoft optimizing compiler V5.1
        -: 1333:cl /Ox /AC /F D000 bracmat.c
        -: 1334:
        -: 1335:Borland TURBOC (MS-DOS) V2.0
        -: 1336:tcc -w -f- -r- -mc -K- bracmat
        -: 1337:
        -: 1338:Atari : definieer -DATARI i.v.m. BIGENDIAN en extern int _stksize = -1;
        -: 1339:               en -DW32   doch alleen als (int)==(long)
        -: 1340:*/
        -: 1341:
        -: 1342:/* optionele #defines voor debuggen en aanpassing aan machine */
        -: 1343:
        -: 1344:#define TELMAX  1 /* maximaal aantal gealloceerde nodes laten zien */
        -: 1345:#define TELLING 0 /* idem,uitgebreid met huidige allocatie, per groep van
        -: 1346:                       4,8,12 en >12 bytes */
        -: 1347:#if TELLING
        -: 1348:#if TELMAX == 0
        -: 1349:#undef TELMAX
        -: 1350:#define TELMAX 1
        -: 1351:#endif
        -: 1352:#ifndef TELMAX
        -: 1353:#define TELMAX 1
        -: 1354:#endif
        -: 1355:#endif
        -: 1356:
        -: 1357:/*#define reslt hreslt  om in resultaat ALLE haakjes te laten zien*/
        -: 1358:#define INTSCMP 0   /* linke manier om strings te vergelijken */
        -: 1359:#define ICPY 0      /* woord voor woord copieren, i.p.v. byte voor byte */
        -: 1360:
        -: 1361:/* hieronder zijn geen optionele #defines meer */
        -: 1362:#if defined __BYTE_ORDER && defined __LITTLE_ENDIAN /* gcc on linux defines these */
        -: 1363:#if __BYTE_ORDER == __LITTLE_ENDIAN
        -: 1364:#define BIGENDIAN 0
        -: 1365:#else
        -: 1366:#define BIGENDIAN 1
        -: 1367:#endif
        -: 1368:#endif
        -: 1369:
        -: 1370:#ifndef BIGENDIAN
        -: 1371:
        -: 1372:#if defined mc68000 || defined MC68000 || defined mc68010 || defined mc68020 || defined mc68030 || defined ATARI || defined sparc || defined __hpux || defined __hpux__
        -: 1373:#define BIGENDIAN 1
        -: 1374:#endif
        -: 1375:
        -: 1376:#endif
        -: 1377:
        -: 1378:#ifndef BIGENDIAN
        -: 1379:#define BIGENDIAN     0
        -: 1380:#endif
        -: 1381:
        -: 1382:#if defined BRACMATEMBEDDED
        -: 1383:#define _BRACMATEMBEDDED 1
        -: 1384:#else
        -: 1385:#define _BRACMATEMBEDDED 0
        -: 1386:#endif
        -: 1387:
        -: 1388:#if (defined _Windows || defined _MT /*multithreaded, VC6.0*/)&& (!defined _CONSOLE /*18 January 2007*/ && !defined __CONSOLE__ || defined NOTCONSOLE || _BRACMATEMBEDDED)
        -: 1389:/* _CONSOLE defined by Visual C++ and __CONSOLE__ seems always to be defined in C++Builder */
        -: 1390:#define MICROSOFT_WINDOWS_API 1
        -: 1391:#else
        -: 1392:#define MICROSOFT_WINDOWS_API 0
        -: 1393:#endif
        -: 1394:
        -: 1395:#if MICROSOFT_WINDOWS_API && defined POLL /*Bart 20030410: Often no need for polling in multithreaded apps.*/
        -: 1396:#define JMP 1 /* 1: listen to WM_QUIT message. 0: Do not listen to WM_QUIT message. */
        -: 1397:#else
        -: 1398:#define JMP 0
        -: 1399:#endif
        -: 1400:
        -: 1401:#if _BRACMATEMBEDDED
        -: 1402:#include "bracmat.h"
        -: 1403:#endif
        -: 1404:
        -: 1405:
        -: 1406:#if defined sun && !defined __GNUC__
        -: 1407:#include <unistd.h> /* SEEK_SET, SEEK_CUR */
        -: 1408:#define ALERT 7
        -: 1409:#define strtoul(a,b,c) strtol(a,b,c)
        -: 1410:#else
        -: 1411:#include <stddef.h>
        -: 1412:#endif
        -: 1413:
        -: 1414:#include <stdlib.h>
        -: 1415:
        -: 1416:#ifndef ALERT
        -: 1417:#define ALERT '\a'
        -: 1418:#endif
        -: 1419:
        -: 1420:#include <limits.h>
        -: 1421:
        -: 1422:#if defined _WIN64 || defined _WIN32
        -: 1423:typedef unsigned __int32 UINT32_T; /* pre VS2010 has no int32_t */
        -: 1424:#endif
        -: 1425:
        -: 1426:#if defined _WIN64
        -: 1427:/*Microsoft*/
        -: 1428:#define WORD32  0
        -: 1429:#define _4      1
        -: 1430:#define _5_6    1
        -: 1431:#define LONG long long
        -: 1432:#define STRTOUL _strtoui64
        -: 1433:#define STRTOL _strtoi64
        -: 1434:#define FSEEK _fseeki64
        -: 1435:#define FTELL _ftelli64
        -: 1436:#else
        -: 1437:#if !defined NO_C_INTERFACE && !defined _WIN32
        -: 1438:#if UINT_MAX == 4294967295
        -: 1439:typedef unsigned int UINT32_T;
        -: 1440:#elif ULONG_MAX == 4294967295
        -: 1441:typedef unsigned long UINT32_T;
        -: 1442:#endif
        -: 1443:#endif
        -: 1444:#if LONG_MAX <= 2147483647L
        -: 1445:#define WORD32  1
        -: 1446:#define _4      1
        -: 1447:#define _5_6    1
        -: 1448:#else
        -: 1449:#define WORD32  0
        -: 1450:#define _4      1
        -: 1451:#define _5_6    1
        -: 1452:#endif
        -: 1453:#define LONG long
        -: 1454:#define STRTOUL strtoul
        -: 1455:#define STRTOL strtol
        -: 1456:#define FSEEK fseek
        -: 1457:#define FTELL ftell
        -: 1458:#endif
        -: 1459:
        -: 1460:
        -: 1461:#if defined __TURBOC__ || defined __MSDOS__ || defined _WIN32 || defined __GNUC__
        -: 1462:#define DELAY_DUE_TO_INPUT
        -: 1463:#endif
        -: 1464:
        -: 1465:#include <time.h>
        -: 1466:#ifndef CLOCKS_PER_SEC
        -: 1467:#ifdef CLK_TCK  /* pre-ANSI-C */
        -: 1468:#define CLOCKS_PER_SEC CLK_TCK
        -: 1469:#else
        -: 1470:#if defined sun
        -: 1471:#define CLOCKS_PER_SEC 1000000 /* ??? */
        -: 1472:#endif
        -: 1473:#endif
        -: 1474:#endif
        -: 1475:
        -: 1476:#define LOGWORDLENGTH 2
        -: 1477:/* vlaggen in knoop */
        -: 1478:#define NOT              1      /* ~ */
        -: 1479:     /* zo houden ivm vermenging logische en bit operatoren && || | ^ & */
        -: 1480:#define SUCCESS         (1<< 1)
        -: 1481:#define READY           (1<< 2)
        -: 1482:#define POSITION        (1<< 3) /* [ */
        -: 1483:#define INDIRECT        (1<< 4) /* ! */
        -: 1484:#define DOUBLY_INDIRECT (1<< 5) /* !! */
        -: 1485:#define FENCE           (1<< 6) /* `   (within same byte as ATOM and NOT) */
        -: 1486:#define ATOM            (1<< 7) /* @ */
        -: 1487:#define NONIDENT        (1<< 8) /* % */
        -: 1488:#define GREATER_THAN    (1<< 9) /* > */
        -: 1489:#define SMALLER_THAN    (1<<10) /* < */
        -: 1490:#define NUMBER          (1<<11) /* # */
        -: 1491:#define BREUK           (1<<12) /* / */
        -: 1492:#define UNIFY           (1<<13) /* ? */
        -: 1493:#define IDENT           (1<<14)
        -: 1494:#define IMPLIEDFENCE    (1<<15) /* 20070222 */
        -: 1495:
        -: 1496:#define VISIBLE_FLAGS_WEAK      (INDIRECT|DOUBLY_INDIRECT|FENCE|UNIFY)
        -: 1497:#define VISIBLE_FLAGS_NON_COMP  (INDIRECT|DOUBLY_INDIRECT|ATOM|NONIDENT|NUMBER|BREUK|UNIFY) /* allows < > ~< and ~> as flags on numbers */
        -: 1498:#define VISIBLE_FLAGS_POS0      (INDIRECT|DOUBLY_INDIRECT|NONIDENT|QBREUK|UNIFY|QGETAL)
        -: 1499:#define VISIBLE_FLAGS_POS       (INDIRECT|DOUBLY_INDIRECT|NONIDENT|QBREUK|UNIFY|QGETAL|NOT|GREATER_THAN|SMALLER_THAN)
        -: 1500:#define VISIBLE_FLAGS           (INDIRECT|DOUBLY_INDIRECT|ATOM|NONIDENT|NUMBER|BREUK|UNIFY|NOT|GREATER_THAN|SMALLER_THAN|FENCE|POSITION)
        -: 1501:
        -: 1502:#define HAS_VISIBLE_FLAGS_OR_MINUS(psk) ((psk)->ops & (VISIBLE_FLAGS|MINUS))
        -: 1503:#define RATIONAAL(psk)      (((psk)->ops & (QGETAL|IS_OPERATOR|VISIBLE_FLAGS)) == QGETAL)
        -: 1504:#define RATIONAAL_COMP(psk) (((psk)->ops & (QGETAL|IS_OPERATOR|VISIBLE_FLAGS_NON_COMP)) == QGETAL)
        -: 1505:#define RATIONAAL_COMP_NOT_NUL(psk) (((psk)->ops & (QGETAL|QNUL|IS_OPERATOR|VISIBLE_FLAGS_NON_COMP)) == QGETAL)
        -: 1506:#define RATIONAAL_WEAK(psk) (((psk)->ops & (QGETAL|IS_OPERATOR|INDIRECT|DOUBLY_INDIRECT|FENCE|UNIFY)) == QGETAL)/* allows < > ~< and ~> as flags on numbers */
        -: 1507:#define       LESS(psk)    (((psk)->v.fl & (VISIBLE_FLAGS_POS)) == (QGETAL|SMALLER_THAN))
        -: 1508:#define LESS_EQUAL(psk)    (((psk)->v.fl & (VISIBLE_FLAGS_POS)) == (QGETAL|NOT|GREATER_THAN))
        -: 1509:#define MORE_EQUAL(psk)    (((psk)->v.fl & (VISIBLE_FLAGS_POS)) == (QGETAL|NOT|SMALLER_THAN))
        -: 1510:#define       MORE(psk)    (((psk)->v.fl & (VISIBLE_FLAGS_POS)) == (QGETAL|GREATER_THAN))
        -: 1511:#define    UNEQUAL(psk)    (((psk)->v.fl & (VISIBLE_FLAGS_POS)) == (QGETAL|NOT))
        -: 1512:#define LESSORMORE(psk)    (((psk)->v.fl & (VISIBLE_FLAGS_POS)) == (QGETAL|SMALLER_THAN|GREATER_THAN)) /*20111102*/
        -: 1513:#define      EQUAL(psk)    (((psk)->v.fl & (VISIBLE_FLAGS_POS)) == QGETAL)
        -: 1514:#define NOTLESSORMORE(psk) (((psk)->v.fl & (VISIBLE_FLAGS_POS)) == (QGETAL|NOT|SMALLER_THAN|GREATER_THAN))
        -: 1515:
        -: 1516:#define INTEGER(kn)               (((kn)->ops & (QGETAL|QBREUK|IS_OPERATOR|VISIBLE_FLAGS))                      == QGETAL)
        -: 1517:#define INTEGER_COMP(kn)          (((kn)->ops & (QGETAL|QBREUK|IS_OPERATOR|VISIBLE_FLAGS_NON_COMP))             == QGETAL)
        -: 1518:
        -: 1519:#define INTEGER_NIET_NEG(kn)      (((kn)->ops & (QGETAL|MINUS|QBREUK|IS_OPERATOR|VISIBLE_FLAGS))                == QGETAL)
        -: 1520:#define INTEGER_NIET_NEG_COMP(kn) (((kn)->ops & (QGETAL|MINUS|QBREUK|IS_OPERATOR|VISIBLE_FLAGS_NON_COMP))       == QGETAL)
        -: 1521:
        -: 1522:#define INTEGER_POS(kn)           (((kn)->ops & (QGETAL|MINUS|QNUL|QBREUK|IS_OPERATOR|VISIBLE_FLAGS))           == QGETAL)
        -: 1523:#define INTEGER_POS_COMP(kn)      (((kn)->ops & (QGETAL|MINUS|QNUL|QBREUK|IS_OPERATOR|VISIBLE_FLAGS_NON_COMP))  == QGETAL)
        -: 1524:
        -: 1525:#define INTEGER_NIET_NUL_COMP(kn) (((kn)->ops & (QGETAL|QNUL|QBREUK|IS_OPERATOR|VISIBLE_FLAGS_NON_COMP))        == QGETAL)
[...]
        -:16880:#else
        -:16881:                        ((typedObjectknoop*)(pkn))->refcount = 0;
        -:16882:                        UNSETCREATEDWITHNEW((typedObjectknoop*)pkn);
        -:16883:                        UNSETBUILTIN((typedObjectknoop*)pkn);
        -:16884:#endif
        1:16885:                        pkn->LEFT = subboomcopie(old->LEFT);
        1:16886:                        old->RIGHT = Head(old->RIGHT);
        1:16887:                        pkn->RIGHT = subboomcopie(old->RIGHT);
        1:16888:                        wis(old);
        -:16889:                        }
      757:16890:                    pkn->v.fl &= (~OPERATOR & ~READY);
      757:16891:                    pkn->ops |= dummy_op;
      757:16892:                    pkn->v.fl |= SUCCESS;
      757:16893:                    if(lkn.v.fl & INDIRECT)
        -:16894:                        {/* (a=b=127)&(.):(_)&!(a_b) */
        1:16895:                        pkn = evalvar(pkn);
        -:16896:                        }
      757:16897:                    break;
        -:16898:                }
        -:16899:            }
        -:16900:        else
        -:16901:            {
        -:16902:            /*assert(!shared(pkn));*/ /* 20120916 evalvar now expects not shared arg. */
        -:16903:            /* An unevaluated leaf can only be an atom with ! or !!,
        -:16904:            so we don't need to test for this condition.*/
   689335:16905:            pkn = evalvar(pkn);
        -:16906:            /* After evaluation of a variable, the loop continues.
        -:16907:            Together with how & and | (EN and OF) are treated, this ensures that
        -:16908:            a loop can run indefinitely, without using stack space. */
        -:16909:            }
        -:16910:        }
        -:16911:#if JMP
        -:16912:    PeekMsg();
        -:16913:#endif
        -:16914:    ZSTACK
  2376805:16915:    return pkn;
        -:16916:    }
        -:16917:
        1:16918:int startProc(
        -:16919:#if _BRACMATEMBEDDED
        -:16920:    startStruct * init
        -:16921:#else
        -:16922:    void
        -:16923:#endif
        -:16924:    )
        -:16925:    {
        -:16926:    int tel;
        -:16927:    int err; /* 20100802, evaluation of version string */
        -:16928:    static int called = 0;
        -:16929:    /*printf("startProc ");*/
        1:16930:    if(called)
        -:16931:        {
        -:16932:        /*printf("already called\n");*/
    #####:16933:        return 2;
        -:16934:        }
        -:16935:    /*printf("call\n");*/
        1:16936:    called = 1;
        -:16937:#if _BRACMATEMBEDDED
        -:16938:    if(init)
        -:16939:        {
        -:16940:        if(init->WinIn)
        -:16941:            {
        -:16942:            WinIn = init->WinIn;
        -:16943:            }
        -:16944:        if(init->WinOut)
        -:16945:            {
        -:16946:            WinOut = init->WinOut;
        -:16947:            }
        -:16948:        if(init->WinFlush)
        -:16949:            {
        -:16950:            WinFlush = init->WinFlush;
        -:16951:            }
        -:16952:        }
        -:16953:#endif
        1:16954:    for(tel = 0;tel<256;variabelen[tel++] = NULL)
        -:16955:        ;
        1:16956:    if(!init_ruimte())
    #####:16957:        return 0;
        1:16958:    init_opcode();
        1:16959:    anker = NULL;
        1:16960:    fpi = stdin;
        1:16961:    fpo = stdout;
        -:16962:
        1:16963:    argk.flgs = READY | SUCCESS;
        1:16964:    argk.u.lobj = O('a','r','g');
        -:16965:
        1:16966:    sjt.flgs = READY | SUCCESS;/*20100910*/
        1:16967:    sjt.u.lobj = O('s','j','t');/*20100910*/
        -:16968:
        1:16969:    selfkn.flgs = READY | SUCCESS;
        1:16970:    selfkn.u.lobj = O('i','t','s');
        -:16971:
        1:16972:    Selfkn.flgs = READY | SUCCESS;
        1:16973:    Selfkn.u.lobj = O('I','t','s');
        -:16974:
        1:16975:    nilk.flgs = READY | SUCCESS | IDENT;
        1:16976:    nilk.u.lobj = 0L;
        -:16977:
        1:16978:    nulk.flgs = READY | SUCCESS | IDENT | QGETAL | QNUL;
        1:16979:    nulk.u.lobj = 0L;
        1:16980:    nulk.u.obj = '0';
        -:16981:
        1:16982:    eenk.u.lobj = 0L;
        1:16983:    eenk.u.obj = '1';
        1:16984:    eenk.flgs = READY | SUCCESS | IDENT | QGETAL;
        1:16985:    *(&(eenk.u.obj)+1) = 0;
        -:16986:
        1:16987:    mintweek.u.lobj = 0L;
        1:16988:    mintweek.u.obj = '2';
        1:16989:    mintweek.flgs = READY | SUCCESS | QGETAL | MINUS;
        1:16990:    *(&(mintweek.u.obj)+1) = 0;
        -:16991:
        1:16992:    mineenk.u.lobj = 0L;
        1:16993:    mineenk.u.obj = '1';
        1:16994:    mineenk.flgs = READY | SUCCESS | QGETAL | MINUS;
        1:16995:    *(&(mineenk.u.obj)+1) = 0;
        -:16996:
        1:16997:    tweek.u.lobj = 0L;
        1:16998:    tweek.u.obj = '2';
        1:16999:    tweek.flgs = READY | SUCCESS | QGETAL;
        1:17000:    *(&(tweek.u.obj)+1) = 0;
        -:17001:
        1:17002:    vierk.u.lobj = 0L;
        1:17003:    vierk.u.obj = '4';
        1:17004:    vierk.flgs = READY | SUCCESS | QGETAL;
        1:17005:    *(&(vierk.u.obj)+1) = 0;
        -:17006:
        1:17007:    minvierk.u.lobj = 0L;
        1:17008:    minvierk.u.obj = '4';
        1:17009:    minvierk.flgs = READY | SUCCESS | QGETAL | MINUS;
        1:17010:    *(&(minvierk.u.obj)+1) = 0;
        -:17011:
        1:17012:    m0 = opb(m0,"?*(%+%)^~/#>1*?" , NULL);
        1:17013:    m1 = opb(m1,"?*(%+%)*?" , NULL);
        1:17014:    f0 = opb(f0,"(g,k,pow"
        -:17015:                ".(pow"
        -:17016:                  "=b,c,d,l,s,f"
        -:17017:                  ".!arg:(%?b+%?c)^?d"
        -:17018:                  "&1:?f"
        -:17019:                  "&(s"
        -:17020:                   "=!d:1&0"
        -:17021:                   "|(!f*!d*(1+!l:?l)^-1:?f)"
        -:17022:                    "*!b^!l"
        -:17023:                    "*pow$(!c^(-1+!d:?d))"
        -:17024:                   "+!s"
        -:17025:                   ")"
        -:17026:                  "&!b^!d+!c^!d+!s"
        -:17027:                  "|!arg"
        -:17028:                  ")"
        -:17029:                  "&!arg:?g*((%+%)^~/#>1:?arg)*?k"
        -:17030:                  "&!g*pow$!arg*!k)",NULL);
        1:17031:    f1 = opb(f1,
        -:17032:        "((\177g,\177h,\177i).!arg:?\177g*(%?\177h+%?\177i)*",
        -:17033:        "?arg&!\177g*!\177h*!arg+!\177g*!\177i*!arg)",NULL);
        1:17034:    f4 = opb(f4,  "l,a,b,c,e,f"
        -:17035:                ".(a"
        -:17036:                 "=j,g,h,i"
        -:17037:                  ".!arg:?l^(?j+?g*!l\016?h*?i+?arg)"
        -:17038:                   "&!l^(!j+!arg)*!h^(!g*!i)"
        -:17039:                 ")"
        -:17040:                "&(e"
        -:17041:                 "=j,g,I"
        -:17042:                 ".!arg:?j+#?g*((i|-i):?I)*pi+?arg"
        -:17043:                   "&1:?l"
        -:17044:                   "&!j+(mod$(1+!g,2)+-1)*!I*pi+!arg"
        -:17045:                 ")"
        -:17046:                "&(f"
        -:17047:                 "=j,i"
        -:17048:                  ".!arg:?j+#?l*((i|-i):?I)*pi+?arg"
        -:17049:                   "&!I^(2*!l):?l"
        -:17050:                   "&!j+!arg"
        -:17051:                 ")"
        -:17052:                "&(b"
        -:17053:                 "="
        -:17054:                  "(!l:(<-1|>1)&e"
        -:17055:                  "|(-1|1/2|-1/2)&f"
        -:17056:                  ")"
        -:17057:                  ":?l"
        -:17058:                 ")"
        -:17059:                "&(c"
        -:17060:                 "="
        -:17061:                  ".1+!arg:?arg"
        -:17062:                   "&1:?l"
        -:17063:                   "&-1+!arg"
        -:17064:                 ")"
        -:17065:                "&(!arg:?l^(?+?*!l\016?*?+?)&a$!arg"
        -:17066:                 "|!arg"
        -:17067:                  ":e^((?+#?l*(i|-i)*pi+?&`!b"
        -:17068:                      "|?"
        -:17069:                       "*(pi|i|-i)"
        -:17070:                       "*?"
        -:17071:                       "*(?+?*(pi|i|-i)*?+?:%+%)"
        -:17072:                       "*?"
        -:17073:                        "&c:?l"
        -:17074:                      ")"
        -:17075:                     ":?arg"
        -:17076:                     ")"
        -:17077:                   "&e^!l$!arg*!l"
        -:17078:                 ")",NULL);
        1:17079:    f5 = opb(f5,
        -:17080:         "l,d"
        -:17081:         ".(d"
        -:17082:          "=j,g,h"
        -:17083:           ".!arg:?l\016(?j*!l^?g*?h)&!g+!l\016(!j*!h)"
        -:17084:          ")"
        -:17085:          "&!arg:?l\016(?*!l^?*?)"
        -:17086:          "&d$!arg", NULL);
        -:17087:
        1:17088:    anker = startboom_w(anker ,
        -:17089:        "(cat=flt,sin,tay,fct,cos,out,sgn.!arg:((?flt,(?sin,?tay)|?sin&:?tay)|?flt&:?sin:"
        -:17090:        "?tay)&(fct=.!arg:%?cos ?arg&!cos:((?out.?)|?out)&'(? ($out|($out.?)"
        -:17091:        ") ?):(=?sgn)&(!flt:!sgn&!(glf$(=~.!sin:!sgn))&!cos|) fct$!arg|)&(:!flt:!sin&mem$!tay|(:!flt&mem$:?flt"
        -:17092:        "|)&fct$(mem$!tay))),",
        -:17093:
        -:17094:        /* 20110823
        -:17095:        "(cat=flt,sin,tay,fct,cos,out,sgn.!arg:((?flt,(?sin,?tay)|?sin&:?tay)|?flt&:?sin:"
        -:17096:        "?tay)&(fct=.!arg:%?cos ?arg&!cos:((?out.?)|?out)&'(? (`=$out|($out.?)"
        -:17097:        ") ?):?sgn&(!flt:!sgn&~$(!sin:!sgn)&!cos|) fct$!arg|)&(:!flt:!sin|(:!flt&mem$:?flt"
        -:17098:        "|)&fct)$(mem$!tay)),",
        -:17099:        */
        -:17100:        "(out=(.put$!arg:?arg&put$\212&!arg)),"
        -:17101:        "(flt=((e,d,m,s,f).!arg:(?arg,~<0:?d)&!arg:0|(-1*!arg:>0:?arg&-1|1):?s&"
        -:17102:        "10\016!arg:?e+(10\016?m|0&1:?m)&(!m+1/2*1/10^!d:~<10&1+!e:?e&!m*1/10"
        -:17103:        ":?m|)&@(div$(!m+1/2*(1/10^!d:?d),!d):"
        -:17104:        "`%?f ?m)&str$(!s*!f (!d:~1&\254|) !m \252\261\260\305 !e))),",
        -:17105:
        -:17106:        "(tay=((f,tot,x,fac,cnt,res,R).",
        -:17107:        "(R=!cnt:!tot&!res|!res+(sub$(!x\017!f:?f.!x.0))*((!fac*(!cnt+1:?cnt))"
        -:17108:        ":?fac)^-1*!x^!cnt:?res&!R)&",
        -:17109:        "!arg:(?f,?x,?tot)&(fac=1)&(cnt=0)&((sub$(!f.!x.0)):?res)&!R)),",
        -:17110:
        -:17111:        /*"(ego=(r.sub$(sub$(!arg.(sin.?r).'sin$!r).(cos.?r).'cos$!r))),",
        -:17112:
        -:17113:        "(goe=((h,s).sub$(!arg.'(e^?h).",
        -:17114:        "'(-1*(sgn$(-1+i*!h+1:?h):?s)*i*(sin.-1+!s*!h+1:?s)+(cos.!s))))),",*/
        -:17115:
        -:17116:        "(sin=(.i*(-1/2*e^(i*!arg)+1/2*e^(-i*!arg)))),",
        -:17117:
        -:17118:        "(cos=(.1/2*(e^(i*!arg)+e^(-i*!arg)))),",
        -:17119:
        -:17120:        "(sgn=(.!arg:?#%arg*%+?&sgn$!arg|!arg:<0&-1|1)),",
        -:17121:        "(abs=(.sgn$!arg*!arg)),",
        -:17122:        "(sub=\177e,\177x,\177v,\177F.(\177F=\177l,\177r.!arg:!\177x&!\177v|"
        -:17123:        "!arg:%?\177l_%?\177r&(\177F$!\177l)_(\177F$!\177r)|!arg)&!arg:(("
        -:17124:        "?\177e.?\177x.?\177v)|out$(str$((=sub$(expr.var.rep)) !arg))&get'&~`)"
        -:17125:        "&\177F$!\177e),",
        -:17126:        fct,
        -:17127:        NULL);
        -:17128:
        -:17129:
        -:17130:#if JMP
        -:17131:    if(setjmp(jumper) != 0)
        -:17132:        return;
        -:17133:#endif
        1:17134:    anker = eval(anker);
        1:17135:    stringEval("(v=\"Bracmat version " VERSION ", build " BUILD " (" DATUM ")\")",NULL,&err);
        1:17136:    return 1;
        -:17137:}
        -:17138:
        1:17139:void endProc(void)
        -:17140:    {
        -:17141:    int err;
        -:17142:    static int called = 0;
        1:17143:    if(called)
        1:17144:        return;
        1:17145:    called = 1;
        -:17146:/*  stringEval("cat$:? CloseDown ? & CloseDown$ | out$\"No CloseDown function provided, exiting all the same.\"",NULL,&err);*/
        1:17147:    stringEval("cat$:? CloseDown ? & CloseDown$ | ",NULL,&err);
        1:17148:    if(err)
    #####:17149:        errorprintf("Error executing CloseDown\n");
        -:17150:    }
        -:17151:
        -:17152:/* main - the text-mode front end for bracmat */
        -:17153:
        -:17154:
        -:17155:#if _BRACMATEMBEDDED
        -:17156:#else
        -:17157:
        -:17158:#include <stddef.h>
        -:17159:
        1:17160:int mainlus(int argc,char *argv[])
        -:17161:    {
        -:17162:    int err;
        -:17163:    char * mainloop;
        -:17164:    const char * ret;
        1:17165:    if(argc > 1)
        -:17166:        { /* to get here, e.g.: ./bracmat out$hello */
        1:17167:        ARGC = argc;
        1:17168:        ARGV = argv;
        1:17169:        mainloop = "arg$&whl'(get$(arg$,MEM):?\"?...@#$*~%!\")&!\"?...@#$*~%!\"";
        1:17170:        stringEval(mainloop,&ret,&err);
        1:17171:        return (int)STRTOL(ret,0,10);
        -:17172:        /*
        -:17173:        int i;
        -:17174:        for(i = 1;i < argc;++i) / *20090630* /
        -:17175:            {
        -:17176:            stringEval(argv[i],NULL,&err);
        -:17177:            }
        -:17178:            */
        -:17179:        }
        -:17180:    else
        -:17181:        {
    #####:17182:        mainloop =
        -:17183:        "(w=\"11. BECAUSE THE PROGRAM IS LICENSED FREE OF CHARGE, THERE IS NO WARRANTY\\n"
        -:17184:        "FOR THE PROGRAM, TO THE EXTENT PERMITTED BY APPLICABLE LAW.  EXCEPT WHEN\\n"
        -:17185:        "OTHERWISE STATED IN WRITING THE COPYRIGHT HOLDERS AND/OR OTHER PARTIES\\n"
        -:17186:        "PROVIDE THE PROGRAM \\\"AS IS\\\" WITHOUT WARRANTY OF ANY KIND, EITHER EXPRESSED\\n"
        -:17187:        "OR IMPLIED, INCLUDING, BUT NOT LIMITED TO, THE IMPLIED WARRANTIES OF\\n"
        -:17188:        "MERCHANTABILITY AND FITNESS FOR A PARTICULAR PURPOSE.  THE ENTIRE RISK AS\\n"
        -:17189:        "TO THE QUALITY AND PERFORMANCE OF THE PROGRAM IS WITH YOU.  SHOULD THE\\n"
        -:17190:        "PROGRAM PROVE DEFECTIVE, YOU ASSUME THE COST OF ALL NECESSARY SERVICING,\\n"
        -:17191:        "REPAIR OR CORRECTION.\\n\")&"
        -:17192:        "(c=\"12. IN NO EVENT UNLESS REQUIRED BY APPLICABLE LAW OR AGREED TO IN WRITING\\n"
        -:17193:        "WILL ANY COPYRIGHT HOLDER, OR ANY OTHER PARTY WHO MAY MODIFY AND/OR\\n"
        -:17194:        "REDISTRIBUTE THE PROGRAM AS PERMITTED ABOVE, BE LIABLE TO YOU FOR DAMAGES,\\n"
        -:17195:        "INCLUDING ANY GENERAL, SPECIAL, INCIDENTAL OR CONSEQUENTIAL DAMAGES ARISING\\n"
        -:17196:        "OUT OF THE USE OR INABILITY TO USE THE PROGRAM (INCLUDING BUT NOT LIMITED\\n"
        -:17197:        "TO LOSS OF DATA OR DATA BEING RENDERED INACCURATE OR LOSSES SUSTAINED BY\\n"
        -:17198:        "YOU OR THIRD PARTIES OR A FAILURE OF THE PROGRAM TO OPERATE WITH ANY OTHER\\n"
        -:17199:        "PROGRAMS), EVEN IF SUCH HOLDER OR OTHER PARTY HAS BEEN ADVISED OF THE\\n"
        -:17200:        "POSSIBILITY OF SUCH DAMAGES.\\n\")&"
        -:17201:        "out$!v&"
        -:17202:        "out$\"Copyright (C) 2002 Bart Jongejan\\n"
        -:17203:        "Bracmat comes with ABSOLUTELY NO WARRANTY; for details type `!w'.\\n"
        -:17204:        "This is free software, and you are welcome to redistribute it\\n"
        -:17205:        "under certain conditions; type `!c' for details.\\n\\n"
        -:17206:        "\\n\\n{?} get$help { tutorial }\\n{?} )        { stop }\"&"
        -:17207:        "(main=put$\"{?} \"&clk$():?SEC&((get':?!(=):(|?&clk$+-1*!SEC:?SEC&"
        -:17208:        "put$\"{!} \"&put$!&put$(\"\\n    S  \" str$(div$(!SEC,1) \",\" (div$(mod$("
        -:17209:        "!SEC*100,100),1):?SEC&!SEC:<10&0|) !SEC) sec))|put$\"\\n    F\")|"
        -:17210:        "put$\"\\n    I\")&"
        -:17211:
        -:17212:
        -:17213:
        -:17214:
        -:17215:#if TELMAX
        -:17216:
        -:17217:        "out$str$(\"  \" bez')&"
        -:17218:#else
        -:17219:        "out$&"
        -:17220:#endif
        -:17221:
        -:17222:        "!main)&!main";
    #####:17223:        stringEval(mainloop,NULL,&err);
        -:17224:        }
    #####:17225:    return 0;
        -:17226:    }
        -:17227:
        1:17228:int main(int argc,char *argv[])
        -:17229:    {
        -:17230:    int ret; /*20100310 numerical result of mainlus becomes exit code.
        -:17231:             If out of integer range or not numerical: 0*/
        1:17232:    char * p = argv[0] + strlen(argv[0]);
        -:17233:#if 0
        -:17234:#ifdef _WIN64 /* Microsoft 64 bit */
        -:17235:    printf("_WIN64\n");
        -:17236:    printf("sizeof(char *) %lld\n",sizeof(char *));
        -:17237:    printf("sizeof(LONG) %lld\n",sizeof(LONG));
        -:17238:    printf("sizeof(size_t) %lld\n",sizeof(size_t));
        -:17239:    printf("WORD32 %d\n",WORD32);
        -:17240:    printf("RADIX %lld\n",(LONG)RADIX);
        -:17241:    printf("RADIX2 %lld\n",(LONG)RADIX2);
        -:17242:    printf("TEN_LOG_RADIX %lld\n",(LONG)TEN_LOG_RADIX);
        -:17243:    printf("HEADROOM %lld\n",(LONG)HEADROOM);
        -:17244:#else /* 32 bit and gcc 64 bit */
        -:17245:    printf("!_WIN64\n");
        -:17246:    printf("sizeof(char *) %ld\n",sizeof(char *));
        -:17247:    printf("sizeof(LONG) %ld\n",sizeof(LONG));
        -:17248:    printf("sizeof(size_t) %ld\n",sizeof(size_t));
        -:17249:    printf("WORD32 %d\n",WORD32);
        -:17250:    printf("RADIX %ld\n",(LONG)RADIX);
        -:17251:    printf("RADIX2 %ld\n",(LONG)RADIX2);
        -:17252:    printf("TEN_LOG_RADIX %ld\n",(LONG)TEN_LOG_RADIX);
        -:17253:    printf("HEADROOM %ld\n",(LONG)HEADROOM);
        -:17254:#endif
        -:17255:#endif
        -:17256:#ifndef NDEBUG
        -:17257:        {
        -:17258:        LONG radix,ten_log_radix;
        -:17259:        assert(HEADROOM*RADIX2 < LONG_MAX);
        -:17260:        for(radix = 1,ten_log_radix = 1;ten_log_radix <= TEN_LOG_RADIX;radix *= 10,++ten_log_radix)
        -:17261:            ;
        -:17262:        assert(RADIX == radix);
        -:17263:        }
        -:17264:#endif
        -:17265:    assert(sizeof(tFlags) == sizeof(unsigned int));
        7:17266:    while(--p >= argv[0])
        6:17267:        if(*p == '\\' || *p == '/')
        -:17268:            {
        1:17269:            ++p;
        1:17270:            targetPath = (char *)malloc(p - argv[0] + 1);
        1:17271:            if(targetPath)
        -:17272:                {
        1:17273:                strncpy(targetPath,argv[0],p - argv[0]);
        1:17274:                targetPath[p - argv[0]] = '\0';
        -:17275:                }
        1:17276:            break;
        -:17277:            }
        -:17278:/*  Printf("targetPath=%s\n",targetPath);*/
        -:17279:
        1:17280:    errorStream = stderr;
        1:17281:    if(!startProc())
    #####:17282:        return -1;
        1:17283:    ret = mainlus(argc,argv);
        1:17284:    endProc();/* to get here, eg: {?} main=out$bye! */
        1:17285:    if(targetPath)
        1:17286:        free(targetPath);
        1:17287:    return ret;
        -:17288:    }
        -:17289:
        -:17290:#endif /*#if !_BRACMATEMBEDDED*/
        -:17291:
