        -:    0:Source:bracmat.c
        -:    0:Graph:bracmat.gcno
        -:    0:Data:bracmat.gcda
        -:    0:Runs:1
        -:    0:Programs:1
        -:    1:/*
        -:    2:    Bracmat. Programming language with pattern matching on tree structures.
        -:    3:    Copyright (C) 2002  Bart Jongejan
        -:    4:
        -:    5:    This program is free software; you can redistribute it and/or modify
        -:    6:    it under the terms of the GNU General Public License as published by
        -:    7:    the Free Software Foundation; either version 2 of the License, or
        -:    8:    (at your option) any later version.
        -:    9:
        -:   10:    This program is distributed in the hope that it will be useful,
        -:   11:    but WITHOUT ANY WARRANTY; without even the implied warranty of
        -:   12:    MERCHANTABILITY or FITNESS FOR A PARTICULAR PURPOSE.  See the
        -:   13:    GNU General Public License for more details.
        -:   14:
        -:   15:    You should have received a copy of the GNU General Public License
        -:   16:    along with this program; if not, write to the Free Software
        -:   17:    Foundation, Inc., 59 Temple Place, Suite 330, Boston, MA  02111-1307  USA
        -:   18:*/
        -:   19:/*
        -:   20:email: bartj@hum.ku.dk
        -:   21:*/
        -:   22:/*
        -:   23:COMPILATION
        -:   24:-----------
        -:   25:It is assumed that the hardware is litte-endian, (which has become the most
        -:   26:common these days).
        -:   27:
        -:   28:If you can compile successfully but cannot run the program succesfully,
        -:   29:try putting -DBIGENDIAN on the command line of the compiler.
        -:   30:This works of course only if the machine's hardware is big-endian.
        -:   31:
        -:   32:The program only utilizes standard libraries.
        -:   33:
        -:   34:Until 2012, the source code consisted of a single file, bracmat.c.
        -:   35:Because XML is becoming more popular, a separate source file, xml.c
        -:   36:implements reading XML files.
        -:   37:
        -:   38:On *N?X, just compile with
        -:   39:
        -:   40:    gcc -std=c99 -pedantic -Wall -O3 -static -DNDEBUG -o bracmat bracmat.c xml.c
        -:   41:
        -:   42:
        -:   43:The options are not necessary to successfully compile the program just
        -:   44:
        -:   45:    gcc *.c
        -:   46:
        -:   47:also works and produces the executable a.out.
        -:   48:
        -:   49:Profiling:
        -:   50:
        -:   51:    gcc -Wall -c -pg -DNDEBUG bracmat.c xml.c
        -:   52:    gcc -Wall -pg bracmat.o xml.o
        -:   53:    ./a.out 'get$"valid.bra";!r'
        -:   54:    gprof a.out
        -:   55:
        -:   56:Test coverage:
        -:   57:(see http://gcc.gnu.org/onlinedocs/gcc/Invoking-Gcov.html#Invoking-Gcov)
        -:   58:
        -:   59:    gcc -fprofile-arcs -ftest-coverage -DNDEBUG bracmat.c xml.c
        -:   60:    ./a.out
        -:   61:    gcov bracmat.c
        -:   62:    gcov xml.c
        -:   63:
        -:   64:*/
        -:   65:
        -:   66:#define DATUM "10 December 2012"
        -:   67:#define VERSION "6"
        -:   68:#define BUILD "148"
        -:   69:/*  10 December
        -:   70:Replaced 2000000000 by HEADROOM * RADIX2, which is valid for both 32 and 64 bit.
        -:   71:scompare: if subject is zero bytes long and therefore not a number, adding
        -:   72:characters to it may make it a number.
        -:   73:
        -:   74:     6 December 2012
        -:   75:Thoroughly tested lambda.
        -:   76:
        -:   77:     5 December 2012
        -:   78:Compiled with Borland C++ 5.02, alternative typedef for UINT32, found unused
        -:   79:global var hekje1.
        -:   80:
        -:   81:     4 December 2012
        -:   82:Commented out unreachable code in evalmacro
        -:   83:
        -:   84:     2 December 2012
        -:   85:Made type 'int' explicit in line 5223
        -:   86: 
        -:   87:     1 December 2012
        -:   88:Solved bug with late binding that turned up when evaluating 
        -:   89:(cof==h) & @(gj:?!cof) & !cof
        -:   90:
        -:   91:    28 November 2012
        -:   92:Made input stop on EOF even if input is stdin.
        -:   93:
        -:   94:    23 November 2012
        -:   95:During testing of corner cases, found code that never executed in find() and
        -:   96:code that was missing in doPosition.
        -:   97:
        -:   98:    16 November 2012
        -:   99:Found and solved bug in Naamwoord. Case:
        -:  100:(abcd=bopt=cyt*dip) & (cyt=dip=egsae) & foo:?!!(abcd.bopt)
        -:  101:Removed rudimentary argument char ** punmatched from some functions.
        -:  102:Removed old, forgotten attempt at working with < > and ~ on subject
        -:  103:(lhs of : operator) in compare(). These flags are only useful in the pattern
        -:  104:
        -:  105:    15 November 2012
        -:  106:Added a comment to input with backslash followed by control character,
        -:  107:which is unsyntactical. Fused numberNode into _qdenominator.
        -:  108:Fused fireBuiltInFunc into wis.
        -:  109:
        -:  110:    1 November 2012
        -:  111:Function someopt() conditionally excluded with 
        -:  112:  #if !defined NO_LOW_LEVEL_FILE_HANDLING
        -:  113:
        -:  114:    21 October 2012
        -:  115:Made sure that put$ cannot write to a file that is still open in get$.
        -:  116:
        -:  117:    17 October 2012
        -:  118:In evalvar, the assumption that shared = false is false.
        -:  119:
        -:  120:    15 October 2012
        -:  121:Added 8 byte peek and poke (pee, pok) (perhaps not on all 32 bit platforms).
        -:  122:Default is now 1 byte.
        -:  123:
        -:  124:    14 October 2012
        -:  125:flg$(=~exp):(=?f.?o)  !f now fails, as it should.
        -:  126:Relaxed requirement that parameters be separated with comma for function sim.
        -:  127:new$(hash,1000) gives a hint at the initial size of the hash table.
        -:  128:Default is 97.
        -:  129:
        -:  130:    12 October 2012
        -:  131:Found some places in plus_samenvoegen_of_sorteren that were never reached,
        -:  132:commented these.
        -:  133:
        -:  134:    23 September 2012
        -:  135:Discovered buffer overflow when compiled under fresh installation of Xubuntu 
        -:  136:gcc (Ubuntu/Linaro 4.6.3-1ubuntu5) 4.6.3 with optimization -O1 and higher.
        -:  137:Cause: strcpy in some places got the address of a single byte as destination
        -:  138:and coredumped when that single-byte buffer was overrun, not knowing that
        -:  139:there was, in fact, allocated memory to house the fulle source. See definition
        -:  140:of POBJ.
        -:  141:
        -:  142:    22 September 2012
        -:  143:Discovered that built in objects too easily were copied. The new function is
        -:  144:for that. Worse, the copies were not initialized with a call to New. Also,
        -:  145:new$hash returned ((=).New)'. Now it returns the object node. Changed the rhs
        -:  146:of this node to the node that is the argument of the original call to new, so:
        -:  147:  =hash
        -:  148:
        -:  149:    20 September 2012
        -:  150:Reference counting should now be faster, bigger and better.
        -:  151:Before, reference counting went to 2^30+1024. Now it goes to 2^30*1023+1
        -:  152:Test added to valid.bra.
        -:  153:
        -:  154:    19 September 2012
        -:  155:Made major changes in Naamwoord, Naamwoord_w and doPosition to make two levels
        -:  156:of indirection work also in the case that an object is at the first level.
        -:  157:Handling of two levels of indirection is improved generally.
        -:  158:
        -:  159:    16 September 2012
        -:  160:Using gcov, found some places that are unreachable in merge(), substdiff() and
        -:  161:evalvar(). Simplified substdiff. Function evalvar now expects that the argument
        -:  162:is not shared. Deleted code that was never reached.
        -:  163:
        -:  164:    12 September 2012
        -:  165:Updated u2l and l2u with data from UnicodeData.txt 2011-11-08
        -:  166:(using script uni.bra)
        -:  167:
        -:  168:    22 August 2012
        -:  169:Bug removed. The expression
        -:  170:    ( (=A B)
        -:  171:    : ?G1
        -:  172:    : (=(A&X:?(G1.)) B)
        -:  173:    )
        -:  174:would not match the 'B' in the pattern with anything valid, because the 
        -:  175:assignment X:?(G1.) had deleted the original subject. Now the subject is
        -:  176:temporarily reference-incremented, so the 'B' still matches the old value of
        -:  177:G1. The expression as a whole evaluates to X. Notice that this bug did not
        -:  178:affect the very similar
        -:  179:    ( (G2==A B)
        -:  180:    & !G2
        -:  181:    : (=(A&X:?(G2.)) B)
        -:  182:    )
        -:  183:Reason: here, the subject is not the object that G1 is bound to, but a copy.
        -:  184:And that is so because the object that G1 is bound to is headed by an
        -:  185:unevaluated = (being part of the rhs of an = operator). The expression !G2,
        -:  186:however, must be evaluated, so it cannot be identical to G2's value.
        -:  187:Consequently, the reassignment of G2 does not affect the subject of the
        -:  188:pattern match operation, which is (=A B) at all times.
        -:  189:
        -:  190:     4 August 2012
        -:  191:Removed function "?"$<expr>. The same effect is obtained by <expr>:?!(=)
        -:  192:
        -:  193:    31 July 2012
        -:  194:Made code gcc -pedantic proof. There are two string constants with a length
        -:  195:greater than 509, which ISO C89 compilers are required to support. Therefore
        -:  196:the option -std=c99 is added.
        -:  197:The LL suffix is replaced by L for non-Microsoft compilers.
        -:  198:
        -:  199:     8 July 2012
        -:  200:Added explanation and two small improvements to nextprime()
        -:  201:
        -:  202:     2 July 2012
        -:  203:
        -:  204:Since build 115 (9 February 2012), the version should have read '6',
        -:  205:not '5'. (This was the date when bracmat wás brought to GitHub.)
        -:  206:Changes in bmalloc that makes it possible to compile with -O3.
        -:  207:Changed 'unsigned char' to 'char' in a lot of places to make some
        -:  208:warnings go away when compiled with gcc.
        -:  209:
        -:  210:    22 June 2012
        -:  211:
        -:  212:Correction in scompare(). The expression @(1b:~<1 b) did not evaluate 
        -:  213:successfully, which it should. Did a clean-up of this function.
        -:  214:
        -:  215:    4 June 2012
        -:  216:
        -:  217:Introduced READMARKUPFAMILY macro to turn xml-stuff on (1) or off (0)
        -:  218:
        -:  219:    2 June 2012
        -:  220:
        -:  221:xml.c supports reading from stdio (no rewind). Example of use:
        -:  222:type pr-xml-utf-8.xml | bracmat "put$(get$(,ML),\"pr-xml-utf-8.bra\",NEW)&"
        -:  223:
        -:  224:    1 June 2012
        -:  225:
        -:  226:Did some finishing, no essential code changes.
        -:  227:
        -:  228:    1 May 2012
        -:  229:
        -:  230:Added list of HTML entities. These are decoded to unicode codepoints and
        -:  231:encoded as utf-8 if an option HT is added.
        -:  232:
        -:  233:get$("filename.html",HT,ML,TRM)
        -:  234:
        -:  235:   29 April 2012
        -:  236:
        -:  237:Restructured the (ancient) input function and renamed some identifiers to
        -:  238:English equivalents.
        -:  239:Added a source file, xml.c, that reads SGML, HTML and XML files.
        -:  240:Syntax:
        -:  241:
        -:  242:get$(filename,ML)
        -:  243:get$(filename,ML,TRM)
        -:  244:get$(string,MEM,ML)
        -:  245:get$(string,MEM,ML,TRM)
        -:  246:
        -:  247:An option HT is made, but does not work yet. Purpose: translate HTML entities.
        -:  248:
        -:  249:   13 April 2012
        -:  250:
        -:  251:The characters @ and % in front of a string now only turn off escaping with the
        -:  252:\ character inside the string if the string is surrounded by " characters.
        -:  253:Reason: the \L operator was not recognised if its lhs contained a % or @.
        -:  254:
        -:  255:   23 February 2012
        -:  256:
        -:  257:When Bracmat reads a file that is not well-formed, it asks fo a file name where
        -:  258:it can write what it has understood. This did not work. Now it does.
        -:  259:
        -:  260:    9 February 2012
        -:  261:
        -:  262:Corrected error in doPosition that was introduced with the latest
        -:  263:optimizations.
        -:  264:
        -:  265:    4 February 2012
        -:  266:
        -:  267:Discovered that "greater than" relation implemented in the vgl function
        -:  268:wasn't transitive:
        -:  269:(1a.)+(10.)      -> (10.)+(1a.)
        -:  270:(1a.)+(10.)+(2.) -> (1a.)+(2.)+(10.)
        -:  271:Thus the order of (10.) and (1a.) depends on other terms.
        -:  272:Now the rule is: 
        -:  273:1) any number is smaller than any non-number
        -:  274:2) numbers are compared numerically
        -:  275:3) non-numbers are compared with strcmp
        -:  276:
        -:  277:    25 January 2012
        -:  278:
        -:  279:Improved handling of negative positions (positions counted from the end)
        -:  280:in lists, sums and products.
        -:  281:
        -:  282:    24 January 2012
        -:  283:
        -:  284:doPosition is buggy
        -:  285:    a (c,d): ? [-1
        -:  286:
        -:  287:expressionLength  counts the wrong way. It must look at the top level operator 
        -:  288:in the pattern containing the [ and count 1 + the number of this operator 
        -:  289:until the end of the list. 0 if [ is last in the pattern.
        -:  290:
        -:  291:    20 January 2012
        -:  292:
        -:  293:The previous change moved the scanning pointer to the point in the subject
        -:  294:where the rhs pattern starts. The current change moves the end of the
        -:  295:subject as far as necessary to the right to allow a full match of the rhs
        -:  296:pattern with last characters of the subject. Of course, this is only possible
        -:  297:if the final zero byte has not been reached. The calling instance of
        -:  298:stringmatch defines the end of the subject for the called instance. The called
        -:  299:instance can propose to move the end. In this way, scanning can move much
        -:  300:faster if a patterns contains some fixed strings. Speed-up does not work for
        -:  301:alternations of fixed srings. Speed-up only works for the first pattern
        -:  302:in a series of patterns connected by :
        -:  303:
        -:  304:    7 January 2012
        -:  305:
        -:  306:If an non-initial part of a stringpattern is a string, then the scanning
        -:  307:pointer jumps to the first (or next) occurrence in the subject string after
        -:  308:the first mismatch.
        -:  309:
        -:  310:This changes the behaviour of some patterns, such as in
        -:  311:@(abXk:(|? b|`) X ?id)
        -:  312:Before, the match failed, because the 'b' in the pattern did not match the
        -:  313:'a' in the subject. Now, nowing that the first X occurs in the third position,
        -:  314:the pattern matcher not even tries to match 'a' and 'b' and so the expression
        -:  315:succeeds. In many cases the (|? b|`) pattern works as before, though:
        -:  316:@(abXk:(|? b|`) (X|Y) ?id)
        -:  317:@(abXk:(|? b|`) () X ?id)    dangerous! Does not work in @(ab:(|? b|`) ())
        -:  318:@(abXk:(|? b|`) !(=X) ?id)
        -:  319:X:?x
        -:  320:@(abXk:(|? b|`) !x ?id)
        -:  321:
        -:  322:It is not advisable to use this pattern anymore. It is too much dependent on
        -:  323:pattern matching not being optimized.
        -:  324:
        -:  325:    6 January 2012
        -:  326:
        -:  327:Compiled 64 bit version with VS 2008. Had to use _WIN64 and some #defines,
        -:  328:because longs are 32 bit under VS 2008, whereas longs under gcc are 64 bits.
        -:  329:Also used the 64 bit versions of ftell and fseek in the VS 2008 case.
        -:  330:
        -:  331:I have these preprocessor defines
        -:  332:NDEBUG;__CONSOLE__;__WIN32__;WIN32;_CONSOLE;_CRT_SECURE_NO_WARNINGS
        -:  333:
        -:  334:(Some of these are automatically set in the 32 bit version).
        -:  335:For 64 bit
        -:  336:
        -:  337:Impression is that the 32 bit version should be used unless you have to deal
        -:  338:with enormous data (memory, file) or huge numbers (because numerical
        -:  339:computations are faster and bigger numbers can be factorized quickly using
        -:  340:exponentiation with a fractional exponent).
        -:  341:Otherwise, the 64 bit version is significantly slower and has almost three
        -:  342:times less stack depth.
        -:  343:
        -:  344:    2 January 2012
        -:  345:
        -:  346:Made stringmatch 'greedy' to an extend that does not change the program's
        -:  347:behaviour. (That is: all tests in valid.bra go through). Many string
        -:  348:comparisons now continue past the cutoff position deviding the subject in a
        -:  349:lhs and a rhs, pushing the division point to the position where the lhs
        -:  350:patterns succeeds. Previously this point repeatedly was moved one byte until
        -:  351:the lhs pattern either succeeded or definitely failed. The optimization is
        -:  352:turned off for alternating patterns and for all but the first pattern in a
        -:  353:chain of patterns connected by : operators.
        -:  354:
        -:  355:The normal (non-string) match is not optimized. It is questionable whether that
        -:  356:would be worthwhile. Not many patterns require repeated elongation of the part
        -:  357:of the subject left of the division point.
        -:  358:
        -:  359:However, CUTOFFSUGGEST is set to 0. The overhead does seem to outweigh the
        -:  360:optimization!
        -:  361:
        -:  362:
        -:  363:    21 December 2011
        -:  364:
        -:  365:The last changes had introduced a bug: the [ and ` flags were not (always) printed.
        -:  366:
        -:  367:    16 December 2011
        -:  368:
        -:  369:Repaired two bugs in doPosition. The first bug made the FENCE flag disappear
        -:  370:from the result if the program was built in debug mode in VS2008, which made
        -:  371:the program run as expected, the other bug was that the FENCE flag was
        -:  372:returned if the first bug was removed.
        -:  373:
        -:  374:    14 December 2011
        -:  375:
        -:  376:Updated unicode case conversions with data found in the most recent 
        -:  377:http://unicode.org/Public/UNIDATA/UnicodeData.txt (17-Aug-2010)
        -:  378:
        -:  379:    7 December 2011
        -:  380:
        -:  381:Introduced lambda. Syntax similar to macro.
        -:  382:
        -:  383:                (λx.x)y
        -:  384:translates to
        -:  385:                /('(x.$x))$y
        -:  386:
        -:  387:    1 December 2011
        -:  388:
        -:  389:Rewrote evalmacro to only copy data where necessary.
        -:  390:Bracmat now tests ok with valid.bra and with REFCOUNTSTRESSTEST set to 1
        -:  391:
        -:  392:    30 November 2011
        -:  393:
        -:  394:Found and solved bugs in merge() that only became visible with
        -:  395:REFCOUNTSTRESSTEST set to 1.
        -:  396:
        -:  397:    22 November 2011
        -:  398:
        -:  399:Rewrote evalmacro to only copy cells where necessary.
        -:  400:
        -:  401:    7 November 2011
        -:  402:
        -:  403:A result of a macro evaluation nested inside an macro was not visited by the
        -:  404:macro evaluator because the heading = operator had its READY flag set.
        -:  405:
        -:  406:    3 November 2011
        -:  407:
        -:  408:Nicified find and getmember calls, collapsing the last three arguments into
        -:  409:one objectStuff struct.
        -:  410:
        -:  411:    2 November 2011
        -:  412:
        -:  413:Made better sense of [<> (equivalent to [~) and [~<> (equivalent to [).
        -:  414:Introduced [% prefix. The expression reigned by [% in a pattern is evaluated.
        -:  415:The success or failure of the expression is the result of the match.
        -:  416:This functionality is similar to patterns that are function calls: in both
        -:  417:cases the current subject is stored in a local variable sjt. In contrast to
        -:  418:the function call, the expression's evaluated value is not itself matched 
        -:  419:against the subject.
        -:  420:Contrary to other uses of the % prefix, [% CAN match a nul object.
        -:  421:
        -:  422:    1 November 2011
        -:  423:
        -:  424:Changed signature of find, getmember, naamwoord and naamwoord_w. Before, these
        -:  425:functions returned TRUE or FALSE, while the binding was returned in a
        -:  426:pointer-to-a-pointer. The program is a bit quicker (approx. 5%).
        -:  427:
        -:  428:    30 October 2011
        -:  429:
        -:  430:The expression    a^(b*d+c*d)
        -:  431:                * (a^(b*f+c*f)+a^(e*b+e*c))
        -:  432:              + -1*(a^((b+c)*(d+e))+a^((b+c)*(d+f)))
        -:  433:did not evaluate to 0. Solved.
        -:  434:
        -:  435:    25 October 2011
        -:  436:
        -:  437:After a change in handling the pattern ?^? (20100806) the function fct didn't
        -:  438:work anymore. The function has been completely reimplemented.
        -:  439:Also changed sub so it cannot go in infinite regress.
        -:  440:
        -:  441:    12 September 2011
        -:  442:
        -:  443:Now you can do:
        -:  444:    (=)=5
        -:  445:This extension mirrors
        -:  446:    5:?(=)
        -:  447:This rather useless extension restores consistency. 
        -:  448:
        -:  449:    2 September 2011
        -:  450:
        -:  451:Corrected error in evalmacro. Inserted operator nodes where deemed to fail
        -:  452:when evaluated later on.
        -:  453:
        -:  454:   31 August 2011
        -:  455:
        -:  456:The escape operator ()$ in patterns can now be used to test for flags on the
        -:  457:subject. A special case is when the rhs is an empty atom with no flags. This
        -:  458:pattern only matches subjects with no flags. In all other cases, if one or
        -:  459:more flags are present in the rhs, the subject must have these flags as well,
        -:  460:and possibly even more.
        -:  461:
        -:  462:If the rhs is an atomic node with a non-empty string, the rhs can only match
        -:  463:atomic subjects with the same string. (But possibly with flags that are not
        -:  464:specified in the rhs.)
        -:  465:
        -:  466:   29 August 2011
        -:  467:
        -:  468:The use of $ as "escape operator" is now taken one step further. One can now
        -:  469:use $ to escape any operator in a pattern, so that the otherwise problematic
        -:  470:operators = | & : ' $ _ can be pacified and parsed.
        -:  471:
        -:  472:   23 August 2011
        -:  473:Inside macros the $ can be used as escape operator to insert a $ with empty
        -:  474:lhs in the evaluated macro. Also, the _ operator is from now on left untouched
        -:  475:in a macro unless escaped. This made it necessary to adapt a few bracmat
        -:  476:scripts, e.g. the cat$ function in this file.
        -:  477:
        -:  478:   19 August 2011
        -:  479:
        -:  480:You can now do this: '($(=$x))
        -:  481:Previously, you had to do this in two steps: flabber=$x & '($flabber)
        -:  482:You also can do this: '('($(=$b))) which evaluates to ='$b
        -:  483:
        -:  484:   26 July 2011
        -:  485:There was a problem with the ! and !! flags in connection with the flg 
        -:  486:function. In flg$(=!a):(=?X.?Z) the assignment to X wouldn't succeed, because
        -:  487:in the result (=!.a) of the evaluation of flg$(=!a), the element ! had the
        -:  488:READY flag set. Now the '!' has the READY flag unset, while the 'a' has it set.
        -:  489:
        -:  490:   29 June 2011
        -:  491:Changed a few ints to long to get rid of type casts.
        -:  492:
        -:  493:   21 June 2011
        -:  494:Converted this source code to UTF-8.
        -:  495:
        -:  496:    5 May 2011
        -:  497:The expression ((==.lst$its).)' tried to list an object that was gone.
        -:  498:Now it works. The listed object is =.lst$its
        -:  499:Notice how recursion can be implemented with a 'lambda method' that has access
        -:  500:to itself ('its'):
        -:  501:
        -:  502:( (==a b.!arg:?a_?b&((its.)$!b)_((its.)$!a)|!arg) . ) ' (x y^g (z,8.L))
        -:  503:
        -:  504:This recursively swaps lhs and rhs of all operators in the argument
        -:  505:
        -:  506:    2 April 2011
        -:  507:An expression like (x=!x)&!x now results in an endless loop, not a stack
        -:  508:overflow as before.
        -:  509:
        -:  510:    31 March 2011
        -:  511:Stackoverflow occurred if an uninitialised variable was assigned to the
        -:  512:variable itself - directly or indirectly. The problem has been solved for
        -:  513:cases like
        -:  514:
        -:  515:    !y a:?x a
        -:  516:
        -:  517:where the atom !y has the READY flag set when the assignment is attempted.
        -:  518:
        -:  519:The problem can be solved completely, but at a price, namely if
        -:  520:
        -:  521:    (=!y):(=?x)
        -:  522:    
        -:  523:is made to fail. I consider this price as too high for now.
        -:  524:
        -:  525:    16 March 2011
        -:  526:Arithmetic more complex than adding is now done with much higher radix.
        -:  527:For small numbers compuations are a little bit slower, because of conversions
        -:  528:to and from character strings. For large numbers, timings are magnitudes
        -:  529:better. Multiplication of two 200000 digits numbers is about 100 times faster.
        -:  530:Computation of the first 1000 decimals of pi is about 20 times faster.
        -:  531:
        -:  532:For 32 bit systems, a radix of 10000 is chosen. For 64 bit systems
        -:  533:a radix of 100000000 is found to be appropriate.
        -:  534:
        -:  535:    27 February 2011
        -:  536:Removed a lot of dead wood and renamed a few variables to English.
        -:  537:
        -:  538:    21 February 2011
        -:  539:Rewrite of bmalloc, bfree and initialization of memory. Memory now expands
        -:  540:dynamically: when a there are no more free memory blocks of 1,2 or 3 (4, 5, 6)
        -:  541:words available, a new pool of memory blocks for the depleted size is created,
        -:  542:doubling the number of blocks in the already allocated pools for that size.
        -:  543:Removed a bug that caused (a=7)&!(a*1) to fail.
        -:  544:
        -:  545:    11 January 2011
        -:  546:The @ is again removed from non-nil atoms. Reason: the @ flag is used on a 
        -:  547:non-nil atom to indicate that backslashes in the atomstring must be
        -:  548:interpreted litterally, i.e. @"d:\bracmat" is equivalent to "d:\\bracmat"
        -:  549:
        -:  550:This change has no consequence for the stringmatch functionality 
        -:  551:introduced 20101122.
        -:  552:
        -:  553:     6 January 2011
        -:  554:Conditionally (NP) defined opbnowis()
        -:  555:Extra parentheses in line 6932
        -:  556:
        -:  557:    25 November 2010
        -:  558:Solved bug in merge().
        -:  559:
        -:  560:    22 November 2010
        -:  561:In stringmatch, the % can be used to force characterwise matching if the
        -:  562:pattern is a number. For that reason, the % and @ are no longer removed from
        -:  563:non-nil atoms as superfluous.
        -:  564:One has to take care with minusses: the patterns %"-20/5" and %-20/5 are
        -:  565:different. In %"-20/5", the % is superfluous and the pattern matches
        -:  566:characterwise. In %-20/5, the pattern matches 20/5 and the minus is ignored!
        -:  567:
        -:  568:    19 November 2010
        -:  569:Some tests to check that the position flag is followed by an integer number
        -:  570:and that the flag % doesn't occur.
        -:  571:Made sure that mod$ and div$ fail if second argument is zero.
        -:  572:
        -:  573:    15 November 2010
        -:  574:Evaluation of sums and products is now iterative instead of recursive.
        -:  575:Also, two sums or products are neatly merged instead of appended and thereafter
        -:  576:bubble sorted. Result: much faster processing of very large sums and products
        -:  577:and no danger of stack overflow.
        -:  578:For short sums, the implementation has become a little bit slower, because
        -:  579:I reverted to older, but simpler code that makes more allocations and
        -:  580:deallocations.
        -:  581:
        -:  582:    8 November 2010
        -:  583:Made some minor changes such as int -> size_t.
        -:  584:Most radical change is introduction of function Entry2 which is like Entry,
        -:  585:only with lower level of indirection. Entry2 replaces Entry in three places.
        -:  586:
        -:  587:    3 November 2010
        -:  588:Improved percolation of filter flags < > # / @ %
        -:  589:
        -:  590:    1 November 2010
        -:  591:The built-in function now returns IMPLIEDFENCE if the subject string in
        -:  592:a stringmatch is too long or if it cannot be grown to a valid UTF-8
        -:  593:multibyte sequence. Previously, the FENCE flag was set, but this had
        -:  594:the side effect that utf$ couldn't easily be used as the lhs of a match.
        -:  595:
        -:  596:Change to flt$ : flt$(0,...) now returns 0 instead of failing. Replaced
        -:  597:get$(...,MEM,VAP): ... with @(...:...).
        -:  598:
        -:  599:    27 October 2010
        -:  600:In bmalloc, all bytes are set to 0, not just the last one.
        -:  601:Reason: if all elements of size X are in use, bmalloc may return
        -:  602:a bigger sized element, of which the last four bytes will not be
        -:  603:used at all. Instead, some earlier bytes must be set to 0.
        -:  604:
        -:  605:    22 October 2010
        -:  606:Trailing closing parentheses were accepted on equal footing with '\0' bytes.
        -:  607:
        -:  608:   18 October 2010
        -:  609:The function expandProduct turned off the READY flag on all processed output,
        -:  610:even if the result was atomic and therefore ready.
        -:  611:Consequence: (1+i)*(1+-i) was evaluated to non-ready value 2, which could
        -:  612:not successfully be used in further computations.
        -:  613:
        -:  614:   10 September 2010
        -:  615:A function call in match context not only receives a function argument in
        -:  616:"arg", but also the current subject in "sjt" (from sujet or subject)
        -:  617:Example:
        -:  618:like=.out$!sjt&sim$(!arg,!sjt):>9/10&?|den$sim$(!sjt,):~<(den$sim$(!arg,0))&`~
        -:  619:@("Dogs and Cats are my enemies":? (like$mus:?animal) ?)&out$!animal
        -:  620:@("Dogs and Cats are my enemies":? (like$cat:?animal) ?)&out$!animal
        -:  621:
        -:  622:The return value from a failing function call in match context is not compared
        -:  623:to the subject.
        -:  624:
        -:  625:By returning `~ a function can indicate that further attempts with lenghtened
        -:  626:subjects with the same start position will fail.
        -:  627:
        -:  628:   6 August 2010
        -:  629:Previously, a pattern with an exponential only matched a subject with an
        -:  630:exponential. Now, the exponent in the pattern allowing, an exponent 1 is
        -:  631:assumed.
        -:  632:
        -:  633:   2 August 2010
        -:  634:Made variable v. So now
        -:  635:    bracmat put$!v
        -:  636:says:
        -:  637:    Bracmat version 4, build 72 (2 August 2010)
        -:  638:
        -:  639:   23 July 2010
        -:  640:a*b+u*(x+y) was not evaluated correctly in the previous version.
        -:  641:Now it works again.
        -:  642:
        -:  643:   30 June 2010
        -:  644:Improved error handling if BRACMATEMBEDDED is defined.
        -:  645:
        -:  646:   22 June 2010
        -:  647:If Bracmat is running embedded (e.g. as "native code" in a Java environment)
        -:  648:it may be desirable to make bracmat safer. Here are some defines that shut off
        -:  649:selected parts of Bracmat:
        -:  650:#define NO_C_INTERFACE no memory (de)allocation, peek and poke and C-function pointer API
        -:  651:#define NO_FILE_RENAME no file renaming
        -:  652:#define NO_FILE_REMOVE no file removal
        -:  653:#define NO_SYSTEM_CALL no system() call
        -:  654:#define NO_LOW_LEVEL_FILE_HANDLING
        -:  655:                       no file handling other than get$ put$ and lst$
        -:  656:#define NO_FOPEN       no calls to fopen(). (But you can still get$ put$ and lst$ to memory!)
        -:  657:#define NO_EXIT_ON_NON_SEVERE_ERRORS
        -:  658:
        -:  659:   11 June 2010
        -:  660:Had to conditionally introduce call to unlink() instead of remove() in case of Symbian (Epoc 5).
        -:  661:
        -:  662:   26 May 2010
        -:  663:Replaced sizeof(tflags) with offsetof(sk,u.obj), which may be (and normally are,
        -:  664:on 64 bit platforms at least) different, the latter taking padding into account.
        -:  665:
        -:  666:Removed ridiculous costly calls to expressionLength, perhaps using 3/4 of all
        -:  667:CPU time when repeatedly matching large data structures!
        -:  668:
        -:  669:   19 April 2010
        -:  670:Used gprof to find functions to optimize: opaf() (has become op() and af()), splits()
        -:  671:
        -:  672:   8 April 2010
        -:  673:The 'its'-member that has been missing since version 3.50 is back again.
        -:  674:
        -:  675:   6 April 2010
        -:  676:Pattern match like a b c:% c did not work as expected
        -:  677:(should be same as a b c:%? c). Solved. Same goes for @(abc:% c).
        -:  678:
        -:  679:   30 March 2010
        -:  680:Added built-in function rmv$ that removes a file.
        -:  681:
        -:  682:   26 March 2010
        -:  683:Changed code to make Bracmat compile and run in a 64-bit environment where
        -:  684:sizeof(int) == 4 and sizeof(long) == 8.
        -:  685:It is assumed that the platform is 64-bit if LONG_MAX > 2147483647L
        -:  686:In contrast to 32 bit platforms, the functions x2d and d2x handle
        -:  687:numbers up to FFFFFFFFFFFFFFFFF hexadecimal or 18446744073709551615 decimal
        -:  688:if compiled on 64-bit platforms.
        -:  689:Another noteworthy difference is that the 64-bit version finds bigger prime
        -:  690:numbers. Try 123465864564581765^1/2 Answer: 5^1/2*24693172912916353^1/2,
        -:  691:so 24693172912916353 is prime.
        -:  692:
        -:  693:   12 March 2010
        -:  694:errorStream is not kept open if it is not stderr or strout, so that other
        -:  695:processes also can write to the errorFile, if necessary. This also ensures
        -:  696:that the message is written an saved before the program ... uhm ... crashes.
        -:  697:
        -:  698:   10 March 2010
        -:  699:If run with command line options, bracmat's return value is the numerical
        -:  700:value of the last expression evaluated. If the last evaluated expression
        -:  701:is not atomic or not a string that can be scanned as an integer number
        -:  702:using strtol, the exit code is 0.
        -:  703:Built-in exit codes:
        -:  704:-1  out of memory
        -:  705:116 invalid function syntax
        -:  706:117 string match attempted with non-atomic argument
        -:  707:
        -:  708:   9 March 2010
        -:  709:New built-in function arg$. If Bracmat is started with any arguments (argc > 1)
        -:  710:every argument is evaluated from left to right, unless arguments are consumed
        -:  711:by calls to arg$. For example,
        -:  712:    bracmat get$myprog -i c:\documents\input.txt -o d:\html\index.html
        -:  713:would evaluate
        -:  714:    get$myprog
        -:  715:    -i
        -:  716:    c:\documents\input.txt
        -:  717:    -o
        -:  718:    d:\html\index.html
        -:  719:in that order. Evaluating the last four arguments is not very meaningful,
        -:  720:however: the backslashes are interpreted as escapes, which they are not.
        -:  721:Moreover, the colon and the dot are interpreted as operators. However, the
        -:  722:bracmat program "myprog" can call the function arg$ four times and in that way
        -:  723:empty the queue of arguments. arg$ returns an atom containing an exact copy of
        -:  724:the next program argument. Using string matching the arguments can be parsed,
        -:  725:if necessary.
        -:  726:Precautions must be taken if the path or name of the bracmat program contains
        -:  727:characters that can be mistakenly interpreted. E.g. (in Windows)
        -:  728:    bracmat "get$@\"c:Program Files\myprog.bra\"" -i c:\documents\input.txt -o d:\html\index.html
        -:  729:In *N*X the apostrophes surrounding the first argument must be replaced by
        -:  730:quotes.
        -:  731:A second form is arg$N, where 0 <= N < argc. arg$0 will normally return the
        -:  732:command name "bracmat" or a path leading to "bracmat".
        -:  733:
        -:  734:   23 February 2010
        -:  735:upp$ and low$ now handle UTF-8. upp$ is a bit tricky, as some characters
        -:  736:occupy more bytes when uppercased. A simple in-place replacement is tried
        -:  737:first, and is fine in 99% of all cases. If an overrun is imminent, more space
        -:  738:is allocated.
        -:  739:
        -:  740:   22 February 2010
        -:  741:sim$(s1,s2) accepts UTF-8. 8-bit Latin-1 is also ok.
        -:  742:chr$ fails if argument is > 255
        -:  743:
        -:  744:   21 February 2010
        -:  745:~<> are now effective on patterns headed by $ or ' operator
        -:  746:b:>(str$a)
        -:  747:b:~<>(str$A)
        -:  748:
        -:  749:   20 February 2010
        -:  750:~<> uses case insensitive compare on unicode
        -:  751:
        -:  752:   19 February 2010
        -:  753:x2d$   converts hexadecimal number to decimal
        -:  754:d2x$   converts decimal number to hexadecimal
        -:  755:Both routines are restricted to decimal numbers 0 ... 4294967295 (hex 0 ... ffffffff)
        -:  756:Failure if not all characters can be scanned.
        -:  757:
        -:  758:   12 February 2010 Simplified changeCase()
        -:  759:   10 February 2010
        -:  760:abc:?NN & @(!NN:!NN ?x)
        -:  761:!x evaluated to "abc", not to ""
        -:  762:
        -:  763:   2 February 2010
        -:  764:Input scanning stopped at 0x80, as in the utf-8 sequence e2 80 93 (8211 EN DASH )
        -:  765:
        -:  766:   27 January 2010
        -:  767:~@ matches non-atomic matter, both in stringmatch and now also in match.
        -:  768:
        -:  769:   26 January 2010
        -:  770:@ and % flags are not turned off if combined with < and/or >.
        -:  771:(Previously, they were seen as "superfluous" if in combination with non-empty object.)
        -:  772:Handy if you want to skip white space:
        -:  773:
        -:  774:@("  \r\n\t  xyz\r\n  ":?a (>@" " ?:?y) ~>%" " ?)
        -:  775:
        -:  776:Changed KILOKNOPEN back to 10000
        -:  777:
        -:  778:   16 September 2009
        -:  779:Changed KILOKNOPEN to 100000 (was 10000)
        -:  780:
        -:  781:   3 July 2009
        -:  782:
        -:  783:Setting #define CODEPAGE850 0 removes all reminiscenses of DOS-codepages.
        -:  784:
        -:  785:Unicode (UTF-8) support
        -:  786:chu$number returns a sequence of 1-6 bytes. The highest allowed value of the number is 2147483647 (7FFFFFFF hex)
        -:  787:            Notice that RFC 3629 restricts UTF-8 to 4 bytes and that the highest allowed code point 10FFFF hex.
        -:  788:utf$string returns the code point of the character represented by the UTF-8 sequence of bytes.
        -:  789:            If the string is too short or too long, or if the sequence is an invalid UTF-8 string, the function fails.
        -:  790:            It is safe to use utf$ in a pattern:
        -:  791:            @(!txt:(?%c & utf$!c) ?)
        -:  792:            If txt starts with an valid UTF-8 sequence, bracmat backtracks until c matches the UTF-8 sequence.
        -:  793:            If txt starts with a sequence that is not UTF-8, bracmat stops backtracking when that fact has been
        -:  794:            established.
        -:  795:
        -:  796:   30 June 2009
        -:  797:bracmat now evaluates all parameters given to it, from left to right.
        -:  798:
        -:  799:command line:bracmat a=1 b=14 out$(!a+!b)
        -:  800:output:15
        -:  801:
        -:  802:Previously, only the first parameter was evaluated.
        -:  803:As always, if no parameter is specified, bracmat enters interactive mode.
        -:  804:
        -:  805:   11 February 2009
        -:  806:Corrected error in flt$. All powers of ten were analysed to 1,
        -:  807:for example flt$(100,2) -> 1,00*10E0
        -:  808:
        -:  809:   13 November 2008
        -:  810:stop string also works when writing.
        -:  811:fil$("file.txt",w)
        -:  812:fil$(,STR," \n\r\t")
        -:  813:fil$(,,,"Workers go to strike/for higher wages
        -:  814:and for more kindergartens.")
        -:  815:fil$("file.txt",r)
        -:  816:fil$(outfile,w)
        -:  817:fil$("infile.txt",STR)
        -:  818:fil$(outfile,STR," \n\r\t")
        -:  819:fil$(,,,"Workers go to strike for higher wages")
        -:  820:
        -:  821:Stop string can also be specified when reading or writing
        -:  822:fil$(,,"/","Workers go to strike/for higher wages")
        -:  823:fil$("infile.txt",,".!?,;")
        -:  824:
        -:  825:An empty stop string means: write all of the string.
        -:  826:(Or read to end of file, if file mode is reading).
        -:  827:
        -:  828:   10 September 2008
        -:  829:x^(y*(a+b))+-1*x^(a*y+b*y) -> 0 Before, the exponents were regarded as
        -:  830:different. If, during comparison, a subtree of lhs has pattern ?*(?+?) and
        -:  831:the corresponding subtree of the rhs ?+?, the lhs subtree is expanded to
        -:  832:a sum (defactorised) and the comparison is done on the transformed lhs and
        -:  833:the rhs. Notice that the most expensive exponent survives:
        -:  834:x^(y*(a+b))+x^(a*y+b*y): 2*x^(y*(a+b))
        -:  835:
        -:  836:0^-1 succeeded and gave 0, now it fails. (0/7^-1 already failed)
        -:  837:
        -:  838:Strings starting with a zero and followed by another figure are not numbers
        -:  839:00/7, 098
        -:  840:
        -:  841:Input ()k went in endless loop, because the k was interpreted as an operator.
        -:  842:Now it says "malformed input".
        -:  843:
        -:  844:   11 February 2008
        -:  845:whl' now returns function_ok instead of function_fail. Although the
        -:  846:loop exits when the rhs fails and there therefore is nothing meaningful to
        -:  847:"return", it led to ugly code when a whl' loop always had to be negated
        -:  848:
        -:  849:    ... & ~(whl'(...)) & ...
        -:  850:
        -:  851:or put into the lhs of an OR
        -:  852:
        -:  853:    & ( whl'(...) |  ) &
        -:  854:
        -:  855:til' is commented out. It has no future.
        -:  856:
        -:  857:   28 January 2008
        -:  858:evalmacro did not unset the ready-bit on an inserted expression consisting of
        -:  859:a variable with exclamation mark. It does now.
        -:  860:
        -:  861:   27 January 2008
        -:  862:Introduction of flag [ for acquiring or requiring the current position during
        -:  863:a (string)match. Examples:
        -:  864:    a b c:? ([-1:[?endpos)
        -:  865:will assign the length of the subject, 3, to variable endpos.
        -:  866:    a b c d e:? [!endpos ?extramaterial
        -:  867:will assign d e to extramaterial.
        -:  868:Works in match and stringmatch alike, with some exceptions:
        -:  869:@(:[0) succeeds, but (:[0) fails. Reason: in the first case, the subject
        -:  870:is the nil element, but in the second case, the lhs is just an atom,
        -:  871:although a funny one. In a certain context, this atom plays the role
        -:  872:of nil element, but not in other contexts.
        -:  873:
        -:  874:Found out that stringmatch had a measurable side effect on the subject
        -:  875:
        -:  876:subject=abcdef
        -:  877:@(!subject:? (d & !subject:abcd) ?
        -:  878:
        -:  879:This would succeed, because the string had been temporarily cut off after
        -:  880:the 'd'.
        -:  881:Now match and string match are much more alike and the problem is solved.
        -:  882:
        -:  883:Introduction of two built-in functions: whl and til. whl repeatedly evaluates
        -:  884:its argument until it fails. whl always returns failure. til repeatedly
        -:  885:evaluates its argument until it succeeds and returns the result of the last
        -:  886:evaluation.
        -:  887:There are no plans to make if...else and switch equivalents in Bracmat.
        -:  888:It may be that whl and/or til are retracted later. They seem a bit superfluous.
        -:  889:
        -:  890:   13 January 2008
        -:  891:`~a:?b will now assign `~a to b
        -:  892:@(`~a:?b) will assign a to b. !a will succeed
        -:  893:As before, this will assign something failing to a variable:
        -:  894:dummy ~a:dummy ?m
        -:  895:!m fails
        -:  896:~!m gives ~a
        -:  897:
        -:  898:   3 January 2008
        -:  899:Better implementation of the evaluation of !(=a).
        -:  900:It is now possible to construct and run a loop as a datastructure with
        -:  901:a closed loop of pointers. Performance-wise nothing is gained, however.
        -:  902:  (loop= !i+1:<10000000:?i&!(=))
        -:  903:& '$loop:(=?(loop.)) {Make closed datastructure}
        -:  904:& ~!loop {loop 10.000.000 times}
        -:  905:& :?(loop.) {Open the datastructure.(Otherwise you'll have a memory leak when
        -:  906:             'loop' goes out of scope.)}
        -:  907:
        -:  908:Several functions have been factorised. evalueer() has been restructured.
        -:  909:
        -:  910:   2 January 2008
        -:  911:I've decided that a:(~@(a:a)) means about the same as a:(~@:(a:a)), i.e. it
        -:  912:fails because a is not not an atom. For the same reason a:(~@(a:b)) fails.
        -:  913:~@(a:a) in an evaluation context such as x&~@(a:a) succeeds. It merely means
        -:  914:a:a
        -:  915:
        -:  916:Use #define STRINGMATCH_CAN_BE_NEGATED 1 to allow ~@(<subject>:<pattern>)
        -:  917:as a stringmatch that has its result negated after evaluation.
        -:  918:
        -:  919:Use #define STRINGMATCH_CAN_BE_NEGATED 0 to interpret ~@(<subject>:<pattern>)
        -:  920:as the opposite of stringmatch, i.e. a normal match, the same as
        -:  921:(<subject>:<pattern>) with the additional condition that <subject> is not an
        -:  922:atom. Notice, however, that ~@#(abc:? b ?) succeeds, as the ~ negates #, not @
        -:  923:(priority /#<>@)
        -:  924:
        -:  925:Succeeding tests:
        -:  926:a b:(~@(? b:a %))
        -:  927:~@(a b:a ?)
        -:  928:~@(a:a)
        -:  929:12/34:@(?x:#?a (~#%@:?y) #?b)&!y:"/"
        -:  930:
        -:  931:Failing tests:
        -:  932:a:(~@(a:a))
        -:  933:~@(a:b)
        -:  934:12/34:@(#?a (~#%@:?y) #?b:?x)&!y:"/"
        -:  935:    (This fails because the pattern
        -:  936:        #?a (~#%@:?y) #?b
        -:  937:    is in the match context 12/34:<rhs>, not in a stringmatch context.
        -:  938:    Remember, the first @ says that subject is an atom, which it is in the
        -:  939:    match context, but not in a stringmatch context.)
        -:  940:@(12/34:@(#?a (~#%@:?y) #?b:?x)&!y:"/")
        -:  941:    (This fails because 12/34 is not an atom in a stringmatch context.)
        -:  942:
        -:  943:   29 December 2008
        -:  944:Compilation with Norcroft RISC OS ARM C vsn 3.00 [Jul 12 1989]
        -:  945:This resulted in some formal corrections (signed vs unsigned int,
        -:  946:int vs long, too many arguments for format in Printf,
        -:  947:#if _BRACMATEMBEDDED changed to #if defined _BRACMATEMBEDDED)
        -:  948:
        -:  949:The changes of 20071217 were undone, because the solution did not work for
        -:  950:    ~(&~@(a:a))
        -:  951:New solution:
        -:  952:In lex(), undo setting of
        -:  953:    success == FALSE
        -:  954:on : node if ~@ flags are attached to this operator.
        -:  955:This is a special case. In ~@(a:b) the ~ operator must
        -:  956:not negate the @ but the result of the string match.
        -:  957:
        -:  958:I am not convinced that this is the right decision. Perhaps we simply
        -:  959:should not allow other flags than @ on : if we want it to be interpreted
        -:  960:as a string match operation.
        -:  961:
        -:  962:   17 December 2007
        -:  963:~@(a:a) didn't fail and ~@(a:b) didn't succeed. Now they do.
        -:  964:
        -:  965:   9 October 2007
        -:  966:Removed test print from getObjectDef.
        -:  967:
        -:  968:   18 September 2007
        -:  969:    a b "" ""
        -:  970:evaluates to
        -:  971:    a b ()
        -:  972:instead of
        -:  973:    a b
        -:  974:Changed function handleLUCHT to correct this.
        -:  975:
        -:  976:   7 July 2007
        -:  977:Differentiation: Originally, to indicate that a variable x depends on another
        -:  978:variable p, one wrote x=p, or x=s and s=p. If one wrote (x=), then y\Dx
        -:  979:resulted in stack overflow. The appropriate way to indicate dependeny is
        -:  980:dep=(x.p) (....)
        -:  981:
        -:  982:The range function has been abolished. Originally the idea was that Bracmat
        -:  983:not only should handle numbers and symbols, but also ranges. Thus, 2^>3 would
        -:  984:give >16 and -5*>2 would give <-10. This had to be given up as ranges become
        -:  985:more and more complicated to express. (>4*~>3 = ?)
        -:  986:
        -:  987:Code implementing a string table (COMPILE==1) has been removed
        -:  988:COMPILE works not faster, but slower (about 10%) and uses more nodes.
        -:  989:
        -:  990:The unfinished attempt at implementing objects that can be saved and re-read
        -:  991:(serialization) has been given up (OBJECTS==1) Flag: [
        -:  992:
        -:  993:VAX-specific code removed.
        -:  994:
        -:  995:   5 July 2007:
        -:  996:There were problems with stringmatches:
        -:  997:@(aaab:((|a) aa) b)
        -:  998:This failed because the match
        -:  999:    aa:aa
        -: 1000:prematurely ended the match with failure.
        -: 1001:The cause was that this match ONCED the whole match
        -: 1002:    aa:(|a) aa
        -: 1003:
        -: 1004:This partly undoes a change made in 200704
        -: 1005:
        -: 1006:new$hash:?h
        -: 1007:(h..ISO)$
        -: 1008:(h..insert)$(a.b)
        -: 1009:
        -: 1010:This made a division by zero, because (h..ISO) had rehashed the table
        -: 1011:to a table with zero size. (hashes are born with non-zero size)
        -: 1012:The computation of the loadfactor went wrong.
        -: 1013:
        -: 1014:    4 April 2007:
        -: 1015:Tail recursion optimisation in complexiteit.
        -: 1016:
        -: 1017:Solved bug in handling of strings with characters > 0x80 in expressions like
        -: 1018:    a å
        -: 1019:
        -: 1020:Solved bug in handling of e^(i*pi)
        -: 1021:
        -: 1022:Solved bug in handling of i:-i
        -: 1023:
        -: 1024:Solved bug in handling of -1*i^1/3
        -: 1025:
        -: 1026:lst$ now lists ALL names. Previously, names starting with character above 0x7f
        -: 1027:were hidden. Som hidden functions that were called from f0, f4 or f5 are
        -: 1028:now declared inside these functions and therefore hidden.
        -: 1029:
        -: 1030:get$ and fil$ first try to open a file interpreting the file name as a path
        -: 1031:relative to the current working directory. If that fails, and if the program
        -: 1032:is started with a fully qualified path+file name, this path is prepended to the
        -: 1033:name of the file to be opened. If opening the file also fails with the new
        -: 1034:path, get$ and fil$ fail. This functionality requires that
        -: 1035:1) the file mode is "reading"
        -: 1036:2) the file name does not contain an absolute path
        -: 1037:3) the program knows its path
        -: 1038:If the program does not know its path, it may help to start the program with
        -: 1039:a fully qualified path on the command line. This instruction can be put in
        -: 1040:a shell script or batch file.
        -: 1041:This improvement is especially helpful for opening the "help"-file.
        -: 1042:
        -: 1043:In string matching the expression
        -: 1044:    @(abcd:?u (?:%@ %@) (?z & ~))
        -: 1045:now makes sure that the pattern (?:%@ %@) never is presented with more than two
        -: 1046:characters. Before, the @ flag did not really work with string matching and the
        -: 1047:: operator extinguished the cut condition that arises in its rhs.
        -: 1048:This works now within a reasonable time:
        -: 1049:(do=
        -: 1050:  get$(help,STR):?S
        -: 1051:& @( !S
        -: 1052:   :   ?
        -: 1053:       ( ?:(%@:~" ":~",") %@ %@ %@ %@ %@ %@ %@ %@ %@ %@ %@ %@ %@ %@ %@ %@ %@ %@ %@ %@ %@ %@:?x
        -: 1054:       & '(? ()$x ?):(=?x)
        -: 1055:       )
        -: 1056:       !x
        -: 1057:   )
        -: 1058:& !x);
        -: 1059:!do
        -: 1060:
        -: 1061:
        -: 1062:In a string, characters that also have a meaning as an operator can be escaped:
        -: 1063:nsc\'ere
        -: 1064:is the same as
        -: 1065:"nsc'ere"
        -: 1066:
        -: 1067:The names of cat$'s local variables are now taken from the list of names of
        -: 1068:predefined functions. Consequently, cat$ does not list its own local variables.
        -: 1069:(Previously, listing of these names was circumvented by the rule that names
        -: 1070:starting with high-bit-set characters are kept hidden.)
        -: 1071:
        -: 1072:Defunct ego$ and goe$ are abolished.
        -: 1073:
        -: 1074:   22 February 2007:
        -: 1075:    Major change in match() that speeds up matching. Found also an error in the
        -: 1076:    handling of an alternating pattern with an alternating pattern in the lhs
        -: 1077:    and a FENCE flag in the leftmost node.
        -: 1078:    Similar changes in stringmatch() must yet be made.
        -: 1079:
        -: 1080:   20 February 2007:
        -: 1081:    Changed int and unsigned long to size_t in two places to stop warnings.
        -: 1082:
        -: 1083:
        -: 1084:   18 January 2007:
        -: 1085:    Added _CONSOLE to test for Windows API
        -: 1086:    @(:? ?) failed. Cause: Unmotivied test for subjectstring not being empty.
        -: 1087:
        -: 1088:    20060704 caseinsensitivehash fixed
        -: 1089:
        -: 1090:   23 June 2006
        -: 1091:caseinsensitivehash uses lowerEquivalent without converting array index to
        -: 1092:unsigned int!
        -: 1093:
        -: 1094:   12 October 2005:
        -: 1095:    Corrected error in flt$. During rounding, the variable m could become
        -: 1096:    > 10. Consequently, the exponent must be increased by one and m must
        -: 1097:    be divided by 10 in those cases.
        -: 1098:
        -: 1099:   5 September 2005:
        -: 1100:    Changed C++-style comments to old fashioned C-style comments.
        -: 1101:    Removed enum {NoIndication,AnInteger,NotAFraction,NotANumber,AFraction,ANumber};
        -: 1102:
        -: 1103:   5 april 2005:
        -: 1104:    flg$<flags><atom> now returns ((=<flags>).<atom>)
        -: 1105:    This protects the flags from evaluation.
        -: 1106:
        -: 1107:   17 november 2004:
        -: 1108:    clk$ returns 0 if clock() returns -1
        -: 1109:    bez$ returns (<nodes>.<max nodes>.<max ref>)
        -: 1110:    epoc version: delete key emits ascii 8 (back space). Now, ascii(8) moves
        -: 1111:    the input pointer one position back, deleting the previous entered
        -: 1112:    character. (see mygetc)
        -: 1113:
        -: 1114:   25 sep 2004: strrev rewritten for Epoc
        -: 1115:
        -: 1116:   6 June 2004:
        -: 1117:1) Started to make late binding in string matching
        -: 1118:2) Corrected errors in assignment to and listing of objects with late bound values
        -: 1119:
        -: 1120:   20040830
        -: 1121:This fails:
        -: 1122:(obj=x=)&dbg'@("abc":?(obj.x) "c") & out$!(obj.x);
        -: 1123:
        -: 1124:This works:
        -: 1125:dbg'@("abc":?x "c") & out$!x;
        -: 1126:*/
        -: 1127:/*
        -: 1128:NOTES
        -: 1129:=====
        -: 1130:
        -: 1131:2002.12.15
        -: 1132:----------
        -: 1133:This is the open source version of Bracmat.
        -: 1134:
        -: 1135:Originally, Bracmat was written in Basic for the Amstrad computer. Its sole
        -: 1136:purpose was to derive a simple expression for the curvature of a model
        -: 1137:space-time, starting from the components of the metric. The only operations
        -: 1138:the program was capable to perform were multiplications, exponentiations,
        -: 1139:logarithms, and partial derivatives. The expressions were a mix of numbers
        -: 1140:and symbolic variables, like "a+2*b". Thus, "a+a" was simplified to "2*a".
        -: 1141:
        -: 1142:The second version of Bracmat, about 1988, was developed in Ansi C and run
        -: 1143:on an Acorn Archimedes. Great care was taken to make the program portable to
        -: 1144:other hardware, such as Atari, VAX and even the PC. The PC architecture, with
        -: 1145:its limited memory, its 16 bit architecture and its limitation on the size of
        -: 1146:the program stack, posed some severe limitations on the program. Therefore
        -: 1147:great care was taken to limit the use of the stack to a minimum. This has
        -: 1148:lead to some rather large functions (to save stack-consuming function calls).
        -: 1149:
        -: 1150:The C version became a true programnming language, with program variables,
        -: 1151:logical operators and function calls. The syntax, however, was not changed.
        -: 1152:For example, instead of using "if...then...else...", I decided to write
        -: 1153:something like "...&...|...", using lazy evaluation of the infix binary
        -: 1154:logical operators "&" (AND) and "|" (OR) for program control.
        -: 1155:
        -: 1156:The logical operators, of course, should test for operands being "true" or
        -: 1157:"false". The main provider of interesting truth values became the pattern
        -: 1158:matching operator ":", which tests whether the pattern (the rhs-operand)
        -: 1159:matches the subject (the lhs-operand). The single outstanding feature of
        -: 1160:Bracmat is, in fact, its pattern recognition, which works on tree structures,
        -: 1161:not on strings of characters.
        -: 1162:
        -: 1163:Bracmat was also extended with a few operators that makes this programming
        -: 1164:language interesting in the field of computational linguistics, namely the
        -: 1165:blank " ", the comma "," and the full stop ".". (The interpunction symbols
        -: 1166:"?", "!" and ";" were already 'taken' to serve other purposes.)
        -: 1167:
        -: 1168:You may find the source code difficult to read at some places. You are best
        -: 1169:off if you understand English and Dutch (and perhaps Danish). Only if the
        -: 1170:program arises enough interest I will invest the effort to streamline the
        -: 1171:source text and make it more understandable for the general programmer.
        -: 1172:*/
        -: 1173:
        -: 1174:/*
        -: 1175:TODO list:
        -: 1176:20010103: Make > and < work on non-atomic stuff
        -: 1177:20010904: Issue warning if 'arg' is declared as a local variable
        -: 1178:*/
        -: 1179:/* 20001213, There is a need to improve documentation of fil$ */
        -: 1180:/* 20001213, rename a file ren$(oldname.newname) */
        -: 1181:/* >Bracmat 16-11-91 */
        -: 1182:/* 20010309 evalueer on LUCHT and KOMMA strings is now iterative on the
        -: 1183:   right descending (deep) branch, not recursive.
        -: 1184:   (It is now possible to read long lists, e.g. dictionairies, without causing
        -: 1185:   stack overflow when evaluating the list.)
        -: 1186:   20010821 a () () was evaluated to a (). Removed last ().
        -: 1187:   20010903 (a.) () was evaluated to a
        -: 1188:*/
        -: 1189:#define DEBUGBRACMAT 0 /* implement dbg'(expression), see DBGSRC macro */
        -: 1190:#define REFCOUNTSTRESSTEST 0
        -: 1191:#define DOSUMCHECK 0
        -: 1192:#define CHECKALLOCBOUNDS 0 /* only if NDEBUG is false */
        -: 1193:#define PVNAME 0 /* allocate strings of variable names separately from variable structure. */
        -: 1194:#define STRINGMATCH_CAN_BE_NEGATED 0 /* ~@(a:a) */
        -: 1195:#define CODEPAGE850 0
        -: 1196:#define MAXSTACK 0 /* 1: show max stack depth (eval function only)*/
        -: 1197:#define CUTOFFSUGGEST 1
        -: 1198:#define READMARKUPFAMILY 1 /* read SGML, HTML and XML files. (include xml.c in your project!) */
        -: 1199:
        -: 1200:/* 
        -: 1201:About reference counting.
        -: 1202:Most nodes can be shared by no more than 1024 referers. Copies must be made as needed.
        -: 1203:Objects (nodes with = ('WORDT' in Dutch) are objects and cane be shared by almost 2^40 referers.
        -: 1204:
        -: 1205:small refcounter       large refcounter              comment
        -: 1206:(10 bits, all nodes)   (30 bits, only objects)
        -: 1207:0                      0                             not shared, no test of large refcounter needed.
        -: 1208:1                      0                             shared with one, so totalling two
        -: 1209:2                      0                             shared with two
        -: 1210:..                     ..
        -: 1211:1022                   0
        -: 1212:1023                   0                             totalling 1024, *** max for normal nodes ***
        -: 1213:1                      1                             totalling 1025
        -: 1214:2                      1
        -: 1215:..                     ..
        -: 1216:m                      1
        -: 1217:..                     ..                            totalling 1024+(1-1)*1023+m
        -: 1218:1023                   1                             totalling 1024+1*1023
        -: 1219:..                     ..
        -: 1220:m                      n                             totalling 1024+(n-1)*1023+m or 1+n*1023+m
        -: 1221:1023                   2^30-1                        totalling 1024+(2^30-2)*1023+1023=1 098 437 885 953
        -: 1222:                                                         (or   1+2^30*1023)
        -: 1223:*/
        -: 1224:
        -: 1225:#if DEBUGBRACMAT
        -: 1226:#define DBGSRC(code)    if(debug){code}
        -: 1227:#else
        -: 1228:#define DBGSRC(code)
        -: 1229:#endif
        -: 1230:
        -: 1231:#if MAXSTACK
        -: 1232:static int maxstack = 0;
        -: 1233:static int stack = 0;
        -: 1234:#define ASTACK {++stack;if(stack > maxstack) maxstack = stack;}{
        -: 1235:#define ZSTACK }{--stack;}
        -: 1236:#else
        -: 1237:#define ASTACK
        -: 1238:#define ZSTACK
        -: 1239:#endif
        -: 1240:
        -: 1241:#include <assert.h>
        -: 1242:
        -: 1243:/*19980208
        -: 1244:Bug in match!!
        -: 1245:Removed 19971207
        -: 1246:*/
        -: 1247:/*
        -: 1248:sub must also accept . as separator between args
        -: 1249:*/
        -: 1250:/* wis: 18 Maart 1997, tail recursion optimization; delete deep structures*/
        -: 1251:/* bezig met modernisering getallen */
        -: 1252:/* 16 mei 1993: constante "-i" ingevoerd om evenwicht te brengen in gedrag
        -: 1253:   van complexe getallen en hun complex geconjugeerde. */
        -: 1254:/* Nog nodig: -n*i^iets -> n*-i^iets
        -: 1255:              n*i*a+m*-i*a  -> (n-m)*i*a
        -: 1256:   Goed doortesten !
        -: 1257:*/
        -: 1258:
        -: 1259:
        -: 1260:/* 24 april 1992: UNOPS uitgebreid met MINUS */
        -: 1261:/* 26 april 1992: fct aangepast voor (a+b)^-n */
        -: 1262:/* 24 maart 1993: function syntax veranderd:
        -: 1263:   met FUNC defined oude stijl: foo = fun$(loc'(x,y,z),!arg);
        -: 1264:   zonder FUNC define:          foo = x,y,z.!arg */
        -: 1265:
        -: 1266:/* 30 juli 1993: structure:
        -: 1267:   het is nu mogelijk om aan een expressie als naam=Bart een andere waarde
        -: 1268:   toe te kennen. In feite wordt de rechter operand van de = operator
        -: 1269:   stomweg vervangen door de nieuwe waarde, waardoor circulaire data-
        -: 1270:   structuren mogelijk worden! BJO 4 Jan 1996
        -: 1271:
        -: 1272:   voorbeeld:
        -: 1273:
        -: 1274:   {?} x==(name=Bart).(age=40)
        -: 1275:   {?} !x
        -: 1276:   {!} =(name=Bart).(age=40)
        -: 1277:   {?} !!x
        -: 1278:   {!} Bart.40
        -: 1279:   {?} !x:(=?naam.?leeftijd)
        -: 1280:   {?} Bart Jongejan:?!naam
        -: 1281:   {?} !!x
        -: 1282:   {!} Bart Jongejan.40
        -: 1283:   {?} x..age=veertig                          BJO 4 Jan 1996
        -: 1284:   {?} !!x
        -: 1285:   {!} Bart Jongejan.veertig
        -: 1286:
        -: 1287:   x..name.first=Bart vervangt Jan door Bart in
        -: 1288:
        -: 1289:   x==(name=(first=Jan).(family=Abbens)).(age=33)
        -: 1290:
        -: 1291:   Merk op dat de = operator z'n speciale betekenis in patterns kwijt is
        -: 1292:   ~=(% %) moet dus voortaan geschreven worden als ((% %) & `~|?)
        -: 1293:*/
        -: 1294:
        -: 1295:#if 0 && defined __GNUC__ && !defined sparc && !defined __hpux && !defined __hpux__
        -: 1296:/* TODO test must be changed to a positive list. Bart 20030704 */
        -: 1297:#define ARM /*1*/ /* assume it's an Acorn */
        -: 1298:#define os_swix os_swi /* different naming */
        -: 1299:typedef struct {
        -: 1300: int r[10];
        -: 1301:}os_regset;
        -: 1302:#else
        -: 1303:/*#define ARM 0*/ /* assume it isn't an Acorn */
        -: 1304:#endif
        -: 1305:
        -: 1306:
        -: 1307:#if (defined __TURBOC__ && !defined __WIN32__) || (defined ARM && !defined __SYMBIAN32__)
        -: 1308:#define O_S 1 /* 1 = with operating system interface swi$ (RISC_OS or TURBO-C), 0 = without  */
        -: 1309:#else
        -: 1310:#define O_S 0
        -: 1311:#endif
        -: 1312:
        -: 1313:/* aanwijzingen voor het compileren
        -: 1314:   (met een ANSI-C compiler of iets wat daar dichtbij in de buurt komt)
        -: 1315:
        -: 1316:Archimedes ANSI-C release 3:
        -: 1317:*up
        -: 1318:*del. :0.$.c.clog
        -: 1319:*spool :0.$.c.clog
        -: 1320:*cc bracmat
        -: 1321:*spool
        -: 1322:
        -: 1323:Met RISC_OS functies:
        -: 1324:
        -: 1325:cc bracmat
        -: 1326:
        -: 1327:file cc (in directory c):
        -: 1328:
        -: 1329:| >cc
        -: 1330:up
        -: 1331:delete $.c.clog
        -: 1332:spool $.c.clog
        -: 1333:cc -c %0 -IRAM:$.RISC_OSLib
        -: 1334:if Sys$ReturnCode = 0 then run c.li %0 else spool
        -: 1335:
        -: 1336:file li (in directory c):
        -: 1337:
        -: 1338:| >li
        -: 1339:link -o %0 o.%0 RAM:$.RISC_OSLib.o.RISC_OSLib RAM:$.Clib.o.Stubs
        -: 1340:||G
        -: 1341:spool
        -: 1342:if Sys$ReturnCode = 0 then squeeze %0 else echo |G
        -: 1343:
        -: 1344:Microsoft QUICKC (MS-DOS) (compact en large model kunnen allebei)
        -: 1345:qcl /Ox /AC /F D000 bracmat.c
        -: 1346:Microsoft optimizing compiler V5.1
        -: 1347:cl /Ox /AC /F D000 bracmat.c
        -: 1348:
        -: 1349:Borland TURBOC (MS-DOS) V2.0
        -: 1350:tcc -w -f- -r- -mc -K- bracmat
        -: 1351:
        -: 1352:Atari : definieer -DATARI i.v.m. BIGENDIAN en extern int _stksize = -1;
        -: 1353:               en -DW32   doch alleen als (int)==(long)
        -: 1354:*/
        -: 1355:
        -: 1356:/* optionele #defines voor debuggen en aanpassing aan machine */
        -: 1357:
        -: 1358:#define TELMAX  1 /* maximaal aantal gealloceerde nodes laten zien */
        -: 1359:#define TELLING 0 /* idem,uitgebreid met huidige allocatie, per groep van
        -: 1360:                       4,8,12 en >12 bytes */
        -: 1361:#if TELLING
        -: 1362:#if TELMAX == 0
        -: 1363:#undef TELMAX
        -: 1364:#define TELMAX 1
        -: 1365:#endif
        -: 1366:#ifndef TELMAX
        -: 1367:#define TELMAX 1
        -: 1368:#endif
        -: 1369:#endif
        -: 1370:
        -: 1371:/*#define reslt hreslt  om in resultaat ALLE haakjes te laten zien*/
        -: 1372:#define INTSCMP 0   /* linke manier om strings te vergelijken */
        -: 1373:#define ICPY 0      /* woord voor woord copieren, i.p.v. byte voor byte */
        -: 1374:
        -: 1375:/* hieronder zijn geen optionele #defines meer */
        -: 1376:#if defined __BYTE_ORDER && defined __LITTLE_ENDIAN /* gcc on linux defines these */
        -: 1377:#if __BYTE_ORDER == __LITTLE_ENDIAN
        -: 1378:#define BIGENDIAN 0
        -: 1379:#else
        -: 1380:#define BIGENDIAN 1
        -: 1381:#endif
        -: 1382:#endif
        -: 1383:
        -: 1384:#ifndef BIGENDIAN
        -: 1385:
        -: 1386:#if defined mc68000 || defined MC68000 || defined mc68010 || defined mc68020 || defined mc68030 || defined ATARI || defined sparc || defined __hpux || defined __hpux__
        -: 1387:#define BIGENDIAN 1
        -: 1388:#endif
        -: 1389:
        -: 1390:#endif
        -: 1391:
        -: 1392:#ifndef BIGENDIAN
        -: 1393:#define BIGENDIAN     0
        -: 1394:#endif
        -: 1395:
        -: 1396:#if defined BRACMATEMBEDDED
        -: 1397:#define _BRACMATEMBEDDED 1
        -: 1398:#else
        -: 1399:#define _BRACMATEMBEDDED 0
        -: 1400:#endif
        -: 1401:
        -: 1402:#if (defined _Windows || defined _MT /*multithreaded, VC6.0*/)&& (!defined _CONSOLE /*18 January 2007*/ && !defined __CONSOLE__ || defined NOTCONSOLE || _BRACMATEMBEDDED)
        -: 1403:/* _CONSOLE defined by Visual C++ and __CONSOLE__ seems always to be defined in C++Builder */
        -: 1404:#define MICROSOFT_WINDOWS_API 1
        -: 1405:#else
        -: 1406:#define MICROSOFT_WINDOWS_API 0
        -: 1407:#endif
        -: 1408:
        -: 1409:#if MICROSOFT_WINDOWS_API && defined POLL /*Bart 20030410: Often no need for polling in multithreaded apps.*/
        -: 1410:#define JMP 1 /* 1: listen to WM_QUIT message. 0: Do not listen to WM_QUIT message. */
        -: 1411:#else
        -: 1412:#define JMP 0
        -: 1413:#endif
        -: 1414:
        -: 1415:#if _BRACMATEMBEDDED
        -: 1416:#include "bracmat.h"
        -: 1417:#endif
        -: 1418:
        -: 1419:
        -: 1420:#if defined sun && !defined __GNUC__
        -: 1421:#include <unistd.h> /* SEEK_SET, SEEK_CUR */
        -: 1422:#define ALERT 7
        -: 1423:#define strtoul(a,b,c) strtol(a,b,c)
        -: 1424:#else
        -: 1425:#include <stddef.h>
        -: 1426:#endif
        -: 1427:
        -: 1428:#include <stdlib.h>
        -: 1429:
        -: 1430:#ifndef ALERT
        -: 1431:#define ALERT '\a'
        -: 1432:#endif
        -: 1433:
        -: 1434:#include <limits.h>
        -: 1435:
        -: 1436:#if defined _WIN64 || defined _WIN32
        -: 1437:#ifdef __BORLANDC__
        -: 1438:typedef unsigned int UINT32_T;
        -: 1439:#else
        -: 1440:typedef unsigned __int32 UINT32_T; /* pre VS2010 has no int32_t */
        -: 1441:#endif
        -: 1442:#endif
        -: 1443:
        -: 1444:#if defined _WIN64
        -: 1445:/*Microsoft*/
        -: 1446:#define WORD32  0
        -: 1447:#define _4      1
        -: 1448:#define _5_6    1
        -: 1449:#define LONG long long
        -: 1450:#define STRTOUL _strtoui64
        -: 1451:#define STRTOL _strtoi64
        -: 1452:#define FSEEK _fseeki64
        -: 1453:#define FTELL _ftelli64
        -: 1454:#else
        -: 1455:#if !defined NO_C_INTERFACE && !defined _WIN32
        -: 1456:#if UINT_MAX == 4294967295
        -: 1457:typedef unsigned int UINT32_T;
        -: 1458:#elif ULONG_MAX == 4294967295
        -: 1459:typedef unsigned long UINT32_T;
        -: 1460:#endif
        -: 1461:#endif
        -: 1462:#if LONG_MAX <= 2147483647L
        -: 1463:#define WORD32  1
        -: 1464:#define _4      1
        -: 1465:#define _5_6    1
        -: 1466:#else
        -: 1467:#define WORD32  0
        -: 1468:#define _4      1
        -: 1469:#define _5_6    1
        -: 1470:#endif
        -: 1471:#define LONG long
        -: 1472:#define STRTOUL strtoul
        -: 1473:#define STRTOL strtol
        -: 1474:#define FSEEK fseek
        -: 1475:#define FTELL ftell
        -: 1476:#endif
        -: 1477:
        -: 1478:
        -: 1479:#if defined __TURBOC__ || defined __MSDOS__ || defined _WIN32 || defined __GNUC__
        -: 1480:#define DELAY_DUE_TO_INPUT
        -: 1481:#endif
        -: 1482:
        -: 1483:#include <time.h>
        -: 1484:#ifndef CLOCKS_PER_SEC
        -: 1485:#ifdef CLK_TCK  /* pre-ANSI-C */
        -: 1486:#define CLOCKS_PER_SEC CLK_TCK
        -: 1487:#else
        -: 1488:#if defined sun
        -: 1489:#define CLOCKS_PER_SEC 1000000 /* ??? */
        -: 1490:#endif
        -: 1491:#endif
        -: 1492:#endif
        -: 1493:
        -: 1494:#define LOGWORDLENGTH 2
        -: 1495:/* vlaggen in knoop */
        -: 1496:#define NOT              1      /* ~ */
        -: 1497:     /* zo houden ivm vermenging logische en bit operatoren && || | ^ & */
        -: 1498:#define SUCCESS         (1<< 1)
        -: 1499:#define READY           (1<< 2)
        -: 1500:#define POSITION        (1<< 3) /* [ */
        -: 1501:#define INDIRECT        (1<< 4) /* ! */
        -: 1502:#define DOUBLY_INDIRECT (1<< 5) /* !! */
        -: 1503:#define FENCE           (1<< 6) /* `   (within same byte as ATOM and NOT) */
        -: 1504:#define ATOM            (1<< 7) /* @ */
        -: 1505:#define NONIDENT        (1<< 8) /* % */
        -: 1506:#define GREATER_THAN    (1<< 9) /* > */
        -: 1507:#define SMALLER_THAN    (1<<10) /* < */
        -: 1508:#define NUMBER          (1<<11) /* # */
        -: 1509:#define BREUK           (1<<12) /* / */
        -: 1510:#define UNIFY           (1<<13) /* ? */
        -: 1511:#define IDENT           (1<<14)
        -: 1512:#define IMPLIEDFENCE    (1<<15) /* 20070222 */
        -: 1513:
        -: 1514:#define VISIBLE_FLAGS_WEAK      (INDIRECT|DOUBLY_INDIRECT|FENCE|UNIFY)
        -: 1515:#define VISIBLE_FLAGS_NON_COMP  (INDIRECT|DOUBLY_INDIRECT|ATOM|NONIDENT|NUMBER|BREUK|UNIFY) /* allows < > ~< and ~> as flags on numbers */
        -: 1516:#define VISIBLE_FLAGS_POS0      (INDIRECT|DOUBLY_INDIRECT|NONIDENT|QBREUK|UNIFY|QGETAL)
        -: 1517:#define VISIBLE_FLAGS_POS       (INDIRECT|DOUBLY_INDIRECT|NONIDENT|QBREUK|UNIFY|QGETAL|NOT|GREATER_THAN|SMALLER_THAN)
        -: 1518:#define VISIBLE_FLAGS           (INDIRECT|DOUBLY_INDIRECT|ATOM|NONIDENT|NUMBER|BREUK|UNIFY|NOT|GREATER_THAN|SMALLER_THAN|FENCE|POSITION)
        -: 1519:
        -: 1520:#define HAS_VISIBLE_FLAGS_OR_MINUS(psk) ((psk)->ops & (VISIBLE_FLAGS|MINUS))
        -: 1521:#define RATIONAAL(psk)      (((psk)->ops & (QGETAL|IS_OPERATOR|VISIBLE_FLAGS)) == QGETAL)
        -: 1522:#define RATIONAAL_COMP(psk) (((psk)->ops & (QGETAL|IS_OPERATOR|VISIBLE_FLAGS_NON_COMP)) == QGETAL)
        -: 1523:#define RATIONAAL_COMP_NOT_NUL(psk) (((psk)->ops & (QGETAL|QNUL|IS_OPERATOR|VISIBLE_FLAGS_NON_COMP)) == QGETAL)
        -: 1524:#define RATIONAAL_WEAK(psk) (((psk)->ops & (QGETAL|IS_OPERATOR|INDIRECT|DOUBLY_INDIRECT|FENCE|UNIFY)) == QGETAL)/* allows < > ~< and ~> as flags on numbers */
        -: 1525:#define       LESS(psk)    (((psk)->v.fl & (VISIBLE_FLAGS_POS)) == (QGETAL|SMALLER_THAN))
        -: 1526:#define LESS_EQUAL(psk)    (((psk)->v.fl & (VISIBLE_FLAGS_POS)) == (QGETAL|NOT|GREATER_THAN))
        -: 1527:#define MORE_EQUAL(psk)    (((psk)->v.fl & (VISIBLE_FLAGS_POS)) == (QGETAL|NOT|SMALLER_THAN))
        -: 1528:#define       MORE(psk)    (((psk)->v.fl & (VISIBLE_FLAGS_POS)) == (QGETAL|GREATER_THAN))
        -: 1529:#define    UNEQUAL(psk)    (((psk)->v.fl & (VISIBLE_FLAGS_POS)) == (QGETAL|NOT))
        -: 1530:#define LESSORMORE(psk)    (((psk)->v.fl & (VISIBLE_FLAGS_POS)) == (QGETAL|SMALLER_THAN|GREATER_THAN)) /*20111102*/
        -: 1531:#define      EQUAL(psk)    (((psk)->v.fl & (VISIBLE_FLAGS_POS)) == QGETAL)
        -: 1532:#define NOTLESSORMORE(psk) (((psk)->v.fl & (VISIBLE_FLAGS_POS)) == (QGETAL|NOT|SMALLER_THAN|GREATER_THAN))
        -: 1533:
        -: 1534:#define INTEGER(kn)               (((kn)->ops & (QGETAL|QBREUK|IS_OPERATOR|VISIBLE_FLAGS))                      == QGETAL)
[...]
        -:16903:                        UNSETCREATEDWITHNEW((typedObjectknoop*)pkn);
        -:16904:                        UNSETBUILTIN((typedObjectknoop*)pkn);
        -:16905:#endif
        1:16906:                        pkn->LEFT = subboomcopie(old->LEFT);
        1:16907:                        old->RIGHT = Head(old->RIGHT);
        1:16908:                        pkn->RIGHT = subboomcopie(old->RIGHT);
        1:16909:                        wis(old);
        -:16910:                        }
      757:16911:                    pkn->v.fl &= (~OPERATOR & ~READY);
      757:16912:                    pkn->ops |= dummy_op;
      757:16913:                    pkn->v.fl |= SUCCESS;
      757:16914:                    if(lkn.v.fl & INDIRECT)
        -:16915:                        {/* (a=b=127)&(.):(_)&!(a_b) */
        1:16916:                        pkn = evalvar(pkn);
        -:16917:                        }
      757:16918:                    break;
        -:16919:                }
        -:16920:            }
        -:16921:        else
        -:16922:            {
        -:16923:            /*assert(!shared(pkn));*/ /* 20120916 evalvar now expects not shared arg. */
        -:16924:            /* An unevaluated leaf can only be an atom with ! or !!,
        -:16925:            so we don't need to test for this condition.*/
   689331:16926:            pkn = evalvar(pkn);
        -:16927:            /* After evaluation of a variable, the loop continues.
        -:16928:            Together with how & and | (EN and OF) are treated, this ensures that
        -:16929:            a loop can run indefinitely, without using stack space. */
        -:16930:            }
        -:16931:        }
        -:16932:#if JMP
        -:16933:    PeekMsg();
        -:16934:#endif
        -:16935:    ZSTACK
  2377098:16936:    return pkn;
        -:16937:    }
        -:16938:
        1:16939:int startProc(
        -:16940:#if _BRACMATEMBEDDED
        -:16941:    startStruct * init
        -:16942:#else
        -:16943:    void
        -:16944:#endif
        -:16945:    )
        -:16946:    {
        -:16947:    int tel;
        -:16948:    int err; /* 20100802, evaluation of version string */
        -:16949:    static int called = 0;
        -:16950:    /*printf("startProc ");*/
        1:16951:    if(called)
        -:16952:        {
        -:16953:        /*printf("already called\n");*/
    #####:16954:        return 2;
        -:16955:        }
        -:16956:    /*printf("call\n");*/
        1:16957:    called = 1;
        -:16958:#if _BRACMATEMBEDDED
        -:16959:    if(init)
        -:16960:        {
        -:16961:        if(init->WinIn)
        -:16962:            {
        -:16963:            WinIn = init->WinIn;
        -:16964:            }
        -:16965:        if(init->WinOut)
        -:16966:            {
        -:16967:            WinOut = init->WinOut;
        -:16968:            }
        -:16969:        if(init->WinFlush)
        -:16970:            {
        -:16971:            WinFlush = init->WinFlush;
        -:16972:            }
        -:16973:        }
        -:16974:#endif
        1:16975:    for(tel = 0;tel<256;variabelen[tel++] = NULL)
        -:16976:        ;
        1:16977:    if(!init_ruimte())
    #####:16978:        return 0;
        1:16979:    init_opcode();
        1:16980:    anker = NULL;
        1:16981:    fpi = stdin;
        1:16982:    fpo = stdout;
        -:16983:
        1:16984:    argk.flgs = READY | SUCCESS;
        1:16985:    argk.u.lobj = O('a','r','g');
        -:16986:
        1:16987:    sjt.flgs = READY | SUCCESS;/*20100910*/
        1:16988:    sjt.u.lobj = O('s','j','t');/*20100910*/
        -:16989:
        1:16990:    selfkn.flgs = READY | SUCCESS;
        1:16991:    selfkn.u.lobj = O('i','t','s');
        -:16992:
        1:16993:    Selfkn.flgs = READY | SUCCESS;
        1:16994:    Selfkn.u.lobj = O('I','t','s');
        -:16995:
        1:16996:    nilk.flgs = READY | SUCCESS | IDENT;
        1:16997:    nilk.u.lobj = 0L;
        -:16998:
        1:16999:    nulk.flgs = READY | SUCCESS | IDENT | QGETAL | QNUL;
        1:17000:    nulk.u.lobj = 0L;
        1:17001:    nulk.u.obj = '0';
        -:17002:
        1:17003:    eenk.u.lobj = 0L;
        1:17004:    eenk.u.obj = '1';
        1:17005:    eenk.flgs = READY | SUCCESS | IDENT | QGETAL;
        1:17006:    *(&(eenk.u.obj)+1) = 0;
        -:17007:
        1:17008:    mintweek.u.lobj = 0L;
        1:17009:    mintweek.u.obj = '2';
        1:17010:    mintweek.flgs = READY | SUCCESS | QGETAL | MINUS;
        1:17011:    *(&(mintweek.u.obj)+1) = 0;
        -:17012:
        1:17013:    mineenk.u.lobj = 0L;
        1:17014:    mineenk.u.obj = '1';
        1:17015:    mineenk.flgs = READY | SUCCESS | QGETAL | MINUS;
        1:17016:    *(&(mineenk.u.obj)+1) = 0;
        -:17017:
        1:17018:    tweek.u.lobj = 0L;
        1:17019:    tweek.u.obj = '2';
        1:17020:    tweek.flgs = READY | SUCCESS | QGETAL;
        1:17021:    *(&(tweek.u.obj)+1) = 0;
        -:17022:
        1:17023:    vierk.u.lobj = 0L;
        1:17024:    vierk.u.obj = '4';
        1:17025:    vierk.flgs = READY | SUCCESS | QGETAL;
        1:17026:    *(&(vierk.u.obj)+1) = 0;
        -:17027:
        1:17028:    minvierk.u.lobj = 0L;
        1:17029:    minvierk.u.obj = '4';
        1:17030:    minvierk.flgs = READY | SUCCESS | QGETAL | MINUS;
        1:17031:    *(&(minvierk.u.obj)+1) = 0;
        -:17032:
        1:17033:    m0 = opb(m0,"?*(%+%)^~/#>1*?" , NULL);
        1:17034:    m1 = opb(m1,"?*(%+%)*?" , NULL);
        1:17035:    f0 = opb(f0,"(g,k,pow"
        -:17036:                ".(pow"
        -:17037:                  "=b,c,d,l,s,f"
        -:17038:                  ".!arg:(%?b+%?c)^?d"
        -:17039:                  "&1:?f"
        -:17040:                  "&(s"
        -:17041:                   "=!d:1&0"
        -:17042:                   "|(!f*!d*(1+!l:?l)^-1:?f)"
        -:17043:                    "*!b^!l"
        -:17044:                    "*pow$(!c^(-1+!d:?d))"
        -:17045:                   "+!s"
        -:17046:                   ")"
        -:17047:                  "&!b^!d+!c^!d+!s"
        -:17048:                  "|!arg"
        -:17049:                  ")"
        -:17050:                  "&!arg:?g*((%+%)^~/#>1:?arg)*?k"
        -:17051:                  "&!g*pow$!arg*!k)",NULL);
        1:17052:    f1 = opb(f1,
        -:17053:        "((\177g,\177h,\177i).!arg:?\177g*(%?\177h+%?\177i)*",
        -:17054:        "?arg&!\177g*!\177h*!arg+!\177g*!\177i*!arg)",NULL);
        1:17055:    f4 = opb(f4,  "l,a,b,c,e,f"
        -:17056:                ".(a"
        -:17057:                 "=j,g,h,i"
        -:17058:                  ".!arg:?l^(?j+?g*!l\016?h*?i+?arg)"
        -:17059:                   "&!l^(!j+!arg)*!h^(!g*!i)"
        -:17060:                 ")"
        -:17061:                "&(e"
        -:17062:                 "=j,g,I"
        -:17063:                 ".!arg:?j+#?g*((i|-i):?I)*pi+?arg"
        -:17064:                   "&1:?l"
        -:17065:                   "&!j+(mod$(1+!g,2)+-1)*!I*pi+!arg"
        -:17066:                 ")"
        -:17067:                "&(f"
        -:17068:                 "=j,i"
        -:17069:                  ".!arg:?j+#?l*((i|-i):?I)*pi+?arg"
        -:17070:                   "&!I^(2*!l):?l"
        -:17071:                   "&!j+!arg"
        -:17072:                 ")"
        -:17073:                "&(b"
        -:17074:                 "="
        -:17075:                  "(!l:(<-1|>1)&e"
        -:17076:                  "|(-1|1/2|-1/2)&f"
        -:17077:                  ")"
        -:17078:                  ":?l"
        -:17079:                 ")"
        -:17080:                "&(c"
        -:17081:                 "="
        -:17082:                  ".1+!arg:?arg"
        -:17083:                   "&1:?l"
        -:17084:                   "&-1+!arg"
        -:17085:                 ")"
        -:17086:                "&(!arg:?l^(?+?*!l\016?*?+?)&a$!arg"
        -:17087:                 "|!arg"
        -:17088:                  ":e^((?+#?l*(i|-i)*pi+?&`!b"
        -:17089:                      "|?"
        -:17090:                       "*(pi|i|-i)"
        -:17091:                       "*?"
        -:17092:                       "*(?+?*(pi|i|-i)*?+?:%+%)"
        -:17093:                       "*?"
        -:17094:                        "&c:?l"
        -:17095:                      ")"
        -:17096:                     ":?arg"
        -:17097:                     ")"
        -:17098:                   "&e^!l$!arg*!l"
        -:17099:                 ")",NULL);
        1:17100:    f5 = opb(f5,
        -:17101:         "l,d"
        -:17102:         ".(d"
        -:17103:          "=j,g,h"
        -:17104:           ".!arg:?l\016(?j*!l^?g*?h)&!g+!l\016(!j*!h)"
        -:17105:          ")"
        -:17106:          "&!arg:?l\016(?*!l^?*?)"
        -:17107:          "&d$!arg", NULL);
        -:17108:
        1:17109:    anker = startboom_w(anker ,
        -:17110:        "(cat=flt,sin,tay,fct,cos,out,sgn.!arg:((?flt,(?sin,?tay)|?sin&:?tay)|?flt&:?sin:"
        -:17111:        "?tay)&(fct=.!arg:%?cos ?arg&!cos:((?out.?)|?out)&'(? ($out|($out.?)"
        -:17112:        ") ?):(=?sgn)&(!flt:!sgn&!(glf$(=~.!sin:!sgn))&!cos|) fct$!arg|)&(:!flt:!sin&mem$!tay|(:!flt&mem$:?flt"
        -:17113:        "|)&fct$(mem$!tay))),",
        -:17114:
        -:17115:        /* 20110823
        -:17116:        "(cat=flt,sin,tay,fct,cos,out,sgn.!arg:((?flt,(?sin,?tay)|?sin&:?tay)|?flt&:?sin:"
        -:17117:        "?tay)&(fct=.!arg:%?cos ?arg&!cos:((?out.?)|?out)&'(? (`=$out|($out.?)"
        -:17118:        ") ?):?sgn&(!flt:!sgn&~$(!sin:!sgn)&!cos|) fct$!arg|)&(:!flt:!sin|(:!flt&mem$:?flt"
        -:17119:        "|)&fct)$(mem$!tay)),",
        -:17120:        */
        -:17121:        "(out=(.put$!arg:?arg&put$\212&!arg)),"
        -:17122:        "(flt=((e,d,m,s,f).!arg:(?arg,~<0:?d)&!arg:0|(-1*!arg:>0:?arg&-1|1):?s&"
        -:17123:        "10\016!arg:?e+(10\016?m|0&1:?m)&(!m+1/2*1/10^!d:~<10&1+!e:?e&!m*1/10"
        -:17124:        ":?m|)&@(div$(!m+1/2*(1/10^!d:?d),!d):"
        -:17125:        "`%?f ?m)&str$(!s*!f (!d:~1&\254|) !m \252\261\260\305 !e))),",
        -:17126:
        -:17127:        "(tay=((f,tot,x,fac,cnt,res,R).",
        -:17128:        "(R=!cnt:!tot&!res|!res+(sub$(!x\017!f:?f.!x.0))*((!fac*(!cnt+1:?cnt))"
        -:17129:        ":?fac)^-1*!x^!cnt:?res&!R)&",
        -:17130:        "!arg:(?f,?x,?tot)&(fac=1)&(cnt=0)&((sub$(!f.!x.0)):?res)&!R)),",
        -:17131:
        -:17132:        /*"(ego=(r.sub$(sub$(!arg.(sin.?r).'sin$!r).(cos.?r).'cos$!r))),",
        -:17133:
        -:17134:        "(goe=((h,s).sub$(!arg.'(e^?h).",
        -:17135:        "'(-1*(sgn$(-1+i*!h+1:?h):?s)*i*(sin.-1+!s*!h+1:?s)+(cos.!s))))),",*/
        -:17136:
        -:17137:        "(sin=(.i*(-1/2*e^(i*!arg)+1/2*e^(-i*!arg)))),",
        -:17138:
        -:17139:        "(cos=(.1/2*(e^(i*!arg)+e^(-i*!arg)))),",
        -:17140:
        -:17141:        "(sgn=(.!arg:?#%arg*%+?&sgn$!arg|!arg:<0&-1|1)),",
        -:17142:        "(abs=(.sgn$!arg*!arg)),",
        -:17143:        "(sub=\177e,\177x,\177v,\177F.(\177F=\177l,\177r.!arg:!\177x&!\177v|"
        -:17144:        "!arg:%?\177l_%?\177r&(\177F$!\177l)_(\177F$!\177r)|!arg)&!arg:(("
        -:17145:        "?\177e.?\177x.?\177v)|out$(str$((=sub$(expr.var.rep)) !arg))&get'&~`)"
        -:17146:        "&\177F$!\177e),",
        -:17147:        fct,
        -:17148:        NULL);
        -:17149:
        -:17150:
        -:17151:#if JMP
        -:17152:    if(setjmp(jumper) != 0)
        -:17153:        return;
        -:17154:#endif
        1:17155:    anker = eval(anker);
        1:17156:    stringEval("(v=\"Bracmat version " VERSION ", build " BUILD " (" DATUM ")\")",NULL,&err);
        1:17157:    return 1;
        -:17158:}
        -:17159:
        1:17160:void endProc(void)
        -:17161:    {
        -:17162:    int err;
        -:17163:    static int called = 0;
        1:17164:    if(called)
        1:17165:        return;
        1:17166:    called = 1;
        -:17167:/*  stringEval("cat$:? CloseDown ? & CloseDown$ | out$\"No CloseDown function provided, exiting all the same.\"",NULL,&err);*/
        1:17168:    stringEval("cat$:? CloseDown ? & CloseDown$ | ",NULL,&err);
        1:17169:    if(err)
    #####:17170:        errorprintf("Error executing CloseDown\n");
        -:17171:    }
        -:17172:
        -:17173:/* main - the text-mode front end for bracmat */
        -:17174:
        -:17175:
        -:17176:#if _BRACMATEMBEDDED
        -:17177:#else
        -:17178:
        -:17179:#include <stddef.h>
        -:17180:
        1:17181:int mainlus(int argc,char *argv[])
        -:17182:    {
        -:17183:    int err;
        -:17184:    char * mainloop;
        -:17185:    const char * ret;
        1:17186:    if(argc > 1)
        -:17187:        { /* to get here, e.g.: ./bracmat out$hello */
        1:17188:        ARGC = argc;
        1:17189:        ARGV = argv;
        1:17190:        mainloop = "arg$&whl'(get$(arg$,MEM):?\"?...@#$*~%!\")&!\"?...@#$*~%!\"";
        1:17191:        stringEval(mainloop,&ret,&err);
        1:17192:        return (int)STRTOL(ret,0,10);
        -:17193:        /*
        -:17194:        int i;
        -:17195:        for(i = 1;i < argc;++i) / *20090630* /
        -:17196:            {
        -:17197:            stringEval(argv[i],NULL,&err);
        -:17198:            }
        -:17199:            */
        -:17200:        }
        -:17201:    else
        -:17202:        {
    #####:17203:        mainloop =
        -:17204:        "(w=\"11. BECAUSE THE PROGRAM IS LICENSED FREE OF CHARGE, THERE IS NO WARRANTY\\n"
        -:17205:        "FOR THE PROGRAM, TO THE EXTENT PERMITTED BY APPLICABLE LAW.  EXCEPT WHEN\\n"
        -:17206:        "OTHERWISE STATED IN WRITING THE COPYRIGHT HOLDERS AND/OR OTHER PARTIES\\n"
        -:17207:        "PROVIDE THE PROGRAM \\\"AS IS\\\" WITHOUT WARRANTY OF ANY KIND, EITHER EXPRESSED\\n"
        -:17208:        "OR IMPLIED, INCLUDING, BUT NOT LIMITED TO, THE IMPLIED WARRANTIES OF\\n"
        -:17209:        "MERCHANTABILITY AND FITNESS FOR A PARTICULAR PURPOSE.  THE ENTIRE RISK AS\\n"
        -:17210:        "TO THE QUALITY AND PERFORMANCE OF THE PROGRAM IS WITH YOU.  SHOULD THE\\n"
        -:17211:        "PROGRAM PROVE DEFECTIVE, YOU ASSUME THE COST OF ALL NECESSARY SERVICING,\\n"
        -:17212:        "REPAIR OR CORRECTION.\\n\")&"
        -:17213:        "(c=\"12. IN NO EVENT UNLESS REQUIRED BY APPLICABLE LAW OR AGREED TO IN WRITING\\n"
        -:17214:        "WILL ANY COPYRIGHT HOLDER, OR ANY OTHER PARTY WHO MAY MODIFY AND/OR\\n"
        -:17215:        "REDISTRIBUTE THE PROGRAM AS PERMITTED ABOVE, BE LIABLE TO YOU FOR DAMAGES,\\n"
        -:17216:        "INCLUDING ANY GENERAL, SPECIAL, INCIDENTAL OR CONSEQUENTIAL DAMAGES ARISING\\n"
        -:17217:        "OUT OF THE USE OR INABILITY TO USE THE PROGRAM (INCLUDING BUT NOT LIMITED\\n"
        -:17218:        "TO LOSS OF DATA OR DATA BEING RENDERED INACCURATE OR LOSSES SUSTAINED BY\\n"
        -:17219:        "YOU OR THIRD PARTIES OR A FAILURE OF THE PROGRAM TO OPERATE WITH ANY OTHER\\n"
        -:17220:        "PROGRAMS), EVEN IF SUCH HOLDER OR OTHER PARTY HAS BEEN ADVISED OF THE\\n"
        -:17221:        "POSSIBILITY OF SUCH DAMAGES.\\n\")&"
        -:17222:        "out$!v&"
        -:17223:        "out$\"Copyright (C) 2002 Bart Jongejan\\n"
        -:17224:        "Bracmat comes with ABSOLUTELY NO WARRANTY; for details type `!w'.\\n"
        -:17225:        "This is free software, and you are welcome to redistribute it\\n"
        -:17226:        "under certain conditions; type `!c' for details.\\n\\n"
        -:17227:        "\\n\\n{?} get$help { tutorial }\\n{?} )        { stop }\"&"
        -:17228:        "(main=put$\"{?} \"&clk$():?SEC&((get':?!(=):(|?&clk$+-1*!SEC:?SEC&"
        -:17229:        "put$\"{!} \"&put$!&put$(\"\\n    S  \" str$(div$(!SEC,1) \",\" (div$(mod$("
        -:17230:        "!SEC*100,100),1):?SEC&!SEC:<10&0|) !SEC) sec))|put$\"\\n    F\")|"
        -:17231:        "put$\"\\n    I\")&"
        -:17232:
        -:17233:
        -:17234:
        -:17235:
        -:17236:#if TELMAX
        -:17237:
        -:17238:        "out$str$(\"  \" bez')&"
        -:17239:#else
        -:17240:        "out$&"
        -:17241:#endif
        -:17242:
        -:17243:        "!main)&!main";
    #####:17244:        stringEval(mainloop,NULL,&err);
        -:17245:        }
    #####:17246:    return 0;
        -:17247:    }
        -:17248:
        1:17249:int main(int argc,char *argv[])
        -:17250:    {
        -:17251:    int ret; /*20100310 numerical result of mainlus becomes exit code.
        -:17252:             If out of integer range or not numerical: 0*/
        1:17253:    char * p = argv[0] + strlen(argv[0]);
        -:17254:#if 0
        -:17255:#ifdef _WIN64 /* Microsoft 64 bit */
        -:17256:    printf("_WIN64\n");
        -:17257:    printf("sizeof(char *) %lld\n",sizeof(char *));
        -:17258:    printf("sizeof(LONG) %lld\n",sizeof(LONG));
        -:17259:    printf("sizeof(size_t) %lld\n",sizeof(size_t));
        -:17260:    printf("WORD32 %d\n",WORD32);
        -:17261:    printf("RADIX %lld\n",(LONG)RADIX);
        -:17262:    printf("RADIX2 %lld\n",(LONG)RADIX2);
        -:17263:    printf("TEN_LOG_RADIX %lld\n",(LONG)TEN_LOG_RADIX);
        -:17264:    printf("HEADROOM %lld\n",(LONG)HEADROOM);
        -:17265:#else /* 32 bit and gcc 64 bit */
        -:17266:    printf("!_WIN64\n");
        -:17267:    printf("sizeof(char *) %ld\n",sizeof(char *));
        -:17268:    printf("sizeof(LONG) %ld\n",sizeof(LONG));
        -:17269:    printf("sizeof(size_t) %ld\n",sizeof(size_t));
        -:17270:    printf("WORD32 %d\n",WORD32);
        -:17271:    printf("RADIX %ld\n",(LONG)RADIX);
        -:17272:    printf("RADIX2 %ld\n",(LONG)RADIX2);
        -:17273:    printf("TEN_LOG_RADIX %ld\n",(LONG)TEN_LOG_RADIX);
        -:17274:    printf("HEADROOM %ld\n",(LONG)HEADROOM);
        -:17275:#endif
        -:17276:#endif
        -:17277:#ifndef NDEBUG
        -:17278:        {
        -:17279:        LONG radix,ten_log_radix;
        -:17280:#if defined _WIN64
        -:17281:        assert(HEADROOM*RADIX2 < LLONG_MAX);
        -:17282:#else
        -:17283:        assert(HEADROOM*RADIX2 < LONG_MAX);
        -:17284:#endif
        -:17285:        for(radix = 1,ten_log_radix = 1;ten_log_radix <= TEN_LOG_RADIX;radix *= 10,++ten_log_radix)
        -:17286:            ;
        -:17287:        assert(RADIX == radix);
        -:17288:        }
        -:17289:#endif
        -:17290:    assert(sizeof(tFlags) == sizeof(unsigned int));
        7:17291:    while(--p >= argv[0])
        6:17292:        if(*p == '\\' || *p == '/')
        -:17293:            {
        1:17294:            ++p;
        1:17295:            targetPath = (char *)malloc(p - argv[0] + 1);
        1:17296:            if(targetPath)
        -:17297:                {
        1:17298:                strncpy(targetPath,argv[0],p - argv[0]);
        1:17299:                targetPath[p - argv[0]] = '\0';
        -:17300:                }
        1:17301:            break;
        -:17302:            }
        -:17303:/*  Printf("targetPath=%s\n",targetPath);*/
        -:17304:
        1:17305:    errorStream = stderr;
        1:17306:    if(!startProc())
    #####:17307:        return -1;
        1:17308:    ret = mainlus(argc,argv);
        1:17309:    endProc();/* to get here, eg: {?} main=out$bye! */
        1:17310:    if(targetPath)
        1:17311:        free(targetPath);
        1:17312:    return ret;
        -:17313:    }
        -:17314:
        -:17315:#endif /*#if !_BRACMATEMBEDDED*/
        -:17316:
