        -:    0:Source:bracmat.c
        -:    0:Graph:bracmat.gcno
        -:    0:Data:bracmat.gcda
        -:    0:Runs:1
        -:    0:Programs:1
        -:    1:/*
        -:    2:    Bracmat. Programming language with pattern matching on tree structures.
        -:    3:    Copyright (C) 2002  Bart Jongejan
        -:    4:
        -:    5:    This program is free software; you can redistribute it and/or modify
        -:    6:    it under the terms of the GNU General Public License as published by
        -:    7:    the Free Software Foundation; either version 2 of the License, or
        -:    8:    (at your option) any later version.
        -:    9:
        -:   10:    This program is distributed in the hope that it will be useful,
        -:   11:    but WITHOUT ANY WARRANTY; without even the implied warranty of
        -:   12:    MERCHANTABILITY or FITNESS FOR A PARTICULAR PURPOSE.  See the
        -:   13:    GNU General Public License for more details.
        -:   14:
        -:   15:    You should have received a copy of the GNU General Public License
        -:   16:    along with this program; if not, write to the Free Software
        -:   17:    Foundation, Inc., 59 Temple Place, Suite 330, Boston, MA  02111-1307  USA
        -:   18:*/
        -:   19:/*
        -:   20:email: bartj@hum.ku.dk
        -:   21:*/
        -:   22:/*
        -:   23:COMPILATION
        -:   24:-----------
        -:   25:It is assumed that the hardware is litte-endian, (which has become the most
        -:   26:common these days).
        -:   27:
        -:   28:If you can compile successfully but cannot run the program succesfully,
        -:   29:try putting -DBIGENDIAN on the command line of the compiler.
        -:   30:This works of course only if the machine's hardware is big-endian.
        -:   31:
        -:   32:The program only utilizes standard libraries.
        -:   33:
        -:   34:Until 2012, the source code consisted of a single file, bracmat.c.
        -:   35:Because XML is becoming more popular, a separate source file, xml.c
        -:   36:implements reading XML files.
        -:   37:
        -:   38:On *N?X, just compile with
        -:   39:
        -:   40:    gcc -std=c99 -pedantic -Wall -O3 -static -DNDEBUG -o bracmat bracmat.c xml.c
        -:   41:
        -:   42:
        -:   43:The options are not necessary to successfully compile the program just
        -:   44:
        -:   45:    gcc *.c
        -:   46:
        -:   47:also works and produces the executable a.out.
        -:   48:
        -:   49:Profiling:
        -:   50:
        -:   51:    gcc -Wall -c -pg -DNDEBUG bracmat.c xml.c
        -:   52:    gcc -Wall -pg bracmat.o xml.o
        -:   53:    ./a.out 'get$"valid.bra";!r'
        -:   54:    gprof a.out
        -:   55:
        -:   56:Test coverage:
        -:   57:(see http://gcc.gnu.org/onlinedocs/gcc/Invoking-Gcov.html#Invoking-Gcov)
        -:   58:
        -:   59:    gcc -fprofile-arcs -ftest-coverage -DNDEBUG bracmat.c xml.c
        -:   60:    ./a.out
        -:   61:    gcov bracmat.c
        -:   62:    gcov xml.c
        -:   63:
        -:   64:*/
        -:   65:
        -:   66:#define DATUM "20 December 2012"
        -:   67:#define VERSION "6"
        -:   68:#define BUILD "149"
        -:   69:/*  20 December 2012
        -:   70:Cut most of is_afhankelyk_van away as obsolete.
        -:   71:
        -:   72:    10 December 2012
        -:   73:Replaced 2000000000 by HEADROOM * RADIX2, which is valid for both 32 and 64 bit.
        -:   74:scompare: if subject is zero bytes long and therefore not a number, adding
        -:   75:characters to it may make it a number.
        -:   76:
        -:   77:     6 December 2012
        -:   78:Thoroughly tested lambda.
        -:   79:
        -:   80:     5 December 2012
        -:   81:Compiled with Borland C++ 5.02, alternative typedef for UINT32, found unused
        -:   82:global var hekje1.
        -:   83:
        -:   84:     4 December 2012
        -:   85:Commented out unreachable code in evalmacro
        -:   86:
        -:   87:     2 December 2012
        -:   88:Made type 'int' explicit in line 5223
        -:   89: 
        -:   90:     1 December 2012
        -:   91:Solved bug with late binding that turned up when evaluating 
        -:   92:(cof==h) & @(gj:?!cof) & !cof
        -:   93:
        -:   94:    28 November 2012
        -:   95:Made input stop on EOF even if input is stdin.
        -:   96:
        -:   97:    23 November 2012
        -:   98:During testing of corner cases, found code that never executed in find() and
        -:   99:code that was missing in doPosition.
        -:  100:
        -:  101:    16 November 2012
        -:  102:Found and solved bug in Naamwoord. Case:
        -:  103:(abcd=bopt=cyt*dip) & (cyt=dip=egsae) & foo:?!!(abcd.bopt)
        -:  104:Removed rudimentary argument char ** punmatched from some functions.
        -:  105:Removed old, forgotten attempt at working with < > and ~ on subject
        -:  106:(lhs of : operator) in compare(). These flags are only useful in the pattern
        -:  107:
        -:  108:    15 November 2012
        -:  109:Added a comment to input with backslash followed by control character,
        -:  110:which is unsyntactical. Fused numberNode into _qdenominator.
        -:  111:Fused fireBuiltInFunc into wis.
        -:  112:
        -:  113:    1 November 2012
        -:  114:Function someopt() conditionally excluded with 
        -:  115:  #if !defined NO_LOW_LEVEL_FILE_HANDLING
        -:  116:
        -:  117:    21 October 2012
        -:  118:Made sure that put$ cannot write to a file that is still open in get$.
        -:  119:
        -:  120:    17 October 2012
        -:  121:In evalvar, the assumption that shared = false is false.
        -:  122:
        -:  123:    15 October 2012
        -:  124:Added 8 byte peek and poke (pee, pok) (perhaps not on all 32 bit platforms).
        -:  125:Default is now 1 byte.
        -:  126:
        -:  127:    14 October 2012
        -:  128:flg$(=~exp):(=?f.?o)  !f now fails, as it should.
        -:  129:Relaxed requirement that parameters be separated with comma for function sim.
        -:  130:new$(hash,1000) gives a hint at the initial size of the hash table.
        -:  131:Default is 97.
        -:  132:
        -:  133:    12 October 2012
        -:  134:Found some places in plus_samenvoegen_of_sorteren that were never reached,
        -:  135:commented these.
        -:  136:
        -:  137:    23 September 2012
        -:  138:Discovered buffer overflow when compiled under fresh installation of Xubuntu 
        -:  139:gcc (Ubuntu/Linaro 4.6.3-1ubuntu5) 4.6.3 with optimization -O1 and higher.
        -:  140:Cause: strcpy in some places got the address of a single byte as destination
        -:  141:and coredumped when that single-byte buffer was overrun, not knowing that
        -:  142:there was, in fact, allocated memory to house the fulle source. See definition
        -:  143:of POBJ.
        -:  144:
        -:  145:    22 September 2012
        -:  146:Discovered that built in objects too easily were copied. The new function is
        -:  147:for that. Worse, the copies were not initialized with a call to New. Also,
        -:  148:new$hash returned ((=).New)'. Now it returns the object node. Changed the rhs
        -:  149:of this node to the node that is the argument of the original call to new, so:
        -:  150:  =hash
        -:  151:
        -:  152:    20 September 2012
        -:  153:Reference counting should now be faster, bigger and better.
        -:  154:Before, reference counting went to 2^30+1024. Now it goes to 2^30*1023+1
        -:  155:Test added to valid.bra.
        -:  156:
        -:  157:    19 September 2012
        -:  158:Made major changes in Naamwoord, Naamwoord_w and doPosition to make two levels
        -:  159:of indirection work also in the case that an object is at the first level.
        -:  160:Handling of two levels of indirection is improved generally.
        -:  161:
        -:  162:    16 September 2012
        -:  163:Using gcov, found some places that are unreachable in merge(), substdiff() and
        -:  164:evalvar(). Simplified substdiff. Function evalvar now expects that the argument
        -:  165:is not shared. Deleted code that was never reached.
        -:  166:
        -:  167:    12 September 2012
        -:  168:Updated u2l and l2u with data from UnicodeData.txt 2011-11-08
        -:  169:(using script uni.bra)
        -:  170:
        -:  171:    22 August 2012
        -:  172:Bug removed. The expression
        -:  173:    ( (=A B)
        -:  174:    : ?G1
        -:  175:    : (=(A&X:?(G1.)) B)
        -:  176:    )
        -:  177:would not match the 'B' in the pattern with anything valid, because the 
        -:  178:assignment X:?(G1.) had deleted the original subject. Now the subject is
        -:  179:temporarily reference-incremented, so the 'B' still matches the old value of
        -:  180:G1. The expression as a whole evaluates to X. Notice that this bug did not
        -:  181:affect the very similar
        -:  182:    ( (G2==A B)
        -:  183:    & !G2
        -:  184:    : (=(A&X:?(G2.)) B)
        -:  185:    )
        -:  186:Reason: here, the subject is not the object that G1 is bound to, but a copy.
        -:  187:And that is so because the object that G1 is bound to is headed by an
        -:  188:unevaluated = (being part of the rhs of an = operator). The expression !G2,
        -:  189:however, must be evaluated, so it cannot be identical to G2's value.
        -:  190:Consequently, the reassignment of G2 does not affect the subject of the
        -:  191:pattern match operation, which is (=A B) at all times.
        -:  192:
        -:  193:     4 August 2012
        -:  194:Removed function "?"$<expr>. The same effect is obtained by <expr>:?!(=)
        -:  195:
        -:  196:    31 July 2012
        -:  197:Made code gcc -pedantic proof. There are two string constants with a length
        -:  198:greater than 509, which ISO C89 compilers are required to support. Therefore
        -:  199:the option -std=c99 is added.
        -:  200:The LL suffix is replaced by L for non-Microsoft compilers.
        -:  201:
        -:  202:     8 July 2012
        -:  203:Added explanation and two small improvements to nextprime()
        -:  204:
        -:  205:     2 July 2012
        -:  206:
        -:  207:Since build 115 (9 February 2012), the version should have read '6',
        -:  208:not '5'. (This was the date when bracmat wás brought to GitHub.)
        -:  209:Changes in bmalloc that makes it possible to compile with -O3.
        -:  210:Changed 'unsigned char' to 'char' in a lot of places to make some
        -:  211:warnings go away when compiled with gcc.
        -:  212:
        -:  213:    22 June 2012
        -:  214:
        -:  215:Correction in scompare(). The expression @(1b:~<1 b) did not evaluate 
        -:  216:successfully, which it should. Did a clean-up of this function.
        -:  217:
        -:  218:    4 June 2012
        -:  219:
        -:  220:Introduced READMARKUPFAMILY macro to turn xml-stuff on (1) or off (0)
        -:  221:
        -:  222:    2 June 2012
        -:  223:
        -:  224:xml.c supports reading from stdio (no rewind). Example of use:
        -:  225:type pr-xml-utf-8.xml | bracmat "put$(get$(,ML),\"pr-xml-utf-8.bra\",NEW)&"
        -:  226:
        -:  227:    1 June 2012
        -:  228:
        -:  229:Did some finishing, no essential code changes.
        -:  230:
        -:  231:    1 May 2012
        -:  232:
        -:  233:Added list of HTML entities. These are decoded to unicode codepoints and
        -:  234:encoded as utf-8 if an option HT is added.
        -:  235:
        -:  236:get$("filename.html",HT,ML,TRM)
        -:  237:
        -:  238:   29 April 2012
        -:  239:
        -:  240:Restructured the (ancient) input function and renamed some identifiers to
        -:  241:English equivalents.
        -:  242:Added a source file, xml.c, that reads SGML, HTML and XML files.
        -:  243:Syntax:
        -:  244:
        -:  245:get$(filename,ML)
        -:  246:get$(filename,ML,TRM)
        -:  247:get$(string,MEM,ML)
        -:  248:get$(string,MEM,ML,TRM)
        -:  249:
        -:  250:An option HT is made, but does not work yet. Purpose: translate HTML entities.
        -:  251:
        -:  252:   13 April 2012
        -:  253:
        -:  254:The characters @ and % in front of a string now only turn off escaping with the
        -:  255:\ character inside the string if the string is surrounded by " characters.
        -:  256:Reason: the \L operator was not recognised if its lhs contained a % or @.
        -:  257:
        -:  258:   23 February 2012
        -:  259:
        -:  260:When Bracmat reads a file that is not well-formed, it asks fo a file name where
        -:  261:it can write what it has understood. This did not work. Now it does.
        -:  262:
        -:  263:    9 February 2012
        -:  264:
        -:  265:Corrected error in doPosition that was introduced with the latest
        -:  266:optimizations.
        -:  267:
        -:  268:    4 February 2012
        -:  269:
        -:  270:Discovered that "greater than" relation implemented in the vgl function
        -:  271:wasn't transitive:
        -:  272:(1a.)+(10.)      -> (10.)+(1a.)
        -:  273:(1a.)+(10.)+(2.) -> (1a.)+(2.)+(10.)
        -:  274:Thus the order of (10.) and (1a.) depends on other terms.
        -:  275:Now the rule is: 
        -:  276:1) any number is smaller than any non-number
        -:  277:2) numbers are compared numerically
        -:  278:3) non-numbers are compared with strcmp
        -:  279:
        -:  280:    25 January 2012
        -:  281:
        -:  282:Improved handling of negative positions (positions counted from the end)
        -:  283:in lists, sums and products.
        -:  284:
        -:  285:    24 January 2012
        -:  286:
        -:  287:doPosition is buggy
        -:  288:    a (c,d): ? [-1
        -:  289:
        -:  290:expressionLength  counts the wrong way. It must look at the top level operator 
        -:  291:in the pattern containing the [ and count 1 + the number of this operator 
        -:  292:until the end of the list. 0 if [ is last in the pattern.
        -:  293:
        -:  294:    20 January 2012
        -:  295:
        -:  296:The previous change moved the scanning pointer to the point in the subject
        -:  297:where the rhs pattern starts. The current change moves the end of the
        -:  298:subject as far as necessary to the right to allow a full match of the rhs
        -:  299:pattern with last characters of the subject. Of course, this is only possible
        -:  300:if the final zero byte has not been reached. The calling instance of
        -:  301:stringmatch defines the end of the subject for the called instance. The called
        -:  302:instance can propose to move the end. In this way, scanning can move much
        -:  303:faster if a patterns contains some fixed strings. Speed-up does not work for
        -:  304:alternations of fixed srings. Speed-up only works for the first pattern
        -:  305:in a series of patterns connected by :
        -:  306:
        -:  307:    7 January 2012
        -:  308:
        -:  309:If an non-initial part of a stringpattern is a string, then the scanning
        -:  310:pointer jumps to the first (or next) occurrence in the subject string after
        -:  311:the first mismatch.
        -:  312:
        -:  313:This changes the behaviour of some patterns, such as in
        -:  314:@(abXk:(|? b|`) X ?id)
        -:  315:Before, the match failed, because the 'b' in the pattern did not match the
        -:  316:'a' in the subject. Now, nowing that the first X occurs in the third position,
        -:  317:the pattern matcher not even tries to match 'a' and 'b' and so the expression
        -:  318:succeeds. In many cases the (|? b|`) pattern works as before, though:
        -:  319:@(abXk:(|? b|`) (X|Y) ?id)
        -:  320:@(abXk:(|? b|`) () X ?id)    dangerous! Does not work in @(ab:(|? b|`) ())
        -:  321:@(abXk:(|? b|`) !(=X) ?id)
        -:  322:X:?x
        -:  323:@(abXk:(|? b|`) !x ?id)
        -:  324:
        -:  325:It is not advisable to use this pattern anymore. It is too much dependent on
        -:  326:pattern matching not being optimized.
        -:  327:
        -:  328:    6 January 2012
        -:  329:
        -:  330:Compiled 64 bit version with VS 2008. Had to use _WIN64 and some #defines,
        -:  331:because longs are 32 bit under VS 2008, whereas longs under gcc are 64 bits.
        -:  332:Also used the 64 bit versions of ftell and fseek in the VS 2008 case.
        -:  333:
        -:  334:I have these preprocessor defines
        -:  335:NDEBUG;__CONSOLE__;__WIN32__;WIN32;_CONSOLE;_CRT_SECURE_NO_WARNINGS
        -:  336:
        -:  337:(Some of these are automatically set in the 32 bit version).
        -:  338:For 64 bit
        -:  339:
        -:  340:Impression is that the 32 bit version should be used unless you have to deal
        -:  341:with enormous data (memory, file) or huge numbers (because numerical
        -:  342:computations are faster and bigger numbers can be factorized quickly using
        -:  343:exponentiation with a fractional exponent).
        -:  344:Otherwise, the 64 bit version is significantly slower and has almost three
        -:  345:times less stack depth.
        -:  346:
        -:  347:    2 January 2012
        -:  348:
        -:  349:Made stringmatch 'greedy' to an extend that does not change the program's
        -:  350:behaviour. (That is: all tests in valid.bra go through). Many string
        -:  351:comparisons now continue past the cutoff position deviding the subject in a
        -:  352:lhs and a rhs, pushing the division point to the position where the lhs
        -:  353:patterns succeeds. Previously this point repeatedly was moved one byte until
        -:  354:the lhs pattern either succeeded or definitely failed. The optimization is
        -:  355:turned off for alternating patterns and for all but the first pattern in a
        -:  356:chain of patterns connected by : operators.
        -:  357:
        -:  358:The normal (non-string) match is not optimized. It is questionable whether that
        -:  359:would be worthwhile. Not many patterns require repeated elongation of the part
        -:  360:of the subject left of the division point.
        -:  361:
        -:  362:However, CUTOFFSUGGEST is set to 0. The overhead does seem to outweigh the
        -:  363:optimization!
        -:  364:
        -:  365:
        -:  366:    21 December 2011
        -:  367:
        -:  368:The last changes had introduced a bug: the [ and ` flags were not (always) printed.
        -:  369:
        -:  370:    16 December 2011
        -:  371:
        -:  372:Repaired two bugs in doPosition. The first bug made the FENCE flag disappear
        -:  373:from the result if the program was built in debug mode in VS2008, which made
        -:  374:the program run as expected, the other bug was that the FENCE flag was
        -:  375:returned if the first bug was removed.
        -:  376:
        -:  377:    14 December 2011
        -:  378:
        -:  379:Updated unicode case conversions with data found in the most recent 
        -:  380:http://unicode.org/Public/UNIDATA/UnicodeData.txt (17-Aug-2010)
        -:  381:
        -:  382:    7 December 2011
        -:  383:
        -:  384:Introduced lambda. Syntax similar to macro.
        -:  385:
        -:  386:                (λx.x)y
        -:  387:translates to
        -:  388:                /('(x.$x))$y
        -:  389:
        -:  390:    1 December 2011
        -:  391:
        -:  392:Rewrote evalmacro to only copy data where necessary.
        -:  393:Bracmat now tests ok with valid.bra and with REFCOUNTSTRESSTEST set to 1
        -:  394:
        -:  395:    30 November 2011
        -:  396:
        -:  397:Found and solved bugs in merge() that only became visible with
        -:  398:REFCOUNTSTRESSTEST set to 1.
        -:  399:
        -:  400:    22 November 2011
        -:  401:
        -:  402:Rewrote evalmacro to only copy cells where necessary.
        -:  403:
        -:  404:    7 November 2011
        -:  405:
        -:  406:A result of a macro evaluation nested inside an macro was not visited by the
        -:  407:macro evaluator because the heading = operator had its READY flag set.
        -:  408:
        -:  409:    3 November 2011
        -:  410:
        -:  411:Nicified find and getmember calls, collapsing the last three arguments into
        -:  412:one objectStuff struct.
        -:  413:
        -:  414:    2 November 2011
        -:  415:
        -:  416:Made better sense of [<> (equivalent to [~) and [~<> (equivalent to [).
        -:  417:Introduced [% prefix. The expression reigned by [% in a pattern is evaluated.
        -:  418:The success or failure of the expression is the result of the match.
        -:  419:This functionality is similar to patterns that are function calls: in both
        -:  420:cases the current subject is stored in a local variable sjt. In contrast to
        -:  421:the function call, the expression's evaluated value is not itself matched 
        -:  422:against the subject.
        -:  423:Contrary to other uses of the % prefix, [% CAN match a nul object.
        -:  424:
        -:  425:    1 November 2011
        -:  426:
        -:  427:Changed signature of find, getmember, naamwoord and naamwoord_w. Before, these
        -:  428:functions returned TRUE or FALSE, while the binding was returned in a
        -:  429:pointer-to-a-pointer. The program is a bit quicker (approx. 5%).
        -:  430:
        -:  431:    30 October 2011
        -:  432:
        -:  433:The expression    a^(b*d+c*d)
        -:  434:                * (a^(b*f+c*f)+a^(e*b+e*c))
        -:  435:              + -1*(a^((b+c)*(d+e))+a^((b+c)*(d+f)))
        -:  436:did not evaluate to 0. Solved.
        -:  437:
        -:  438:    25 October 2011
        -:  439:
        -:  440:After a change in handling the pattern ?^? (20100806) the function fct didn't
        -:  441:work anymore. The function has been completely reimplemented.
        -:  442:Also changed sub so it cannot go in infinite regress.
        -:  443:
        -:  444:    12 September 2011
        -:  445:
        -:  446:Now you can do:
        -:  447:    (=)=5
        -:  448:This extension mirrors
        -:  449:    5:?(=)
        -:  450:This rather useless extension restores consistency. 
        -:  451:
        -:  452:    2 September 2011
        -:  453:
        -:  454:Corrected error in evalmacro. Inserted operator nodes where deemed to fail
        -:  455:when evaluated later on.
        -:  456:
        -:  457:   31 August 2011
        -:  458:
        -:  459:The escape operator ()$ in patterns can now be used to test for flags on the
        -:  460:subject. A special case is when the rhs is an empty atom with no flags. This
        -:  461:pattern only matches subjects with no flags. In all other cases, if one or
        -:  462:more flags are present in the rhs, the subject must have these flags as well,
        -:  463:and possibly even more.
        -:  464:
        -:  465:If the rhs is an atomic node with a non-empty string, the rhs can only match
        -:  466:atomic subjects with the same string. (But possibly with flags that are not
        -:  467:specified in the rhs.)
        -:  468:
        -:  469:   29 August 2011
        -:  470:
        -:  471:The use of $ as "escape operator" is now taken one step further. One can now
        -:  472:use $ to escape any operator in a pattern, so that the otherwise problematic
        -:  473:operators = | & : ' $ _ can be pacified and parsed.
        -:  474:
        -:  475:   23 August 2011
        -:  476:Inside macros the $ can be used as escape operator to insert a $ with empty
        -:  477:lhs in the evaluated macro. Also, the _ operator is from now on left untouched
        -:  478:in a macro unless escaped. This made it necessary to adapt a few bracmat
        -:  479:scripts, e.g. the cat$ function in this file.
        -:  480:
        -:  481:   19 August 2011
        -:  482:
        -:  483:You can now do this: '($(=$x))
        -:  484:Previously, you had to do this in two steps: flabber=$x & '($flabber)
        -:  485:You also can do this: '('($(=$b))) which evaluates to ='$b
        -:  486:
        -:  487:   26 July 2011
        -:  488:There was a problem with the ! and !! flags in connection with the flg 
        -:  489:function. In flg$(=!a):(=?X.?Z) the assignment to X wouldn't succeed, because
        -:  490:in the result (=!.a) of the evaluation of flg$(=!a), the element ! had the
        -:  491:READY flag set. Now the '!' has the READY flag unset, while the 'a' has it set.
        -:  492:
        -:  493:   29 June 2011
        -:  494:Changed a few ints to long to get rid of type casts.
        -:  495:
        -:  496:   21 June 2011
        -:  497:Converted this source code to UTF-8.
        -:  498:
        -:  499:    5 May 2011
        -:  500:The expression ((==.lst$its).)' tried to list an object that was gone.
        -:  501:Now it works. The listed object is =.lst$its
        -:  502:Notice how recursion can be implemented with a 'lambda method' that has access
        -:  503:to itself ('its'):
        -:  504:
        -:  505:( (==a b.!arg:?a_?b&((its.)$!b)_((its.)$!a)|!arg) . ) ' (x y^g (z,8.L))
        -:  506:
        -:  507:This recursively swaps lhs and rhs of all operators in the argument
        -:  508:
        -:  509:    2 April 2011
        -:  510:An expression like (x=!x)&!x now results in an endless loop, not a stack
        -:  511:overflow as before.
        -:  512:
        -:  513:    31 March 2011
        -:  514:Stackoverflow occurred if an uninitialised variable was assigned to the
        -:  515:variable itself - directly or indirectly. The problem has been solved for
        -:  516:cases like
        -:  517:
        -:  518:    !y a:?x a
        -:  519:
        -:  520:where the atom !y has the READY flag set when the assignment is attempted.
        -:  521:
        -:  522:The problem can be solved completely, but at a price, namely if
        -:  523:
        -:  524:    (=!y):(=?x)
        -:  525:    
        -:  526:is made to fail. I consider this price as too high for now.
        -:  527:
        -:  528:    16 March 2011
        -:  529:Arithmetic more complex than adding is now done with much higher radix.
        -:  530:For small numbers compuations are a little bit slower, because of conversions
        -:  531:to and from character strings. For large numbers, timings are magnitudes
        -:  532:better. Multiplication of two 200000 digits numbers is about 100 times faster.
        -:  533:Computation of the first 1000 decimals of pi is about 20 times faster.
        -:  534:
        -:  535:For 32 bit systems, a radix of 10000 is chosen. For 64 bit systems
        -:  536:a radix of 100000000 is found to be appropriate.
        -:  537:
        -:  538:    27 February 2011
        -:  539:Removed a lot of dead wood and renamed a few variables to English.
        -:  540:
        -:  541:    21 February 2011
        -:  542:Rewrite of bmalloc, bfree and initialization of memory. Memory now expands
        -:  543:dynamically: when a there are no more free memory blocks of 1,2 or 3 (4, 5, 6)
        -:  544:words available, a new pool of memory blocks for the depleted size is created,
        -:  545:doubling the number of blocks in the already allocated pools for that size.
        -:  546:Removed a bug that caused (a=7)&!(a*1) to fail.
        -:  547:
        -:  548:    11 January 2011
        -:  549:The @ is again removed from non-nil atoms. Reason: the @ flag is used on a 
        -:  550:non-nil atom to indicate that backslashes in the atomstring must be
        -:  551:interpreted litterally, i.e. @"d:\bracmat" is equivalent to "d:\\bracmat"
        -:  552:
        -:  553:This change has no consequence for the stringmatch functionality 
        -:  554:introduced 20101122.
        -:  555:
        -:  556:     6 January 2011
        -:  557:Conditionally (NP) defined opbnowis()
        -:  558:Extra parentheses in line 6932
        -:  559:
        -:  560:    25 November 2010
        -:  561:Solved bug in merge().
        -:  562:
        -:  563:    22 November 2010
        -:  564:In stringmatch, the % can be used to force characterwise matching if the
        -:  565:pattern is a number. For that reason, the % and @ are no longer removed from
        -:  566:non-nil atoms as superfluous.
        -:  567:One has to take care with minusses: the patterns %"-20/5" and %-20/5 are
        -:  568:different. In %"-20/5", the % is superfluous and the pattern matches
        -:  569:characterwise. In %-20/5, the pattern matches 20/5 and the minus is ignored!
        -:  570:
        -:  571:    19 November 2010
        -:  572:Some tests to check that the position flag is followed by an integer number
        -:  573:and that the flag % doesn't occur.
        -:  574:Made sure that mod$ and div$ fail if second argument is zero.
        -:  575:
        -:  576:    15 November 2010
        -:  577:Evaluation of sums and products is now iterative instead of recursive.
        -:  578:Also, two sums or products are neatly merged instead of appended and thereafter
        -:  579:bubble sorted. Result: much faster processing of very large sums and products
        -:  580:and no danger of stack overflow.
        -:  581:For short sums, the implementation has become a little bit slower, because
        -:  582:I reverted to older, but simpler code that makes more allocations and
        -:  583:deallocations.
        -:  584:
        -:  585:    8 November 2010
        -:  586:Made some minor changes such as int -> size_t.
        -:  587:Most radical change is introduction of function Entry2 which is like Entry,
        -:  588:only with lower level of indirection. Entry2 replaces Entry in three places.
        -:  589:
        -:  590:    3 November 2010
        -:  591:Improved percolation of filter flags < > # / @ %
        -:  592:
        -:  593:    1 November 2010
        -:  594:The built-in function now returns IMPLIEDFENCE if the subject string in
        -:  595:a stringmatch is too long or if it cannot be grown to a valid UTF-8
        -:  596:multibyte sequence. Previously, the FENCE flag was set, but this had
        -:  597:the side effect that utf$ couldn't easily be used as the lhs of a match.
        -:  598:
        -:  599:Change to flt$ : flt$(0,...) now returns 0 instead of failing. Replaced
        -:  600:get$(...,MEM,VAP): ... with @(...:...).
        -:  601:
        -:  602:    27 October 2010
        -:  603:In bmalloc, all bytes are set to 0, not just the last one.
        -:  604:Reason: if all elements of size X are in use, bmalloc may return
        -:  605:a bigger sized element, of which the last four bytes will not be
        -:  606:used at all. Instead, some earlier bytes must be set to 0.
        -:  607:
        -:  608:    22 October 2010
        -:  609:Trailing closing parentheses were accepted on equal footing with '\0' bytes.
        -:  610:
        -:  611:   18 October 2010
        -:  612:The function expandProduct turned off the READY flag on all processed output,
        -:  613:even if the result was atomic and therefore ready.
        -:  614:Consequence: (1+i)*(1+-i) was evaluated to non-ready value 2, which could
        -:  615:not successfully be used in further computations.
        -:  616:
        -:  617:   10 September 2010
        -:  618:A function call in match context not only receives a function argument in
        -:  619:"arg", but also the current subject in "sjt" (from sujet or subject)
        -:  620:Example:
        -:  621:like=.out$!sjt&sim$(!arg,!sjt):>9/10&?|den$sim$(!sjt,):~<(den$sim$(!arg,0))&`~
        -:  622:@("Dogs and Cats are my enemies":? (like$mus:?animal) ?)&out$!animal
        -:  623:@("Dogs and Cats are my enemies":? (like$cat:?animal) ?)&out$!animal
        -:  624:
        -:  625:The return value from a failing function call in match context is not compared
        -:  626:to the subject.
        -:  627:
        -:  628:By returning `~ a function can indicate that further attempts with lenghtened
        -:  629:subjects with the same start position will fail.
        -:  630:
        -:  631:   6 August 2010
        -:  632:Previously, a pattern with an exponential only matched a subject with an
        -:  633:exponential. Now, the exponent in the pattern allowing, an exponent 1 is
        -:  634:assumed.
        -:  635:
        -:  636:   2 August 2010
        -:  637:Made variable v. So now
        -:  638:    bracmat put$!v
        -:  639:says:
        -:  640:    Bracmat version 4, build 72 (2 August 2010)
        -:  641:
        -:  642:   23 July 2010
        -:  643:a*b+u*(x+y) was not evaluated correctly in the previous version.
        -:  644:Now it works again.
        -:  645:
        -:  646:   30 June 2010
        -:  647:Improved error handling if BRACMATEMBEDDED is defined.
        -:  648:
        -:  649:   22 June 2010
        -:  650:If Bracmat is running embedded (e.g. as "native code" in a Java environment)
        -:  651:it may be desirable to make bracmat safer. Here are some defines that shut off
        -:  652:selected parts of Bracmat:
        -:  653:#define NO_C_INTERFACE no memory (de)allocation, peek and poke and C-function pointer API
        -:  654:#define NO_FILE_RENAME no file renaming
        -:  655:#define NO_FILE_REMOVE no file removal
        -:  656:#define NO_SYSTEM_CALL no system() call
        -:  657:#define NO_LOW_LEVEL_FILE_HANDLING
        -:  658:                       no file handling other than get$ put$ and lst$
        -:  659:#define NO_FOPEN       no calls to fopen(). (But you can still get$ put$ and lst$ to memory!)
        -:  660:#define NO_EXIT_ON_NON_SEVERE_ERRORS
        -:  661:
        -:  662:   11 June 2010
        -:  663:Had to conditionally introduce call to unlink() instead of remove() in case of Symbian (Epoc 5).
        -:  664:
        -:  665:   26 May 2010
        -:  666:Replaced sizeof(tflags) with offsetof(sk,u.obj), which may be (and normally are,
        -:  667:on 64 bit platforms at least) different, the latter taking padding into account.
        -:  668:
        -:  669:Removed ridiculous costly calls to expressionLength, perhaps using 3/4 of all
        -:  670:CPU time when repeatedly matching large data structures!
        -:  671:
        -:  672:   19 April 2010
        -:  673:Used gprof to find functions to optimize: opaf() (has become op() and af()), splits()
        -:  674:
        -:  675:   8 April 2010
        -:  676:The 'its'-member that has been missing since version 3.50 is back again.
        -:  677:
        -:  678:   6 April 2010
        -:  679:Pattern match like a b c:% c did not work as expected
        -:  680:(should be same as a b c:%? c). Solved. Same goes for @(abc:% c).
        -:  681:
        -:  682:   30 March 2010
        -:  683:Added built-in function rmv$ that removes a file.
        -:  684:
        -:  685:   26 March 2010
        -:  686:Changed code to make Bracmat compile and run in a 64-bit environment where
        -:  687:sizeof(int) == 4 and sizeof(long) == 8.
        -:  688:It is assumed that the platform is 64-bit if LONG_MAX > 2147483647L
        -:  689:In contrast to 32 bit platforms, the functions x2d and d2x handle
        -:  690:numbers up to FFFFFFFFFFFFFFFFF hexadecimal or 18446744073709551615 decimal
        -:  691:if compiled on 64-bit platforms.
        -:  692:Another noteworthy difference is that the 64-bit version finds bigger prime
        -:  693:numbers. Try 123465864564581765^1/2 Answer: 5^1/2*24693172912916353^1/2,
        -:  694:so 24693172912916353 is prime.
        -:  695:
        -:  696:   12 March 2010
        -:  697:errorStream is not kept open if it is not stderr or strout, so that other
        -:  698:processes also can write to the errorFile, if necessary. This also ensures
        -:  699:that the message is written an saved before the program ... uhm ... crashes.
        -:  700:
        -:  701:   10 March 2010
        -:  702:If run with command line options, bracmat's return value is the numerical
        -:  703:value of the last expression evaluated. If the last evaluated expression
        -:  704:is not atomic or not a string that can be scanned as an integer number
        -:  705:using strtol, the exit code is 0.
        -:  706:Built-in exit codes:
        -:  707:-1  out of memory
        -:  708:116 invalid function syntax
        -:  709:117 string match attempted with non-atomic argument
        -:  710:
        -:  711:   9 March 2010
        -:  712:New built-in function arg$. If Bracmat is started with any arguments (argc > 1)
        -:  713:every argument is evaluated from left to right, unless arguments are consumed
        -:  714:by calls to arg$. For example,
        -:  715:    bracmat get$myprog -i c:\documents\input.txt -o d:\html\index.html
        -:  716:would evaluate
        -:  717:    get$myprog
        -:  718:    -i
        -:  719:    c:\documents\input.txt
        -:  720:    -o
        -:  721:    d:\html\index.html
        -:  722:in that order. Evaluating the last four arguments is not very meaningful,
        -:  723:however: the backslashes are interpreted as escapes, which they are not.
        -:  724:Moreover, the colon and the dot are interpreted as operators. However, the
        -:  725:bracmat program "myprog" can call the function arg$ four times and in that way
        -:  726:empty the queue of arguments. arg$ returns an atom containing an exact copy of
        -:  727:the next program argument. Using string matching the arguments can be parsed,
        -:  728:if necessary.
        -:  729:Precautions must be taken if the path or name of the bracmat program contains
        -:  730:characters that can be mistakenly interpreted. E.g. (in Windows)
        -:  731:    bracmat "get$@\"c:Program Files\myprog.bra\"" -i c:\documents\input.txt -o d:\html\index.html
        -:  732:In *N*X the apostrophes surrounding the first argument must be replaced by
        -:  733:quotes.
        -:  734:A second form is arg$N, where 0 <= N < argc. arg$0 will normally return the
        -:  735:command name "bracmat" or a path leading to "bracmat".
        -:  736:
        -:  737:   23 February 2010
        -:  738:upp$ and low$ now handle UTF-8. upp$ is a bit tricky, as some characters
        -:  739:occupy more bytes when uppercased. A simple in-place replacement is tried
        -:  740:first, and is fine in 99% of all cases. If an overrun is imminent, more space
        -:  741:is allocated.
        -:  742:
        -:  743:   22 February 2010
        -:  744:sim$(s1,s2) accepts UTF-8. 8-bit Latin-1 is also ok.
        -:  745:chr$ fails if argument is > 255
        -:  746:
        -:  747:   21 February 2010
        -:  748:~<> are now effective on patterns headed by $ or ' operator
        -:  749:b:>(str$a)
        -:  750:b:~<>(str$A)
        -:  751:
        -:  752:   20 February 2010
        -:  753:~<> uses case insensitive compare on unicode
        -:  754:
        -:  755:   19 February 2010
        -:  756:x2d$   converts hexadecimal number to decimal
        -:  757:d2x$   converts decimal number to hexadecimal
        -:  758:Both routines are restricted to decimal numbers 0 ... 4294967295 (hex 0 ... ffffffff)
        -:  759:Failure if not all characters can be scanned.
        -:  760:
        -:  761:   12 February 2010 Simplified changeCase()
        -:  762:   10 February 2010
        -:  763:abc:?NN & @(!NN:!NN ?x)
        -:  764:!x evaluated to "abc", not to ""
        -:  765:
        -:  766:   2 February 2010
        -:  767:Input scanning stopped at 0x80, as in the utf-8 sequence e2 80 93 (8211 EN DASH )
        -:  768:
        -:  769:   27 January 2010
        -:  770:~@ matches non-atomic matter, both in stringmatch and now also in match.
        -:  771:
        -:  772:   26 January 2010
        -:  773:@ and % flags are not turned off if combined with < and/or >.
        -:  774:(Previously, they were seen as "superfluous" if in combination with non-empty object.)
        -:  775:Handy if you want to skip white space:
        -:  776:
        -:  777:@("  \r\n\t  xyz\r\n  ":?a (>@" " ?:?y) ~>%" " ?)
        -:  778:
        -:  779:Changed KILOKNOPEN back to 10000
        -:  780:
        -:  781:   16 September 2009
        -:  782:Changed KILOKNOPEN to 100000 (was 10000)
        -:  783:
        -:  784:   3 July 2009
        -:  785:
        -:  786:Setting #define CODEPAGE850 0 removes all reminiscenses of DOS-codepages.
        -:  787:
        -:  788:Unicode (UTF-8) support
        -:  789:chu$number returns a sequence of 1-6 bytes. The highest allowed value of the number is 2147483647 (7FFFFFFF hex)
        -:  790:            Notice that RFC 3629 restricts UTF-8 to 4 bytes and that the highest allowed code point 10FFFF hex.
        -:  791:utf$string returns the code point of the character represented by the UTF-8 sequence of bytes.
        -:  792:            If the string is too short or too long, or if the sequence is an invalid UTF-8 string, the function fails.
        -:  793:            It is safe to use utf$ in a pattern:
        -:  794:            @(!txt:(?%c & utf$!c) ?)
        -:  795:            If txt starts with an valid UTF-8 sequence, bracmat backtracks until c matches the UTF-8 sequence.
        -:  796:            If txt starts with a sequence that is not UTF-8, bracmat stops backtracking when that fact has been
        -:  797:            established.
        -:  798:
        -:  799:   30 June 2009
        -:  800:bracmat now evaluates all parameters given to it, from left to right.
        -:  801:
        -:  802:command line:bracmat a=1 b=14 out$(!a+!b)
        -:  803:output:15
        -:  804:
        -:  805:Previously, only the first parameter was evaluated.
        -:  806:As always, if no parameter is specified, bracmat enters interactive mode.
        -:  807:
        -:  808:   11 February 2009
        -:  809:Corrected error in flt$. All powers of ten were analysed to 1,
        -:  810:for example flt$(100,2) -> 1,00*10E0
        -:  811:
        -:  812:   13 November 2008
        -:  813:stop string also works when writing.
        -:  814:fil$("file.txt",w)
        -:  815:fil$(,STR," \n\r\t")
        -:  816:fil$(,,,"Workers go to strike/for higher wages
        -:  817:and for more kindergartens.")
        -:  818:fil$("file.txt",r)
        -:  819:fil$(outfile,w)
        -:  820:fil$("infile.txt",STR)
        -:  821:fil$(outfile,STR," \n\r\t")
        -:  822:fil$(,,,"Workers go to strike for higher wages")
        -:  823:
        -:  824:Stop string can also be specified when reading or writing
        -:  825:fil$(,,"/","Workers go to strike/for higher wages")
        -:  826:fil$("infile.txt",,".!?,;")
        -:  827:
        -:  828:An empty stop string means: write all of the string.
        -:  829:(Or read to end of file, if file mode is reading).
        -:  830:
        -:  831:   10 September 2008
        -:  832:x^(y*(a+b))+-1*x^(a*y+b*y) -> 0 Before, the exponents were regarded as
        -:  833:different. If, during comparison, a subtree of lhs has pattern ?*(?+?) and
        -:  834:the corresponding subtree of the rhs ?+?, the lhs subtree is expanded to
        -:  835:a sum (defactorised) and the comparison is done on the transformed lhs and
        -:  836:the rhs. Notice that the most expensive exponent survives:
        -:  837:x^(y*(a+b))+x^(a*y+b*y): 2*x^(y*(a+b))
        -:  838:
        -:  839:0^-1 succeeded and gave 0, now it fails. (0/7^-1 already failed)
        -:  840:
        -:  841:Strings starting with a zero and followed by another figure are not numbers
        -:  842:00/7, 098
        -:  843:
        -:  844:Input ()k went in endless loop, because the k was interpreted as an operator.
        -:  845:Now it says "malformed input".
        -:  846:
        -:  847:   11 February 2008
        -:  848:whl' now returns function_ok instead of function_fail. Although the
        -:  849:loop exits when the rhs fails and there therefore is nothing meaningful to
        -:  850:"return", it led to ugly code when a whl' loop always had to be negated
        -:  851:
        -:  852:    ... & ~(whl'(...)) & ...
        -:  853:
        -:  854:or put into the lhs of an OR
        -:  855:
        -:  856:    & ( whl'(...) |  ) &
        -:  857:
        -:  858:til' is commented out. It has no future.
        -:  859:
        -:  860:   28 January 2008
        -:  861:evalmacro did not unset the ready-bit on an inserted expression consisting of
        -:  862:a variable with exclamation mark. It does now.
        -:  863:
        -:  864:   27 January 2008
        -:  865:Introduction of flag [ for acquiring or requiring the current position during
        -:  866:a (string)match. Examples:
        -:  867:    a b c:? ([-1:[?endpos)
        -:  868:will assign the length of the subject, 3, to variable endpos.
        -:  869:    a b c d e:? [!endpos ?extramaterial
        -:  870:will assign d e to extramaterial.
        -:  871:Works in match and stringmatch alike, with some exceptions:
        -:  872:@(:[0) succeeds, but (:[0) fails. Reason: in the first case, the subject
        -:  873:is the nil element, but in the second case, the lhs is just an atom,
        -:  874:although a funny one. In a certain context, this atom plays the role
        -:  875:of nil element, but not in other contexts.
        -:  876:
        -:  877:Found out that stringmatch had a measurable side effect on the subject
        -:  878:
        -:  879:subject=abcdef
        -:  880:@(!subject:? (d & !subject:abcd) ?
        -:  881:
        -:  882:This would succeed, because the string had been temporarily cut off after
        -:  883:the 'd'.
        -:  884:Now match and string match are much more alike and the problem is solved.
        -:  885:
        -:  886:Introduction of two built-in functions: whl and til. whl repeatedly evaluates
        -:  887:its argument until it fails. whl always returns failure. til repeatedly
        -:  888:evaluates its argument until it succeeds and returns the result of the last
        -:  889:evaluation.
        -:  890:There are no plans to make if...else and switch equivalents in Bracmat.
        -:  891:It may be that whl and/or til are retracted later. They seem a bit superfluous.
        -:  892:
        -:  893:   13 January 2008
        -:  894:`~a:?b will now assign `~a to b
        -:  895:@(`~a:?b) will assign a to b. !a will succeed
        -:  896:As before, this will assign something failing to a variable:
        -:  897:dummy ~a:dummy ?m
        -:  898:!m fails
        -:  899:~!m gives ~a
        -:  900:
        -:  901:   3 January 2008
        -:  902:Better implementation of the evaluation of !(=a).
        -:  903:It is now possible to construct and run a loop as a datastructure with
        -:  904:a closed loop of pointers. Performance-wise nothing is gained, however.
        -:  905:  (loop= !i+1:<10000000:?i&!(=))
        -:  906:& '$loop:(=?(loop.)) {Make closed datastructure}
        -:  907:& ~!loop {loop 10.000.000 times}
        -:  908:& :?(loop.) {Open the datastructure.(Otherwise you'll have a memory leak when
        -:  909:             'loop' goes out of scope.)}
        -:  910:
        -:  911:Several functions have been factorised. evalueer() has been restructured.
        -:  912:
        -:  913:   2 January 2008
        -:  914:I've decided that a:(~@(a:a)) means about the same as a:(~@:(a:a)), i.e. it
        -:  915:fails because a is not not an atom. For the same reason a:(~@(a:b)) fails.
        -:  916:~@(a:a) in an evaluation context such as x&~@(a:a) succeeds. It merely means
        -:  917:a:a
        -:  918:
        -:  919:Use #define STRINGMATCH_CAN_BE_NEGATED 1 to allow ~@(<subject>:<pattern>)
        -:  920:as a stringmatch that has its result negated after evaluation.
        -:  921:
        -:  922:Use #define STRINGMATCH_CAN_BE_NEGATED 0 to interpret ~@(<subject>:<pattern>)
        -:  923:as the opposite of stringmatch, i.e. a normal match, the same as
        -:  924:(<subject>:<pattern>) with the additional condition that <subject> is not an
        -:  925:atom. Notice, however, that ~@#(abc:? b ?) succeeds, as the ~ negates #, not @
        -:  926:(priority /#<>@)
        -:  927:
        -:  928:Succeeding tests:
        -:  929:a b:(~@(? b:a %))
        -:  930:~@(a b:a ?)
        -:  931:~@(a:a)
        -:  932:12/34:@(?x:#?a (~#%@:?y) #?b)&!y:"/"
        -:  933:
        -:  934:Failing tests:
        -:  935:a:(~@(a:a))
        -:  936:~@(a:b)
        -:  937:12/34:@(#?a (~#%@:?y) #?b:?x)&!y:"/"
        -:  938:    (This fails because the pattern
        -:  939:        #?a (~#%@:?y) #?b
        -:  940:    is in the match context 12/34:<rhs>, not in a stringmatch context.
        -:  941:    Remember, the first @ says that subject is an atom, which it is in the
        -:  942:    match context, but not in a stringmatch context.)
        -:  943:@(12/34:@(#?a (~#%@:?y) #?b:?x)&!y:"/")
        -:  944:    (This fails because 12/34 is not an atom in a stringmatch context.)
        -:  945:
        -:  946:   29 December 2008
        -:  947:Compilation with Norcroft RISC OS ARM C vsn 3.00 [Jul 12 1989]
        -:  948:This resulted in some formal corrections (signed vs unsigned int,
        -:  949:int vs long, too many arguments for format in Printf,
        -:  950:#if _BRACMATEMBEDDED changed to #if defined _BRACMATEMBEDDED)
        -:  951:
        -:  952:The changes of 20071217 were undone, because the solution did not work for
        -:  953:    ~(&~@(a:a))
        -:  954:New solution:
        -:  955:In lex(), undo setting of
        -:  956:    success == FALSE
        -:  957:on : node if ~@ flags are attached to this operator.
        -:  958:This is a special case. In ~@(a:b) the ~ operator must
        -:  959:not negate the @ but the result of the string match.
        -:  960:
        -:  961:I am not convinced that this is the right decision. Perhaps we simply
        -:  962:should not allow other flags than @ on : if we want it to be interpreted
        -:  963:as a string match operation.
        -:  964:
        -:  965:   17 December 2007
        -:  966:~@(a:a) didn't fail and ~@(a:b) didn't succeed. Now they do.
        -:  967:
        -:  968:   9 October 2007
        -:  969:Removed test print from getObjectDef.
        -:  970:
        -:  971:   18 September 2007
        -:  972:    a b "" ""
        -:  973:evaluates to
        -:  974:    a b ()
        -:  975:instead of
        -:  976:    a b
        -:  977:Changed function handleLUCHT to correct this.
        -:  978:
        -:  979:   7 July 2007
        -:  980:Differentiation: Originally, to indicate that a variable x depends on another
        -:  981:variable p, one wrote x=p, or x=s and s=p. If one wrote (x=), then y\Dx
        -:  982:resulted in stack overflow. The appropriate way to indicate dependeny is
        -:  983:dep=(x.p) (....)
        -:  984:
        -:  985:The range function has been abolished. Originally the idea was that Bracmat
        -:  986:not only should handle numbers and symbols, but also ranges. Thus, 2^>3 would
        -:  987:give >16 and -5*>2 would give <-10. This had to be given up as ranges become
        -:  988:more and more complicated to express. (>4*~>3 = ?)
        -:  989:
        -:  990:Code implementing a string table (COMPILE==1) has been removed
        -:  991:COMPILE works not faster, but slower (about 10%) and uses more nodes.
        -:  992:
        -:  993:The unfinished attempt at implementing objects that can be saved and re-read
        -:  994:(serialization) has been given up (OBJECTS==1) Flag: [
        -:  995:
        -:  996:VAX-specific code removed.
        -:  997:
        -:  998:   5 July 2007:
        -:  999:There were problems with stringmatches:
        -: 1000:@(aaab:((|a) aa) b)
        -: 1001:This failed because the match
        -: 1002:    aa:aa
        -: 1003:prematurely ended the match with failure.
        -: 1004:The cause was that this match ONCED the whole match
        -: 1005:    aa:(|a) aa
        -: 1006:
        -: 1007:This partly undoes a change made in 200704
        -: 1008:
        -: 1009:new$hash:?h
        -: 1010:(h..ISO)$
        -: 1011:(h..insert)$(a.b)
        -: 1012:
        -: 1013:This made a division by zero, because (h..ISO) had rehashed the table
        -: 1014:to a table with zero size. (hashes are born with non-zero size)
        -: 1015:The computation of the loadfactor went wrong.
        -: 1016:
        -: 1017:    4 April 2007:
        -: 1018:Tail recursion optimisation in complexiteit.
        -: 1019:
        -: 1020:Solved bug in handling of strings with characters > 0x80 in expressions like
        -: 1021:    a å
        -: 1022:
        -: 1023:Solved bug in handling of e^(i*pi)
        -: 1024:
        -: 1025:Solved bug in handling of i:-i
        -: 1026:
        -: 1027:Solved bug in handling of -1*i^1/3
        -: 1028:
        -: 1029:lst$ now lists ALL names. Previously, names starting with character above 0x7f
        -: 1030:were hidden. Som hidden functions that were called from f0, f4 or f5 are
        -: 1031:now declared inside these functions and therefore hidden.
        -: 1032:
        -: 1033:get$ and fil$ first try to open a file interpreting the file name as a path
        -: 1034:relative to the current working directory. If that fails, and if the program
        -: 1035:is started with a fully qualified path+file name, this path is prepended to the
        -: 1036:name of the file to be opened. If opening the file also fails with the new
        -: 1037:path, get$ and fil$ fail. This functionality requires that
        -: 1038:1) the file mode is "reading"
        -: 1039:2) the file name does not contain an absolute path
        -: 1040:3) the program knows its path
        -: 1041:If the program does not know its path, it may help to start the program with
        -: 1042:a fully qualified path on the command line. This instruction can be put in
        -: 1043:a shell script or batch file.
        -: 1044:This improvement is especially helpful for opening the "help"-file.
        -: 1045:
        -: 1046:In string matching the expression
        -: 1047:    @(abcd:?u (?:%@ %@) (?z & ~))
        -: 1048:now makes sure that the pattern (?:%@ %@) never is presented with more than two
        -: 1049:characters. Before, the @ flag did not really work with string matching and the
        -: 1050:: operator extinguished the cut condition that arises in its rhs.
        -: 1051:This works now within a reasonable time:
        -: 1052:(do=
        -: 1053:  get$(help,STR):?S
        -: 1054:& @( !S
        -: 1055:   :   ?
        -: 1056:       ( ?:(%@:~" ":~",") %@ %@ %@ %@ %@ %@ %@ %@ %@ %@ %@ %@ %@ %@ %@ %@ %@ %@ %@ %@ %@ %@:?x
        -: 1057:       & '(? ()$x ?):(=?x)
        -: 1058:       )
        -: 1059:       !x
        -: 1060:   )
        -: 1061:& !x);
        -: 1062:!do
        -: 1063:
        -: 1064:
        -: 1065:In a string, characters that also have a meaning as an operator can be escaped:
        -: 1066:nsc\'ere
        -: 1067:is the same as
        -: 1068:"nsc'ere"
        -: 1069:
        -: 1070:The names of cat$'s local variables are now taken from the list of names of
        -: 1071:predefined functions. Consequently, cat$ does not list its own local variables.
        -: 1072:(Previously, listing of these names was circumvented by the rule that names
        -: 1073:starting with high-bit-set characters are kept hidden.)
        -: 1074:
        -: 1075:Defunct ego$ and goe$ are abolished.
        -: 1076:
        -: 1077:   22 February 2007:
        -: 1078:    Major change in match() that speeds up matching. Found also an error in the
        -: 1079:    handling of an alternating pattern with an alternating pattern in the lhs
        -: 1080:    and a FENCE flag in the leftmost node.
        -: 1081:    Similar changes in stringmatch() must yet be made.
        -: 1082:
        -: 1083:   20 February 2007:
        -: 1084:    Changed int and unsigned long to size_t in two places to stop warnings.
        -: 1085:
        -: 1086:
        -: 1087:   18 January 2007:
        -: 1088:    Added _CONSOLE to test for Windows API
        -: 1089:    @(:? ?) failed. Cause: Unmotivied test for subjectstring not being empty.
        -: 1090:
        -: 1091:    20060704 caseinsensitivehash fixed
        -: 1092:
        -: 1093:   23 June 2006
        -: 1094:caseinsensitivehash uses lowerEquivalent without converting array index to
        -: 1095:unsigned int!
        -: 1096:
        -: 1097:   12 October 2005:
        -: 1098:    Corrected error in flt$. During rounding, the variable m could become
        -: 1099:    > 10. Consequently, the exponent must be increased by one and m must
        -: 1100:    be divided by 10 in those cases.
        -: 1101:
        -: 1102:   5 September 2005:
        -: 1103:    Changed C++-style comments to old fashioned C-style comments.
        -: 1104:    Removed enum {NoIndication,AnInteger,NotAFraction,NotANumber,AFraction,ANumber};
        -: 1105:
        -: 1106:   5 april 2005:
        -: 1107:    flg$<flags><atom> now returns ((=<flags>).<atom>)
        -: 1108:    This protects the flags from evaluation.
        -: 1109:
        -: 1110:   17 november 2004:
        -: 1111:    clk$ returns 0 if clock() returns -1
        -: 1112:    bez$ returns (<nodes>.<max nodes>.<max ref>)
        -: 1113:    epoc version: delete key emits ascii 8 (back space). Now, ascii(8) moves
        -: 1114:    the input pointer one position back, deleting the previous entered
        -: 1115:    character. (see mygetc)
        -: 1116:
        -: 1117:   25 sep 2004: strrev rewritten for Epoc
        -: 1118:
        -: 1119:   6 June 2004:
        -: 1120:1) Started to make late binding in string matching
        -: 1121:2) Corrected errors in assignment to and listing of objects with late bound values
        -: 1122:
        -: 1123:   20040830
        -: 1124:This fails:
        -: 1125:(obj=x=)&dbg'@("abc":?(obj.x) "c") & out$!(obj.x);
        -: 1126:
        -: 1127:This works:
        -: 1128:dbg'@("abc":?x "c") & out$!x;
        -: 1129:*/
        -: 1130:/*
        -: 1131:NOTES
        -: 1132:=====
        -: 1133:
        -: 1134:2002.12.15
        -: 1135:----------
        -: 1136:This is the open source version of Bracmat.
        -: 1137:
        -: 1138:Originally, Bracmat was written in Basic for the Amstrad computer. Its sole
        -: 1139:purpose was to derive a simple expression for the curvature of a model
        -: 1140:space-time, starting from the components of the metric. The only operations
        -: 1141:the program was capable to perform were multiplications, exponentiations,
        -: 1142:logarithms, and partial derivatives. The expressions were a mix of numbers
        -: 1143:and symbolic variables, like "a+2*b". Thus, "a+a" was simplified to "2*a".
        -: 1144:
        -: 1145:The second version of Bracmat, about 1988, was developed in Ansi C and run
        -: 1146:on an Acorn Archimedes. Great care was taken to make the program portable to
        -: 1147:other hardware, such as Atari, VAX and even the PC. The PC architecture, with
        -: 1148:its limited memory, its 16 bit architecture and its limitation on the size of
        -: 1149:the program stack, posed some severe limitations on the program. Therefore
        -: 1150:great care was taken to limit the use of the stack to a minimum. This has
        -: 1151:lead to some rather large functions (to save stack-consuming function calls).
        -: 1152:
        -: 1153:The C version became a true programnming language, with program variables,
        -: 1154:logical operators and function calls. The syntax, however, was not changed.
        -: 1155:For example, instead of using "if...then...else...", I decided to write
        -: 1156:something like "...&...|...", using lazy evaluation of the infix binary
        -: 1157:logical operators "&" (AND) and "|" (OR) for program control.
        -: 1158:
        -: 1159:The logical operators, of course, should test for operands being "true" or
        -: 1160:"false". The main provider of interesting truth values became the pattern
        -: 1161:matching operator ":", which tests whether the pattern (the rhs-operand)
        -: 1162:matches the subject (the lhs-operand). The single outstanding feature of
        -: 1163:Bracmat is, in fact, its pattern recognition, which works on tree structures,
        -: 1164:not on strings of characters.
        -: 1165:
        -: 1166:Bracmat was also extended with a few operators that makes this programming
        -: 1167:language interesting in the field of computational linguistics, namely the
        -: 1168:blank " ", the comma "," and the full stop ".". (The interpunction symbols
        -: 1169:"?", "!" and ";" were already 'taken' to serve other purposes.)
        -: 1170:
        -: 1171:You may find the source code difficult to read at some places. You are best
        -: 1172:off if you understand English and Dutch (and perhaps Danish). Only if the
        -: 1173:program arises enough interest I will invest the effort to streamline the
        -: 1174:source text and make it more understandable for the general programmer.
        -: 1175:*/
        -: 1176:
        -: 1177:/*
        -: 1178:TODO list:
        -: 1179:20010103: Make > and < work on non-atomic stuff
        -: 1180:20010904: Issue warning if 'arg' is declared as a local variable
        -: 1181:*/
        -: 1182:/* 20001213, There is a need to improve documentation of fil$ */
        -: 1183:/* 20001213, rename a file ren$(oldname.newname) */
        -: 1184:/* >Bracmat 16-11-91 */
        -: 1185:/* 20010309 evalueer on LUCHT and KOMMA strings is now iterative on the
        -: 1186:   right descending (deep) branch, not recursive.
        -: 1187:   (It is now possible to read long lists, e.g. dictionairies, without causing
        -: 1188:   stack overflow when evaluating the list.)
        -: 1189:   20010821 a () () was evaluated to a (). Removed last ().
        -: 1190:   20010903 (a.) () was evaluated to a
        -: 1191:*/
        -: 1192:#define DEBUGBRACMAT 0 /* implement dbg'(expression), see DBGSRC macro */
        -: 1193:#define REFCOUNTSTRESSTEST 0
        -: 1194:#define DOSUMCHECK 0
        -: 1195:#define CHECKALLOCBOUNDS 0 /* only if NDEBUG is false */
        -: 1196:#define PVNAME 0 /* allocate strings of variable names separately from variable structure. */
        -: 1197:#define STRINGMATCH_CAN_BE_NEGATED 0 /* ~@(a:a) */
        -: 1198:#define CODEPAGE850 0
        -: 1199:#define MAXSTACK 0 /* 1: show max stack depth (eval function only)*/
        -: 1200:#define CUTOFFSUGGEST 1
        -: 1201:#define READMARKUPFAMILY 1 /* read SGML, HTML and XML files. (include xml.c in your project!) */
        -: 1202:
        -: 1203:/* 
        -: 1204:About reference counting.
        -: 1205:Most nodes can be shared by no more than 1024 referers. Copies must be made as needed.
        -: 1206:Objects (nodes with = ('WORDT' in Dutch) are objects and cane be shared by almost 2^40 referers.
        -: 1207:
        -: 1208:small refcounter       large refcounter              comment
        -: 1209:(10 bits, all nodes)   (30 bits, only objects)
        -: 1210:0                      0                             not shared, no test of large refcounter needed.
        -: 1211:1                      0                             shared with one, so totalling two
        -: 1212:2                      0                             shared with two
        -: 1213:..                     ..
        -: 1214:1022                   0
        -: 1215:1023                   0                             totalling 1024, *** max for normal nodes ***
        -: 1216:1                      1                             totalling 1025
        -: 1217:2                      1
        -: 1218:..                     ..
        -: 1219:m                      1
        -: 1220:..                     ..                            totalling 1024+(1-1)*1023+m
        -: 1221:1023                   1                             totalling 1024+1*1023
        -: 1222:..                     ..
        -: 1223:m                      n                             totalling 1024+(n-1)*1023+m or 1+n*1023+m
        -: 1224:1023                   2^30-1                        totalling 1024+(2^30-2)*1023+1023=1 098 437 885 953
        -: 1225:                                                         (or   1+2^30*1023)
        -: 1226:*/
        -: 1227:
        -: 1228:#if DEBUGBRACMAT
        -: 1229:#define DBGSRC(code)    if(debug){code}
        -: 1230:#else
        -: 1231:#define DBGSRC(code)
        -: 1232:#endif
        -: 1233:
        -: 1234:#if MAXSTACK
        -: 1235:static int maxstack = 0;
        -: 1236:static int stack = 0;
        -: 1237:#define ASTACK {++stack;if(stack > maxstack) maxstack = stack;}{
        -: 1238:#define ZSTACK }{--stack;}
        -: 1239:#else
        -: 1240:#define ASTACK
        -: 1241:#define ZSTACK
        -: 1242:#endif
        -: 1243:
        -: 1244:#include <assert.h>
        -: 1245:
        -: 1246:/*19980208
        -: 1247:Bug in match!!
        -: 1248:Removed 19971207
        -: 1249:*/
        -: 1250:/*
        -: 1251:sub must also accept . as separator between args
        -: 1252:*/
        -: 1253:/* wis: 18 Maart 1997, tail recursion optimization; delete deep structures*/
        -: 1254:/* bezig met modernisering getallen */
        -: 1255:/* 16 mei 1993: constante "-i" ingevoerd om evenwicht te brengen in gedrag
        -: 1256:   van complexe getallen en hun complex geconjugeerde. */
        -: 1257:/* Nog nodig: -n*i^iets -> n*-i^iets
        -: 1258:              n*i*a+m*-i*a  -> (n-m)*i*a
        -: 1259:   Goed doortesten !
        -: 1260:*/
        -: 1261:
        -: 1262:
        -: 1263:/* 24 april 1992: UNOPS uitgebreid met MINUS */
        -: 1264:/* 26 april 1992: fct aangepast voor (a+b)^-n */
        -: 1265:/* 24 maart 1993: function syntax veranderd:
        -: 1266:   met FUNC defined oude stijl: foo = fun$(loc'(x,y,z),!arg);
        -: 1267:   zonder FUNC define:          foo = x,y,z.!arg */
        -: 1268:
        -: 1269:/* 30 juli 1993: structure:
        -: 1270:   het is nu mogelijk om aan een expressie als naam=Bart een andere waarde
        -: 1271:   toe te kennen. In feite wordt de rechter operand van de = operator
        -: 1272:   stomweg vervangen door de nieuwe waarde, waardoor circulaire data-
        -: 1273:   structuren mogelijk worden! BJO 4 Jan 1996
        -: 1274:
        -: 1275:   voorbeeld:
        -: 1276:
        -: 1277:   {?} x==(name=Bart).(age=40)
        -: 1278:   {?} !x
        -: 1279:   {!} =(name=Bart).(age=40)
        -: 1280:   {?} !!x
        -: 1281:   {!} Bart.40
        -: 1282:   {?} !x:(=?naam.?leeftijd)
        -: 1283:   {?} Bart Jongejan:?!naam
        -: 1284:   {?} !!x
        -: 1285:   {!} Bart Jongejan.40
        -: 1286:   {?} x..age=veertig                          BJO 4 Jan 1996
        -: 1287:   {?} !!x
        -: 1288:   {!} Bart Jongejan.veertig
        -: 1289:
        -: 1290:   x..name.first=Bart vervangt Jan door Bart in
        -: 1291:
        -: 1292:   x==(name=(first=Jan).(family=Abbens)).(age=33)
        -: 1293:
        -: 1294:   Merk op dat de = operator z'n speciale betekenis in patterns kwijt is
        -: 1295:   ~=(% %) moet dus voortaan geschreven worden als ((% %) & `~|?)
        -: 1296:*/
        -: 1297:
        -: 1298:#if 0 && defined __GNUC__ && !defined sparc && !defined __hpux && !defined __hpux__
        -: 1299:/* TODO test must be changed to a positive list. Bart 20030704 */
        -: 1300:#define ARM /*1*/ /* assume it's an Acorn */
        -: 1301:#define os_swix os_swi /* different naming */
        -: 1302:typedef struct {
        -: 1303: int r[10];
        -: 1304:}os_regset;
        -: 1305:#else
        -: 1306:/*#define ARM 0*/ /* assume it isn't an Acorn */
        -: 1307:#endif
        -: 1308:
        -: 1309:
        -: 1310:#if (defined __TURBOC__ && !defined __WIN32__) || (defined ARM && !defined __SYMBIAN32__)
        -: 1311:#define O_S 1 /* 1 = with operating system interface swi$ (RISC_OS or TURBO-C), 0 = without  */
        -: 1312:#else
        -: 1313:#define O_S 0
        -: 1314:#endif
        -: 1315:
        -: 1316:/* aanwijzingen voor het compileren
        -: 1317:   (met een ANSI-C compiler of iets wat daar dichtbij in de buurt komt)
        -: 1318:
        -: 1319:Archimedes ANSI-C release 3:
        -: 1320:*up
        -: 1321:*del. :0.$.c.clog
        -: 1322:*spool :0.$.c.clog
        -: 1323:*cc bracmat
        -: 1324:*spool
        -: 1325:
        -: 1326:Met RISC_OS functies:
        -: 1327:
        -: 1328:cc bracmat
        -: 1329:
        -: 1330:file cc (in directory c):
        -: 1331:
        -: 1332:| >cc
        -: 1333:up
        -: 1334:delete $.c.clog
        -: 1335:spool $.c.clog
        -: 1336:cc -c %0 -IRAM:$.RISC_OSLib
        -: 1337:if Sys$ReturnCode = 0 then run c.li %0 else spool
        -: 1338:
        -: 1339:file li (in directory c):
        -: 1340:
        -: 1341:| >li
        -: 1342:link -o %0 o.%0 RAM:$.RISC_OSLib.o.RISC_OSLib RAM:$.Clib.o.Stubs
        -: 1343:||G
        -: 1344:spool
        -: 1345:if Sys$ReturnCode = 0 then squeeze %0 else echo |G
        -: 1346:
        -: 1347:Microsoft QUICKC (MS-DOS) (compact en large model kunnen allebei)
        -: 1348:qcl /Ox /AC /F D000 bracmat.c
        -: 1349:Microsoft optimizing compiler V5.1
        -: 1350:cl /Ox /AC /F D000 bracmat.c
        -: 1351:
        -: 1352:Borland TURBOC (MS-DOS) V2.0
        -: 1353:tcc -w -f- -r- -mc -K- bracmat
        -: 1354:
        -: 1355:Atari : definieer -DATARI i.v.m. BIGENDIAN en extern int _stksize = -1;
        -: 1356:               en -DW32   doch alleen als (int)==(long)
        -: 1357:*/
        -: 1358:
        -: 1359:/* optionele #defines voor debuggen en aanpassing aan machine */
        -: 1360:
        -: 1361:#define TELMAX  1 /* maximaal aantal gealloceerde nodes laten zien */
        -: 1362:#define TELLING 0 /* idem,uitgebreid met huidige allocatie, per groep van
        -: 1363:                       4,8,12 en >12 bytes */
        -: 1364:#if TELLING
        -: 1365:#if TELMAX == 0
        -: 1366:#undef TELMAX
        -: 1367:#define TELMAX 1
        -: 1368:#endif
        -: 1369:#ifndef TELMAX
        -: 1370:#define TELMAX 1
        -: 1371:#endif
        -: 1372:#endif
        -: 1373:
        -: 1374:/*#define reslt hreslt  om in resultaat ALLE haakjes te laten zien*/
        -: 1375:#define INTSCMP 0   /* linke manier om strings te vergelijken */
        -: 1376:#define ICPY 0      /* woord voor woord copieren, i.p.v. byte voor byte */
        -: 1377:
        -: 1378:/* hieronder zijn geen optionele #defines meer */
        -: 1379:#if defined __BYTE_ORDER && defined __LITTLE_ENDIAN /* gcc on linux defines these */
        -: 1380:#if __BYTE_ORDER == __LITTLE_ENDIAN
        -: 1381:#define BIGENDIAN 0
        -: 1382:#else
        -: 1383:#define BIGENDIAN 1
        -: 1384:#endif
        -: 1385:#endif
        -: 1386:
        -: 1387:#ifndef BIGENDIAN
        -: 1388:
        -: 1389:#if defined mc68000 || defined MC68000 || defined mc68010 || defined mc68020 || defined mc68030 || defined ATARI || defined sparc || defined __hpux || defined __hpux__
        -: 1390:#define BIGENDIAN 1
        -: 1391:#endif
        -: 1392:
        -: 1393:#endif
        -: 1394:
        -: 1395:#ifndef BIGENDIAN
        -: 1396:#define BIGENDIAN     0
        -: 1397:#endif
        -: 1398:
        -: 1399:#if defined BRACMATEMBEDDED
        -: 1400:#define _BRACMATEMBEDDED 1
        -: 1401:#else
        -: 1402:#define _BRACMATEMBEDDED 0
        -: 1403:#endif
        -: 1404:
        -: 1405:#if (defined _Windows || defined _MT /*multithreaded, VC6.0*/)&& (!defined _CONSOLE /*18 January 2007*/ && !defined __CONSOLE__ || defined NOTCONSOLE || _BRACMATEMBEDDED)
        -: 1406:/* _CONSOLE defined by Visual C++ and __CONSOLE__ seems always to be defined in C++Builder */
        -: 1407:#define MICROSOFT_WINDOWS_API 1
        -: 1408:#else
        -: 1409:#define MICROSOFT_WINDOWS_API 0
        -: 1410:#endif
        -: 1411:
        -: 1412:#if MICROSOFT_WINDOWS_API && defined POLL /*Bart 20030410: Often no need for polling in multithreaded apps.*/
        -: 1413:#define JMP 1 /* 1: listen to WM_QUIT message. 0: Do not listen to WM_QUIT message. */
        -: 1414:#else
        -: 1415:#define JMP 0
        -: 1416:#endif
        -: 1417:
        -: 1418:#if _BRACMATEMBEDDED
        -: 1419:#include "bracmat.h"
        -: 1420:#endif
        -: 1421:
        -: 1422:
        -: 1423:#if defined sun && !defined __GNUC__
        -: 1424:#include <unistd.h> /* SEEK_SET, SEEK_CUR */
        -: 1425:#define ALERT 7
        -: 1426:#define strtoul(a,b,c) strtol(a,b,c)
        -: 1427:#else
        -: 1428:#include <stddef.h>
        -: 1429:#endif
        -: 1430:
        -: 1431:#include <stdlib.h>
        -: 1432:
        -: 1433:#ifndef ALERT
        -: 1434:#define ALERT '\a'
        -: 1435:#endif
        -: 1436:
        -: 1437:#include <limits.h>
        -: 1438:
        -: 1439:#if defined _WIN64 || defined _WIN32
        -: 1440:#ifdef __BORLANDC__
        -: 1441:typedef unsigned int UINT32_T;
        -: 1442:#else
        -: 1443:typedef unsigned __int32 UINT32_T; /* pre VS2010 has no int32_t */
        -: 1444:#endif
        -: 1445:#endif
        -: 1446:
        -: 1447:#if defined _WIN64
        -: 1448:/*Microsoft*/
        -: 1449:#define WORD32  0
        -: 1450:#define _4      1
        -: 1451:#define _5_6    1
        -: 1452:#define LONG long long
        -: 1453:#define STRTOUL _strtoui64
        -: 1454:#define STRTOL _strtoi64
        -: 1455:#define FSEEK _fseeki64
        -: 1456:#define FTELL _ftelli64
        -: 1457:#else
        -: 1458:#if !defined NO_C_INTERFACE && !defined _WIN32
        -: 1459:#if UINT_MAX == 4294967295
        -: 1460:typedef unsigned int UINT32_T;
        -: 1461:#elif ULONG_MAX == 4294967295
        -: 1462:typedef unsigned long UINT32_T;
        -: 1463:#endif
        -: 1464:#endif
        -: 1465:#if LONG_MAX <= 2147483647L
        -: 1466:#define WORD32  1
        -: 1467:#define _4      1
        -: 1468:#define _5_6    1
        -: 1469:#else
        -: 1470:#define WORD32  0
        -: 1471:#define _4      1
        -: 1472:#define _5_6    1
        -: 1473:#endif
        -: 1474:#define LONG long
        -: 1475:#define STRTOUL strtoul
        -: 1476:#define STRTOL strtol
        -: 1477:#define FSEEK fseek
        -: 1478:#define FTELL ftell
        -: 1479:#endif
        -: 1480:
        -: 1481:
        -: 1482:#if defined __TURBOC__ || defined __MSDOS__ || defined _WIN32 || defined __GNUC__
        -: 1483:#define DELAY_DUE_TO_INPUT
        -: 1484:#endif
        -: 1485:
        -: 1486:#include <time.h>
        -: 1487:#ifndef CLOCKS_PER_SEC
        -: 1488:#ifdef CLK_TCK  /* pre-ANSI-C */
        -: 1489:#define CLOCKS_PER_SEC CLK_TCK
        -: 1490:#else
        -: 1491:#if defined sun
        -: 1492:#define CLOCKS_PER_SEC 1000000 /* ??? */
        -: 1493:#endif
        -: 1494:#endif
        -: 1495:#endif
        -: 1496:
        -: 1497:#define LOGWORDLENGTH 2
        -: 1498:/* vlaggen in knoop */
        -: 1499:#define NOT              1      /* ~ */
        -: 1500:     /* zo houden ivm vermenging logische en bit operatoren && || | ^ & */
        -: 1501:#define SUCCESS         (1<< 1)
        -: 1502:#define READY           (1<< 2)
        -: 1503:#define POSITION        (1<< 3) /* [ */
        -: 1504:#define INDIRECT        (1<< 4) /* ! */
        -: 1505:#define DOUBLY_INDIRECT (1<< 5) /* !! */
        -: 1506:#define FENCE           (1<< 6) /* `   (within same byte as ATOM and NOT) */
        -: 1507:#define ATOM            (1<< 7) /* @ */
        -: 1508:#define NONIDENT        (1<< 8) /* % */
        -: 1509:#define GREATER_THAN    (1<< 9) /* > */
        -: 1510:#define SMALLER_THAN    (1<<10) /* < */
        -: 1511:#define NUMBER          (1<<11) /* # */
        -: 1512:#define BREUK           (1<<12) /* / */
        -: 1513:#define UNIFY           (1<<13) /* ? */
        -: 1514:#define IDENT           (1<<14)
        -: 1515:#define IMPLIEDFENCE    (1<<15) /* 20070222 */
        -: 1516:
        -: 1517:#define VISIBLE_FLAGS_WEAK      (INDIRECT|DOUBLY_INDIRECT|FENCE|UNIFY)
        -: 1518:#define VISIBLE_FLAGS_NON_COMP  (INDIRECT|DOUBLY_INDIRECT|ATOM|NONIDENT|NUMBER|BREUK|UNIFY) /* allows < > ~< and ~> as flags on numbers */
        -: 1519:#define VISIBLE_FLAGS_POS0      (INDIRECT|DOUBLY_INDIRECT|NONIDENT|QBREUK|UNIFY|QGETAL)
        -: 1520:#define VISIBLE_FLAGS_POS       (INDIRECT|DOUBLY_INDIRECT|NONIDENT|QBREUK|UNIFY|QGETAL|NOT|GREATER_THAN|SMALLER_THAN)
        -: 1521:#define VISIBLE_FLAGS           (INDIRECT|DOUBLY_INDIRECT|ATOM|NONIDENT|NUMBER|BREUK|UNIFY|NOT|GREATER_THAN|SMALLER_THAN|FENCE|POSITION)
        -: 1522:
        -: 1523:#define HAS_VISIBLE_FLAGS_OR_MINUS(psk) ((psk)->ops & (VISIBLE_FLAGS|MINUS))
        -: 1524:#define RATIONAAL(psk)      (((psk)->ops & (QGETAL|IS_OPERATOR|VISIBLE_FLAGS)) == QGETAL)
        -: 1525:#define RATIONAAL_COMP(psk) (((psk)->ops & (QGETAL|IS_OPERATOR|VISIBLE_FLAGS_NON_COMP)) == QGETAL)
        -: 1526:#define RATIONAAL_COMP_NOT_NUL(psk) (((psk)->ops & (QGETAL|QNUL|IS_OPERATOR|VISIBLE_FLAGS_NON_COMP)) == QGETAL)
        -: 1527:#define RATIONAAL_WEAK(psk) (((psk)->ops & (QGETAL|IS_OPERATOR|INDIRECT|DOUBLY_INDIRECT|FENCE|UNIFY)) == QGETAL)/* allows < > ~< and ~> as flags on numbers */
        -: 1528:#define       LESS(psk)    (((psk)->v.fl & (VISIBLE_FLAGS_POS)) == (QGETAL|SMALLER_THAN))
        -: 1529:#define LESS_EQUAL(psk)    (((psk)->v.fl & (VISIBLE_FLAGS_POS)) == (QGETAL|NOT|GREATER_THAN))
        -: 1530:#define MORE_EQUAL(psk)    (((psk)->v.fl & (VISIBLE_FLAGS_POS)) == (QGETAL|NOT|SMALLER_THAN))
        -: 1531:#define       MORE(psk)    (((psk)->v.fl & (VISIBLE_FLAGS_POS)) == (QGETAL|GREATER_THAN))
        -: 1532:#define    UNEQUAL(psk)    (((psk)->v.fl & (VISIBLE_FLAGS_POS)) == (QGETAL|NOT))
        -: 1533:#define LESSORMORE(psk)    (((psk)->v.fl & (VISIBLE_FLAGS_POS)) == (QGETAL|SMALLER_THAN|GREATER_THAN)) /*20111102*/
        -: 1534:#define      EQUAL(psk)    (((psk)->v.fl & (VISIBLE_FLAGS_POS)) == QGETAL)
        -: 1535:#define NOTLESSORMORE(psk) (((psk)->v.fl & (VISIBLE_FLAGS_POS)) == (QGETAL|NOT|SMALLER_THAN|GREATER_THAN))
        -: 1536:
[...]
        -:16904:                        UNSETCREATEDWITHNEW((typedObjectknoop*)pkn);
        -:16905:                        UNSETBUILTIN((typedObjectknoop*)pkn);
        -:16906:#endif
        1:16907:                        pkn->LEFT = subboomcopie(old->LEFT);
        1:16908:                        old->RIGHT = Head(old->RIGHT);
        1:16909:                        pkn->RIGHT = subboomcopie(old->RIGHT);
        1:16910:                        wis(old);
        -:16911:                        }
      757:16912:                    pkn->v.fl &= (~OPERATOR & ~READY);
      757:16913:                    pkn->ops |= dummy_op;
      757:16914:                    pkn->v.fl |= SUCCESS;
      757:16915:                    if(lkn.v.fl & INDIRECT)
        -:16916:                        {/* (a=b=127)&(.):(_)&!(a_b) */
        1:16917:                        pkn = evalvar(pkn);
        -:16918:                        }
      757:16919:                    break;
        -:16920:                }
        -:16921:            }
        -:16922:        else
        -:16923:            {
        -:16924:            /*assert(!shared(pkn));*/ /* 20120916 evalvar now expects not shared arg. */
        -:16925:            /* An unevaluated leaf can only be an atom with ! or !!,
        -:16926:            so we don't need to test for this condition.*/
   689341:16927:            pkn = evalvar(pkn);
        -:16928:            /* After evaluation of a variable, the loop continues.
        -:16929:            Together with how & and | (EN and OF) are treated, this ensures that
        -:16930:            a loop can run indefinitely, without using stack space. */
        -:16931:            }
        -:16932:        }
        -:16933:#if JMP
        -:16934:    PeekMsg();
        -:16935:#endif
        -:16936:    ZSTACK
  2379419:16937:    return pkn;
        -:16938:    }
        -:16939:
        1:16940:int startProc(
        -:16941:#if _BRACMATEMBEDDED
        -:16942:    startStruct * init
        -:16943:#else
        -:16944:    void
        -:16945:#endif
        -:16946:    )
        -:16947:    {
        -:16948:    int tel;
        -:16949:    int err; /* 20100802, evaluation of version string */
        -:16950:    static int called = 0;
        -:16951:    /*printf("startProc ");*/
        1:16952:    if(called)
        -:16953:        {
        -:16954:        /*printf("already called\n");*/
    #####:16955:        return 2;
        -:16956:        }
        -:16957:    /*printf("call\n");*/
        1:16958:    called = 1;
        -:16959:#if _BRACMATEMBEDDED
        -:16960:    if(init)
        -:16961:        {
        -:16962:        if(init->WinIn)
        -:16963:            {
        -:16964:            WinIn = init->WinIn;
        -:16965:            }
        -:16966:        if(init->WinOut)
        -:16967:            {
        -:16968:            WinOut = init->WinOut;
        -:16969:            }
        -:16970:        if(init->WinFlush)
        -:16971:            {
        -:16972:            WinFlush = init->WinFlush;
        -:16973:            }
        -:16974:        }
        -:16975:#endif
        1:16976:    for(tel = 0;tel<256;variabelen[tel++] = NULL)
        -:16977:        ;
        1:16978:    if(!init_ruimte())
    #####:16979:        return 0;
        1:16980:    init_opcode();
        1:16981:    anker = NULL;
        1:16982:    fpi = stdin;
        1:16983:    fpo = stdout;
        -:16984:
        1:16985:    argk.flgs = READY | SUCCESS;
        1:16986:    argk.u.lobj = O('a','r','g');
        -:16987:
        1:16988:    sjt.flgs = READY | SUCCESS;/*20100910*/
        1:16989:    sjt.u.lobj = O('s','j','t');/*20100910*/
        -:16990:
        1:16991:    selfkn.flgs = READY | SUCCESS;
        1:16992:    selfkn.u.lobj = O('i','t','s');
        -:16993:
        1:16994:    Selfkn.flgs = READY | SUCCESS;
        1:16995:    Selfkn.u.lobj = O('I','t','s');
        -:16996:
        1:16997:    nilk.flgs = READY | SUCCESS | IDENT;
        1:16998:    nilk.u.lobj = 0L;
        -:16999:
        1:17000:    nulk.flgs = READY | SUCCESS | IDENT | QGETAL | QNUL;
        1:17001:    nulk.u.lobj = 0L;
        1:17002:    nulk.u.obj = '0';
        -:17003:
        1:17004:    eenk.u.lobj = 0L;
        1:17005:    eenk.u.obj = '1';
        1:17006:    eenk.flgs = READY | SUCCESS | IDENT | QGETAL;
        1:17007:    *(&(eenk.u.obj)+1) = 0;
        -:17008:
        1:17009:    mintweek.u.lobj = 0L;
        1:17010:    mintweek.u.obj = '2';
        1:17011:    mintweek.flgs = READY | SUCCESS | QGETAL | MINUS;
        1:17012:    *(&(mintweek.u.obj)+1) = 0;
        -:17013:
        1:17014:    mineenk.u.lobj = 0L;
        1:17015:    mineenk.u.obj = '1';
        1:17016:    mineenk.flgs = READY | SUCCESS | QGETAL | MINUS;
        1:17017:    *(&(mineenk.u.obj)+1) = 0;
        -:17018:
        1:17019:    tweek.u.lobj = 0L;
        1:17020:    tweek.u.obj = '2';
        1:17021:    tweek.flgs = READY | SUCCESS | QGETAL;
        1:17022:    *(&(tweek.u.obj)+1) = 0;
        -:17023:
        1:17024:    vierk.u.lobj = 0L;
        1:17025:    vierk.u.obj = '4';
        1:17026:    vierk.flgs = READY | SUCCESS | QGETAL;
        1:17027:    *(&(vierk.u.obj)+1) = 0;
        -:17028:
        1:17029:    minvierk.u.lobj = 0L;
        1:17030:    minvierk.u.obj = '4';
        1:17031:    minvierk.flgs = READY | SUCCESS | QGETAL | MINUS;
        1:17032:    *(&(minvierk.u.obj)+1) = 0;
        -:17033:
        1:17034:    m0 = opb(m0,"?*(%+%)^~/#>1*?" , NULL);
        1:17035:    m1 = opb(m1,"?*(%+%)*?" , NULL);
        1:17036:    f0 = opb(f0,"(g,k,pow"
        -:17037:                ".(pow"
        -:17038:                  "=b,c,d,l,s,f"
        -:17039:                  ".!arg:(%?b+%?c)^?d"
        -:17040:                  "&1:?f"
        -:17041:                  "&(s"
        -:17042:                   "=!d:1&0"
        -:17043:                   "|(!f*!d*(1+!l:?l)^-1:?f)"
        -:17044:                    "*!b^!l"
        -:17045:                    "*pow$(!c^(-1+!d:?d))"
        -:17046:                   "+!s"
        -:17047:                   ")"
        -:17048:                  "&!b^!d+!c^!d+!s"
        -:17049:                  "|!arg"
        -:17050:                  ")"
        -:17051:                  "&!arg:?g*((%+%)^~/#>1:?arg)*?k"
        -:17052:                  "&!g*pow$!arg*!k)",NULL);
        1:17053:    f1 = opb(f1,
        -:17054:        "((\177g,\177h,\177i).!arg:?\177g*(%?\177h+%?\177i)*",
        -:17055:        "?arg&!\177g*!\177h*!arg+!\177g*!\177i*!arg)",NULL);
        1:17056:    f4 = opb(f4,  "l,a,b,c,e,f"
        -:17057:                ".(a"
        -:17058:                 "=j,g,h,i"
        -:17059:                  ".!arg:?l^(?j+?g*!l\016?h*?i+?arg)"
        -:17060:                   "&!l^(!j+!arg)*!h^(!g*!i)"
        -:17061:                 ")"
        -:17062:                "&(e"
        -:17063:                 "=j,g,I"
        -:17064:                 ".!arg:?j+#?g*((i|-i):?I)*pi+?arg"
        -:17065:                   "&1:?l"
        -:17066:                   "&!j+(mod$(1+!g,2)+-1)*!I*pi+!arg"
        -:17067:                 ")"
        -:17068:                "&(f"
        -:17069:                 "=j,i"
        -:17070:                  ".!arg:?j+#?l*((i|-i):?I)*pi+?arg"
        -:17071:                   "&!I^(2*!l):?l"
        -:17072:                   "&!j+!arg"
        -:17073:                 ")"
        -:17074:                "&(b"
        -:17075:                 "="
        -:17076:                  "(!l:(<-1|>1)&e"
        -:17077:                  "|(-1|1/2|-1/2)&f"
        -:17078:                  ")"
        -:17079:                  ":?l"
        -:17080:                 ")"
        -:17081:                "&(c"
        -:17082:                 "="
        -:17083:                  ".1+!arg:?arg"
        -:17084:                   "&1:?l"
        -:17085:                   "&-1+!arg"
        -:17086:                 ")"
        -:17087:                "&(!arg:?l^(?+?*!l\016?*?+?)&a$!arg"
        -:17088:                 "|!arg"
        -:17089:                  ":e^((?+#?l*(i|-i)*pi+?&`!b"
        -:17090:                      "|?"
        -:17091:                       "*(pi|i|-i)"
        -:17092:                       "*?"
        -:17093:                       "*(?+?*(pi|i|-i)*?+?:%+%)"
        -:17094:                       "*?"
        -:17095:                        "&c:?l"
        -:17096:                      ")"
        -:17097:                     ":?arg"
        -:17098:                     ")"
        -:17099:                   "&e^!l$!arg*!l"
        -:17100:                 ")",NULL);
        1:17101:    f5 = opb(f5,
        -:17102:         "l,d"
        -:17103:         ".(d"
        -:17104:          "=j,g,h"
        -:17105:           ".!arg:?l\016(?j*!l^?g*?h)&!g+!l\016(!j*!h)"
        -:17106:          ")"
        -:17107:          "&!arg:?l\016(?*!l^?*?)"
        -:17108:          "&d$!arg", NULL);
        -:17109:
        1:17110:    anker = startboom_w(anker ,
        -:17111:        "(cat=flt,sin,tay,fct,cos,out,sgn.!arg:((?flt,(?sin,?tay)|?sin&:?tay)|?flt&:?sin:"
        -:17112:        "?tay)&(fct=.!arg:%?cos ?arg&!cos:((?out.?)|?out)&'(? ($out|($out.?)"
        -:17113:        ") ?):(=?sgn)&(!flt:!sgn&!(glf$(=~.!sin:!sgn))&!cos|) fct$!arg|)&(:!flt:!sin&mem$!tay|(:!flt&mem$:?flt"
        -:17114:        "|)&fct$(mem$!tay))),",
        -:17115:
        -:17116:        /* 20110823
        -:17117:        "(cat=flt,sin,tay,fct,cos,out,sgn.!arg:((?flt,(?sin,?tay)|?sin&:?tay)|?flt&:?sin:"
        -:17118:        "?tay)&(fct=.!arg:%?cos ?arg&!cos:((?out.?)|?out)&'(? (`=$out|($out.?)"
        -:17119:        ") ?):?sgn&(!flt:!sgn&~$(!sin:!sgn)&!cos|) fct$!arg|)&(:!flt:!sin|(:!flt&mem$:?flt"
        -:17120:        "|)&fct)$(mem$!tay)),",
        -:17121:        */
        -:17122:        "(out=(.put$!arg:?arg&put$\212&!arg)),"
        -:17123:        "(flt=((e,d,m,s,f).!arg:(?arg,~<0:?d)&!arg:0|(-1*!arg:>0:?arg&-1|1):?s&"
        -:17124:        "10\016!arg:?e+(10\016?m|0&1:?m)&(!m+1/2*1/10^!d:~<10&1+!e:?e&!m*1/10"
        -:17125:        ":?m|)&@(div$(!m+1/2*(1/10^!d:?d),!d):"
        -:17126:        "`%?f ?m)&str$(!s*!f (!d:~1&\254|) !m \252\261\260\305 !e))),",
        -:17127:
        -:17128:        "(tay=((f,tot,x,fac,cnt,res,R).",
        -:17129:        "(R=!cnt:!tot&!res|!res+(sub$(!x\017!f:?f.!x.0))*((!fac*(!cnt+1:?cnt))"
        -:17130:        ":?fac)^-1*!x^!cnt:?res&!R)&",
        -:17131:        "!arg:(?f,?x,?tot)&(fac=1)&(cnt=0)&((sub$(!f.!x.0)):?res)&!R)),",
        -:17132:
        -:17133:        /*"(ego=(r.sub$(sub$(!arg.(sin.?r).'sin$!r).(cos.?r).'cos$!r))),",
        -:17134:
        -:17135:        "(goe=((h,s).sub$(!arg.'(e^?h).",
        -:17136:        "'(-1*(sgn$(-1+i*!h+1:?h):?s)*i*(sin.-1+!s*!h+1:?s)+(cos.!s))))),",*/
        -:17137:
        -:17138:        "(sin=(.i*(-1/2*e^(i*!arg)+1/2*e^(-i*!arg)))),",
        -:17139:
        -:17140:        "(cos=(.1/2*(e^(i*!arg)+e^(-i*!arg)))),",
        -:17141:
        -:17142:        "(sgn=(.!arg:?#%arg*%+?&sgn$!arg|!arg:<0&-1|1)),",
        -:17143:        "(abs=(.sgn$!arg*!arg)),",
        -:17144:        "(sub=\177e,\177x,\177v,\177F.(\177F=\177l,\177r.!arg:!\177x&!\177v|"
        -:17145:        "!arg:%?\177l_%?\177r&(\177F$!\177l)_(\177F$!\177r)|!arg)&!arg:(("
        -:17146:        "?\177e.?\177x.?\177v)|out$(str$((=sub$(expr.var.rep)) !arg))&get'&~`)"
        -:17147:        "&\177F$!\177e),",
        -:17148:        fct,
        -:17149:        NULL);
        -:17150:
        -:17151:
        -:17152:#if JMP
        -:17153:    if(setjmp(jumper) != 0)
        -:17154:        return;
        -:17155:#endif
        1:17156:    anker = eval(anker);
        1:17157:    stringEval("(v=\"Bracmat version " VERSION ", build " BUILD " (" DATUM ")\")",NULL,&err);
        1:17158:    return 1;
        -:17159:}
        -:17160:
        1:17161:void endProc(void)
        -:17162:    {
        -:17163:    int err;
        -:17164:    static int called = 0;
        1:17165:    if(called)
        1:17166:        return;
        1:17167:    called = 1;
        -:17168:/*  stringEval("cat$:? CloseDown ? & CloseDown$ | out$\"No CloseDown function provided, exiting all the same.\"",NULL,&err);*/
        1:17169:    stringEval("cat$:? CloseDown ? & CloseDown$ | ",NULL,&err);
        1:17170:    if(err)
    #####:17171:        errorprintf("Error executing CloseDown\n");
        -:17172:    }
        -:17173:
        -:17174:/* main - the text-mode front end for bracmat */
        -:17175:
        -:17176:
        -:17177:#if _BRACMATEMBEDDED
        -:17178:#else
        -:17179:
        -:17180:#include <stddef.h>
        -:17181:
        1:17182:int mainlus(int argc,char *argv[])
        -:17183:    {
        -:17184:    int err;
        -:17185:    char * mainloop;
        -:17186:    const char * ret;
        1:17187:    if(argc > 1)
        -:17188:        { /* to get here, e.g.: ./bracmat out$hello */
        1:17189:        ARGC = argc;
        1:17190:        ARGV = argv;
        1:17191:        mainloop = "arg$&whl'(get$(arg$,MEM):?\"?...@#$*~%!\")&!\"?...@#$*~%!\"";
        1:17192:        stringEval(mainloop,&ret,&err);
        1:17193:        return (int)STRTOL(ret,0,10);
        -:17194:        /*
        -:17195:        int i;
        -:17196:        for(i = 1;i < argc;++i) / *20090630* /
        -:17197:            {
        -:17198:            stringEval(argv[i],NULL,&err);
        -:17199:            }
        -:17200:            */
        -:17201:        }
        -:17202:    else
        -:17203:        {
    #####:17204:        mainloop =
        -:17205:        "(w=\"11. BECAUSE THE PROGRAM IS LICENSED FREE OF CHARGE, THERE IS NO WARRANTY\\n"
        -:17206:        "FOR THE PROGRAM, TO THE EXTENT PERMITTED BY APPLICABLE LAW.  EXCEPT WHEN\\n"
        -:17207:        "OTHERWISE STATED IN WRITING THE COPYRIGHT HOLDERS AND/OR OTHER PARTIES\\n"
        -:17208:        "PROVIDE THE PROGRAM \\\"AS IS\\\" WITHOUT WARRANTY OF ANY KIND, EITHER EXPRESSED\\n"
        -:17209:        "OR IMPLIED, INCLUDING, BUT NOT LIMITED TO, THE IMPLIED WARRANTIES OF\\n"
        -:17210:        "MERCHANTABILITY AND FITNESS FOR A PARTICULAR PURPOSE.  THE ENTIRE RISK AS\\n"
        -:17211:        "TO THE QUALITY AND PERFORMANCE OF THE PROGRAM IS WITH YOU.  SHOULD THE\\n"
        -:17212:        "PROGRAM PROVE DEFECTIVE, YOU ASSUME THE COST OF ALL NECESSARY SERVICING,\\n"
        -:17213:        "REPAIR OR CORRECTION.\\n\")&"
        -:17214:        "(c=\"12. IN NO EVENT UNLESS REQUIRED BY APPLICABLE LAW OR AGREED TO IN WRITING\\n"
        -:17215:        "WILL ANY COPYRIGHT HOLDER, OR ANY OTHER PARTY WHO MAY MODIFY AND/OR\\n"
        -:17216:        "REDISTRIBUTE THE PROGRAM AS PERMITTED ABOVE, BE LIABLE TO YOU FOR DAMAGES,\\n"
        -:17217:        "INCLUDING ANY GENERAL, SPECIAL, INCIDENTAL OR CONSEQUENTIAL DAMAGES ARISING\\n"
        -:17218:        "OUT OF THE USE OR INABILITY TO USE THE PROGRAM (INCLUDING BUT NOT LIMITED\\n"
        -:17219:        "TO LOSS OF DATA OR DATA BEING RENDERED INACCURATE OR LOSSES SUSTAINED BY\\n"
        -:17220:        "YOU OR THIRD PARTIES OR A FAILURE OF THE PROGRAM TO OPERATE WITH ANY OTHER\\n"
        -:17221:        "PROGRAMS), EVEN IF SUCH HOLDER OR OTHER PARTY HAS BEEN ADVISED OF THE\\n"
        -:17222:        "POSSIBILITY OF SUCH DAMAGES.\\n\")&"
        -:17223:        "out$!v&"
        -:17224:        "out$\"Copyright (C) 2002 Bart Jongejan\\n"
        -:17225:        "Bracmat comes with ABSOLUTELY NO WARRANTY; for details type `!w'.\\n"
        -:17226:        "This is free software, and you are welcome to redistribute it\\n"
        -:17227:        "under certain conditions; type `!c' for details.\\n\\n"
        -:17228:        "\\n\\n{?} get$help { tutorial }\\n{?} )        { stop }\"&"
        -:17229:        "(main=put$\"{?} \"&clk$():?SEC&((get':?!(=):(|?&clk$+-1*!SEC:?SEC&"
        -:17230:        "put$\"{!} \"&put$!&put$(\"\\n    S  \" str$(div$(!SEC,1) \",\" (div$(mod$("
        -:17231:        "!SEC*100,100),1):?SEC&!SEC:<10&0|) !SEC) sec))|put$\"\\n    F\")|"
        -:17232:        "put$\"\\n    I\")&"
        -:17233:
        -:17234:
        -:17235:
        -:17236:
        -:17237:#if TELMAX
        -:17238:
        -:17239:        "out$str$(\"  \" bez')&"
        -:17240:#else
        -:17241:        "out$&"
        -:17242:#endif
        -:17243:
        -:17244:        "!main)&!main";
    #####:17245:        stringEval(mainloop,NULL,&err);
        -:17246:        }
    #####:17247:    return 0;
        -:17248:    }
        -:17249:
        1:17250:int main(int argc,char *argv[])
        -:17251:    {
        -:17252:    int ret; /*20100310 numerical result of mainlus becomes exit code.
        -:17253:             If out of integer range or not numerical: 0*/
        1:17254:    char * p = argv[0] + strlen(argv[0]);
        -:17255:#if 0
        -:17256:#ifdef _WIN64 /* Microsoft 64 bit */
        -:17257:    printf("_WIN64\n");
        -:17258:    printf("sizeof(char *) %lld\n",sizeof(char *));
        -:17259:    printf("sizeof(LONG) %lld\n",sizeof(LONG));
        -:17260:    printf("sizeof(size_t) %lld\n",sizeof(size_t));
        -:17261:    printf("WORD32 %d\n",WORD32);
        -:17262:    printf("RADIX %lld\n",(LONG)RADIX);
        -:17263:    printf("RADIX2 %lld\n",(LONG)RADIX2);
        -:17264:    printf("TEN_LOG_RADIX %lld\n",(LONG)TEN_LOG_RADIX);
        -:17265:    printf("HEADROOM %lld\n",(LONG)HEADROOM);
        -:17266:#else /* 32 bit and gcc 64 bit */
        -:17267:    printf("!_WIN64\n");
        -:17268:    printf("sizeof(char *) %ld\n",sizeof(char *));
        -:17269:    printf("sizeof(LONG) %ld\n",sizeof(LONG));
        -:17270:    printf("sizeof(size_t) %ld\n",sizeof(size_t));
        -:17271:    printf("WORD32 %d\n",WORD32);
        -:17272:    printf("RADIX %ld\n",(LONG)RADIX);
        -:17273:    printf("RADIX2 %ld\n",(LONG)RADIX2);
        -:17274:    printf("TEN_LOG_RADIX %ld\n",(LONG)TEN_LOG_RADIX);
        -:17275:    printf("HEADROOM %ld\n",(LONG)HEADROOM);
        -:17276:#endif
        -:17277:#endif
        -:17278:#ifndef NDEBUG
        -:17279:        {
        -:17280:        LONG radix,ten_log_radix;
        -:17281:#if defined _WIN64
        -:17282:        assert(HEADROOM*RADIX2 < LLONG_MAX);
        -:17283:#else
        -:17284:        assert(HEADROOM*RADIX2 < LONG_MAX);
        -:17285:#endif
        -:17286:        for(radix = 1,ten_log_radix = 1;ten_log_radix <= TEN_LOG_RADIX;radix *= 10,++ten_log_radix)
        -:17287:            ;
        -:17288:        assert(RADIX == radix);
        -:17289:        }
        -:17290:#endif
        -:17291:    assert(sizeof(tFlags) == sizeof(unsigned int));
        7:17292:    while(--p >= argv[0])
        6:17293:        if(*p == '\\' || *p == '/')
        -:17294:            {
        1:17295:            ++p;
        1:17296:            targetPath = (char *)malloc(p - argv[0] + 1);
        1:17297:            if(targetPath)
        -:17298:                {
        1:17299:                strncpy(targetPath,argv[0],p - argv[0]);
        1:17300:                targetPath[p - argv[0]] = '\0';
        -:17301:                }
        1:17302:            break;
        -:17303:            }
        -:17304:/*  Printf("targetPath=%s\n",targetPath);*/
        -:17305:
        1:17306:    errorStream = stderr;
        1:17307:    if(!startProc())
    #####:17308:        return -1;
        1:17309:    ret = mainlus(argc,argv);
        1:17310:    endProc();/* to get here, eg: {?} main=out$bye! */
        1:17311:    if(targetPath)
        1:17312:        free(targetPath);
        1:17313:    return ret;
        -:17314:    }
        -:17315:
        -:17316:#endif /*#if !_BRACMATEMBEDDED*/
        -:17317:
